running egg_info
creating ../build/decision_making_pkg/decision_making_pkg.egg-info
writing ../build/decision_making_pkg/decision_making_pkg.egg-info/PKG-INFO
writing dependency_links to ../build/decision_making_pkg/decision_making_pkg.egg-info/dependency_links.txt
writing entry points to ../build/decision_making_pkg/decision_making_pkg.egg-info/entry_points.txt
writing requirements to ../build/decision_making_pkg/decision_making_pkg.egg-info/requires.txt
writing top-level names to ../build/decision_making_pkg/decision_making_pkg.egg-info/top_level.txt
writing manifest file '../build/decision_making_pkg/decision_making_pkg.egg-info/SOURCES.txt'
reading manifest file '../build/decision_making_pkg/decision_making_pkg.egg-info/SOURCES.txt'
writing manifest file '../build/decision_making_pkg/decision_making_pkg.egg-info/SOURCES.txt'
running build
running build_py
creating /home/jeanho/ros2_ws/src/build/decision_making_pkg/build
creating /home/jeanho/ros2_ws/src/build/decision_making_pkg/build/lib
creating /home/jeanho/ros2_ws/src/build/decision_making_pkg/build/lib/decision_making_pkg
copying decision_making_pkg/__init__.py -> /home/jeanho/ros2_ws/src/build/decision_making_pkg/build/lib/decision_making_pkg
copying decision_making_pkg/motion_planner_node.py -> /home/jeanho/ros2_ws/src/build/decision_making_pkg/build/lib/decision_making_pkg
copying decision_making_pkg/path_planner_node.py -> /home/jeanho/ros2_ws/src/build/decision_making_pkg/build/lib/decision_making_pkg
creating /home/jeanho/ros2_ws/src/build/decision_making_pkg/build/lib/decision_making_pkg/lib
copying decision_making_pkg/lib/decision_making_function_lib.py -> /home/jeanho/ros2_ws/src/build/decision_making_pkg/build/lib/decision_making_pkg/lib
copying decision_making_pkg/lib/__init__.py -> /home/jeanho/ros2_ws/src/build/decision_making_pkg/build/lib/decision_making_pkg/lib
running install
running install_lib
creating /home/jeanho/ros2_ws/src/install/decision_making_pkg/lib/python3.10/site-packages/decision_making_pkg
creating /home/jeanho/ros2_ws/src/install/decision_making_pkg/lib/python3.10/site-packages/decision_making_pkg/lib
copying /home/jeanho/ros2_ws/src/build/decision_making_pkg/build/lib/decision_making_pkg/lib/decision_making_function_lib.py -> /home/jeanho/ros2_ws/src/install/decision_making_pkg/lib/python3.10/site-packages/decision_making_pkg/lib
copying /home/jeanho/ros2_ws/src/build/decision_making_pkg/build/lib/decision_making_pkg/lib/__init__.py -> /home/jeanho/ros2_ws/src/install/decision_making_pkg/lib/python3.10/site-packages/decision_making_pkg/lib
copying /home/jeanho/ros2_ws/src/build/decision_making_pkg/build/lib/decision_making_pkg/__init__.py -> /home/jeanho/ros2_ws/src/install/decision_making_pkg/lib/python3.10/site-packages/decision_making_pkg
copying /home/jeanho/ros2_ws/src/build/decision_making_pkg/build/lib/decision_making_pkg/motion_planner_node.py -> /home/jeanho/ros2_ws/src/install/decision_making_pkg/lib/python3.10/site-packages/decision_making_pkg
copying /home/jeanho/ros2_ws/src/build/decision_making_pkg/build/lib/decision_making_pkg/path_planner_node.py -> /home/jeanho/ros2_ws/src/install/decision_making_pkg/lib/python3.10/site-packages/decision_making_pkg
byte-compiling /home/jeanho/ros2_ws/src/install/decision_making_pkg/lib/python3.10/site-packages/decision_making_pkg/lib/decision_making_function_lib.py to decision_making_function_lib.cpython-310.pyc
byte-compiling /home/jeanho/ros2_ws/src/install/decision_making_pkg/lib/python3.10/site-packages/decision_making_pkg/lib/__init__.py to __init__.cpython-310.pyc
byte-compiling /home/jeanho/ros2_ws/src/install/decision_making_pkg/lib/python3.10/site-packages/decision_making_pkg/__init__.py to __init__.cpython-310.pyc
byte-compiling /home/jeanho/ros2_ws/src/install/decision_making_pkg/lib/python3.10/site-packages/decision_making_pkg/motion_planner_node.py to motion_planner_node.cpython-310.pyc
byte-compiling /home/jeanho/ros2_ws/src/install/decision_making_pkg/lib/python3.10/site-packages/decision_making_pkg/path_planner_node.py to path_planner_node.cpython-310.pyc
running install_data
creating /home/jeanho/ros2_ws/src/install/decision_making_pkg/share/ament_index
creating /home/jeanho/ros2_ws/src/install/decision_making_pkg/share/ament_index/resource_index
creating /home/jeanho/ros2_ws/src/install/decision_making_pkg/share/ament_index/resource_index/packages
copying resource/decision_making_pkg -> /home/jeanho/ros2_ws/src/install/decision_making_pkg/share/ament_index/resource_index/packages
copying package.xml -> /home/jeanho/ros2_ws/src/install/decision_making_pkg/share/decision_making_pkg
running install_egg_info
Copying ../build/decision_making_pkg/decision_making_pkg.egg-info to /home/jeanho/ros2_ws/src/install/decision_making_pkg/lib/python3.10/site-packages/decision_making_pkg-0.0.0-py3.10.egg-info
running install_scripts
Installing motion_planner_node script to /home/jeanho/ros2_ws/src/install/decision_making_pkg/lib/decision_making_pkg
Installing path_planner_node script to /home/jeanho/ros2_ws/src/install/decision_making_pkg/lib/decision_making_pkg
writing list of installed files to '/home/jeanho/ros2_ws/src/build/decision_making_pkg/install.log'
