[1.241s] Invoking command in '/home/jeanho/ros2_ws/src/decision_making_pkg': PYTHONPATH=/home/jeanho/ros2_ws/src/build/decision_making_pkg/prefix_override:/usr/lib/python3/dist-packages/colcon_core/task/python/colcon_distutils_commands:/home/jeanho/ros2_ws/src/install/decision_making_pkg/lib/python3.10/site-packages:${PYTHONPATH} /usr/bin/python3 -W ignore:setup.py install is deprecated -W ignore:easy_install command is deprecated setup.py egg_info --egg-base ../build/decision_making_pkg build --build-base /home/jeanho/ros2_ws/src/build/decision_making_pkg/build install --record /home/jeanho/ros2_ws/src/build/decision_making_pkg/install.log --single-version-externally-managed install_data
[1.438s] running egg_info
[1.438s] creating ../build/decision_making_pkg/decision_making_pkg.egg-info
[1.438s] writing ../build/decision_making_pkg/decision_making_pkg.egg-info/PKG-INFO
[1.439s] writing dependency_links to ../build/decision_making_pkg/decision_making_pkg.egg-info/dependency_links.txt
[1.439s] writing entry points to ../build/decision_making_pkg/decision_making_pkg.egg-info/entry_points.txt
[1.440s] writing requirements to ../build/decision_making_pkg/decision_making_pkg.egg-info/requires.txt
[1.440s] writing top-level names to ../build/decision_making_pkg/decision_making_pkg.egg-info/top_level.txt
[1.440s] writing manifest file '../build/decision_making_pkg/decision_making_pkg.egg-info/SOURCES.txt'
[1.442s] reading manifest file '../build/decision_making_pkg/decision_making_pkg.egg-info/SOURCES.txt'
[1.443s] writing manifest file '../build/decision_making_pkg/decision_making_pkg.egg-info/SOURCES.txt'
[1.443s] running build
[1.444s] running build_py
[1.444s] creating /home/jeanho/ros2_ws/src/build/decision_making_pkg/build
[1.444s] creating /home/jeanho/ros2_ws/src/build/decision_making_pkg/build/lib
[1.445s] creating /home/jeanho/ros2_ws/src/build/decision_making_pkg/build/lib/decision_making_pkg
[1.445s] copying decision_making_pkg/__init__.py -> /home/jeanho/ros2_ws/src/build/decision_making_pkg/build/lib/decision_making_pkg
[1.445s] copying decision_making_pkg/motion_planner_node.py -> /home/jeanho/ros2_ws/src/build/decision_making_pkg/build/lib/decision_making_pkg
[1.446s] copying decision_making_pkg/path_planner_node.py -> /home/jeanho/ros2_ws/src/build/decision_making_pkg/build/lib/decision_making_pkg
[1.447s] creating /home/jeanho/ros2_ws/src/build/decision_making_pkg/build/lib/decision_making_pkg/lib
[1.447s] copying decision_making_pkg/lib/decision_making_function_lib.py -> /home/jeanho/ros2_ws/src/build/decision_making_pkg/build/lib/decision_making_pkg/lib
[1.448s] copying decision_making_pkg/lib/__init__.py -> /home/jeanho/ros2_ws/src/build/decision_making_pkg/build/lib/decision_making_pkg/lib
[1.449s] running install
[1.449s] running install_lib
[1.451s] creating /home/jeanho/ros2_ws/src/install/decision_making_pkg/lib/python3.10/site-packages/decision_making_pkg
[1.451s] creating /home/jeanho/ros2_ws/src/install/decision_making_pkg/lib/python3.10/site-packages/decision_making_pkg/lib
[1.451s] copying /home/jeanho/ros2_ws/src/build/decision_making_pkg/build/lib/decision_making_pkg/lib/decision_making_function_lib.py -> /home/jeanho/ros2_ws/src/install/decision_making_pkg/lib/python3.10/site-packages/decision_making_pkg/lib
[1.452s] copying /home/jeanho/ros2_ws/src/build/decision_making_pkg/build/lib/decision_making_pkg/lib/__init__.py -> /home/jeanho/ros2_ws/src/install/decision_making_pkg/lib/python3.10/site-packages/decision_making_pkg/lib
[1.452s] copying /home/jeanho/ros2_ws/src/build/decision_making_pkg/build/lib/decision_making_pkg/__init__.py -> /home/jeanho/ros2_ws/src/install/decision_making_pkg/lib/python3.10/site-packages/decision_making_pkg
[1.453s] copying /home/jeanho/ros2_ws/src/build/decision_making_pkg/build/lib/decision_making_pkg/motion_planner_node.py -> /home/jeanho/ros2_ws/src/install/decision_making_pkg/lib/python3.10/site-packages/decision_making_pkg
[1.453s] copying /home/jeanho/ros2_ws/src/build/decision_making_pkg/build/lib/decision_making_pkg/path_planner_node.py -> /home/jeanho/ros2_ws/src/install/decision_making_pkg/lib/python3.10/site-packages/decision_making_pkg
[1.453s] byte-compiling /home/jeanho/ros2_ws/src/install/decision_making_pkg/lib/python3.10/site-packages/decision_making_pkg/lib/decision_making_function_lib.py to decision_making_function_lib.cpython-310.pyc
[1.454s] byte-compiling /home/jeanho/ros2_ws/src/install/decision_making_pkg/lib/python3.10/site-packages/decision_making_pkg/lib/__init__.py to __init__.cpython-310.pyc
[1.454s] byte-compiling /home/jeanho/ros2_ws/src/install/decision_making_pkg/lib/python3.10/site-packages/decision_making_pkg/__init__.py to __init__.cpython-310.pyc
[1.454s] byte-compiling /home/jeanho/ros2_ws/src/install/decision_making_pkg/lib/python3.10/site-packages/decision_making_pkg/motion_planner_node.py to motion_planner_node.cpython-310.pyc
[1.456s] byte-compiling /home/jeanho/ros2_ws/src/install/decision_making_pkg/lib/python3.10/site-packages/decision_making_pkg/path_planner_node.py to path_planner_node.cpython-310.pyc
[1.457s] running install_data
[1.457s] creating /home/jeanho/ros2_ws/src/install/decision_making_pkg/share/ament_index
[1.458s] creating /home/jeanho/ros2_ws/src/install/decision_making_pkg/share/ament_index/resource_index
[1.458s] creating /home/jeanho/ros2_ws/src/install/decision_making_pkg/share/ament_index/resource_index/packages
[1.458s] copying resource/decision_making_pkg -> /home/jeanho/ros2_ws/src/install/decision_making_pkg/share/ament_index/resource_index/packages
[1.458s] copying package.xml -> /home/jeanho/ros2_ws/src/install/decision_making_pkg/share/decision_making_pkg
[1.458s] running install_egg_info
[1.461s] Copying ../build/decision_making_pkg/decision_making_pkg.egg-info to /home/jeanho/ros2_ws/src/install/decision_making_pkg/lib/python3.10/site-packages/decision_making_pkg-0.0.0-py3.10.egg-info
[1.462s] running install_scripts
[1.481s] Installing motion_planner_node script to /home/jeanho/ros2_ws/src/install/decision_making_pkg/lib/decision_making_pkg
[1.482s] Installing path_planner_node script to /home/jeanho/ros2_ws/src/install/decision_making_pkg/lib/decision_making_pkg
[1.482s] writing list of installed files to '/home/jeanho/ros2_ws/src/build/decision_making_pkg/install.log'
[1.517s] Invoked command in '/home/jeanho/ros2_ws/src/decision_making_pkg' returned '0': PYTHONPATH=/home/jeanho/ros2_ws/src/build/decision_making_pkg/prefix_override:/usr/lib/python3/dist-packages/colcon_core/task/python/colcon_distutils_commands:/home/jeanho/ros2_ws/src/install/decision_making_pkg/lib/python3.10/site-packages:${PYTHONPATH} /usr/bin/python3 -W ignore:setup.py install is deprecated -W ignore:easy_install command is deprecated setup.py egg_info --egg-base ../build/decision_making_pkg build --build-base /home/jeanho/ros2_ws/src/build/decision_making_pkg/build install --record /home/jeanho/ros2_ws/src/build/decision_making_pkg/install.log --single-version-externally-managed install_data
