-- The C compiler identification is GNU 11.4.0
-- The CXX compiler identification is GNU 11.4.0
-- Detecting C compiler ABI info
-- Detecting C compiler ABI info - done
-- Check for working C compiler: /usr/bin/cc - skipped
-- Detecting C compile features
-- Detecting C compile features - done
-- Detecting CXX compiler ABI info
-- Detecting CXX compiler ABI info - done
-- Check for working CXX compiler: /usr/bin/c++ - skipped
-- Detecting CXX compile features
-- Detecting CXX compile features - done
-- Found ament_cmake: 1.3.12 (/opt/ros/humble/share/ament_cmake/cmake)
-- Found Python3: /usr/bin/python3 (found version "3.10.12") found components: Interpreter 
-- Found rosidl_default_generators: 1.2.0 (/opt/ros/humble/share/rosidl_default_generators/cmake)
-- Using all available rosidl_typesupport_c: rosidl_typesupport_fastrtps_c;rosidl_typesupport_introspection_c
-- Found rosidl_adapter: 3.1.7 (/opt/ros/humble/share/rosidl_adapter/cmake)
-- Using all available rosidl_typesupport_cpp: rosidl_typesupport_fastrtps_cpp;rosidl_typesupport_introspection_cpp
-- Found ament_lint_auto: 0.12.14 (/opt/ros/humble/share/ament_lint_auto/cmake)
-- Found ament_cmake_ros: 0.10.0 (/opt/ros/humble/share/ament_cmake_ros/cmake)
-- Using all available rosidl_typesupport_c: rosidl_typesupport_fastrtps_c;rosidl_typesupport_introspection_c
-- Using all available rosidl_typesupport_cpp: rosidl_typesupport_fastrtps_cpp;rosidl_typesupport_introspection_cpp
-- Found PythonInterp: /usr/bin/python3 (found suitable version "3.10.12", minimum required is "3.6") 
-- Found python_cmake_module: 0.10.0 (/opt/ros/humble/share/python_cmake_module/cmake)
-- Found PythonLibs: /usr/lib/x86_64-linux-gnu/libpython3.10.so (found suitable version "3.10.12", minimum required is "3.5") 
-- Using PYTHON_EXECUTABLE: /usr/bin/python3
-- Using PYTHON_INCLUDE_DIRS: /usr/include/python3.10
-- Using PYTHON_LIBRARIES: /usr/lib/x86_64-linux-gnu/libpython3.10.so
-- Found PythonExtra: .so  
-- Added test 'lint_cmake' to check CMake code style
-- Added test 'xmllint' to check XML markup files
-- Configuring done
-- Generating done
-- Build files have been written to: /home/jeanho/ros2_ws/src/build/ublox_ubx_interfaces
[  1%] [34m[1mGenerating C code for ROS interfaces[0m
[  3%] [34m[1mGenerating C++ code for ROS interfaces[0m
[  3%] Built target ament_cmake_python_copy_ublox_ubx_interfaces
running egg_info
creating ublox_ubx_interfaces.egg-info
writing ublox_ubx_interfaces.egg-info/PKG-INFO
writing dependency_links to ublox_ubx_interfaces.egg-info/dependency_links.txt
writing top-level names to ublox_ubx_interfaces.egg-info/top_level.txt
writing manifest file 'ublox_ubx_interfaces.egg-info/SOURCES.txt'
reading manifest file 'ublox_ubx_interfaces.egg-info/SOURCES.txt'
writing manifest file 'ublox_ubx_interfaces.egg-info/SOURCES.txt'
[  3%] Built target ament_cmake_python_build_ublox_ubx_interfaces_egg
[  3%] Built target ublox_ubx_interfaces__cpp
[  5%] [34m[1mGenerating C++ type support dispatch for ROS interfaces[0m
[  7%] [34m[1mGenerating C++ type support for eProsima Fast-RTPS[0m
[  9%] [34m[1mGenerating C++ introspection for ROS interfaces[0m
[ 12%] [32mBuilding C object CMakeFiles/ublox_ubx_interfaces__rosidl_generator_c.dir/rosidl_generator_c/ublox_ubx_interfaces/srv/detail/hot_start__functions.c.o[0m
[ 12%] [32mBuilding C object CMakeFiles/ublox_ubx_interfaces__rosidl_generator_c.dir/rosidl_generator_c/ublox_ubx_interfaces/srv/detail/cold_start__functions.c.o[0m
[ 16%] [32mBuilding C object CMakeFiles/ublox_ubx_interfaces__rosidl_generator_c.dir/rosidl_generator_c/ublox_ubx_interfaces/srv/detail/warm_start__functions.c.o[0m
[ 16%] [32mBuilding C object CMakeFiles/ublox_ubx_interfaces__rosidl_generator_c.dir/rosidl_generator_c/ublox_ubx_interfaces/srv/detail/reset_odo__functions.c.o[0m
[ 18%] [32m[1mLinking C shared library libublox_ubx_interfaces__rosidl_generator_c.so[0m
[ 20%] [32mBuilding CXX object CMakeFiles/ublox_ubx_interfaces__rosidl_typesupport_cpp.dir/rosidl_typesupport_cpp/ublox_ubx_interfaces/srv/hot_start__type_support.cpp.o[0m
[ 23%] [32mBuilding CXX object CMakeFiles/ublox_ubx_interfaces__rosidl_typesupport_cpp.dir/rosidl_typesupport_cpp/ublox_ubx_interfaces/srv/cold_start__type_support.cpp.o[0m
[ 23%] [32mBuilding CXX object CMakeFiles/ublox_ubx_interfaces__rosidl_typesupport_cpp.dir/rosidl_typesupport_cpp/ublox_ubx_interfaces/srv/warm_start__type_support.cpp.o[0m
[ 25%] [32mBuilding CXX object CMakeFiles/ublox_ubx_interfaces__rosidl_typesupport_cpp.dir/rosidl_typesupport_cpp/ublox_ubx_interfaces/srv/reset_odo__type_support.cpp.o[0m
[ 27%] [32mBuilding CXX object CMakeFiles/ublox_ubx_interfaces__rosidl_typesupport_introspection_cpp.dir/rosidl_typesupport_introspection_cpp/ublox_ubx_interfaces/srv/detail/hot_start__type_support.cpp.o[0m
[ 29%] [32mBuilding CXX object CMakeFiles/ublox_ubx_interfaces__rosidl_typesupport_introspection_cpp.dir/rosidl_typesupport_introspection_cpp/ublox_ubx_interfaces/srv/detail/reset_odo__type_support.cpp.o[0m
[ 30%] [32mBuilding CXX object CMakeFiles/ublox_ubx_interfaces__rosidl_typesupport_introspection_cpp.dir/rosidl_typesupport_introspection_cpp/ublox_ubx_interfaces/srv/detail/warm_start__type_support.cpp.o[0m
[ 32%] [32mBuilding CXX object CMakeFiles/ublox_ubx_interfaces__rosidl_typesupport_introspection_cpp.dir/rosidl_typesupport_introspection_cpp/ublox_ubx_interfaces/srv/detail/cold_start__type_support.cpp.o[0m
[ 34%] [32mBuilding CXX object CMakeFiles/ublox_ubx_interfaces__rosidl_typesupport_fastrtps_cpp.dir/rosidl_typesupport_fastrtps_cpp/ublox_ubx_interfaces/srv/detail/dds_fastrtps/hot_start__type_support.cpp.o[0m
[ 36%] [32mBuilding CXX object CMakeFiles/ublox_ubx_interfaces__rosidl_typesupport_fastrtps_cpp.dir/rosidl_typesupport_fastrtps_cpp/ublox_ubx_interfaces/srv/detail/dds_fastrtps/warm_start__type_support.cpp.o[0m
[ 38%] [32mBuilding CXX object CMakeFiles/ublox_ubx_interfaces__rosidl_typesupport_fastrtps_cpp.dir/rosidl_typesupport_fastrtps_cpp/ublox_ubx_interfaces/srv/detail/dds_fastrtps/reset_odo__type_support.cpp.o[0m
[ 40%] [32mBuilding CXX object CMakeFiles/ublox_ubx_interfaces__rosidl_typesupport_fastrtps_cpp.dir/rosidl_typesupport_fastrtps_cpp/ublox_ubx_interfaces/srv/detail/dds_fastrtps/cold_start__type_support.cpp.o[0m
[ 40%] Built target ublox_ubx_interfaces__rosidl_generator_c
[ 41%] [34m[1mGenerating C introspection for ROS interfaces[0m
[ 43%] [34m[1mGenerating C type support for eProsima Fast-RTPS[0m
[ 45%] [34m[1mGenerating C type support dispatch for ROS interfaces[0m
[ 47%] [32m[1mLinking CXX shared library libublox_ubx_interfaces__rosidl_typesupport_cpp.so[0m
[ 49%] [32m[1mLinking CXX shared library libublox_ubx_interfaces__rosidl_typesupport_introspection_cpp.so[0m
[ 50%] [32m[1mLinking CXX shared library libublox_ubx_interfaces__rosidl_typesupport_fastrtps_cpp.so[0m
[ 54%] [32mBuilding CXX object CMakeFiles/ublox_ubx_interfaces__rosidl_typesupport_c.dir/rosidl_typesupport_c/ublox_ubx_interfaces/srv/warm_start__type_support.cpp.o[0m
[ 54%] [32mBuilding CXX object CMakeFiles/ublox_ubx_interfaces__rosidl_typesupport_c.dir/rosidl_typesupport_c/ublox_ubx_interfaces/srv/hot_start__type_support.cpp.o[0m
[ 58%] [32mBuilding CXX object CMakeFiles/ublox_ubx_interfaces__rosidl_typesupport_c.dir/rosidl_typesupport_c/ublox_ubx_interfaces/srv/reset_odo__type_support.cpp.o[0m
[ 58%] [32mBuilding CXX object CMakeFiles/ublox_ubx_interfaces__rosidl_typesupport_c.dir/rosidl_typesupport_c/ublox_ubx_interfaces/srv/cold_start__type_support.cpp.o[0m
[ 60%] [32m[1mLinking CXX shared library libublox_ubx_interfaces__rosidl_typesupport_c.so[0m
[ 61%] [32mBuilding C object CMakeFiles/ublox_ubx_interfaces__rosidl_typesupport_introspection_c.dir/rosidl_typesupport_introspection_c/ublox_ubx_interfaces/srv/detail/hot_start__type_support.c.o[0m
[ 65%] [32mBuilding C object CMakeFiles/ublox_ubx_interfaces__rosidl_typesupport_introspection_c.dir/rosidl_typesupport_introspection_c/ublox_ubx_interfaces/srv/detail/cold_start__type_support.c.o[0m
[ 65%] [32mBuilding C object CMakeFiles/ublox_ubx_interfaces__rosidl_typesupport_introspection_c.dir/rosidl_typesupport_introspection_c/ublox_ubx_interfaces/srv/detail/reset_odo__type_support.c.o[0m
[ 67%] [32mBuilding C object CMakeFiles/ublox_ubx_interfaces__rosidl_typesupport_introspection_c.dir/rosidl_typesupport_introspection_c/ublox_ubx_interfaces/srv/detail/warm_start__type_support.c.o[0m
[ 67%] Built target ublox_ubx_interfaces__rosidl_typesupport_cpp
[ 70%] [32mBuilding CXX object CMakeFiles/ublox_ubx_interfaces__rosidl_typesupport_fastrtps_c.dir/rosidl_typesupport_fastrtps_c/ublox_ubx_interfaces/srv/detail/cold_start__type_support_c.cpp.o[0m
[ 70%] [32mBuilding CXX object CMakeFiles/ublox_ubx_interfaces__rosidl_typesupport_fastrtps_c.dir/rosidl_typesupport_fastrtps_c/ublox_ubx_interfaces/srv/detail/warm_start__type_support_c.cpp.o[0m
[ 72%] [32mBuilding CXX object CMakeFiles/ublox_ubx_interfaces__rosidl_typesupport_fastrtps_c.dir/rosidl_typesupport_fastrtps_c/ublox_ubx_interfaces/srv/detail/hot_start__type_support_c.cpp.o[0m
[ 74%] [32mBuilding CXX object CMakeFiles/ublox_ubx_interfaces__rosidl_typesupport_fastrtps_c.dir/rosidl_typesupport_fastrtps_c/ublox_ubx_interfaces/srv/detail/reset_odo__type_support_c.cpp.o[0m
[ 76%] [32m[1mLinking C shared library libublox_ubx_interfaces__rosidl_typesupport_introspection_c.so[0m
[ 76%] Built target ublox_ubx_interfaces__rosidl_typesupport_introspection_cpp
[ 76%] Built target ublox_ubx_interfaces__rosidl_typesupport_c
[ 76%] Built target ublox_ubx_interfaces__rosidl_typesupport_fastrtps_cpp
[ 76%] Built target ublox_ubx_interfaces__rosidl_typesupport_introspection_c
[ 78%] [32m[1mLinking CXX shared library libublox_ubx_interfaces__rosidl_typesupport_fastrtps_c.so[0m
[ 78%] Built target ublox_ubx_interfaces__rosidl_typesupport_fastrtps_c
[ 78%] Built target ublox_ubx_interfaces
[ 80%] [34m[1mGenerating Python code for ROS interfaces[0m
[ 80%] Built target ublox_ubx_interfaces__py
[ 81%] [32mBuilding C object CMakeFiles/ublox_ubx_interfaces__rosidl_generator_py.dir/rosidl_generator_py/ublox_ubx_interfaces/srv/_hot_start_s.c.o[0m
[ 83%] [32mBuilding C object CMakeFiles/ublox_ubx_interfaces__rosidl_generator_py.dir/rosidl_generator_py/ublox_ubx_interfaces/srv/_warm_start_s.c.o[0m
[ 85%] [32mBuilding C object CMakeFiles/ublox_ubx_interfaces__rosidl_generator_py.dir/rosidl_generator_py/ublox_ubx_interfaces/srv/_cold_start_s.c.o[0m
[ 87%] [32mBuilding C object CMakeFiles/ublox_ubx_interfaces__rosidl_generator_py.dir/rosidl_generator_py/ublox_ubx_interfaces/srv/_reset_odo_s.c.o[0m
[ 89%] [32m[1mLinking C shared library rosidl_generator_py/ublox_ubx_interfaces/libublox_ubx_interfaces__rosidl_generator_py.so[0m
[ 89%] Built target ublox_ubx_interfaces__rosidl_generator_py
[ 90%] [32mBuilding C object CMakeFiles/ublox_ubx_interfaces__rosidl_typesupport_fastrtps_c__pyext.dir/rosidl_generator_py/ublox_ubx_interfaces/_ublox_ubx_interfaces_s.ep.rosidl_typesupport_fastrtps_c.c.o[0m
[ 92%] [32mBuilding C object CMakeFiles/ublox_ubx_interfaces__rosidl_typesupport_introspection_c__pyext.dir/rosidl_generator_py/ublox_ubx_interfaces/_ublox_ubx_interfaces_s.ep.rosidl_typesupport_introspection_c.c.o[0m
[ 94%] [32mBuilding C object CMakeFiles/ublox_ubx_interfaces__rosidl_typesupport_c__pyext.dir/rosidl_generator_py/ublox_ubx_interfaces/_ublox_ubx_interfaces_s.ep.rosidl_typesupport_c.c.o[0m
[ 96%] [32m[1mLinking C shared library rosidl_generator_py/ublox_ubx_interfaces/ublox_ubx_interfaces_s__rosidl_typesupport_c.cpython-310-x86_64-linux-gnu.so[0m
[ 98%] [32m[1mLinking C shared library rosidl_generator_py/ublox_ubx_interfaces/ublox_ubx_interfaces_s__rosidl_typesupport_introspection_c.cpython-310-x86_64-linux-gnu.so[0m
[100%] [32m[1mLinking C shared library rosidl_generator_py/ublox_ubx_interfaces/ublox_ubx_interfaces_s__rosidl_typesupport_fastrtps_c.cpython-310-x86_64-linux-gnu.so[0m
[100%] Built target ublox_ubx_interfaces__rosidl_typesupport_introspection_c__pyext
[100%] Built target ublox_ubx_interfaces__rosidl_typesupport_fastrtps_c__pyext
[100%] Built target ublox_ubx_interfaces__rosidl_typesupport_c__pyext
-- Install configuration: ""
-- Installing: /home/jeanho/ros2_ws/src/install/ublox_ubx_interfaces/share/ament_index/resource_index/rosidl_interfaces/ublox_ubx_interfaces
-- Installing: /home/jeanho/ros2_ws/src/install/ublox_ubx_interfaces/include/ublox_ubx_interfaces/ublox_ubx_interfaces
-- Installing: /home/jeanho/ros2_ws/src/install/ublox_ubx_interfaces/include/ublox_ubx_interfaces/ublox_ubx_interfaces/srv
-- Installing: /home/jeanho/ros2_ws/src/install/ublox_ubx_interfaces/include/ublox_ubx_interfaces/ublox_ubx_interfaces/srv/reset_odo.h
-- Installing: /home/jeanho/ros2_ws/src/install/ublox_ubx_interfaces/include/ublox_ubx_interfaces/ublox_ubx_interfaces/srv/detail
-- Installing: /home/jeanho/ros2_ws/src/install/ublox_ubx_interfaces/include/ublox_ubx_interfaces/ublox_ubx_interfaces/srv/detail/hot_start__functions.h
-- Installing: /home/jeanho/ros2_ws/src/install/ublox_ubx_interfaces/include/ublox_ubx_interfaces/ublox_ubx_interfaces/srv/detail/reset_odo__functions.h
-- Installing: /home/jeanho/ros2_ws/src/install/ublox_ubx_interfaces/include/ublox_ubx_interfaces/ublox_ubx_interfaces/srv/detail/reset_odo__struct.h
-- Installing: /home/jeanho/ros2_ws/src/install/ublox_ubx_interfaces/include/ublox_ubx_interfaces/ublox_ubx_interfaces/srv/detail/cold_start__struct.h
-- Installing: /home/jeanho/ros2_ws/src/install/ublox_ubx_interfaces/include/ublox_ubx_interfaces/ublox_ubx_interfaces/srv/detail/warm_start__struct.h
-- Installing: /home/jeanho/ros2_ws/src/install/ublox_ubx_interfaces/include/ublox_ubx_interfaces/ublox_ubx_interfaces/srv/detail/cold_start__functions.h
-- Installing: /home/jeanho/ros2_ws/src/install/ublox_ubx_interfaces/include/ublox_ubx_interfaces/ublox_ubx_interfaces/srv/detail/cold_start__type_support.h
-- Installing: /home/jeanho/ros2_ws/src/install/ublox_ubx_interfaces/include/ublox_ubx_interfaces/ublox_ubx_interfaces/srv/detail/cold_start__functions.c
-- Installing: /home/jeanho/ros2_ws/src/install/ublox_ubx_interfaces/include/ublox_ubx_interfaces/ublox_ubx_interfaces/srv/detail/reset_odo__type_support.h
-- Installing: /home/jeanho/ros2_ws/src/install/ublox_ubx_interfaces/include/ublox_ubx_interfaces/ublox_ubx_interfaces/srv/detail/reset_odo__functions.c
-- Installing: /home/jeanho/ros2_ws/src/install/ublox_ubx_interfaces/include/ublox_ubx_interfaces/ublox_ubx_interfaces/srv/detail/warm_start__type_support.h
-- Installing: /home/jeanho/ros2_ws/src/install/ublox_ubx_interfaces/include/ublox_ubx_interfaces/ublox_ubx_interfaces/srv/detail/warm_start__functions.h
-- Installing: /home/jeanho/ros2_ws/src/install/ublox_ubx_interfaces/include/ublox_ubx_interfaces/ublox_ubx_interfaces/srv/detail/hot_start__type_support.h
-- Installing: /home/jeanho/ros2_ws/src/install/ublox_ubx_interfaces/include/ublox_ubx_interfaces/ublox_ubx_interfaces/srv/detail/hot_start__functions.c
-- Installing: /home/jeanho/ros2_ws/src/install/ublox_ubx_interfaces/include/ublox_ubx_interfaces/ublox_ubx_interfaces/srv/detail/hot_start__struct.h
-- Installing: /home/jeanho/ros2_ws/src/install/ublox_ubx_interfaces/include/ublox_ubx_interfaces/ublox_ubx_interfaces/srv/detail/warm_start__functions.c
-- Installing: /home/jeanho/ros2_ws/src/install/ublox_ubx_interfaces/include/ublox_ubx_interfaces/ublox_ubx_interfaces/srv/hot_start.h
-- Installing: /home/jeanho/ros2_ws/src/install/ublox_ubx_interfaces/include/ublox_ubx_interfaces/ublox_ubx_interfaces/srv/cold_start.h
-- Installing: /home/jeanho/ros2_ws/src/install/ublox_ubx_interfaces/include/ublox_ubx_interfaces/ublox_ubx_interfaces/srv/warm_start.h
-- Installing: /home/jeanho/ros2_ws/src/install/ublox_ubx_interfaces/include/ublox_ubx_interfaces/ublox_ubx_interfaces/msg
-- Installing: /home/jeanho/ros2_ws/src/install/ublox_ubx_interfaces/include/ublox_ubx_interfaces/ublox_ubx_interfaces/msg/rosidl_generator_c__visibility_control.h
-- Installing: /home/jeanho/ros2_ws/src/install/ublox_ubx_interfaces/share/ublox_ubx_interfaces/environment/library_path.sh
-- Installing: /home/jeanho/ros2_ws/src/install/ublox_ubx_interfaces/share/ublox_ubx_interfaces/environment/library_path.dsv
-- Installing: /home/jeanho/ros2_ws/src/install/ublox_ubx_interfaces/lib/libublox_ubx_interfaces__rosidl_generator_c.so
-- Set runtime path of "/home/jeanho/ros2_ws/src/install/ublox_ubx_interfaces/lib/libublox_ubx_interfaces__rosidl_generator_c.so" to ""
-- Up-to-date: /home/jeanho/ros2_ws/src/install/ublox_ubx_interfaces/include/ublox_ubx_interfaces/ublox_ubx_interfaces
-- Up-to-date: /home/jeanho/ros2_ws/src/install/ublox_ubx_interfaces/include/ublox_ubx_interfaces/ublox_ubx_interfaces/srv
-- Up-to-date: /home/jeanho/ros2_ws/src/install/ublox_ubx_interfaces/include/ublox_ubx_interfaces/ublox_ubx_interfaces/srv/detail
-- Installing: /home/jeanho/ros2_ws/src/install/ublox_ubx_interfaces/include/ublox_ubx_interfaces/ublox_ubx_interfaces/srv/detail/cold_start__rosidl_typesupport_fastrtps_c.h
-- Installing: /home/jeanho/ros2_ws/src/install/ublox_ubx_interfaces/include/ublox_ubx_interfaces/ublox_ubx_interfaces/srv/detail/reset_odo__rosidl_typesupport_fastrtps_c.h
-- Installing: /home/jeanho/ros2_ws/src/install/ublox_ubx_interfaces/include/ublox_ubx_interfaces/ublox_ubx_interfaces/srv/detail/hot_start__rosidl_typesupport_fastrtps_c.h
-- Installing: /home/jeanho/ros2_ws/src/install/ublox_ubx_interfaces/include/ublox_ubx_interfaces/ublox_ubx_interfaces/srv/detail/warm_start__rosidl_typesupport_fastrtps_c.h
-- Up-to-date: /home/jeanho/ros2_ws/src/install/ublox_ubx_interfaces/include/ublox_ubx_interfaces/ublox_ubx_interfaces/msg
-- Installing: /home/jeanho/ros2_ws/src/install/ublox_ubx_interfaces/include/ublox_ubx_interfaces/ublox_ubx_interfaces/msg/rosidl_typesupport_fastrtps_c__visibility_control.h
-- Installing: /home/jeanho/ros2_ws/src/install/ublox_ubx_interfaces/lib/libublox_ubx_interfaces__rosidl_typesupport_fastrtps_c.so
-- Set runtime path of "/home/jeanho/ros2_ws/src/install/ublox_ubx_interfaces/lib/libublox_ubx_interfaces__rosidl_typesupport_fastrtps_c.so" to ""
-- Up-to-date: /home/jeanho/ros2_ws/src/install/ublox_ubx_interfaces/include/ublox_ubx_interfaces/ublox_ubx_interfaces
-- Up-to-date: /home/jeanho/ros2_ws/src/install/ublox_ubx_interfaces/include/ublox_ubx_interfaces/ublox_ubx_interfaces/srv
-- Up-to-date: /home/jeanho/ros2_ws/src/install/ublox_ubx_interfaces/include/ublox_ubx_interfaces/ublox_ubx_interfaces/srv/detail
-- Installing: /home/jeanho/ros2_ws/src/install/ublox_ubx_interfaces/include/ublox_ubx_interfaces/ublox_ubx_interfaces/srv/detail/warm_start__type_support.c
-- Installing: /home/jeanho/ros2_ws/src/install/ublox_ubx_interfaces/include/ublox_ubx_interfaces/ublox_ubx_interfaces/srv/detail/hot_start__rosidl_typesupport_introspection_c.h
-- Installing: /home/jeanho/ros2_ws/src/install/ublox_ubx_interfaces/include/ublox_ubx_interfaces/ublox_ubx_interfaces/srv/detail/cold_start__rosidl_typesupport_introspection_c.h
-- Installing: /home/jeanho/ros2_ws/src/install/ublox_ubx_interfaces/include/ublox_ubx_interfaces/ublox_ubx_interfaces/srv/detail/cold_start__type_support.c
-- Installing: /home/jeanho/ros2_ws/src/install/ublox_ubx_interfaces/include/ublox_ubx_interfaces/ublox_ubx_interfaces/srv/detail/hot_start__type_support.c
-- Installing: /home/jeanho/ros2_ws/src/install/ublox_ubx_interfaces/include/ublox_ubx_interfaces/ublox_ubx_interfaces/srv/detail/reset_odo__rosidl_typesupport_introspection_c.h
-- Installing: /home/jeanho/ros2_ws/src/install/ublox_ubx_interfaces/include/ublox_ubx_interfaces/ublox_ubx_interfaces/srv/detail/reset_odo__type_support.c
-- Installing: /home/jeanho/ros2_ws/src/install/ublox_ubx_interfaces/include/ublox_ubx_interfaces/ublox_ubx_interfaces/srv/detail/warm_start__rosidl_typesupport_introspection_c.h
-- Up-to-date: /home/jeanho/ros2_ws/src/install/ublox_ubx_interfaces/include/ublox_ubx_interfaces/ublox_ubx_interfaces/msg
-- Installing: /home/jeanho/ros2_ws/src/install/ublox_ubx_interfaces/include/ublox_ubx_interfaces/ublox_ubx_interfaces/msg/rosidl_typesupport_introspection_c__visibility_control.h
-- Installing: /home/jeanho/ros2_ws/src/install/ublox_ubx_interfaces/lib/libublox_ubx_interfaces__rosidl_typesupport_introspection_c.so
-- Set runtime path of "/home/jeanho/ros2_ws/src/install/ublox_ubx_interfaces/lib/libublox_ubx_interfaces__rosidl_typesupport_introspection_c.so" to ""
-- Installing: /home/jeanho/ros2_ws/src/install/ublox_ubx_interfaces/lib/libublox_ubx_interfaces__rosidl_typesupport_c.so
-- Set runtime path of "/home/jeanho/ros2_ws/src/install/ublox_ubx_interfaces/lib/libublox_ubx_interfaces__rosidl_typesupport_c.so" to ""
-- Up-to-date: /home/jeanho/ros2_ws/src/install/ublox_ubx_interfaces/include/ublox_ubx_interfaces/ublox_ubx_interfaces
-- Up-to-date: /home/jeanho/ros2_ws/src/install/ublox_ubx_interfaces/include/ublox_ubx_interfaces/ublox_ubx_interfaces/srv
-- Installing: /home/jeanho/ros2_ws/src/install/ublox_ubx_interfaces/include/ublox_ubx_interfaces/ublox_ubx_interfaces/srv/reset_odo.hpp
-- Up-to-date: /home/jeanho/ros2_ws/src/install/ublox_ubx_interfaces/include/ublox_ubx_interfaces/ublox_ubx_interfaces/srv/detail
-- Installing: /home/jeanho/ros2_ws/src/install/ublox_ubx_interfaces/include/ublox_ubx_interfaces/ublox_ubx_interfaces/srv/detail/hot_start__builder.hpp
-- Installing: /home/jeanho/ros2_ws/src/install/ublox_ubx_interfaces/include/ublox_ubx_interfaces/ublox_ubx_interfaces/srv/detail/hot_start__struct.hpp
-- Installing: /home/jeanho/ros2_ws/src/install/ublox_ubx_interfaces/include/ublox_ubx_interfaces/ublox_ubx_interfaces/srv/detail/warm_start__traits.hpp
-- Installing: /home/jeanho/ros2_ws/src/install/ublox_ubx_interfaces/include/ublox_ubx_interfaces/ublox_ubx_interfaces/srv/detail/hot_start__type_support.hpp
-- Installing: /home/jeanho/ros2_ws/src/install/ublox_ubx_interfaces/include/ublox_ubx_interfaces/ublox_ubx_interfaces/srv/detail/reset_odo__traits.hpp
-- Installing: /home/jeanho/ros2_ws/src/install/ublox_ubx_interfaces/include/ublox_ubx_interfaces/ublox_ubx_interfaces/srv/detail/hot_start__traits.hpp
-- Installing: /home/jeanho/ros2_ws/src/install/ublox_ubx_interfaces/include/ublox_ubx_interfaces/ublox_ubx_interfaces/srv/detail/cold_start__traits.hpp
-- Installing: /home/jeanho/ros2_ws/src/install/ublox_ubx_interfaces/include/ublox_ubx_interfaces/ublox_ubx_interfaces/srv/detail/cold_start__type_support.hpp
-- Installing: /home/jeanho/ros2_ws/src/install/ublox_ubx_interfaces/include/ublox_ubx_interfaces/ublox_ubx_interfaces/srv/detail/cold_start__builder.hpp
-- Installing: /home/jeanho/ros2_ws/src/install/ublox_ubx_interfaces/include/ublox_ubx_interfaces/ublox_ubx_interfaces/srv/detail/reset_odo__type_support.hpp
-- Installing: /home/jeanho/ros2_ws/src/install/ublox_ubx_interfaces/include/ublox_ubx_interfaces/ublox_ubx_interfaces/srv/detail/warm_start__builder.hpp
-- Installing: /home/jeanho/ros2_ws/src/install/ublox_ubx_interfaces/include/ublox_ubx_interfaces/ublox_ubx_interfaces/srv/detail/warm_start__type_support.hpp
-- Installing: /home/jeanho/ros2_ws/src/install/ublox_ubx_interfaces/include/ublox_ubx_interfaces/ublox_ubx_interfaces/srv/detail/reset_odo__builder.hpp
-- Installing: /home/jeanho/ros2_ws/src/install/ublox_ubx_interfaces/include/ublox_ubx_interfaces/ublox_ubx_interfaces/srv/detail/reset_odo__struct.hpp
-- Installing: /home/jeanho/ros2_ws/src/install/ublox_ubx_interfaces/include/ublox_ubx_interfaces/ublox_ubx_interfaces/srv/detail/warm_start__struct.hpp
-- Installing: /home/jeanho/ros2_ws/src/install/ublox_ubx_interfaces/include/ublox_ubx_interfaces/ublox_ubx_interfaces/srv/detail/cold_start__struct.hpp
-- Installing: /home/jeanho/ros2_ws/src/install/ublox_ubx_interfaces/include/ublox_ubx_interfaces/ublox_ubx_interfaces/srv/warm_start.hpp
-- Installing: /home/jeanho/ros2_ws/src/install/ublox_ubx_interfaces/include/ublox_ubx_interfaces/ublox_ubx_interfaces/srv/cold_start.hpp
-- Installing: /home/jeanho/ros2_ws/src/install/ublox_ubx_interfaces/include/ublox_ubx_interfaces/ublox_ubx_interfaces/srv/hot_start.hpp
-- Up-to-date: /home/jeanho/ros2_ws/src/install/ublox_ubx_interfaces/include/ublox_ubx_interfaces/ublox_ubx_interfaces/msg
-- Installing: /home/jeanho/ros2_ws/src/install/ublox_ubx_interfaces/include/ublox_ubx_interfaces/ublox_ubx_interfaces/msg/rosidl_generator_cpp__visibility_control.hpp
-- Up-to-date: /home/jeanho/ros2_ws/src/install/ublox_ubx_interfaces/include/ublox_ubx_interfaces/ublox_ubx_interfaces
-- Up-to-date: /home/jeanho/ros2_ws/src/install/ublox_ubx_interfaces/include/ublox_ubx_interfaces/ublox_ubx_interfaces/srv
-- Up-to-date: /home/jeanho/ros2_ws/src/install/ublox_ubx_interfaces/include/ublox_ubx_interfaces/ublox_ubx_interfaces/srv/detail
-- Installing: /home/jeanho/ros2_ws/src/install/ublox_ubx_interfaces/include/ublox_ubx_interfaces/ublox_ubx_interfaces/srv/detail/cold_start__rosidl_typesupport_fastrtps_cpp.hpp
-- Installing: /home/jeanho/ros2_ws/src/install/ublox_ubx_interfaces/include/ublox_ubx_interfaces/ublox_ubx_interfaces/srv/detail/hot_start__rosidl_typesupport_fastrtps_cpp.hpp
-- Installing: /home/jeanho/ros2_ws/src/install/ublox_ubx_interfaces/include/ublox_ubx_interfaces/ublox_ubx_interfaces/srv/detail/reset_odo__rosidl_typesupport_fastrtps_cpp.hpp
-- Installing: /home/jeanho/ros2_ws/src/install/ublox_ubx_interfaces/include/ublox_ubx_interfaces/ublox_ubx_interfaces/srv/detail/warm_start__rosidl_typesupport_fastrtps_cpp.hpp
-- Installing: /home/jeanho/ros2_ws/src/install/ublox_ubx_interfaces/include/ublox_ubx_interfaces/ublox_ubx_interfaces/srv/detail/dds_fastrtps
-- Up-to-date: /home/jeanho/ros2_ws/src/install/ublox_ubx_interfaces/include/ublox_ubx_interfaces/ublox_ubx_interfaces/msg
-- Installing: /home/jeanho/ros2_ws/src/install/ublox_ubx_interfaces/include/ublox_ubx_interfaces/ublox_ubx_interfaces/msg/rosidl_typesupport_fastrtps_cpp__visibility_control.h
-- Installing: /home/jeanho/ros2_ws/src/install/ublox_ubx_interfaces/lib/libublox_ubx_interfaces__rosidl_typesupport_fastrtps_cpp.so
-- Set runtime path of "/home/jeanho/ros2_ws/src/install/ublox_ubx_interfaces/lib/libublox_ubx_interfaces__rosidl_typesupport_fastrtps_cpp.so" to ""
-- Up-to-date: /home/jeanho/ros2_ws/src/install/ublox_ubx_interfaces/include/ublox_ubx_interfaces/ublox_ubx_interfaces
-- Up-to-date: /home/jeanho/ros2_ws/src/install/ublox_ubx_interfaces/include/ublox_ubx_interfaces/ublox_ubx_interfaces/srv
-- Up-to-date: /home/jeanho/ros2_ws/src/install/ublox_ubx_interfaces/include/ublox_ubx_interfaces/ublox_ubx_interfaces/srv/detail
-- Installing: /home/jeanho/ros2_ws/src/install/ublox_ubx_interfaces/include/ublox_ubx_interfaces/ublox_ubx_interfaces/srv/detail/reset_odo__rosidl_typesupport_introspection_cpp.hpp
-- Installing: /home/jeanho/ros2_ws/src/install/ublox_ubx_interfaces/include/ublox_ubx_interfaces/ublox_ubx_interfaces/srv/detail/warm_start__rosidl_typesupport_introspection_cpp.hpp
-- Installing: /home/jeanho/ros2_ws/src/install/ublox_ubx_interfaces/include/ublox_ubx_interfaces/ublox_ubx_interfaces/srv/detail/cold_start__type_support.cpp
-- Installing: /home/jeanho/ros2_ws/src/install/ublox_ubx_interfaces/include/ublox_ubx_interfaces/ublox_ubx_interfaces/srv/detail/cold_start__rosidl_typesupport_introspection_cpp.hpp
-- Installing: /home/jeanho/ros2_ws/src/install/ublox_ubx_interfaces/include/ublox_ubx_interfaces/ublox_ubx_interfaces/srv/detail/hot_start__rosidl_typesupport_introspection_cpp.hpp
-- Installing: /home/jeanho/ros2_ws/src/install/ublox_ubx_interfaces/include/ublox_ubx_interfaces/ublox_ubx_interfaces/srv/detail/reset_odo__type_support.cpp
-- Installing: /home/jeanho/ros2_ws/src/install/ublox_ubx_interfaces/include/ublox_ubx_interfaces/ublox_ubx_interfaces/srv/detail/warm_start__type_support.cpp
-- Installing: /home/jeanho/ros2_ws/src/install/ublox_ubx_interfaces/include/ublox_ubx_interfaces/ublox_ubx_interfaces/srv/detail/hot_start__type_support.cpp
-- Installing: /home/jeanho/ros2_ws/src/install/ublox_ubx_interfaces/lib/libublox_ubx_interfaces__rosidl_typesupport_introspection_cpp.so
-- Set runtime path of "/home/jeanho/ros2_ws/src/install/ublox_ubx_interfaces/lib/libublox_ubx_interfaces__rosidl_typesupport_introspection_cpp.so" to ""
-- Installing: /home/jeanho/ros2_ws/src/install/ublox_ubx_interfaces/lib/libublox_ubx_interfaces__rosidl_typesupport_cpp.so
-- Set runtime path of "/home/jeanho/ros2_ws/src/install/ublox_ubx_interfaces/lib/libublox_ubx_interfaces__rosidl_typesupport_cpp.so" to ""
-- Installing: /home/jeanho/ros2_ws/src/install/ublox_ubx_interfaces/share/ublox_ubx_interfaces/environment/pythonpath.sh
-- Installing: /home/jeanho/ros2_ws/src/install/ublox_ubx_interfaces/share/ublox_ubx_interfaces/environment/pythonpath.dsv
-- Installing: /home/jeanho/ros2_ws/src/install/ublox_ubx_interfaces/local/lib/python3.10/dist-packages/ublox_ubx_interfaces-0.6.1-py3.10.egg-info
-- Installing: /home/jeanho/ros2_ws/src/install/ublox_ubx_interfaces/local/lib/python3.10/dist-packages/ublox_ubx_interfaces-0.6.1-py3.10.egg-info/dependency_links.txt
-- Installing: /home/jeanho/ros2_ws/src/install/ublox_ubx_interfaces/local/lib/python3.10/dist-packages/ublox_ubx_interfaces-0.6.1-py3.10.egg-info/PKG-INFO
-- Installing: /home/jeanho/ros2_ws/src/install/ublox_ubx_interfaces/local/lib/python3.10/dist-packages/ublox_ubx_interfaces-0.6.1-py3.10.egg-info/SOURCES.txt
-- Installing: /home/jeanho/ros2_ws/src/install/ublox_ubx_interfaces/local/lib/python3.10/dist-packages/ublox_ubx_interfaces-0.6.1-py3.10.egg-info/top_level.txt
-- Installing: /home/jeanho/ros2_ws/src/install/ublox_ubx_interfaces/local/lib/python3.10/dist-packages/ublox_ubx_interfaces
-- Installing: /home/jeanho/ros2_ws/src/install/ublox_ubx_interfaces/local/lib/python3.10/dist-packages/ublox_ubx_interfaces/ublox_ubx_interfaces_s__rosidl_typesupport_c.cpython-310-x86_64-linux-gnu.so
-- Installing: /home/jeanho/ros2_ws/src/install/ublox_ubx_interfaces/local/lib/python3.10/dist-packages/ublox_ubx_interfaces/ublox_ubx_interfaces_s__rosidl_typesupport_fastrtps_c.cpython-310-x86_64-linux-gnu.so
-- Installing: /home/jeanho/ros2_ws/src/install/ublox_ubx_interfaces/local/lib/python3.10/dist-packages/ublox_ubx_interfaces/_ublox_ubx_interfaces_s.ep.rosidl_typesupport_fastrtps_c.c
-- Installing: /home/jeanho/ros2_ws/src/install/ublox_ubx_interfaces/local/lib/python3.10/dist-packages/ublox_ubx_interfaces/_ublox_ubx_interfaces_s.ep.rosidl_typesupport_c.c
-- Installing: /home/jeanho/ros2_ws/src/install/ublox_ubx_interfaces/local/lib/python3.10/dist-packages/ublox_ubx_interfaces/ublox_ubx_interfaces_s__rosidl_typesupport_introspection_c.cpython-310-x86_64-linux-gnu.so
-- Installing: /home/jeanho/ros2_ws/src/install/ublox_ubx_interfaces/local/lib/python3.10/dist-packages/ublox_ubx_interfaces/__init__.py
-- Installing: /home/jeanho/ros2_ws/src/install/ublox_ubx_interfaces/local/lib/python3.10/dist-packages/ublox_ubx_interfaces/_ublox_ubx_interfaces_s.ep.rosidl_typesupport_introspection_c.c
-- Installing: /home/jeanho/ros2_ws/src/install/ublox_ubx_interfaces/local/lib/python3.10/dist-packages/ublox_ubx_interfaces/srv
-- Installing: /home/jeanho/ros2_ws/src/install/ublox_ubx_interfaces/local/lib/python3.10/dist-packages/ublox_ubx_interfaces/srv/_reset_odo.py
-- Installing: /home/jeanho/ros2_ws/src/install/ublox_ubx_interfaces/local/lib/python3.10/dist-packages/ublox_ubx_interfaces/srv/_cold_start.py
-- Installing: /home/jeanho/ros2_ws/src/install/ublox_ubx_interfaces/local/lib/python3.10/dist-packages/ublox_ubx_interfaces/srv/__init__.py
-- Installing: /home/jeanho/ros2_ws/src/install/ublox_ubx_interfaces/local/lib/python3.10/dist-packages/ublox_ubx_interfaces/srv/_hot_start.py
-- Installing: /home/jeanho/ros2_ws/src/install/ublox_ubx_interfaces/local/lib/python3.10/dist-packages/ublox_ubx_interfaces/srv/_hot_start_s.c
-- Installing: /home/jeanho/ros2_ws/src/install/ublox_ubx_interfaces/local/lib/python3.10/dist-packages/ublox_ubx_interfaces/srv/_reset_odo_s.c
-- Installing: /home/jeanho/ros2_ws/src/install/ublox_ubx_interfaces/local/lib/python3.10/dist-packages/ublox_ubx_interfaces/srv/_warm_start.py
-- Installing: /home/jeanho/ros2_ws/src/install/ublox_ubx_interfaces/local/lib/python3.10/dist-packages/ublox_ubx_interfaces/srv/_cold_start_s.c
-- Installing: /home/jeanho/ros2_ws/src/install/ublox_ubx_interfaces/local/lib/python3.10/dist-packages/ublox_ubx_interfaces/srv/_warm_start_s.c
-- Installing: /home/jeanho/ros2_ws/src/install/ublox_ubx_interfaces/local/lib/python3.10/dist-packages/ublox_ubx_interfaces/libublox_ubx_interfaces__rosidl_generator_py.so
Listing '/home/jeanho/ros2_ws/src/install/ublox_ubx_interfaces/local/lib/python3.10/dist-packages/ublox_ubx_interfaces'...
Compiling '/home/jeanho/ros2_ws/src/install/ublox_ubx_interfaces/local/lib/python3.10/dist-packages/ublox_ubx_interfaces/__init__.py'...
Listing '/home/jeanho/ros2_ws/src/install/ublox_ubx_interfaces/local/lib/python3.10/dist-packages/ublox_ubx_interfaces/srv'...
Compiling '/home/jeanho/ros2_ws/src/install/ublox_ubx_interfaces/local/lib/python3.10/dist-packages/ublox_ubx_interfaces/srv/__init__.py'...
Compiling '/home/jeanho/ros2_ws/src/install/ublox_ubx_interfaces/local/lib/python3.10/dist-packages/ublox_ubx_interfaces/srv/_cold_start.py'...
Compiling '/home/jeanho/ros2_ws/src/install/ublox_ubx_interfaces/local/lib/python3.10/dist-packages/ublox_ubx_interfaces/srv/_hot_start.py'...
Compiling '/home/jeanho/ros2_ws/src/install/ublox_ubx_interfaces/local/lib/python3.10/dist-packages/ublox_ubx_interfaces/srv/_reset_odo.py'...
Compiling '/home/jeanho/ros2_ws/src/install/ublox_ubx_interfaces/local/lib/python3.10/dist-packages/ublox_ubx_interfaces/srv/_warm_start.py'...
-- Installing: /home/jeanho/ros2_ws/src/install/ublox_ubx_interfaces/local/lib/python3.10/dist-packages/ublox_ubx_interfaces/ublox_ubx_interfaces_s__rosidl_typesupport_fastrtps_c.cpython-310-x86_64-linux-gnu.so
-- Set runtime path of "/home/jeanho/ros2_ws/src/install/ublox_ubx_interfaces/local/lib/python3.10/dist-packages/ublox_ubx_interfaces/ublox_ubx_interfaces_s__rosidl_typesupport_fastrtps_c.cpython-310-x86_64-linux-gnu.so" to ""
-- Installing: /home/jeanho/ros2_ws/src/install/ublox_ubx_interfaces/local/lib/python3.10/dist-packages/ublox_ubx_interfaces/ublox_ubx_interfaces_s__rosidl_typesupport_introspection_c.cpython-310-x86_64-linux-gnu.so
-- Set runtime path of "/home/jeanho/ros2_ws/src/install/ublox_ubx_interfaces/local/lib/python3.10/dist-packages/ublox_ubx_interfaces/ublox_ubx_interfaces_s__rosidl_typesupport_introspection_c.cpython-310-x86_64-linux-gnu.so" to ""
-- Installing: /home/jeanho/ros2_ws/src/install/ublox_ubx_interfaces/local/lib/python3.10/dist-packages/ublox_ubx_interfaces/ublox_ubx_interfaces_s__rosidl_typesupport_c.cpython-310-x86_64-linux-gnu.so
-- Set runtime path of "/home/jeanho/ros2_ws/src/install/ublox_ubx_interfaces/local/lib/python3.10/dist-packages/ublox_ubx_interfaces/ublox_ubx_interfaces_s__rosidl_typesupport_c.cpython-310-x86_64-linux-gnu.so" to ""
-- Installing: /home/jeanho/ros2_ws/src/install/ublox_ubx_interfaces/lib/libublox_ubx_interfaces__rosidl_generator_py.so
-- Set runtime path of "/home/jeanho/ros2_ws/src/install/ublox_ubx_interfaces/lib/libublox_ubx_interfaces__rosidl_generator_py.so" to ""
-- Installing: /home/jeanho/ros2_ws/src/install/ublox_ubx_interfaces/share/ublox_ubx_interfaces/srv/HotStart.idl
-- Installing: /home/jeanho/ros2_ws/src/install/ublox_ubx_interfaces/share/ublox_ubx_interfaces/srv/WarmStart.idl
-- Installing: /home/jeanho/ros2_ws/src/install/ublox_ubx_interfaces/share/ublox_ubx_interfaces/srv/ColdStart.idl
-- Installing: /home/jeanho/ros2_ws/src/install/ublox_ubx_interfaces/share/ublox_ubx_interfaces/srv/ResetODO.idl
-- Installing: /home/jeanho/ros2_ws/src/install/ublox_ubx_interfaces/share/ublox_ubx_interfaces/srv/HotStart.srv
-- Installing: /home/jeanho/ros2_ws/src/install/ublox_ubx_interfaces/share/ublox_ubx_interfaces/srv/HotStart_Request.msg
-- Installing: /home/jeanho/ros2_ws/src/install/ublox_ubx_interfaces/share/ublox_ubx_interfaces/srv/HotStart_Response.msg
-- Installing: /home/jeanho/ros2_ws/src/install/ublox_ubx_interfaces/share/ublox_ubx_interfaces/srv/WarmStart.srv
-- Installing: /home/jeanho/ros2_ws/src/install/ublox_ubx_interfaces/share/ublox_ubx_interfaces/srv/WarmStart_Request.msg
-- Installing: /home/jeanho/ros2_ws/src/install/ublox_ubx_interfaces/share/ublox_ubx_interfaces/srv/WarmStart_Response.msg
-- Installing: /home/jeanho/ros2_ws/src/install/ublox_ubx_interfaces/share/ublox_ubx_interfaces/srv/ColdStart.srv
-- Installing: /home/jeanho/ros2_ws/src/install/ublox_ubx_interfaces/share/ublox_ubx_interfaces/srv/ColdStart_Request.msg
-- Installing: /home/jeanho/ros2_ws/src/install/ublox_ubx_interfaces/share/ublox_ubx_interfaces/srv/ColdStart_Response.msg
-- Installing: /home/jeanho/ros2_ws/src/install/ublox_ubx_interfaces/share/ublox_ubx_interfaces/srv/ResetODO.srv
-- Installing: /home/jeanho/ros2_ws/src/install/ublox_ubx_interfaces/share/ublox_ubx_interfaces/srv/ResetODO_Request.msg
-- Installing: /home/jeanho/ros2_ws/src/install/ublox_ubx_interfaces/share/ublox_ubx_interfaces/srv/ResetODO_Response.msg
-- Installing: /home/jeanho/ros2_ws/src/install/ublox_ubx_interfaces/share/ament_index/resource_index/package_run_dependencies/ublox_ubx_interfaces
-- Installing: /home/jeanho/ros2_ws/src/install/ublox_ubx_interfaces/share/ament_index/resource_index/parent_prefix_path/ublox_ubx_interfaces
-- Installing: /home/jeanho/ros2_ws/src/install/ublox_ubx_interfaces/share/ublox_ubx_interfaces/environment/ament_prefix_path.sh
-- Installing: /home/jeanho/ros2_ws/src/install/ublox_ubx_interfaces/share/ublox_ubx_interfaces/environment/ament_prefix_path.dsv
-- Installing: /home/jeanho/ros2_ws/src/install/ublox_ubx_interfaces/share/ublox_ubx_interfaces/environment/path.sh
-- Installing: /home/jeanho/ros2_ws/src/install/ublox_ubx_interfaces/share/ublox_ubx_interfaces/environment/path.dsv
-- Installing: /home/jeanho/ros2_ws/src/install/ublox_ubx_interfaces/share/ublox_ubx_interfaces/local_setup.bash
-- Installing: /home/jeanho/ros2_ws/src/install/ublox_ubx_interfaces/share/ublox_ubx_interfaces/local_setup.sh
-- Installing: /home/jeanho/ros2_ws/src/install/ublox_ubx_interfaces/share/ublox_ubx_interfaces/local_setup.zsh
-- Installing: /home/jeanho/ros2_ws/src/install/ublox_ubx_interfaces/share/ublox_ubx_interfaces/local_setup.dsv
-- Installing: /home/jeanho/ros2_ws/src/install/ublox_ubx_interfaces/share/ublox_ubx_interfaces/package.dsv
-- Installing: /home/jeanho/ros2_ws/src/install/ublox_ubx_interfaces/share/ament_index/resource_index/packages/ublox_ubx_interfaces
-- Installing: /home/jeanho/ros2_ws/src/install/ublox_ubx_interfaces/share/ublox_ubx_interfaces/cmake/export_ublox_ubx_interfaces__rosidl_generator_cExport.cmake
-- Installing: /home/jeanho/ros2_ws/src/install/ublox_ubx_interfaces/share/ublox_ubx_interfaces/cmake/export_ublox_ubx_interfaces__rosidl_generator_cExport-noconfig.cmake
-- Installing: /home/jeanho/ros2_ws/src/install/ublox_ubx_interfaces/share/ublox_ubx_interfaces/cmake/export_ublox_ubx_interfaces__rosidl_typesupport_fastrtps_cExport.cmake
-- Installing: /home/jeanho/ros2_ws/src/install/ublox_ubx_interfaces/share/ublox_ubx_interfaces/cmake/export_ublox_ubx_interfaces__rosidl_typesupport_fastrtps_cExport-noconfig.cmake
-- Installing: /home/jeanho/ros2_ws/src/install/ublox_ubx_interfaces/share/ublox_ubx_interfaces/cmake/ublox_ubx_interfaces__rosidl_typesupport_introspection_cExport.cmake
-- Installing: /home/jeanho/ros2_ws/src/install/ublox_ubx_interfaces/share/ublox_ubx_interfaces/cmake/ublox_ubx_interfaces__rosidl_typesupport_introspection_cExport-noconfig.cmake
-- Installing: /home/jeanho/ros2_ws/src/install/ublox_ubx_interfaces/share/ublox_ubx_interfaces/cmake/ublox_ubx_interfaces__rosidl_typesupport_cExport.cmake
-- Installing: /home/jeanho/ros2_ws/src/install/ublox_ubx_interfaces/share/ublox_ubx_interfaces/cmake/ublox_ubx_interfaces__rosidl_typesupport_cExport-noconfig.cmake
-- Installing: /home/jeanho/ros2_ws/src/install/ublox_ubx_interfaces/share/ublox_ubx_interfaces/cmake/export_ublox_ubx_interfaces__rosidl_generator_cppExport.cmake
-- Installing: /home/jeanho/ros2_ws/src/install/ublox_ubx_interfaces/share/ublox_ubx_interfaces/cmake/export_ublox_ubx_interfaces__rosidl_typesupport_fastrtps_cppExport.cmake
-- Installing: /home/jeanho/ros2_ws/src/install/ublox_ubx_interfaces/share/ublox_ubx_interfaces/cmake/export_ublox_ubx_interfaces__rosidl_typesupport_fastrtps_cppExport-noconfig.cmake
-- Installing: /home/jeanho/ros2_ws/src/install/ublox_ubx_interfaces/share/ublox_ubx_interfaces/cmake/ublox_ubx_interfaces__rosidl_typesupport_introspection_cppExport.cmake
-- Installing: /home/jeanho/ros2_ws/src/install/ublox_ubx_interfaces/share/ublox_ubx_interfaces/cmake/ublox_ubx_interfaces__rosidl_typesupport_introspection_cppExport-noconfig.cmake
-- Installing: /home/jeanho/ros2_ws/src/install/ublox_ubx_interfaces/share/ublox_ubx_interfaces/cmake/ublox_ubx_interfaces__rosidl_typesupport_cppExport.cmake
-- Installing: /home/jeanho/ros2_ws/src/install/ublox_ubx_interfaces/share/ublox_ubx_interfaces/cmake/ublox_ubx_interfaces__rosidl_typesupport_cppExport-noconfig.cmake
-- Installing: /home/jeanho/ros2_ws/src/install/ublox_ubx_interfaces/share/ublox_ubx_interfaces/cmake/export_ublox_ubx_interfaces__rosidl_generator_pyExport.cmake
-- Installing: /home/jeanho/ros2_ws/src/install/ublox_ubx_interfaces/share/ublox_ubx_interfaces/cmake/export_ublox_ubx_interfaces__rosidl_generator_pyExport-noconfig.cmake
-- Installing: /home/jeanho/ros2_ws/src/install/ublox_ubx_interfaces/share/ublox_ubx_interfaces/cmake/rosidl_cmake-extras.cmake
-- Installing: /home/jeanho/ros2_ws/src/install/ublox_ubx_interfaces/share/ublox_ubx_interfaces/cmake/ament_cmake_export_include_directories-extras.cmake
-- Installing: /home/jeanho/ros2_ws/src/install/ublox_ubx_interfaces/share/ublox_ubx_interfaces/cmake/ament_cmake_export_libraries-extras.cmake
-- Installing: /home/jeanho/ros2_ws/src/install/ublox_ubx_interfaces/share/ublox_ubx_interfaces/cmake/ament_cmake_export_targets-extras.cmake
-- Installing: /home/jeanho/ros2_ws/src/install/ublox_ubx_interfaces/share/ublox_ubx_interfaces/cmake/rosidl_cmake_export_typesupport_targets-extras.cmake
-- Installing: /home/jeanho/ros2_ws/src/install/ublox_ubx_interfaces/share/ublox_ubx_interfaces/cmake/ament_cmake_export_dependencies-extras.cmake
-- Installing: /home/jeanho/ros2_ws/src/install/ublox_ubx_interfaces/share/ublox_ubx_interfaces/cmake/rosidl_cmake_export_typesupport_libraries-extras.cmake
-- Installing: /home/jeanho/ros2_ws/src/install/ublox_ubx_interfaces/share/ublox_ubx_interfaces/cmake/ublox_ubx_interfacesConfig.cmake
-- Installing: /home/jeanho/ros2_ws/src/install/ublox_ubx_interfaces/share/ublox_ubx_interfaces/cmake/ublox_ubx_interfacesConfig-version.cmake
-- Installing: /home/jeanho/ros2_ws/src/install/ublox_ubx_interfaces/share/ublox_ubx_interfaces/package.xml
