[0.058s] Invoking command in '/home/jeanho/ros2_ws/src/build/ublox_ubx_interfaces': CMAKE_PREFIX_PATH=${CMAKE_PREFIX_PATH}:/home/jeanho/ros2_ws/install/serial_communication_pkg:/home/jeanho/ros2_ws/install/lidar_perception_pkg:/home/jeanho/ros2_ws/install/decision_making_pkg:/home/jeanho/ros2_ws/install/debug_pkg:/home/jeanho/ros2_ws/install/camera_perception_pkg:/opt/ros/humble /usr/bin/cmake /home/jeanho/ros2_ws/src/ublox_dgnss/ublox_ubx_interfaces -DCMAKE_INSTALL_PREFIX=/home/jeanho/ros2_ws/src/install/ublox_ubx_interfaces
[0.700s] -- The C compiler identification is GNU 11.4.0
[1.162s] -- The CXX compiler identification is GNU 11.4.0
[1.717s] -- Detecting C compiler ABI info
[1.930s] -- Detecting C compiler ABI info - done
[1.933s] -- Check for working C compiler: /usr/bin/cc - skipped
[1.934s] -- Detecting C compile features
[1.934s] -- Detecting C compile features - done
[1.936s] -- Detecting CXX compiler ABI info
[2.187s] -- Detecting CXX compiler ABI info - done
[2.193s] -- Check for working CXX compiler: /usr/bin/c++ - skipped
[2.193s] -- Detecting CXX compile features
[2.194s] -- Detecting CXX compile features - done
[2.196s] -- Found ament_cmake: 1.3.12 (/opt/ros/humble/share/ament_cmake/cmake)
[2.317s] -- Found Python3: /usr/bin/python3 (found version "3.10.12") found components: Interpreter 
[2.385s] -- Found rosidl_default_generators: 1.2.0 (/opt/ros/humble/share/rosidl_default_generators/cmake)
[2.387s] -- Using all available rosidl_typesupport_c: rosidl_typesupport_fastrtps_c;rosidl_typesupport_introspection_c
[2.391s] -- Found rosidl_adapter: 3.1.7 (/opt/ros/humble/share/rosidl_adapter/cmake)
[2.628s] -- Using all available rosidl_typesupport_cpp: rosidl_typesupport_fastrtps_cpp;rosidl_typesupport_introspection_cpp
[2.658s] -- Found ament_lint_auto: 0.12.14 (/opt/ros/humble/share/ament_lint_auto/cmake)
[2.879s] -- Found ament_cmake_ros: 0.10.0 (/opt/ros/humble/share/ament_cmake_ros/cmake)
[3.024s] -- Using all available rosidl_typesupport_c: rosidl_typesupport_fastrtps_c;rosidl_typesupport_introspection_c
[3.231s] -- Using all available rosidl_typesupport_cpp: rosidl_typesupport_fastrtps_cpp;rosidl_typesupport_introspection_cpp
[3.425s] -- Found PythonInterp: /usr/bin/python3 (found suitable version "3.10.12", minimum required is "3.6") 
[3.428s] -- Found python_cmake_module: 0.10.0 (/opt/ros/humble/share/python_cmake_module/cmake)
[3.963s] -- Found PythonLibs: /usr/lib/x86_64-linux-gnu/libpython3.10.so (found suitable version "3.10.12", minimum required is "3.5") 
[3.964s] -- Using PYTHON_EXECUTABLE: /usr/bin/python3
[3.964s] -- Using PYTHON_INCLUDE_DIRS: /usr/include/python3.10
[3.964s] -- Using PYTHON_LIBRARIES: /usr/lib/x86_64-linux-gnu/libpython3.10.so
[3.982s] -- Found PythonExtra: .so  
[4.062s] -- Added test 'lint_cmake' to check CMake code style
[4.063s] -- Added test 'xmllint' to check XML markup files
[4.075s] -- Configuring done
[4.108s] -- Generating done
[4.120s] -- Build files have been written to: /home/jeanho/ros2_ws/src/build/ublox_ubx_interfaces
[4.127s] Invoked command in '/home/jeanho/ros2_ws/src/build/ublox_ubx_interfaces' returned '0': CMAKE_PREFIX_PATH=${CMAKE_PREFIX_PATH}:/home/jeanho/ros2_ws/install/serial_communication_pkg:/home/jeanho/ros2_ws/install/lidar_perception_pkg:/home/jeanho/ros2_ws/install/decision_making_pkg:/home/jeanho/ros2_ws/install/debug_pkg:/home/jeanho/ros2_ws/install/camera_perception_pkg:/opt/ros/humble /usr/bin/cmake /home/jeanho/ros2_ws/src/ublox_dgnss/ublox_ubx_interfaces -DCMAKE_INSTALL_PREFIX=/home/jeanho/ros2_ws/src/install/ublox_ubx_interfaces
[4.130s] Invoking command in '/home/jeanho/ros2_ws/src/build/ublox_ubx_interfaces': CMAKE_PREFIX_PATH=${CMAKE_PREFIX_PATH}:/home/jeanho/ros2_ws/install/serial_communication_pkg:/home/jeanho/ros2_ws/install/lidar_perception_pkg:/home/jeanho/ros2_ws/install/decision_making_pkg:/home/jeanho/ros2_ws/install/debug_pkg:/home/jeanho/ros2_ws/install/camera_perception_pkg:/opt/ros/humble /usr/bin/cmake --build /home/jeanho/ros2_ws/src/build/ublox_ubx_interfaces -- -j24 -l24
[4.168s] [  1%] [34m[1mGenerating C code for ROS interfaces[0m
[4.175s] [  3%] [34m[1mGenerating C++ code for ROS interfaces[0m
[4.187s] [  3%] Built target ament_cmake_python_copy_ublox_ubx_interfaces
[4.413s] running egg_info
[4.413s] creating ublox_ubx_interfaces.egg-info
[4.414s] writing ublox_ubx_interfaces.egg-info/PKG-INFO
[4.415s] writing dependency_links to ublox_ubx_interfaces.egg-info/dependency_links.txt
[4.415s] writing top-level names to ublox_ubx_interfaces.egg-info/top_level.txt
[4.415s] writing manifest file 'ublox_ubx_interfaces.egg-info/SOURCES.txt'
[4.419s] reading manifest file 'ublox_ubx_interfaces.egg-info/SOURCES.txt'
[4.419s] writing manifest file 'ublox_ubx_interfaces.egg-info/SOURCES.txt'
[4.454s] [  3%] Built target ament_cmake_python_build_ublox_ubx_interfaces_egg
[4.570s] [  3%] Built target ublox_ubx_interfaces__cpp
[4.582s] [  5%] [34m[1mGenerating C++ type support dispatch for ROS interfaces[0m
[4.582s] [  7%] [34m[1mGenerating C++ type support for eProsima Fast-RTPS[0m
[4.585s] [  9%] [34m[1mGenerating C++ introspection for ROS interfaces[0m
[4.632s] [ 12%] [32mBuilding C object CMakeFiles/ublox_ubx_interfaces__rosidl_generator_c.dir/rosidl_generator_c/ublox_ubx_interfaces/srv/detail/hot_start__functions.c.o[0m
[4.632s] [ 12%] [32mBuilding C object CMakeFiles/ublox_ubx_interfaces__rosidl_generator_c.dir/rosidl_generator_c/ublox_ubx_interfaces/srv/detail/cold_start__functions.c.o[0m
[4.632s] [ 16%] [32mBuilding C object CMakeFiles/ublox_ubx_interfaces__rosidl_generator_c.dir/rosidl_generator_c/ublox_ubx_interfaces/srv/detail/warm_start__functions.c.o[0m
[4.632s] [ 16%] [32mBuilding C object CMakeFiles/ublox_ubx_interfaces__rosidl_generator_c.dir/rosidl_generator_c/ublox_ubx_interfaces/srv/detail/reset_odo__functions.c.o[0m
[4.733s] [ 18%] [32m[1mLinking C shared library libublox_ubx_interfaces__rosidl_generator_c.so[0m
[4.897s] [ 20%] [32mBuilding CXX object CMakeFiles/ublox_ubx_interfaces__rosidl_typesupport_cpp.dir/rosidl_typesupport_cpp/ublox_ubx_interfaces/srv/hot_start__type_support.cpp.o[0m
[4.898s] [ 23%] [32mBuilding CXX object CMakeFiles/ublox_ubx_interfaces__rosidl_typesupport_cpp.dir/rosidl_typesupport_cpp/ublox_ubx_interfaces/srv/cold_start__type_support.cpp.o[0m
[4.898s] [ 23%] [32mBuilding CXX object CMakeFiles/ublox_ubx_interfaces__rosidl_typesupport_cpp.dir/rosidl_typesupport_cpp/ublox_ubx_interfaces/srv/warm_start__type_support.cpp.o[0m
[4.900s] [ 25%] [32mBuilding CXX object CMakeFiles/ublox_ubx_interfaces__rosidl_typesupport_cpp.dir/rosidl_typesupport_cpp/ublox_ubx_interfaces/srv/reset_odo__type_support.cpp.o[0m
[4.935s] [ 27%] [32mBuilding CXX object CMakeFiles/ublox_ubx_interfaces__rosidl_typesupport_introspection_cpp.dir/rosidl_typesupport_introspection_cpp/ublox_ubx_interfaces/srv/detail/hot_start__type_support.cpp.o[0m
[4.936s] [ 29%] [32mBuilding CXX object CMakeFiles/ublox_ubx_interfaces__rosidl_typesupport_introspection_cpp.dir/rosidl_typesupport_introspection_cpp/ublox_ubx_interfaces/srv/detail/reset_odo__type_support.cpp.o[0m
[4.937s] [ 30%] [32mBuilding CXX object CMakeFiles/ublox_ubx_interfaces__rosidl_typesupport_introspection_cpp.dir/rosidl_typesupport_introspection_cpp/ublox_ubx_interfaces/srv/detail/warm_start__type_support.cpp.o[0m
[4.941s] [ 32%] [32mBuilding CXX object CMakeFiles/ublox_ubx_interfaces__rosidl_typesupport_introspection_cpp.dir/rosidl_typesupport_introspection_cpp/ublox_ubx_interfaces/srv/detail/cold_start__type_support.cpp.o[0m
[4.987s] [ 34%] [32mBuilding CXX object CMakeFiles/ublox_ubx_interfaces__rosidl_typesupport_fastrtps_cpp.dir/rosidl_typesupport_fastrtps_cpp/ublox_ubx_interfaces/srv/detail/dds_fastrtps/hot_start__type_support.cpp.o[0m
[4.987s] [ 36%] [32mBuilding CXX object CMakeFiles/ublox_ubx_interfaces__rosidl_typesupport_fastrtps_cpp.dir/rosidl_typesupport_fastrtps_cpp/ublox_ubx_interfaces/srv/detail/dds_fastrtps/warm_start__type_support.cpp.o[0m
[4.991s] [ 38%] [32mBuilding CXX object CMakeFiles/ublox_ubx_interfaces__rosidl_typesupport_fastrtps_cpp.dir/rosidl_typesupport_fastrtps_cpp/ublox_ubx_interfaces/srv/detail/dds_fastrtps/reset_odo__type_support.cpp.o[0m
[4.999s] [ 40%] [32mBuilding CXX object CMakeFiles/ublox_ubx_interfaces__rosidl_typesupport_fastrtps_cpp.dir/rosidl_typesupport_fastrtps_cpp/ublox_ubx_interfaces/srv/detail/dds_fastrtps/cold_start__type_support.cpp.o[0m
[5.041s] [ 40%] Built target ublox_ubx_interfaces__rosidl_generator_c
[5.065s] [ 41%] [34m[1mGenerating C introspection for ROS interfaces[0m
[5.070s] [ 43%] [34m[1mGenerating C type support for eProsima Fast-RTPS[0m
[5.075s] [ 45%] [34m[1mGenerating C type support dispatch for ROS interfaces[0m
[5.405s] [ 47%] [32m[1mLinking CXX shared library libublox_ubx_interfaces__rosidl_typesupport_cpp.so[0m
[5.577s] [ 49%] [32m[1mLinking CXX shared library libublox_ubx_interfaces__rosidl_typesupport_introspection_cpp.so[0m
[5.611s] [ 50%] [32m[1mLinking CXX shared library libublox_ubx_interfaces__rosidl_typesupport_fastrtps_cpp.so[0m
[5.611s] [ 54%] [32mBuilding CXX object CMakeFiles/ublox_ubx_interfaces__rosidl_typesupport_c.dir/rosidl_typesupport_c/ublox_ubx_interfaces/srv/warm_start__type_support.cpp.o[0m
[5.612s] [ 54%] [32mBuilding CXX object CMakeFiles/ublox_ubx_interfaces__rosidl_typesupport_c.dir/rosidl_typesupport_c/ublox_ubx_interfaces/srv/hot_start__type_support.cpp.o[0m
[5.613s] [ 58%] [32mBuilding CXX object CMakeFiles/ublox_ubx_interfaces__rosidl_typesupport_c.dir/rosidl_typesupport_c/ublox_ubx_interfaces/srv/reset_odo__type_support.cpp.o[0m
[5.613s] [ 58%] [32mBuilding CXX object CMakeFiles/ublox_ubx_interfaces__rosidl_typesupport_c.dir/rosidl_typesupport_c/ublox_ubx_interfaces/srv/cold_start__type_support.cpp.o[0m
[5.646s] [ 60%] [32m[1mLinking CXX shared library libublox_ubx_interfaces__rosidl_typesupport_c.so[0m
[5.671s] [ 61%] [32mBuilding C object CMakeFiles/ublox_ubx_interfaces__rosidl_typesupport_introspection_c.dir/rosidl_typesupport_introspection_c/ublox_ubx_interfaces/srv/detail/hot_start__type_support.c.o[0m
[5.674s] [ 65%] [32mBuilding C object CMakeFiles/ublox_ubx_interfaces__rosidl_typesupport_introspection_c.dir/rosidl_typesupport_introspection_c/ublox_ubx_interfaces/srv/detail/cold_start__type_support.c.o[0m
[5.675s] [ 65%] [32mBuilding C object CMakeFiles/ublox_ubx_interfaces__rosidl_typesupport_introspection_c.dir/rosidl_typesupport_introspection_c/ublox_ubx_interfaces/srv/detail/reset_odo__type_support.c.o[0m
[5.675s] [ 67%] [32mBuilding C object CMakeFiles/ublox_ubx_interfaces__rosidl_typesupport_introspection_c.dir/rosidl_typesupport_introspection_c/ublox_ubx_interfaces/srv/detail/warm_start__type_support.c.o[0m
[5.683s] [ 67%] Built target ublox_ubx_interfaces__rosidl_typesupport_cpp
[5.695s] [ 70%] [32mBuilding CXX object CMakeFiles/ublox_ubx_interfaces__rosidl_typesupport_fastrtps_c.dir/rosidl_typesupport_fastrtps_c/ublox_ubx_interfaces/srv/detail/cold_start__type_support_c.cpp.o[0m
[5.695s] [ 70%] [32mBuilding CXX object CMakeFiles/ublox_ubx_interfaces__rosidl_typesupport_fastrtps_c.dir/rosidl_typesupport_fastrtps_c/ublox_ubx_interfaces/srv/detail/warm_start__type_support_c.cpp.o[0m
[5.697s] [ 72%] [32mBuilding CXX object CMakeFiles/ublox_ubx_interfaces__rosidl_typesupport_fastrtps_c.dir/rosidl_typesupport_fastrtps_c/ublox_ubx_interfaces/srv/detail/hot_start__type_support_c.cpp.o[0m
[5.699s] [ 74%] [32mBuilding CXX object CMakeFiles/ublox_ubx_interfaces__rosidl_typesupport_fastrtps_c.dir/rosidl_typesupport_fastrtps_c/ublox_ubx_interfaces/srv/detail/reset_odo__type_support_c.cpp.o[0m
[5.722s] [ 76%] [32m[1mLinking C shared library libublox_ubx_interfaces__rosidl_typesupport_introspection_c.so[0m
[5.860s] [ 76%] Built target ublox_ubx_interfaces__rosidl_typesupport_introspection_cpp
[5.910s] [ 76%] Built target ublox_ubx_interfaces__rosidl_typesupport_c
[5.954s] [ 76%] Built target ublox_ubx_interfaces__rosidl_typesupport_fastrtps_cpp
[5.966s] [ 76%] Built target ublox_ubx_interfaces__rosidl_typesupport_introspection_c
[6.075s] [ 78%] [32m[1mLinking CXX shared library libublox_ubx_interfaces__rosidl_typesupport_fastrtps_c.so[0m
[6.362s] [ 78%] Built target ublox_ubx_interfaces__rosidl_typesupport_fastrtps_c
[6.385s] [ 78%] Built target ublox_ubx_interfaces
[6.405s] [ 80%] [34m[1mGenerating Python code for ROS interfaces[0m
[7.418s] [ 80%] Built target ublox_ubx_interfaces__py
[7.450s] [ 81%] [32mBuilding C object CMakeFiles/ublox_ubx_interfaces__rosidl_generator_py.dir/rosidl_generator_py/ublox_ubx_interfaces/srv/_hot_start_s.c.o[0m
[7.473s] [ 83%] [32mBuilding C object CMakeFiles/ublox_ubx_interfaces__rosidl_generator_py.dir/rosidl_generator_py/ublox_ubx_interfaces/srv/_warm_start_s.c.o[0m
[7.480s] [ 85%] [32mBuilding C object CMakeFiles/ublox_ubx_interfaces__rosidl_generator_py.dir/rosidl_generator_py/ublox_ubx_interfaces/srv/_cold_start_s.c.o[0m
[7.486s] [ 87%] [32mBuilding C object CMakeFiles/ublox_ubx_interfaces__rosidl_generator_py.dir/rosidl_generator_py/ublox_ubx_interfaces/srv/_reset_odo_s.c.o[0m
[7.808s] [ 89%] [32m[1mLinking C shared library rosidl_generator_py/ublox_ubx_interfaces/libublox_ubx_interfaces__rosidl_generator_py.so[0m
[8.690s] [ 89%] Built target ublox_ubx_interfaces__rosidl_generator_py
[8.719s] [ 90%] [32mBuilding C object CMakeFiles/ublox_ubx_interfaces__rosidl_typesupport_fastrtps_c__pyext.dir/rosidl_generator_py/ublox_ubx_interfaces/_ublox_ubx_interfaces_s.ep.rosidl_typesupport_fastrtps_c.c.o[0m
[8.733s] [ 92%] [32mBuilding C object CMakeFiles/ublox_ubx_interfaces__rosidl_typesupport_introspection_c__pyext.dir/rosidl_generator_py/ublox_ubx_interfaces/_ublox_ubx_interfaces_s.ep.rosidl_typesupport_introspection_c.c.o[0m
[8.751s] [ 94%] [32mBuilding C object CMakeFiles/ublox_ubx_interfaces__rosidl_typesupport_c__pyext.dir/rosidl_generator_py/ublox_ubx_interfaces/_ublox_ubx_interfaces_s.ep.rosidl_typesupport_c.c.o[0m
[8.887s] [ 96%] [32m[1mLinking C shared library rosidl_generator_py/ublox_ubx_interfaces/ublox_ubx_interfaces_s__rosidl_typesupport_c.cpython-310-x86_64-linux-gnu.so[0m
[8.889s] [ 98%] [32m[1mLinking C shared library rosidl_generator_py/ublox_ubx_interfaces/ublox_ubx_interfaces_s__rosidl_typesupport_introspection_c.cpython-310-x86_64-linux-gnu.so[0m
[8.892s] [100%] [32m[1mLinking C shared library rosidl_generator_py/ublox_ubx_interfaces/ublox_ubx_interfaces_s__rosidl_typesupport_fastrtps_c.cpython-310-x86_64-linux-gnu.so[0m
[9.045s] [100%] Built target ublox_ubx_interfaces__rosidl_typesupport_introspection_c__pyext
[9.045s] [100%] Built target ublox_ubx_interfaces__rosidl_typesupport_fastrtps_c__pyext
[9.047s] [100%] Built target ublox_ubx_interfaces__rosidl_typesupport_c__pyext
[9.062s] Invoked command in '/home/jeanho/ros2_ws/src/build/ublox_ubx_interfaces' returned '0': CMAKE_PREFIX_PATH=${CMAKE_PREFIX_PATH}:/home/jeanho/ros2_ws/install/serial_communication_pkg:/home/jeanho/ros2_ws/install/lidar_perception_pkg:/home/jeanho/ros2_ws/install/decision_making_pkg:/home/jeanho/ros2_ws/install/debug_pkg:/home/jeanho/ros2_ws/install/camera_perception_pkg:/opt/ros/humble /usr/bin/cmake --build /home/jeanho/ros2_ws/src/build/ublox_ubx_interfaces -- -j24 -l24
[9.065s] Invoking command in '/home/jeanho/ros2_ws/src/build/ublox_ubx_interfaces': CMAKE_PREFIX_PATH=${CMAKE_PREFIX_PATH}:/home/jeanho/ros2_ws/install/serial_communication_pkg:/home/jeanho/ros2_ws/install/lidar_perception_pkg:/home/jeanho/ros2_ws/install/decision_making_pkg:/home/jeanho/ros2_ws/install/debug_pkg:/home/jeanho/ros2_ws/install/camera_perception_pkg:/opt/ros/humble /usr/bin/cmake --install /home/jeanho/ros2_ws/src/build/ublox_ubx_interfaces
[9.073s] -- Install configuration: ""
[9.074s] -- Installing: /home/jeanho/ros2_ws/src/install/ublox_ubx_interfaces/share/ament_index/resource_index/rosidl_interfaces/ublox_ubx_interfaces
[9.074s] -- Installing: /home/jeanho/ros2_ws/src/install/ublox_ubx_interfaces/include/ublox_ubx_interfaces/ublox_ubx_interfaces
[9.075s] -- Installing: /home/jeanho/ros2_ws/src/install/ublox_ubx_interfaces/include/ublox_ubx_interfaces/ublox_ubx_interfaces/srv
[9.075s] -- Installing: /home/jeanho/ros2_ws/src/install/ublox_ubx_interfaces/include/ublox_ubx_interfaces/ublox_ubx_interfaces/srv/reset_odo.h
[9.075s] -- Installing: /home/jeanho/ros2_ws/src/install/ublox_ubx_interfaces/include/ublox_ubx_interfaces/ublox_ubx_interfaces/srv/detail
[9.076s] -- Installing: /home/jeanho/ros2_ws/src/install/ublox_ubx_interfaces/include/ublox_ubx_interfaces/ublox_ubx_interfaces/srv/detail/hot_start__functions.h
[9.076s] -- Installing: /home/jeanho/ros2_ws/src/install/ublox_ubx_interfaces/include/ublox_ubx_interfaces/ublox_ubx_interfaces/srv/detail/reset_odo__functions.h
[9.077s] -- Installing: /home/jeanho/ros2_ws/src/install/ublox_ubx_interfaces/include/ublox_ubx_interfaces/ublox_ubx_interfaces/srv/detail/reset_odo__struct.h
[9.077s] -- Installing: /home/jeanho/ros2_ws/src/install/ublox_ubx_interfaces/include/ublox_ubx_interfaces/ublox_ubx_interfaces/srv/detail/cold_start__struct.h
[9.077s] -- Installing: /home/jeanho/ros2_ws/src/install/ublox_ubx_interfaces/include/ublox_ubx_interfaces/ublox_ubx_interfaces/srv/detail/warm_start__struct.h
[9.077s] -- Installing: /home/jeanho/ros2_ws/src/install/ublox_ubx_interfaces/include/ublox_ubx_interfaces/ublox_ubx_interfaces/srv/detail/cold_start__functions.h
[9.078s] -- Installing: /home/jeanho/ros2_ws/src/install/ublox_ubx_interfaces/include/ublox_ubx_interfaces/ublox_ubx_interfaces/srv/detail/cold_start__type_support.h
[9.078s] -- Installing: /home/jeanho/ros2_ws/src/install/ublox_ubx_interfaces/include/ublox_ubx_interfaces/ublox_ubx_interfaces/srv/detail/cold_start__functions.c
[9.078s] -- Installing: /home/jeanho/ros2_ws/src/install/ublox_ubx_interfaces/include/ublox_ubx_interfaces/ublox_ubx_interfaces/srv/detail/reset_odo__type_support.h
[9.078s] -- Installing: /home/jeanho/ros2_ws/src/install/ublox_ubx_interfaces/include/ublox_ubx_interfaces/ublox_ubx_interfaces/srv/detail/reset_odo__functions.c
[9.078s] -- Installing: /home/jeanho/ros2_ws/src/install/ublox_ubx_interfaces/include/ublox_ubx_interfaces/ublox_ubx_interfaces/srv/detail/warm_start__type_support.h
[9.079s] -- Installing: /home/jeanho/ros2_ws/src/install/ublox_ubx_interfaces/include/ublox_ubx_interfaces/ublox_ubx_interfaces/srv/detail/warm_start__functions.h
[9.079s] -- Installing: /home/jeanho/ros2_ws/src/install/ublox_ubx_interfaces/include/ublox_ubx_interfaces/ublox_ubx_interfaces/srv/detail/hot_start__type_support.h
[9.079s] -- Installing: /home/jeanho/ros2_ws/src/install/ublox_ubx_interfaces/include/ublox_ubx_interfaces/ublox_ubx_interfaces/srv/detail/hot_start__functions.c
[9.079s] -- Installing: /home/jeanho/ros2_ws/src/install/ublox_ubx_interfaces/include/ublox_ubx_interfaces/ublox_ubx_interfaces/srv/detail/hot_start__struct.h
[9.079s] -- Installing: /home/jeanho/ros2_ws/src/install/ublox_ubx_interfaces/include/ublox_ubx_interfaces/ublox_ubx_interfaces/srv/detail/warm_start__functions.c
[9.079s] -- Installing: /home/jeanho/ros2_ws/src/install/ublox_ubx_interfaces/include/ublox_ubx_interfaces/ublox_ubx_interfaces/srv/hot_start.h
[9.079s] -- Installing: /home/jeanho/ros2_ws/src/install/ublox_ubx_interfaces/include/ublox_ubx_interfaces/ublox_ubx_interfaces/srv/cold_start.h
[9.080s] -- Installing: /home/jeanho/ros2_ws/src/install/ublox_ubx_interfaces/include/ublox_ubx_interfaces/ublox_ubx_interfaces/srv/warm_start.h
[9.080s] -- Installing: /home/jeanho/ros2_ws/src/install/ublox_ubx_interfaces/include/ublox_ubx_interfaces/ublox_ubx_interfaces/msg
[9.080s] -- Installing: /home/jeanho/ros2_ws/src/install/ublox_ubx_interfaces/include/ublox_ubx_interfaces/ublox_ubx_interfaces/msg/rosidl_generator_c__visibility_control.h
[9.081s] -- Installing: /home/jeanho/ros2_ws/src/install/ublox_ubx_interfaces/share/ublox_ubx_interfaces/environment/library_path.sh
[9.081s] -- Installing: /home/jeanho/ros2_ws/src/install/ublox_ubx_interfaces/share/ublox_ubx_interfaces/environment/library_path.dsv
[9.082s] -- Installing: /home/jeanho/ros2_ws/src/install/ublox_ubx_interfaces/lib/libublox_ubx_interfaces__rosidl_generator_c.so
[9.082s] -- Set runtime path of "/home/jeanho/ros2_ws/src/install/ublox_ubx_interfaces/lib/libublox_ubx_interfaces__rosidl_generator_c.so" to ""
[9.083s] -- Up-to-date: /home/jeanho/ros2_ws/src/install/ublox_ubx_interfaces/include/ublox_ubx_interfaces/ublox_ubx_interfaces
[9.083s] -- Up-to-date: /home/jeanho/ros2_ws/src/install/ublox_ubx_interfaces/include/ublox_ubx_interfaces/ublox_ubx_interfaces/srv
[9.083s] -- Up-to-date: /home/jeanho/ros2_ws/src/install/ublox_ubx_interfaces/include/ublox_ubx_interfaces/ublox_ubx_interfaces/srv/detail
[9.084s] -- Installing: /home/jeanho/ros2_ws/src/install/ublox_ubx_interfaces/include/ublox_ubx_interfaces/ublox_ubx_interfaces/srv/detail/cold_start__rosidl_typesupport_fastrtps_c.h
[9.084s] -- Installing: /home/jeanho/ros2_ws/src/install/ublox_ubx_interfaces/include/ublox_ubx_interfaces/ublox_ubx_interfaces/srv/detail/reset_odo__rosidl_typesupport_fastrtps_c.h
[9.084s] -- Installing: /home/jeanho/ros2_ws/src/install/ublox_ubx_interfaces/include/ublox_ubx_interfaces/ublox_ubx_interfaces/srv/detail/hot_start__rosidl_typesupport_fastrtps_c.h
[9.084s] -- Installing: /home/jeanho/ros2_ws/src/install/ublox_ubx_interfaces/include/ublox_ubx_interfaces/ublox_ubx_interfaces/srv/detail/warm_start__rosidl_typesupport_fastrtps_c.h
[9.085s] -- Up-to-date: /home/jeanho/ros2_ws/src/install/ublox_ubx_interfaces/include/ublox_ubx_interfaces/ublox_ubx_interfaces/msg
[9.085s] -- Installing: /home/jeanho/ros2_ws/src/install/ublox_ubx_interfaces/include/ublox_ubx_interfaces/ublox_ubx_interfaces/msg/rosidl_typesupport_fastrtps_c__visibility_control.h
[9.085s] -- Installing: /home/jeanho/ros2_ws/src/install/ublox_ubx_interfaces/lib/libublox_ubx_interfaces__rosidl_typesupport_fastrtps_c.so
[9.085s] -- Set runtime path of "/home/jeanho/ros2_ws/src/install/ublox_ubx_interfaces/lib/libublox_ubx_interfaces__rosidl_typesupport_fastrtps_c.so" to ""
[9.086s] -- Up-to-date: /home/jeanho/ros2_ws/src/install/ublox_ubx_interfaces/include/ublox_ubx_interfaces/ublox_ubx_interfaces
[9.086s] -- Up-to-date: /home/jeanho/ros2_ws/src/install/ublox_ubx_interfaces/include/ublox_ubx_interfaces/ublox_ubx_interfaces/srv
[9.086s] -- Up-to-date: /home/jeanho/ros2_ws/src/install/ublox_ubx_interfaces/include/ublox_ubx_interfaces/ublox_ubx_interfaces/srv/detail
[9.086s] -- Installing: /home/jeanho/ros2_ws/src/install/ublox_ubx_interfaces/include/ublox_ubx_interfaces/ublox_ubx_interfaces/srv/detail/warm_start__type_support.c
[9.086s] -- Installing: /home/jeanho/ros2_ws/src/install/ublox_ubx_interfaces/include/ublox_ubx_interfaces/ublox_ubx_interfaces/srv/detail/hot_start__rosidl_typesupport_introspection_c.h
[9.086s] -- Installing: /home/jeanho/ros2_ws/src/install/ublox_ubx_interfaces/include/ublox_ubx_interfaces/ublox_ubx_interfaces/srv/detail/cold_start__rosidl_typesupport_introspection_c.h
[9.086s] -- Installing: /home/jeanho/ros2_ws/src/install/ublox_ubx_interfaces/include/ublox_ubx_interfaces/ublox_ubx_interfaces/srv/detail/cold_start__type_support.c
[9.086s] -- Installing: /home/jeanho/ros2_ws/src/install/ublox_ubx_interfaces/include/ublox_ubx_interfaces/ublox_ubx_interfaces/srv/detail/hot_start__type_support.c
[9.086s] -- Installing: /home/jeanho/ros2_ws/src/install/ublox_ubx_interfaces/include/ublox_ubx_interfaces/ublox_ubx_interfaces/srv/detail/reset_odo__rosidl_typesupport_introspection_c.h
[9.086s] -- Installing: /home/jeanho/ros2_ws/src/install/ublox_ubx_interfaces/include/ublox_ubx_interfaces/ublox_ubx_interfaces/srv/detail/reset_odo__type_support.c
[9.086s] -- Installing: /home/jeanho/ros2_ws/src/install/ublox_ubx_interfaces/include/ublox_ubx_interfaces/ublox_ubx_interfaces/srv/detail/warm_start__rosidl_typesupport_introspection_c.h
[9.087s] -- Up-to-date: /home/jeanho/ros2_ws/src/install/ublox_ubx_interfaces/include/ublox_ubx_interfaces/ublox_ubx_interfaces/msg
[9.087s] -- Installing: /home/jeanho/ros2_ws/src/install/ublox_ubx_interfaces/include/ublox_ubx_interfaces/ublox_ubx_interfaces/msg/rosidl_typesupport_introspection_c__visibility_control.h
[9.087s] -- Installing: /home/jeanho/ros2_ws/src/install/ublox_ubx_interfaces/lib/libublox_ubx_interfaces__rosidl_typesupport_introspection_c.so
[9.087s] -- Set runtime path of "/home/jeanho/ros2_ws/src/install/ublox_ubx_interfaces/lib/libublox_ubx_interfaces__rosidl_typesupport_introspection_c.so" to ""
[9.087s] -- Installing: /home/jeanho/ros2_ws/src/install/ublox_ubx_interfaces/lib/libublox_ubx_interfaces__rosidl_typesupport_c.so
[9.087s] -- Set runtime path of "/home/jeanho/ros2_ws/src/install/ublox_ubx_interfaces/lib/libublox_ubx_interfaces__rosidl_typesupport_c.so" to ""
[9.088s] -- Up-to-date: /home/jeanho/ros2_ws/src/install/ublox_ubx_interfaces/include/ublox_ubx_interfaces/ublox_ubx_interfaces
[9.088s] -- Up-to-date: /home/jeanho/ros2_ws/src/install/ublox_ubx_interfaces/include/ublox_ubx_interfaces/ublox_ubx_interfaces/srv
[9.088s] -- Installing: /home/jeanho/ros2_ws/src/install/ublox_ubx_interfaces/include/ublox_ubx_interfaces/ublox_ubx_interfaces/srv/reset_odo.hpp
[9.088s] -- Up-to-date: /home/jeanho/ros2_ws/src/install/ublox_ubx_interfaces/include/ublox_ubx_interfaces/ublox_ubx_interfaces/srv/detail
[9.089s] -- Installing: /home/jeanho/ros2_ws/src/install/ublox_ubx_interfaces/include/ublox_ubx_interfaces/ublox_ubx_interfaces/srv/detail/hot_start__builder.hpp
[9.089s] -- Installing: /home/jeanho/ros2_ws/src/install/ublox_ubx_interfaces/include/ublox_ubx_interfaces/ublox_ubx_interfaces/srv/detail/hot_start__struct.hpp
[9.090s] -- Installing: /home/jeanho/ros2_ws/src/install/ublox_ubx_interfaces/include/ublox_ubx_interfaces/ublox_ubx_interfaces/srv/detail/warm_start__traits.hpp
[9.090s] -- Installing: /home/jeanho/ros2_ws/src/install/ublox_ubx_interfaces/include/ublox_ubx_interfaces/ublox_ubx_interfaces/srv/detail/hot_start__type_support.hpp
[9.090s] -- Installing: /home/jeanho/ros2_ws/src/install/ublox_ubx_interfaces/include/ublox_ubx_interfaces/ublox_ubx_interfaces/srv/detail/reset_odo__traits.hpp
[9.090s] -- Installing: /home/jeanho/ros2_ws/src/install/ublox_ubx_interfaces/include/ublox_ubx_interfaces/ublox_ubx_interfaces/srv/detail/hot_start__traits.hpp
[9.090s] -- Installing: /home/jeanho/ros2_ws/src/install/ublox_ubx_interfaces/include/ublox_ubx_interfaces/ublox_ubx_interfaces/srv/detail/cold_start__traits.hpp
[9.090s] -- Installing: /home/jeanho/ros2_ws/src/install/ublox_ubx_interfaces/include/ublox_ubx_interfaces/ublox_ubx_interfaces/srv/detail/cold_start__type_support.hpp
[9.090s] -- Installing: /home/jeanho/ros2_ws/src/install/ublox_ubx_interfaces/include/ublox_ubx_interfaces/ublox_ubx_interfaces/srv/detail/cold_start__builder.hpp
[9.091s] -- Installing: /home/jeanho/ros2_ws/src/install/ublox_ubx_interfaces/include/ublox_ubx_interfaces/ublox_ubx_interfaces/srv/detail/reset_odo__type_support.hpp
[9.091s] -- Installing: /home/jeanho/ros2_ws/src/install/ublox_ubx_interfaces/include/ublox_ubx_interfaces/ublox_ubx_interfaces/srv/detail/warm_start__builder.hpp
[9.092s] -- Installing: /home/jeanho/ros2_ws/src/install/ublox_ubx_interfaces/include/ublox_ubx_interfaces/ublox_ubx_interfaces/srv/detail/warm_start__type_support.hpp
[9.092s] -- Installing: /home/jeanho/ros2_ws/src/install/ublox_ubx_interfaces/include/ublox_ubx_interfaces/ublox_ubx_interfaces/srv/detail/reset_odo__builder.hpp
[9.092s] -- Installing: /home/jeanho/ros2_ws/src/install/ublox_ubx_interfaces/include/ublox_ubx_interfaces/ublox_ubx_interfaces/srv/detail/reset_odo__struct.hpp
[9.092s] -- Installing: /home/jeanho/ros2_ws/src/install/ublox_ubx_interfaces/include/ublox_ubx_interfaces/ublox_ubx_interfaces/srv/detail/warm_start__struct.hpp
[9.093s] -- Installing: /home/jeanho/ros2_ws/src/install/ublox_ubx_interfaces/include/ublox_ubx_interfaces/ublox_ubx_interfaces/srv/detail/cold_start__struct.hpp
[9.093s] -- Installing: /home/jeanho/ros2_ws/src/install/ublox_ubx_interfaces/include/ublox_ubx_interfaces/ublox_ubx_interfaces/srv/warm_start.hpp
[9.093s] -- Installing: /home/jeanho/ros2_ws/src/install/ublox_ubx_interfaces/include/ublox_ubx_interfaces/ublox_ubx_interfaces/srv/cold_start.hpp
[9.093s] -- Installing: /home/jeanho/ros2_ws/src/install/ublox_ubx_interfaces/include/ublox_ubx_interfaces/ublox_ubx_interfaces/srv/hot_start.hpp
[9.094s] -- Up-to-date: /home/jeanho/ros2_ws/src/install/ublox_ubx_interfaces/include/ublox_ubx_interfaces/ublox_ubx_interfaces/msg
[9.094s] -- Installing: /home/jeanho/ros2_ws/src/install/ublox_ubx_interfaces/include/ublox_ubx_interfaces/ublox_ubx_interfaces/msg/rosidl_generator_cpp__visibility_control.hpp
[9.094s] -- Up-to-date: /home/jeanho/ros2_ws/src/install/ublox_ubx_interfaces/include/ublox_ubx_interfaces/ublox_ubx_interfaces
[9.094s] -- Up-to-date: /home/jeanho/ros2_ws/src/install/ublox_ubx_interfaces/include/ublox_ubx_interfaces/ublox_ubx_interfaces/srv
[9.094s] -- Up-to-date: /home/jeanho/ros2_ws/src/install/ublox_ubx_interfaces/include/ublox_ubx_interfaces/ublox_ubx_interfaces/srv/detail
[9.095s] -- Installing: /home/jeanho/ros2_ws/src/install/ublox_ubx_interfaces/include/ublox_ubx_interfaces/ublox_ubx_interfaces/srv/detail/cold_start__rosidl_typesupport_fastrtps_cpp.hpp
[9.095s] -- Installing: /home/jeanho/ros2_ws/src/install/ublox_ubx_interfaces/include/ublox_ubx_interfaces/ublox_ubx_interfaces/srv/detail/hot_start__rosidl_typesupport_fastrtps_cpp.hpp
[9.095s] -- Installing: /home/jeanho/ros2_ws/src/install/ublox_ubx_interfaces/include/ublox_ubx_interfaces/ublox_ubx_interfaces/srv/detail/reset_odo__rosidl_typesupport_fastrtps_cpp.hpp
[9.095s] -- Installing: /home/jeanho/ros2_ws/src/install/ublox_ubx_interfaces/include/ublox_ubx_interfaces/ublox_ubx_interfaces/srv/detail/warm_start__rosidl_typesupport_fastrtps_cpp.hpp
[9.095s] -- Installing: /home/jeanho/ros2_ws/src/install/ublox_ubx_interfaces/include/ublox_ubx_interfaces/ublox_ubx_interfaces/srv/detail/dds_fastrtps
[9.095s] -- Up-to-date: /home/jeanho/ros2_ws/src/install/ublox_ubx_interfaces/include/ublox_ubx_interfaces/ublox_ubx_interfaces/msg
[9.096s] -- Installing: /home/jeanho/ros2_ws/src/install/ublox_ubx_interfaces/include/ublox_ubx_interfaces/ublox_ubx_interfaces/msg/rosidl_typesupport_fastrtps_cpp__visibility_control.h
[9.096s] -- Installing: /home/jeanho/ros2_ws/src/install/ublox_ubx_interfaces/lib/libublox_ubx_interfaces__rosidl_typesupport_fastrtps_cpp.so
[9.096s] -- Set runtime path of "/home/jeanho/ros2_ws/src/install/ublox_ubx_interfaces/lib/libublox_ubx_interfaces__rosidl_typesupport_fastrtps_cpp.so" to ""
[9.096s] -- Up-to-date: /home/jeanho/ros2_ws/src/install/ublox_ubx_interfaces/include/ublox_ubx_interfaces/ublox_ubx_interfaces
[9.096s] -- Up-to-date: /home/jeanho/ros2_ws/src/install/ublox_ubx_interfaces/include/ublox_ubx_interfaces/ublox_ubx_interfaces/srv
[9.096s] -- Up-to-date: /home/jeanho/ros2_ws/src/install/ublox_ubx_interfaces/include/ublox_ubx_interfaces/ublox_ubx_interfaces/srv/detail
[9.096s] -- Installing: /home/jeanho/ros2_ws/src/install/ublox_ubx_interfaces/include/ublox_ubx_interfaces/ublox_ubx_interfaces/srv/detail/reset_odo__rosidl_typesupport_introspection_cpp.hpp
[9.096s] -- Installing: /home/jeanho/ros2_ws/src/install/ublox_ubx_interfaces/include/ublox_ubx_interfaces/ublox_ubx_interfaces/srv/detail/warm_start__rosidl_typesupport_introspection_cpp.hpp
[9.096s] -- Installing: /home/jeanho/ros2_ws/src/install/ublox_ubx_interfaces/include/ublox_ubx_interfaces/ublox_ubx_interfaces/srv/detail/cold_start__type_support.cpp
[9.097s] -- Installing: /home/jeanho/ros2_ws/src/install/ublox_ubx_interfaces/include/ublox_ubx_interfaces/ublox_ubx_interfaces/srv/detail/cold_start__rosidl_typesupport_introspection_cpp.hpp
[9.097s] -- Installing: /home/jeanho/ros2_ws/src/install/ublox_ubx_interfaces/include/ublox_ubx_interfaces/ublox_ubx_interfaces/srv/detail/hot_start__rosidl_typesupport_introspection_cpp.hpp
[9.097s] -- Installing: /home/jeanho/ros2_ws/src/install/ublox_ubx_interfaces/include/ublox_ubx_interfaces/ublox_ubx_interfaces/srv/detail/reset_odo__type_support.cpp
[9.097s] -- Installing: /home/jeanho/ros2_ws/src/install/ublox_ubx_interfaces/include/ublox_ubx_interfaces/ublox_ubx_interfaces/srv/detail/warm_start__type_support.cpp
[9.098s] -- Installing: /home/jeanho/ros2_ws/src/install/ublox_ubx_interfaces/include/ublox_ubx_interfaces/ublox_ubx_interfaces/srv/detail/hot_start__type_support.cpp
[9.098s] -- Installing: /home/jeanho/ros2_ws/src/install/ublox_ubx_interfaces/lib/libublox_ubx_interfaces__rosidl_typesupport_introspection_cpp.so
[9.098s] -- Set runtime path of "/home/jeanho/ros2_ws/src/install/ublox_ubx_interfaces/lib/libublox_ubx_interfaces__rosidl_typesupport_introspection_cpp.so" to ""
[9.099s] -- Installing: /home/jeanho/ros2_ws/src/install/ublox_ubx_interfaces/lib/libublox_ubx_interfaces__rosidl_typesupport_cpp.so
[9.099s] -- Set runtime path of "/home/jeanho/ros2_ws/src/install/ublox_ubx_interfaces/lib/libublox_ubx_interfaces__rosidl_typesupport_cpp.so" to ""
[9.099s] -- Installing: /home/jeanho/ros2_ws/src/install/ublox_ubx_interfaces/share/ublox_ubx_interfaces/environment/pythonpath.sh
[9.099s] -- Installing: /home/jeanho/ros2_ws/src/install/ublox_ubx_interfaces/share/ublox_ubx_interfaces/environment/pythonpath.dsv
[9.100s] -- Installing: /home/jeanho/ros2_ws/src/install/ublox_ubx_interfaces/local/lib/python3.10/dist-packages/ublox_ubx_interfaces-0.6.1-py3.10.egg-info
[9.100s] -- Installing: /home/jeanho/ros2_ws/src/install/ublox_ubx_interfaces/local/lib/python3.10/dist-packages/ublox_ubx_interfaces-0.6.1-py3.10.egg-info/dependency_links.txt
[9.101s] -- Installing: /home/jeanho/ros2_ws/src/install/ublox_ubx_interfaces/local/lib/python3.10/dist-packages/ublox_ubx_interfaces-0.6.1-py3.10.egg-info/PKG-INFO
[9.101s] -- Installing: /home/jeanho/ros2_ws/src/install/ublox_ubx_interfaces/local/lib/python3.10/dist-packages/ublox_ubx_interfaces-0.6.1-py3.10.egg-info/SOURCES.txt
[9.101s] -- Installing: /home/jeanho/ros2_ws/src/install/ublox_ubx_interfaces/local/lib/python3.10/dist-packages/ublox_ubx_interfaces-0.6.1-py3.10.egg-info/top_level.txt
[9.102s] -- Installing: /home/jeanho/ros2_ws/src/install/ublox_ubx_interfaces/local/lib/python3.10/dist-packages/ublox_ubx_interfaces
[9.102s] -- Installing: /home/jeanho/ros2_ws/src/install/ublox_ubx_interfaces/local/lib/python3.10/dist-packages/ublox_ubx_interfaces/ublox_ubx_interfaces_s__rosidl_typesupport_c.cpython-310-x86_64-linux-gnu.so
[9.102s] -- Installing: /home/jeanho/ros2_ws/src/install/ublox_ubx_interfaces/local/lib/python3.10/dist-packages/ublox_ubx_interfaces/ublox_ubx_interfaces_s__rosidl_typesupport_fastrtps_c.cpython-310-x86_64-linux-gnu.so
[9.103s] -- Installing: /home/jeanho/ros2_ws/src/install/ublox_ubx_interfaces/local/lib/python3.10/dist-packages/ublox_ubx_interfaces/_ublox_ubx_interfaces_s.ep.rosidl_typesupport_fastrtps_c.c
[9.103s] -- Installing: /home/jeanho/ros2_ws/src/install/ublox_ubx_interfaces/local/lib/python3.10/dist-packages/ublox_ubx_interfaces/_ublox_ubx_interfaces_s.ep.rosidl_typesupport_c.c
[9.103s] -- Installing: /home/jeanho/ros2_ws/src/install/ublox_ubx_interfaces/local/lib/python3.10/dist-packages/ublox_ubx_interfaces/ublox_ubx_interfaces_s__rosidl_typesupport_introspection_c.cpython-310-x86_64-linux-gnu.so
[9.103s] -- Installing: /home/jeanho/ros2_ws/src/install/ublox_ubx_interfaces/local/lib/python3.10/dist-packages/ublox_ubx_interfaces/__init__.py
[9.104s] -- Installing: /home/jeanho/ros2_ws/src/install/ublox_ubx_interfaces/local/lib/python3.10/dist-packages/ublox_ubx_interfaces/_ublox_ubx_interfaces_s.ep.rosidl_typesupport_introspection_c.c
[9.104s] -- Installing: /home/jeanho/ros2_ws/src/install/ublox_ubx_interfaces/local/lib/python3.10/dist-packages/ublox_ubx_interfaces/srv
[9.105s] -- Installing: /home/jeanho/ros2_ws/src/install/ublox_ubx_interfaces/local/lib/python3.10/dist-packages/ublox_ubx_interfaces/srv/_reset_odo.py
[9.105s] -- Installing: /home/jeanho/ros2_ws/src/install/ublox_ubx_interfaces/local/lib/python3.10/dist-packages/ublox_ubx_interfaces/srv/_cold_start.py
[9.105s] -- Installing: /home/jeanho/ros2_ws/src/install/ublox_ubx_interfaces/local/lib/python3.10/dist-packages/ublox_ubx_interfaces/srv/__init__.py
[9.105s] -- Installing: /home/jeanho/ros2_ws/src/install/ublox_ubx_interfaces/local/lib/python3.10/dist-packages/ublox_ubx_interfaces/srv/_hot_start.py
[9.105s] -- Installing: /home/jeanho/ros2_ws/src/install/ublox_ubx_interfaces/local/lib/python3.10/dist-packages/ublox_ubx_interfaces/srv/_hot_start_s.c
[9.106s] -- Installing: /home/jeanho/ros2_ws/src/install/ublox_ubx_interfaces/local/lib/python3.10/dist-packages/ublox_ubx_interfaces/srv/_reset_odo_s.c
[9.106s] -- Installing: /home/jeanho/ros2_ws/src/install/ublox_ubx_interfaces/local/lib/python3.10/dist-packages/ublox_ubx_interfaces/srv/_warm_start.py
[9.106s] -- Installing: /home/jeanho/ros2_ws/src/install/ublox_ubx_interfaces/local/lib/python3.10/dist-packages/ublox_ubx_interfaces/srv/_cold_start_s.c
[9.106s] -- Installing: /home/jeanho/ros2_ws/src/install/ublox_ubx_interfaces/local/lib/python3.10/dist-packages/ublox_ubx_interfaces/srv/_warm_start_s.c
[9.106s] -- Installing: /home/jeanho/ros2_ws/src/install/ublox_ubx_interfaces/local/lib/python3.10/dist-packages/ublox_ubx_interfaces/libublox_ubx_interfaces__rosidl_generator_py.so
[9.135s] Listing '/home/jeanho/ros2_ws/src/install/ublox_ubx_interfaces/local/lib/python3.10/dist-packages/ublox_ubx_interfaces'...
[9.135s] Compiling '/home/jeanho/ros2_ws/src/install/ublox_ubx_interfaces/local/lib/python3.10/dist-packages/ublox_ubx_interfaces/__init__.py'...
[9.135s] Listing '/home/jeanho/ros2_ws/src/install/ublox_ubx_interfaces/local/lib/python3.10/dist-packages/ublox_ubx_interfaces/srv'...
[9.135s] Compiling '/home/jeanho/ros2_ws/src/install/ublox_ubx_interfaces/local/lib/python3.10/dist-packages/ublox_ubx_interfaces/srv/__init__.py'...
[9.135s] Compiling '/home/jeanho/ros2_ws/src/install/ublox_ubx_interfaces/local/lib/python3.10/dist-packages/ublox_ubx_interfaces/srv/_cold_start.py'...
[9.135s] Compiling '/home/jeanho/ros2_ws/src/install/ublox_ubx_interfaces/local/lib/python3.10/dist-packages/ublox_ubx_interfaces/srv/_hot_start.py'...
[9.135s] Compiling '/home/jeanho/ros2_ws/src/install/ublox_ubx_interfaces/local/lib/python3.10/dist-packages/ublox_ubx_interfaces/srv/_reset_odo.py'...
[9.135s] Compiling '/home/jeanho/ros2_ws/src/install/ublox_ubx_interfaces/local/lib/python3.10/dist-packages/ublox_ubx_interfaces/srv/_warm_start.py'...
[9.140s] -- Installing: /home/jeanho/ros2_ws/src/install/ublox_ubx_interfaces/local/lib/python3.10/dist-packages/ublox_ubx_interfaces/ublox_ubx_interfaces_s__rosidl_typesupport_fastrtps_c.cpython-310-x86_64-linux-gnu.so
[9.141s] -- Set runtime path of "/home/jeanho/ros2_ws/src/install/ublox_ubx_interfaces/local/lib/python3.10/dist-packages/ublox_ubx_interfaces/ublox_ubx_interfaces_s__rosidl_typesupport_fastrtps_c.cpython-310-x86_64-linux-gnu.so" to ""
[9.141s] -- Installing: /home/jeanho/ros2_ws/src/install/ublox_ubx_interfaces/local/lib/python3.10/dist-packages/ublox_ubx_interfaces/ublox_ubx_interfaces_s__rosidl_typesupport_introspection_c.cpython-310-x86_64-linux-gnu.so
[9.141s] -- Set runtime path of "/home/jeanho/ros2_ws/src/install/ublox_ubx_interfaces/local/lib/python3.10/dist-packages/ublox_ubx_interfaces/ublox_ubx_interfaces_s__rosidl_typesupport_introspection_c.cpython-310-x86_64-linux-gnu.so" to ""
[9.141s] -- Installing: /home/jeanho/ros2_ws/src/install/ublox_ubx_interfaces/local/lib/python3.10/dist-packages/ublox_ubx_interfaces/ublox_ubx_interfaces_s__rosidl_typesupport_c.cpython-310-x86_64-linux-gnu.so
[9.141s] -- Set runtime path of "/home/jeanho/ros2_ws/src/install/ublox_ubx_interfaces/local/lib/python3.10/dist-packages/ublox_ubx_interfaces/ublox_ubx_interfaces_s__rosidl_typesupport_c.cpython-310-x86_64-linux-gnu.so" to ""
[9.142s] -- Installing: /home/jeanho/ros2_ws/src/install/ublox_ubx_interfaces/lib/libublox_ubx_interfaces__rosidl_generator_py.so
[9.142s] -- Set runtime path of "/home/jeanho/ros2_ws/src/install/ublox_ubx_interfaces/lib/libublox_ubx_interfaces__rosidl_generator_py.so" to ""
[9.142s] -- Installing: /home/jeanho/ros2_ws/src/install/ublox_ubx_interfaces/share/ublox_ubx_interfaces/srv/HotStart.idl
[9.143s] -- Installing: /home/jeanho/ros2_ws/src/install/ublox_ubx_interfaces/share/ublox_ubx_interfaces/srv/WarmStart.idl
[9.143s] -- Installing: /home/jeanho/ros2_ws/src/install/ublox_ubx_interfaces/share/ublox_ubx_interfaces/srv/ColdStart.idl
[9.143s] -- Installing: /home/jeanho/ros2_ws/src/install/ublox_ubx_interfaces/share/ublox_ubx_interfaces/srv/ResetODO.idl
[9.143s] -- Installing: /home/jeanho/ros2_ws/src/install/ublox_ubx_interfaces/share/ublox_ubx_interfaces/srv/HotStart.srv
[9.143s] -- Installing: /home/jeanho/ros2_ws/src/install/ublox_ubx_interfaces/share/ublox_ubx_interfaces/srv/HotStart_Request.msg
[9.143s] -- Installing: /home/jeanho/ros2_ws/src/install/ublox_ubx_interfaces/share/ublox_ubx_interfaces/srv/HotStart_Response.msg
[9.143s] -- Installing: /home/jeanho/ros2_ws/src/install/ublox_ubx_interfaces/share/ublox_ubx_interfaces/srv/WarmStart.srv
[9.144s] -- Installing: /home/jeanho/ros2_ws/src/install/ublox_ubx_interfaces/share/ublox_ubx_interfaces/srv/WarmStart_Request.msg
[9.144s] -- Installing: /home/jeanho/ros2_ws/src/install/ublox_ubx_interfaces/share/ublox_ubx_interfaces/srv/WarmStart_Response.msg
[9.144s] -- Installing: /home/jeanho/ros2_ws/src/install/ublox_ubx_interfaces/share/ublox_ubx_interfaces/srv/ColdStart.srv
[9.144s] -- Installing: /home/jeanho/ros2_ws/src/install/ublox_ubx_interfaces/share/ublox_ubx_interfaces/srv/ColdStart_Request.msg
[9.145s] -- Installing: /home/jeanho/ros2_ws/src/install/ublox_ubx_interfaces/share/ublox_ubx_interfaces/srv/ColdStart_Response.msg
[9.145s] -- Installing: /home/jeanho/ros2_ws/src/install/ublox_ubx_interfaces/share/ublox_ubx_interfaces/srv/ResetODO.srv
[9.145s] -- Installing: /home/jeanho/ros2_ws/src/install/ublox_ubx_interfaces/share/ublox_ubx_interfaces/srv/ResetODO_Request.msg
[9.146s] -- Installing: /home/jeanho/ros2_ws/src/install/ublox_ubx_interfaces/share/ublox_ubx_interfaces/srv/ResetODO_Response.msg
[9.146s] -- Installing: /home/jeanho/ros2_ws/src/install/ublox_ubx_interfaces/share/ament_index/resource_index/package_run_dependencies/ublox_ubx_interfaces
[9.146s] -- Installing: /home/jeanho/ros2_ws/src/install/ublox_ubx_interfaces/share/ament_index/resource_index/parent_prefix_path/ublox_ubx_interfaces
[9.146s] -- Installing: /home/jeanho/ros2_ws/src/install/ublox_ubx_interfaces/share/ublox_ubx_interfaces/environment/ament_prefix_path.sh
[9.146s] -- Installing: /home/jeanho/ros2_ws/src/install/ublox_ubx_interfaces/share/ublox_ubx_interfaces/environment/ament_prefix_path.dsv
[9.146s] -- Installing: /home/jeanho/ros2_ws/src/install/ublox_ubx_interfaces/share/ublox_ubx_interfaces/environment/path.sh
[9.147s] -- Installing: /home/jeanho/ros2_ws/src/install/ublox_ubx_interfaces/share/ublox_ubx_interfaces/environment/path.dsv
[9.147s] -- Installing: /home/jeanho/ros2_ws/src/install/ublox_ubx_interfaces/share/ublox_ubx_interfaces/local_setup.bash
[9.147s] -- Installing: /home/jeanho/ros2_ws/src/install/ublox_ubx_interfaces/share/ublox_ubx_interfaces/local_setup.sh
[9.147s] -- Installing: /home/jeanho/ros2_ws/src/install/ublox_ubx_interfaces/share/ublox_ubx_interfaces/local_setup.zsh
[9.147s] -- Installing: /home/jeanho/ros2_ws/src/install/ublox_ubx_interfaces/share/ublox_ubx_interfaces/local_setup.dsv
[9.147s] -- Installing: /home/jeanho/ros2_ws/src/install/ublox_ubx_interfaces/share/ublox_ubx_interfaces/package.dsv
[9.147s] -- Installing: /home/jeanho/ros2_ws/src/install/ublox_ubx_interfaces/share/ament_index/resource_index/packages/ublox_ubx_interfaces
[9.148s] -- Installing: /home/jeanho/ros2_ws/src/install/ublox_ubx_interfaces/share/ublox_ubx_interfaces/cmake/export_ublox_ubx_interfaces__rosidl_generator_cExport.cmake
[9.148s] -- Installing: /home/jeanho/ros2_ws/src/install/ublox_ubx_interfaces/share/ublox_ubx_interfaces/cmake/export_ublox_ubx_interfaces__rosidl_generator_cExport-noconfig.cmake
[9.149s] -- Installing: /home/jeanho/ros2_ws/src/install/ublox_ubx_interfaces/share/ublox_ubx_interfaces/cmake/export_ublox_ubx_interfaces__rosidl_typesupport_fastrtps_cExport.cmake
[9.149s] -- Installing: /home/jeanho/ros2_ws/src/install/ublox_ubx_interfaces/share/ublox_ubx_interfaces/cmake/export_ublox_ubx_interfaces__rosidl_typesupport_fastrtps_cExport-noconfig.cmake
[9.149s] -- Installing: /home/jeanho/ros2_ws/src/install/ublox_ubx_interfaces/share/ublox_ubx_interfaces/cmake/ublox_ubx_interfaces__rosidl_typesupport_introspection_cExport.cmake
[9.149s] -- Installing: /home/jeanho/ros2_ws/src/install/ublox_ubx_interfaces/share/ublox_ubx_interfaces/cmake/ublox_ubx_interfaces__rosidl_typesupport_introspection_cExport-noconfig.cmake
[9.149s] -- Installing: /home/jeanho/ros2_ws/src/install/ublox_ubx_interfaces/share/ublox_ubx_interfaces/cmake/ublox_ubx_interfaces__rosidl_typesupport_cExport.cmake
[9.149s] -- Installing: /home/jeanho/ros2_ws/src/install/ublox_ubx_interfaces/share/ublox_ubx_interfaces/cmake/ublox_ubx_interfaces__rosidl_typesupport_cExport-noconfig.cmake
[9.150s] -- Installing: /home/jeanho/ros2_ws/src/install/ublox_ubx_interfaces/share/ublox_ubx_interfaces/cmake/export_ublox_ubx_interfaces__rosidl_generator_cppExport.cmake
[9.150s] -- Installing: /home/jeanho/ros2_ws/src/install/ublox_ubx_interfaces/share/ublox_ubx_interfaces/cmake/export_ublox_ubx_interfaces__rosidl_typesupport_fastrtps_cppExport.cmake
[9.150s] -- Installing: /home/jeanho/ros2_ws/src/install/ublox_ubx_interfaces/share/ublox_ubx_interfaces/cmake/export_ublox_ubx_interfaces__rosidl_typesupport_fastrtps_cppExport-noconfig.cmake
[9.150s] -- Installing: /home/jeanho/ros2_ws/src/install/ublox_ubx_interfaces/share/ublox_ubx_interfaces/cmake/ublox_ubx_interfaces__rosidl_typesupport_introspection_cppExport.cmake
[9.150s] -- Installing: /home/jeanho/ros2_ws/src/install/ublox_ubx_interfaces/share/ublox_ubx_interfaces/cmake/ublox_ubx_interfaces__rosidl_typesupport_introspection_cppExport-noconfig.cmake
[9.151s] -- Installing: /home/jeanho/ros2_ws/src/install/ublox_ubx_interfaces/share/ublox_ubx_interfaces/cmake/ublox_ubx_interfaces__rosidl_typesupport_cppExport.cmake
[9.151s] -- Installing: /home/jeanho/ros2_ws/src/install/ublox_ubx_interfaces/share/ublox_ubx_interfaces/cmake/ublox_ubx_interfaces__rosidl_typesupport_cppExport-noconfig.cmake
[9.151s] -- Installing: /home/jeanho/ros2_ws/src/install/ublox_ubx_interfaces/share/ublox_ubx_interfaces/cmake/export_ublox_ubx_interfaces__rosidl_generator_pyExport.cmake
[9.151s] -- Installing: /home/jeanho/ros2_ws/src/install/ublox_ubx_interfaces/share/ublox_ubx_interfaces/cmake/export_ublox_ubx_interfaces__rosidl_generator_pyExport-noconfig.cmake
[9.152s] -- Installing: /home/jeanho/ros2_ws/src/install/ublox_ubx_interfaces/share/ublox_ubx_interfaces/cmake/rosidl_cmake-extras.cmake
[9.152s] -- Installing: /home/jeanho/ros2_ws/src/install/ublox_ubx_interfaces/share/ublox_ubx_interfaces/cmake/ament_cmake_export_include_directories-extras.cmake
[9.152s] -- Installing: /home/jeanho/ros2_ws/src/install/ublox_ubx_interfaces/share/ublox_ubx_interfaces/cmake/ament_cmake_export_libraries-extras.cmake
[9.152s] -- Installing: /home/jeanho/ros2_ws/src/install/ublox_ubx_interfaces/share/ublox_ubx_interfaces/cmake/ament_cmake_export_targets-extras.cmake
[9.153s] -- Installing: /home/jeanho/ros2_ws/src/install/ublox_ubx_interfaces/share/ublox_ubx_interfaces/cmake/rosidl_cmake_export_typesupport_targets-extras.cmake
[9.153s] -- Installing: /home/jeanho/ros2_ws/src/install/ublox_ubx_interfaces/share/ublox_ubx_interfaces/cmake/ament_cmake_export_dependencies-extras.cmake
[9.153s] -- Installing: /home/jeanho/ros2_ws/src/install/ublox_ubx_interfaces/share/ublox_ubx_interfaces/cmake/rosidl_cmake_export_typesupport_libraries-extras.cmake
[9.153s] -- Installing: /home/jeanho/ros2_ws/src/install/ublox_ubx_interfaces/share/ublox_ubx_interfaces/cmake/ublox_ubx_interfacesConfig.cmake
[9.153s] -- Installing: /home/jeanho/ros2_ws/src/install/ublox_ubx_interfaces/share/ublox_ubx_interfaces/cmake/ublox_ubx_interfacesConfig-version.cmake
[9.153s] -- Installing: /home/jeanho/ros2_ws/src/install/ublox_ubx_interfaces/share/ublox_ubx_interfaces/package.xml
[9.156s] Invoked command in '/home/jeanho/ros2_ws/src/build/ublox_ubx_interfaces' returned '0': CMAKE_PREFIX_PATH=${CMAKE_PREFIX_PATH}:/home/jeanho/ros2_ws/install/serial_communication_pkg:/home/jeanho/ros2_ws/install/lidar_perception_pkg:/home/jeanho/ros2_ws/install/decision_making_pkg:/home/jeanho/ros2_ws/install/debug_pkg:/home/jeanho/ros2_ws/install/camera_perception_pkg:/opt/ros/humble /usr/bin/cmake --install /home/jeanho/ros2_ws/src/build/ublox_ubx_interfaces
