[0.503s] Invoking command in '/home/jeanho/ros2_ws/src/build/interfaces_pkg': CMAKE_PREFIX_PATH=${CMAKE_PREFIX_PATH}:/home/jeanho/ros2_ws/install/serial_communication_pkg:/home/jeanho/ros2_ws/install/lidar_perception_pkg:/home/jeanho/ros2_ws/install/decision_making_pkg:/home/jeanho/ros2_ws/install/debug_pkg:/home/jeanho/ros2_ws/install/camera_perception_pkg:/opt/ros/humble /usr/bin/cmake /home/jeanho/ros2_ws/src/interfaces_pkg -DCMAKE_INSTALL_PREFIX=/home/jeanho/ros2_ws/src/install/interfaces_pkg
[0.671s] -- The C compiler identification is GNU 11.4.0
[1.345s] -- The CXX compiler identification is GNU 11.4.0
[1.881s] -- Detecting C compiler ABI info
[2.126s] -- Detecting C compiler ABI info - done
[2.132s] -- Check for working C compiler: /usr/bin/cc - skipped
[2.132s] -- Detecting C compile features
[2.133s] -- Detecting C compile features - done
[2.136s] -- Detecting CXX compiler ABI info
[2.416s] -- Detecting CXX compiler ABI info - done
[2.422s] -- Check for working CXX compiler: /usr/bin/c++ - skipped
[2.423s] -- Detecting CXX compile features
[2.423s] -- Detecting CXX compile features - done
[2.425s] -- Found ament_cmake: 1.3.12 (/opt/ros/humble/share/ament_cmake/cmake)
[2.557s] -- Found Python3: /usr/bin/python3 (found version "3.10.12") found components: Interpreter 
[2.643s] -- Found rosidl_default_generators: 1.2.0 (/opt/ros/humble/share/rosidl_default_generators/cmake)
[2.646s] -- Using all available rosidl_typesupport_c: rosidl_typesupport_fastrtps_c;rosidl_typesupport_introspection_c
[2.653s] -- Found rosidl_adapter: 3.1.7 (/opt/ros/humble/share/rosidl_adapter/cmake)
[2.878s] -- Using all available rosidl_typesupport_cpp: rosidl_typesupport_fastrtps_cpp;rosidl_typesupport_introspection_cpp
[2.900s] -- Found std_msgs: 4.9.0 (/opt/ros/humble/share/std_msgs/cmake)
[2.925s] -- Found geometry_msgs: 4.9.0 (/opt/ros/humble/share/geometry_msgs/cmake)
[3.207s] -- Found ament_cmake_ros: 0.10.0 (/opt/ros/humble/share/ament_cmake_ros/cmake)
[3.401s] -- Using all available rosidl_typesupport_c: rosidl_typesupport_fastrtps_c;rosidl_typesupport_introspection_c
[3.631s] -- Using all available rosidl_typesupport_cpp: rosidl_typesupport_fastrtps_cpp;rosidl_typesupport_introspection_cpp
[3.842s] -- Found PythonInterp: /usr/bin/python3 (found suitable version "3.10.12", minimum required is "3.6") 
[3.843s] -- Found python_cmake_module: 0.10.0 (/opt/ros/humble/share/python_cmake_module/cmake)
[4.382s] -- Found PythonLibs: /usr/lib/x86_64-linux-gnu/libpython3.10.so (found suitable version "3.10.12", minimum required is "3.5") 
[4.383s] -- Using PYTHON_EXECUTABLE: /usr/bin/python3
[4.383s] -- Using PYTHON_INCLUDE_DIRS: /usr/include/python3.10
[4.383s] -- Using PYTHON_LIBRARIES: /usr/lib/x86_64-linux-gnu/libpython3.10.so
[4.403s] -- Found PythonExtra: .so  
[4.579s] -- Configuring done
[4.653s] -- Generating done
[4.667s] -- Build files have been written to: /home/jeanho/ros2_ws/src/build/interfaces_pkg
[4.688s] Invoked command in '/home/jeanho/ros2_ws/src/build/interfaces_pkg' returned '0': CMAKE_PREFIX_PATH=${CMAKE_PREFIX_PATH}:/home/jeanho/ros2_ws/install/serial_communication_pkg:/home/jeanho/ros2_ws/install/lidar_perception_pkg:/home/jeanho/ros2_ws/install/decision_making_pkg:/home/jeanho/ros2_ws/install/debug_pkg:/home/jeanho/ros2_ws/install/camera_perception_pkg:/opt/ros/humble /usr/bin/cmake /home/jeanho/ros2_ws/src/interfaces_pkg -DCMAKE_INSTALL_PREFIX=/home/jeanho/ros2_ws/src/install/interfaces_pkg
[4.691s] Invoking command in '/home/jeanho/ros2_ws/src/build/interfaces_pkg': CMAKE_PREFIX_PATH=${CMAKE_PREFIX_PATH}:/home/jeanho/ros2_ws/install/serial_communication_pkg:/home/jeanho/ros2_ws/install/lidar_perception_pkg:/home/jeanho/ros2_ws/install/decision_making_pkg:/home/jeanho/ros2_ws/install/debug_pkg:/home/jeanho/ros2_ws/install/camera_perception_pkg:/opt/ros/humble /usr/bin/cmake --build /home/jeanho/ros2_ws/src/build/interfaces_pkg -- -j24 -l24
[4.733s] [  0%] [34m[1mGenerating C code for ROS interfaces[0m
[4.746s] [  0%] [34m[1mGenerating C++ code for ROS interfaces[0m
[4.749s] [  0%] Built target ament_cmake_python_copy_interfaces_pkg
[5.114s] running egg_info
[5.115s] creating interfaces_pkg.egg-info
[5.117s] writing interfaces_pkg.egg-info/PKG-INFO
[5.118s] writing dependency_links to interfaces_pkg.egg-info/dependency_links.txt
[5.119s] writing top-level names to interfaces_pkg.egg-info/top_level.txt
[5.119s] writing manifest file 'interfaces_pkg.egg-info/SOURCES.txt'
[5.123s] reading manifest file 'interfaces_pkg.egg-info/SOURCES.txt'
[5.124s] writing manifest file 'interfaces_pkg.egg-info/SOURCES.txt'
[5.219s] [  0%] Built target ament_cmake_python_build_interfaces_pkg_egg
[6.092s] [  1%] [32mBuilding C object CMakeFiles/interfaces_pkg__rosidl_generator_c.dir/rosidl_generator_c/interfaces_pkg/msg/detail/point2_d__functions.c.o[0m
[6.093s] [  2%] Built target interfaces_pkg__cpp
[6.094s] [  2%] [32mBuilding C object CMakeFiles/interfaces_pkg__rosidl_generator_c.dir/rosidl_generator_c/interfaces_pkg/msg/detail/bounding_box2_d__functions.c.o[0m
[6.094s] [  3%] [32mBuilding C object CMakeFiles/interfaces_pkg__rosidl_generator_c.dir/rosidl_generator_c/interfaces_pkg/msg/detail/key_point2_d_array__functions.c.o[0m
[6.094s] [  3%] [32mBuilding C object CMakeFiles/interfaces_pkg__rosidl_generator_c.dir/rosidl_generator_c/interfaces_pkg/msg/detail/mask__functions.c.o[0m
[6.096s] [  5%] [32mBuilding C object CMakeFiles/interfaces_pkg__rosidl_generator_c.dir/rosidl_generator_c/interfaces_pkg/msg/detail/vector2__functions.c.o[0m
[6.097s] [  5%] [32mBuilding C object CMakeFiles/interfaces_pkg__rosidl_generator_c.dir/rosidl_generator_c/interfaces_pkg/msg/detail/detection__functions.c.o[0m
[6.097s] [  5%] [32mBuilding C object CMakeFiles/interfaces_pkg__rosidl_generator_c.dir/rosidl_generator_c/interfaces_pkg/msg/detail/pose2_d__functions.c.o[0m
[6.097s] [  6%] [32mBuilding C object CMakeFiles/interfaces_pkg__rosidl_generator_c.dir/rosidl_generator_c/interfaces_pkg/msg/detail/bounding_box3_d__functions.c.o[0m
[6.097s] [  6%] [32mBuilding C object CMakeFiles/interfaces_pkg__rosidl_generator_c.dir/rosidl_generator_c/interfaces_pkg/msg/detail/key_point3_d__functions.c.o[0m
[6.097s] [  7%] [32mBuilding C object CMakeFiles/interfaces_pkg__rosidl_generator_c.dir/rosidl_generator_c/interfaces_pkg/msg/detail/key_point2_d__functions.c.o[0m
[6.098s] [  7%] [32mBuilding C object CMakeFiles/interfaces_pkg__rosidl_generator_c.dir/rosidl_generator_c/interfaces_pkg/msg/detail/target_point__functions.c.o[0m
[6.098s] [  8%] [32mBuilding C object CMakeFiles/interfaces_pkg__rosidl_generator_c.dir/rosidl_generator_c/interfaces_pkg/msg/detail/key_point3_d_array__functions.c.o[0m
[6.100s] [  8%] [32mBuilding C object CMakeFiles/interfaces_pkg__rosidl_generator_c.dir/rosidl_generator_c/interfaces_pkg/msg/detail/detection_array__functions.c.o[0m
[6.101s] [  9%] [32mBuilding C object CMakeFiles/interfaces_pkg__rosidl_generator_c.dir/rosidl_generator_c/interfaces_pkg/msg/detail/path_planning_result__functions.c.o[0m
[6.101s] [ 11%] [32mBuilding C object CMakeFiles/interfaces_pkg__rosidl_generator_c.dir/rosidl_generator_c/interfaces_pkg/msg/detail/lane_info__functions.c.o[0m
[6.101s] [ 11%] [32mBuilding C object CMakeFiles/interfaces_pkg__rosidl_generator_c.dir/rosidl_generator_c/interfaces_pkg/msg/detail/motion_command__functions.c.o[0m
[6.108s] [ 12%] [34m[1mGenerating C++ type support for eProsima Fast-RTPS[0m
[6.111s] [ 13%] [34m[1mGenerating C++ introspection for ROS interfaces[0m
[6.111s] [ 13%] [34m[1mGenerating C++ type support dispatch for ROS interfaces[0m
[6.167s] [ 14%] [32m[1mLinking C shared library libinterfaces_pkg__rosidl_generator_c.so[0m
[6.398s] [ 14%] Built target interfaces_pkg__rosidl_generator_c
[6.410s] [ 17%] [34m[1mGenerating C type support dispatch for ROS interfaces[0m
[6.411s] [ 17%] [34m[1mGenerating C introspection for ROS interfaces[0m
[6.411s] [ 17%] [34m[1mGenerating C type support for eProsima Fast-RTPS[0m
[6.754s] [ 19%] [32mBuilding CXX object CMakeFiles/interfaces_pkg__rosidl_typesupport_introspection_cpp.dir/rosidl_typesupport_introspection_cpp/interfaces_pkg/msg/detail/vector2__type_support.cpp.o[0m
[6.754s] [ 19%] [32mBuilding CXX object CMakeFiles/interfaces_pkg__rosidl_typesupport_introspection_cpp.dir/rosidl_typesupport_introspection_cpp/interfaces_pkg/msg/detail/point2_d__type_support.cpp.o[0m
[6.755s] [ 19%] [32mBuilding CXX object CMakeFiles/interfaces_pkg__rosidl_typesupport_introspection_cpp.dir/rosidl_typesupport_introspection_cpp/interfaces_pkg/msg/detail/mask__type_support.cpp.o[0m
[6.755s] [ 20%] [32mBuilding CXX object CMakeFiles/interfaces_pkg__rosidl_typesupport_introspection_cpp.dir/rosidl_typesupport_introspection_cpp/interfaces_pkg/msg/detail/key_point2_d__type_support.cpp.o[0m
[6.757s] [ 20%] [32mBuilding CXX object CMakeFiles/interfaces_pkg__rosidl_typesupport_introspection_cpp.dir/rosidl_typesupport_introspection_cpp/interfaces_pkg/msg/detail/pose2_d__type_support.cpp.o[0m
[6.758s] [ 21%] [32mBuilding CXX object CMakeFiles/interfaces_pkg__rosidl_typesupport_introspection_cpp.dir/rosidl_typesupport_introspection_cpp/interfaces_pkg/msg/detail/detection_array__type_support.cpp.o[0m
[6.758s] [ 22%] [32mBuilding CXX object CMakeFiles/interfaces_pkg__rosidl_typesupport_introspection_cpp.dir/rosidl_typesupport_introspection_cpp/interfaces_pkg/msg/detail/detection__type_support.cpp.o[0m
[6.758s] [ 22%] [32mBuilding CXX object CMakeFiles/interfaces_pkg__rosidl_typesupport_introspection_cpp.dir/rosidl_typesupport_introspection_cpp/interfaces_pkg/msg/detail/bounding_box2_d__type_support.cpp.o[0m
[6.760s] [ 23%] [32mBuilding CXX object CMakeFiles/interfaces_pkg__rosidl_typesupport_introspection_cpp.dir/rosidl_typesupport_introspection_cpp/interfaces_pkg/msg/detail/key_point2_d_array__type_support.cpp.o[0m
[6.760s] [ 23%] [32mBuilding CXX object CMakeFiles/interfaces_pkg__rosidl_typesupport_introspection_cpp.dir/rosidl_typesupport_introspection_cpp/interfaces_pkg/msg/detail/key_point3_d__type_support.cpp.o[0m
[6.760s] [ 24%] [32mBuilding CXX object CMakeFiles/interfaces_pkg__rosidl_typesupport_introspection_cpp.dir/rosidl_typesupport_introspection_cpp/interfaces_pkg/msg/detail/bounding_box3_d__type_support.cpp.o[0m
[6.760s] [ 25%] [32mBuilding CXX object CMakeFiles/interfaces_pkg__rosidl_typesupport_introspection_cpp.dir/rosidl_typesupport_introspection_cpp/interfaces_pkg/msg/detail/key_point3_d_array__type_support.cpp.o[0m
[6.765s] [ 27%] [32mBuilding CXX object CMakeFiles/interfaces_pkg__rosidl_typesupport_introspection_cpp.dir/rosidl_typesupport_introspection_cpp/interfaces_pkg/msg/detail/motion_command__type_support.cpp.o[0m
[6.765s] [ 27%] [32mBuilding CXX object CMakeFiles/interfaces_pkg__rosidl_typesupport_introspection_cpp.dir/rosidl_typesupport_introspection_cpp/interfaces_pkg/msg/detail/lane_info__type_support.cpp.o[0m
[6.765s] [ 27%] [32mBuilding CXX object CMakeFiles/interfaces_pkg__rosidl_typesupport_introspection_cpp.dir/rosidl_typesupport_introspection_cpp/interfaces_pkg/msg/detail/target_point__type_support.cpp.o[0m
[6.799s] [ 28%] [32mBuilding CXX object CMakeFiles/interfaces_pkg__rosidl_typesupport_introspection_cpp.dir/rosidl_typesupport_introspection_cpp/interfaces_pkg/msg/detail/path_planning_result__type_support.cpp.o[0m
[6.980s] [ 30%] [32mBuilding CXX object CMakeFiles/interfaces_pkg__rosidl_typesupport_cpp.dir/rosidl_typesupport_cpp/interfaces_pkg/msg/point2_d__type_support.cpp.o[0m
[6.981s] [ 31%] [32mBuilding CXX object CMakeFiles/interfaces_pkg__rosidl_typesupport_cpp.dir/rosidl_typesupport_cpp/interfaces_pkg/msg/bounding_box2_d__type_support.cpp.o[0m
[6.987s] [ 31%] [32mBuilding CXX object CMakeFiles/interfaces_pkg__rosidl_typesupport_cpp.dir/rosidl_typesupport_cpp/interfaces_pkg/msg/vector2__type_support.cpp.o[0m
[6.987s] [ 29%] [32mBuilding CXX object CMakeFiles/interfaces_pkg__rosidl_typesupport_cpp.dir/rosidl_typesupport_cpp/interfaces_pkg/msg/pose2_d__type_support.cpp.o[0m
[7.212s] [ 31%] [32mBuilding CXX object CMakeFiles/interfaces_pkg__rosidl_typesupport_cpp.dir/rosidl_typesupport_cpp/interfaces_pkg/msg/bounding_box3_d__type_support.cpp.o[0m
[7.241s] [ 32%] [32mBuilding CXX object CMakeFiles/interfaces_pkg__rosidl_typesupport_cpp.dir/rosidl_typesupport_cpp/interfaces_pkg/msg/mask__type_support.cpp.o[0m
[7.295s] [ 33%] [32mBuilding CXX object CMakeFiles/interfaces_pkg__rosidl_typesupport_cpp.dir/rosidl_typesupport_cpp/interfaces_pkg/msg/key_point2_d_array__type_support.cpp.o[0m
[7.299s] [ 33%] [32mBuilding CXX object CMakeFiles/interfaces_pkg__rosidl_typesupport_cpp.dir/rosidl_typesupport_cpp/interfaces_pkg/msg/key_point2_d__type_support.cpp.o[0m
[7.357s] [ 34%] [32mBuilding CXX object CMakeFiles/interfaces_pkg__rosidl_typesupport_cpp.dir/rosidl_typesupport_cpp/interfaces_pkg/msg/key_point3_d__type_support.cpp.o[0m
[7.372s] [ 35%] [32mBuilding CXX object CMakeFiles/interfaces_pkg__rosidl_typesupport_cpp.dir/rosidl_typesupport_cpp/interfaces_pkg/msg/key_point3_d_array__type_support.cpp.o[0m
[7.403s] [ 35%] [32mBuilding CXX object CMakeFiles/interfaces_pkg__rosidl_typesupport_cpp.dir/rosidl_typesupport_cpp/interfaces_pkg/msg/detection__type_support.cpp.o[0m
[7.412s] [ 36%] [32mBuilding CXX object CMakeFiles/interfaces_pkg__rosidl_typesupport_cpp.dir/rosidl_typesupport_cpp/interfaces_pkg/msg/detection_array__type_support.cpp.o[0m
[7.422s] [ 37%] [32mBuilding CXX object CMakeFiles/interfaces_pkg__rosidl_typesupport_cpp.dir/rosidl_typesupport_cpp/interfaces_pkg/msg/lane_info__type_support.cpp.o[0m
[7.441s] [ 37%] [32mBuilding CXX object CMakeFiles/interfaces_pkg__rosidl_typesupport_cpp.dir/rosidl_typesupport_cpp/interfaces_pkg/msg/motion_command__type_support.cpp.o[0m
[7.453s] [ 38%] [32mBuilding CXX object CMakeFiles/interfaces_pkg__rosidl_typesupport_cpp.dir/rosidl_typesupport_cpp/interfaces_pkg/msg/target_point__type_support.cpp.o[0m
[7.480s] [ 39%] [32mBuilding CXX object CMakeFiles/interfaces_pkg__rosidl_typesupport_cpp.dir/rosidl_typesupport_cpp/interfaces_pkg/msg/path_planning_result__type_support.cpp.o[0m
[7.604s] [ 39%] [32mBuilding CXX object CMakeFiles/interfaces_pkg__rosidl_typesupport_c.dir/rosidl_typesupport_c/interfaces_pkg/msg/point2_d__type_support.cpp.o[0m
[7.622s] [ 40%] [32mBuilding CXX object CMakeFiles/interfaces_pkg__rosidl_typesupport_c.dir/rosidl_typesupport_c/interfaces_pkg/msg/vector2__type_support.cpp.o[0m
[7.634s] [ 40%] [32mBuilding CXX object CMakeFiles/interfaces_pkg__rosidl_typesupport_c.dir/rosidl_typesupport_c/interfaces_pkg/msg/bounding_box2_d__type_support.cpp.o[0m
[7.647s] [ 41%] [32mBuilding CXX object CMakeFiles/interfaces_pkg__rosidl_typesupport_c.dir/rosidl_typesupport_c/interfaces_pkg/msg/pose2_d__type_support.cpp.o[0m
[7.671s] [ 42%] [32m[1mLinking CXX shared library libinterfaces_pkg__rosidl_typesupport_introspection_cpp.so[0m
[7.690s] [ 42%] [32mBuilding CXX object CMakeFiles/interfaces_pkg__rosidl_typesupport_c.dir/rosidl_typesupport_c/interfaces_pkg/msg/key_point2_d__type_support.cpp.o[0m
[7.691s] [ 43%] [32mBuilding CXX object CMakeFiles/interfaces_pkg__rosidl_typesupport_fastrtps_cpp.dir/rosidl_typesupport_fastrtps_cpp/interfaces_pkg/msg/detail/dds_fastrtps/point2_d__type_support.cpp.o[0m
[7.694s] [ 44%] [32mBuilding CXX object CMakeFiles/interfaces_pkg__rosidl_typesupport_c.dir/rosidl_typesupport_c/interfaces_pkg/msg/key_point2_d_array__type_support.cpp.o[0m
[7.697s] [ 45%] [32mBuilding CXX object CMakeFiles/interfaces_pkg__rosidl_typesupport_c.dir/rosidl_typesupport_c/interfaces_pkg/msg/bounding_box3_d__type_support.cpp.o[0m
[7.697s] [ 46%] [32mBuilding CXX object CMakeFiles/interfaces_pkg__rosidl_typesupport_c.dir/rosidl_typesupport_c/interfaces_pkg/msg/key_point3_d__type_support.cpp.o[0m
[7.698s] [ 47%] [32mBuilding CXX object CMakeFiles/interfaces_pkg__rosidl_typesupport_c.dir/rosidl_typesupport_c/interfaces_pkg/msg/mask__type_support.cpp.o[0m
[7.704s] [ 48%] [32mBuilding CXX object CMakeFiles/interfaces_pkg__rosidl_typesupport_fastrtps_cpp.dir/rosidl_typesupport_fastrtps_cpp/interfaces_pkg/msg/detail/dds_fastrtps/pose2_d__type_support.cpp.o[0m
[7.709s] [ 48%] [32mBuilding CXX object CMakeFiles/interfaces_pkg__rosidl_typesupport_c.dir/rosidl_typesupport_c/interfaces_pkg/msg/key_point3_d_array__type_support.cpp.o[0m
[7.709s] [ 49%] [32mBuilding CXX object CMakeFiles/interfaces_pkg__rosidl_typesupport_fastrtps_cpp.dir/rosidl_typesupport_fastrtps_cpp/interfaces_pkg/msg/detail/dds_fastrtps/bounding_box2_d__type_support.cpp.o[0m
[7.718s] [ 49%] [32mBuilding CXX object CMakeFiles/interfaces_pkg__rosidl_typesupport_fastrtps_cpp.dir/rosidl_typesupport_fastrtps_cpp/interfaces_pkg/msg/detail/dds_fastrtps/bounding_box3_d__type_support.cpp.o[0m
[7.725s] [ 49%] [32mBuilding CXX object CMakeFiles/interfaces_pkg__rosidl_typesupport_fastrtps_cpp.dir/rosidl_typesupport_fastrtps_cpp/interfaces_pkg/msg/detail/dds_fastrtps/vector2__type_support.cpp.o[0m
[7.731s] [ 50%] [32mBuilding CXX object CMakeFiles/interfaces_pkg__rosidl_typesupport_fastrtps_cpp.dir/rosidl_typesupport_fastrtps_cpp/interfaces_pkg/msg/detail/dds_fastrtps/mask__type_support.cpp.o[0m
[7.758s] [ 51%] [32mBuilding CXX object CMakeFiles/interfaces_pkg__rosidl_typesupport_c.dir/rosidl_typesupport_c/interfaces_pkg/msg/detection__type_support.cpp.o[0m
[7.771s] [ 52%] [32mBuilding CXX object CMakeFiles/interfaces_pkg__rosidl_typesupport_fastrtps_cpp.dir/rosidl_typesupport_fastrtps_cpp/interfaces_pkg/msg/detail/dds_fastrtps/key_point2_d__type_support.cpp.o[0m
[7.771s] [ 53%] [32mBuilding CXX object CMakeFiles/interfaces_pkg__rosidl_typesupport_fastrtps_cpp.dir/rosidl_typesupport_fastrtps_cpp/interfaces_pkg/msg/detail/dds_fastrtps/key_point3_d__type_support.cpp.o[0m
[7.773s] [ 54%] [32mBuilding CXX object CMakeFiles/interfaces_pkg__rosidl_typesupport_c.dir/rosidl_typesupport_c/interfaces_pkg/msg/detection_array__type_support.cpp.o[0m
[7.787s] [ 54%] [32mBuilding CXX object CMakeFiles/interfaces_pkg__rosidl_typesupport_fastrtps_cpp.dir/rosidl_typesupport_fastrtps_cpp/interfaces_pkg/msg/detail/dds_fastrtps/key_point2_d_array__type_support.cpp.o[0m
[7.804s] [ 54%] [32mBuilding CXX object CMakeFiles/interfaces_pkg__rosidl_typesupport_c.dir/rosidl_typesupport_c/interfaces_pkg/msg/lane_info__type_support.cpp.o[0m
[7.826s] [ 55%] [32mBuilding CXX object CMakeFiles/interfaces_pkg__rosidl_typesupport_c.dir/rosidl_typesupport_c/interfaces_pkg/msg/motion_command__type_support.cpp.o[0m
[7.834s] [ 56%] [32mBuilding CXX object CMakeFiles/interfaces_pkg__rosidl_typesupport_c.dir/rosidl_typesupport_c/interfaces_pkg/msg/target_point__type_support.cpp.o[0m
[7.838s] [ 57%] [32mBuilding CXX object CMakeFiles/interfaces_pkg__rosidl_typesupport_fastrtps_cpp.dir/rosidl_typesupport_fastrtps_cpp/interfaces_pkg/msg/detail/dds_fastrtps/key_point3_d_array__type_support.cpp.o[0m
[7.840s] [ 57%] [32mBuilding CXX object CMakeFiles/interfaces_pkg__rosidl_typesupport_c.dir/rosidl_typesupport_c/interfaces_pkg/msg/path_planning_result__type_support.cpp.o[0m
[7.846s] [ 57%] [32mBuilding CXX object CMakeFiles/interfaces_pkg__rosidl_typesupport_fastrtps_cpp.dir/rosidl_typesupport_fastrtps_cpp/interfaces_pkg/msg/detail/dds_fastrtps/detection__type_support.cpp.o[0m
[7.861s] [ 58%] [32mBuilding CXX object CMakeFiles/interfaces_pkg__rosidl_typesupport_fastrtps_cpp.dir/rosidl_typesupport_fastrtps_cpp/interfaces_pkg/msg/detail/dds_fastrtps/detection_array__type_support.cpp.o[0m
[7.878s] [ 59%] [32mBuilding CXX object CMakeFiles/interfaces_pkg__rosidl_typesupport_fastrtps_cpp.dir/rosidl_typesupport_fastrtps_cpp/interfaces_pkg/msg/detail/dds_fastrtps/lane_info__type_support.cpp.o[0m
[7.895s] [ 59%] [32mBuilding CXX object CMakeFiles/interfaces_pkg__rosidl_typesupport_fastrtps_c.dir/rosidl_typesupport_fastrtps_c/interfaces_pkg/msg/detail/point2_d__type_support_c.cpp.o[0m
[7.895s] [ 59%] [32mBuilding CXX object CMakeFiles/interfaces_pkg__rosidl_typesupport_fastrtps_cpp.dir/rosidl_typesupport_fastrtps_cpp/interfaces_pkg/msg/detail/dds_fastrtps/motion_command__type_support.cpp.o[0m
[7.900s] [ 60%] [32mBuilding CXX object CMakeFiles/interfaces_pkg__rosidl_typesupport_fastrtps_cpp.dir/rosidl_typesupport_fastrtps_cpp/interfaces_pkg/msg/detail/dds_fastrtps/target_point__type_support.cpp.o[0m
[7.904s] [ 61%] [32mBuilding C object CMakeFiles/interfaces_pkg__rosidl_typesupport_introspection_c.dir/rosidl_typesupport_introspection_c/interfaces_pkg/msg/detail/point2_d__type_support.c.o[0m
[7.907s] [ 62%] [32mBuilding CXX object CMakeFiles/interfaces_pkg__rosidl_typesupport_fastrtps_cpp.dir/rosidl_typesupport_fastrtps_cpp/interfaces_pkg/msg/detail/dds_fastrtps/path_planning_result__type_support.cpp.o[0m
[7.917s] [ 63%] [32mBuilding CXX object CMakeFiles/interfaces_pkg__rosidl_typesupport_fastrtps_c.dir/rosidl_typesupport_fastrtps_c/interfaces_pkg/msg/detail/vector2__type_support_c.cpp.o[0m
[7.955s] [ 64%] [32m[1mLinking CXX shared library libinterfaces_pkg__rosidl_typesupport_c.so[0m
[7.967s] [ 64%] [32mBuilding C object CMakeFiles/interfaces_pkg__rosidl_typesupport_introspection_c.dir/rosidl_typesupport_introspection_c/interfaces_pkg/msg/detail/vector2__type_support.c.o[0m
[7.980s] [ 65%] [32mBuilding C object CMakeFiles/interfaces_pkg__rosidl_typesupport_introspection_c.dir/rosidl_typesupport_introspection_c/interfaces_pkg/msg/detail/pose2_d__type_support.c.o[0m
[8.003s] [ 65%] [32m[1mLinking CXX shared library libinterfaces_pkg__rosidl_typesupport_cpp.so[0m
[8.021s] [ 66%] [32mBuilding C object CMakeFiles/interfaces_pkg__rosidl_typesupport_introspection_c.dir/rosidl_typesupport_introspection_c/interfaces_pkg/msg/detail/bounding_box2_d__type_support.c.o[0m
[8.052s] [ 66%] [32mBuilding C object CMakeFiles/interfaces_pkg__rosidl_typesupport_introspection_c.dir/rosidl_typesupport_introspection_c/interfaces_pkg/msg/detail/bounding_box3_d__type_support.c.o[0m
[8.066s] [ 67%] [32mBuilding C object CMakeFiles/interfaces_pkg__rosidl_typesupport_introspection_c.dir/rosidl_typesupport_introspection_c/interfaces_pkg/msg/detail/mask__type_support.c.o[0m
[8.120s] [ 68%] [32mBuilding C object CMakeFiles/interfaces_pkg__rosidl_typesupport_introspection_c.dir/rosidl_typesupport_introspection_c/interfaces_pkg/msg/detail/key_point2_d__type_support.c.o[0m
[8.144s] [ 68%] [32mBuilding C object CMakeFiles/interfaces_pkg__rosidl_typesupport_introspection_c.dir/rosidl_typesupport_introspection_c/interfaces_pkg/msg/detail/key_point2_d_array__type_support.c.o[0m
[8.182s] [ 69%] [32mBuilding CXX object CMakeFiles/interfaces_pkg__rosidl_typesupport_fastrtps_c.dir/rosidl_typesupport_fastrtps_c/interfaces_pkg/msg/detail/pose2_d__type_support_c.cpp.o[0m
[8.227s] [ 69%] [32mBuilding CXX object CMakeFiles/interfaces_pkg__rosidl_typesupport_fastrtps_c.dir/rosidl_typesupport_fastrtps_c/interfaces_pkg/msg/detail/bounding_box2_d__type_support_c.cpp.o[0m
[8.230s] [ 70%] [32mBuilding CXX object CMakeFiles/interfaces_pkg__rosidl_typesupport_fastrtps_c.dir/rosidl_typesupport_fastrtps_c/interfaces_pkg/msg/detail/bounding_box3_d__type_support_c.cpp.o[0m
[8.232s] [ 71%] [32mBuilding C object CMakeFiles/interfaces_pkg__rosidl_typesupport_introspection_c.dir/rosidl_typesupport_introspection_c/interfaces_pkg/msg/detail/key_point3_d__type_support.c.o[0m
[8.263s] [ 72%] [32mBuilding C object CMakeFiles/interfaces_pkg__rosidl_typesupport_introspection_c.dir/rosidl_typesupport_introspection_c/interfaces_pkg/msg/detail/key_point3_d_array__type_support.c.o[0m
[8.331s] [ 72%] [32mBuilding C object CMakeFiles/interfaces_pkg__rosidl_typesupport_introspection_c.dir/rosidl_typesupport_introspection_c/interfaces_pkg/msg/detail/detection__type_support.c.o[0m
[8.332s] [ 73%] [32mBuilding CXX object CMakeFiles/interfaces_pkg__rosidl_typesupport_fastrtps_c.dir/rosidl_typesupport_fastrtps_c/interfaces_pkg/msg/detail/mask__type_support_c.cpp.o[0m
[8.372s] [ 74%] [32mBuilding C object CMakeFiles/interfaces_pkg__rosidl_typesupport_introspection_c.dir/rosidl_typesupport_introspection_c/interfaces_pkg/msg/detail/lane_info__type_support.c.o[0m
[8.373s] [ 75%] [32mBuilding C object CMakeFiles/interfaces_pkg__rosidl_typesupport_introspection_c.dir/rosidl_typesupport_introspection_c/interfaces_pkg/msg/detail/detection_array__type_support.c.o[0m
[8.393s] [ 75%] [32mBuilding CXX object CMakeFiles/interfaces_pkg__rosidl_typesupport_fastrtps_c.dir/rosidl_typesupport_fastrtps_c/interfaces_pkg/msg/detail/key_point2_d__type_support_c.cpp.o[0m
[8.411s] [ 76%] [32mBuilding CXX object CMakeFiles/interfaces_pkg__rosidl_typesupport_fastrtps_c.dir/rosidl_typesupport_fastrtps_c/interfaces_pkg/msg/detail/key_point2_d_array__type_support_c.cpp.o[0m
[8.414s] [ 76%] [32mBuilding C object CMakeFiles/interfaces_pkg__rosidl_typesupport_introspection_c.dir/rosidl_typesupport_introspection_c/interfaces_pkg/msg/detail/motion_command__type_support.c.o[0m
[8.431s] [ 77%] [32mBuilding C object CMakeFiles/interfaces_pkg__rosidl_typesupport_introspection_c.dir/rosidl_typesupport_introspection_c/interfaces_pkg/msg/detail/target_point__type_support.c.o[0m
[8.431s] [ 78%] [32mBuilding CXX object CMakeFiles/interfaces_pkg__rosidl_typesupport_fastrtps_c.dir/rosidl_typesupport_fastrtps_c/interfaces_pkg/msg/detail/key_point3_d__type_support_c.cpp.o[0m
[8.431s] [ 79%] [32mBuilding C object CMakeFiles/interfaces_pkg__rosidl_typesupport_introspection_c.dir/rosidl_typesupport_introspection_c/interfaces_pkg/msg/detail/path_planning_result__type_support.c.o[0m
[8.443s] [ 79%] [32mBuilding CXX object CMakeFiles/interfaces_pkg__rosidl_typesupport_fastrtps_c.dir/rosidl_typesupport_fastrtps_c/interfaces_pkg/msg/detail/key_point3_d_array__type_support_c.cpp.o[0m
[8.468s] [ 80%] [32mBuilding CXX object CMakeFiles/interfaces_pkg__rosidl_typesupport_fastrtps_c.dir/rosidl_typesupport_fastrtps_c/interfaces_pkg/msg/detail/detection_array__type_support_c.cpp.o[0m
[8.472s] [ 81%] [32mBuilding CXX object CMakeFiles/interfaces_pkg__rosidl_typesupport_fastrtps_c.dir/rosidl_typesupport_fastrtps_c/interfaces_pkg/msg/detail/detection__type_support_c.cpp.o[0m
[8.482s] [ 81%] [32mBuilding CXX object CMakeFiles/interfaces_pkg__rosidl_typesupport_fastrtps_c.dir/rosidl_typesupport_fastrtps_c/interfaces_pkg/msg/detail/lane_info__type_support_c.cpp.o[0m
[8.488s] [ 82%] [32mBuilding CXX object CMakeFiles/interfaces_pkg__rosidl_typesupport_fastrtps_c.dir/rosidl_typesupport_fastrtps_c/interfaces_pkg/msg/detail/target_point__type_support_c.cpp.o[0m
[8.498s] [ 82%] [32mBuilding CXX object CMakeFiles/interfaces_pkg__rosidl_typesupport_fastrtps_c.dir/rosidl_typesupport_fastrtps_c/interfaces_pkg/msg/detail/path_planning_result__type_support_c.cpp.o[0m
[8.499s] [ 83%] [32mBuilding CXX object CMakeFiles/interfaces_pkg__rosidl_typesupport_fastrtps_c.dir/rosidl_typesupport_fastrtps_c/interfaces_pkg/msg/detail/motion_command__type_support_c.cpp.o[0m
[8.506s] [ 83%] [32m[1mLinking C shared library libinterfaces_pkg__rosidl_typesupport_introspection_c.so[0m
[8.671s] [ 83%] Built target interfaces_pkg__rosidl_typesupport_c
[8.735s] [ 83%] Built target interfaces_pkg__rosidl_typesupport_cpp
[8.798s] [ 83%] Built target interfaces_pkg__rosidl_typesupport_introspection_cpp
[8.826s] [ 83%] [32m[1mLinking CXX shared library libinterfaces_pkg__rosidl_typesupport_fastrtps_cpp.so[0m
[8.949s] [ 83%] Built target interfaces_pkg__rosidl_typesupport_introspection_c
[8.977s] [ 84%] [32m[1mLinking CXX shared library libinterfaces_pkg__rosidl_typesupport_fastrtps_c.so[0m
[9.053s] [ 84%] Built target interfaces_pkg__rosidl_typesupport_fastrtps_cpp
[9.232s] [ 84%] Built target interfaces_pkg__rosidl_typesupport_fastrtps_c
[9.253s] [ 84%] Built target interfaces_pkg
[9.277s] [ 85%] [34m[1mGenerating Python code for ROS interfaces[0m
[10.307s] [ 85%] Built target interfaces_pkg__py
[10.332s] [ 86%] [32mBuilding C object CMakeFiles/interfaces_pkg__rosidl_generator_py.dir/rosidl_generator_py/interfaces_pkg/msg/_vector2_s.c.o[0m
[10.332s] [ 86%] [32mBuilding C object CMakeFiles/interfaces_pkg__rosidl_generator_py.dir/rosidl_generator_py/interfaces_pkg/msg/_bounding_box2_d_s.c.o[0m
[10.333s] [ 86%] [32mBuilding C object CMakeFiles/interfaces_pkg__rosidl_generator_py.dir/rosidl_generator_py/interfaces_pkg/msg/_key_point2_d_s.c.o[0m
[10.334s] [ 87%] [32mBuilding C object CMakeFiles/interfaces_pkg__rosidl_generator_py.dir/rosidl_generator_py/interfaces_pkg/msg/_point2_d_s.c.o[0m
[10.334s] [ 87%] [32mBuilding C object CMakeFiles/interfaces_pkg__rosidl_generator_py.dir/rosidl_generator_py/interfaces_pkg/msg/_pose2_d_s.c.o[0m
[10.335s] [ 88%] [32mBuilding C object CMakeFiles/interfaces_pkg__rosidl_generator_py.dir/rosidl_generator_py/interfaces_pkg/msg/_mask_s.c.o[0m
[10.335s] [ 89%] [32mBuilding C object CMakeFiles/interfaces_pkg__rosidl_generator_py.dir/rosidl_generator_py/interfaces_pkg/msg/_bounding_box3_d_s.c.o[0m
[10.336s] [ 91%] [32mBuilding C object CMakeFiles/interfaces_pkg__rosidl_generator_py.dir/rosidl_generator_py/interfaces_pkg/msg/_key_point2_d_array_s.c.o[0m
[10.337s] [ 91%] [32mBuilding C object CMakeFiles/interfaces_pkg__rosidl_generator_py.dir/rosidl_generator_py/interfaces_pkg/msg/_key_point3_d_s.c.o[0m
[10.337s] [ 92%] [32mBuilding C object CMakeFiles/interfaces_pkg__rosidl_generator_py.dir/rosidl_generator_py/interfaces_pkg/msg/_path_planning_result_s.c.o[0m
[10.338s] [ 92%] [32mBuilding C object CMakeFiles/interfaces_pkg__rosidl_generator_py.dir/rosidl_generator_py/interfaces_pkg/msg/_motion_command_s.c.o[0m
[10.338s] [ 93%] [32mBuilding C object CMakeFiles/interfaces_pkg__rosidl_generator_py.dir/rosidl_generator_py/interfaces_pkg/msg/_detection_array_s.c.o[0m
[10.339s] [ 93%] [32mBuilding C object CMakeFiles/interfaces_pkg__rosidl_generator_py.dir/rosidl_generator_py/interfaces_pkg/msg/_key_point3_d_array_s.c.o[0m
[10.339s] [ 94%] [32mBuilding C object CMakeFiles/interfaces_pkg__rosidl_generator_py.dir/rosidl_generator_py/interfaces_pkg/msg/_detection_s.c.o[0m
[10.339s] [ 94%] [32mBuilding C object CMakeFiles/interfaces_pkg__rosidl_generator_py.dir/rosidl_generator_py/interfaces_pkg/msg/_lane_info_s.c.o[0m
[10.341s] [ 95%] [32mBuilding C object CMakeFiles/interfaces_pkg__rosidl_generator_py.dir/rosidl_generator_py/interfaces_pkg/msg/_target_point_s.c.o[0m
[10.508s] [ 96%] [32m[1mLinking C shared library rosidl_generator_py/interfaces_pkg/libinterfaces_pkg__rosidl_generator_py.so[0m
[10.705s] [ 96%] Built target interfaces_pkg__rosidl_generator_py
[10.728s] [ 98%] [32mBuilding C object CMakeFiles/interfaces_pkg__rosidl_typesupport_fastrtps_c__pyext.dir/rosidl_generator_py/interfaces_pkg/_interfaces_pkg_s.ep.rosidl_typesupport_fastrtps_c.c.o[0m
[10.728s] [ 98%] [32mBuilding C object CMakeFiles/interfaces_pkg__rosidl_typesupport_introspection_c__pyext.dir/rosidl_generator_py/interfaces_pkg/_interfaces_pkg_s.ep.rosidl_typesupport_introspection_c.c.o[0m
[10.730s] [ 99%] [32mBuilding C object CMakeFiles/interfaces_pkg__rosidl_typesupport_c__pyext.dir/rosidl_generator_py/interfaces_pkg/_interfaces_pkg_s.ep.rosidl_typesupport_c.c.o[0m
[10.850s] [ 99%] [32m[1mLinking C shared library rosidl_generator_py/interfaces_pkg/interfaces_pkg_s__rosidl_typesupport_fastrtps_c.cpython-310-x86_64-linux-gnu.so[0m
[10.874s] [100%] [32m[1mLinking C shared library rosidl_generator_py/interfaces_pkg/interfaces_pkg_s__rosidl_typesupport_c.cpython-310-x86_64-linux-gnu.so[0m
[10.874s] [100%] [32m[1mLinking C shared library rosidl_generator_py/interfaces_pkg/interfaces_pkg_s__rosidl_typesupport_introspection_c.cpython-310-x86_64-linux-gnu.so[0m
[11.020s] [100%] Built target interfaces_pkg__rosidl_typesupport_c__pyext
[11.020s] [100%] Built target interfaces_pkg__rosidl_typesupport_introspection_c__pyext
[11.021s] [100%] Built target interfaces_pkg__rosidl_typesupport_fastrtps_c__pyext
[11.035s] Invoked command in '/home/jeanho/ros2_ws/src/build/interfaces_pkg' returned '0': CMAKE_PREFIX_PATH=${CMAKE_PREFIX_PATH}:/home/jeanho/ros2_ws/install/serial_communication_pkg:/home/jeanho/ros2_ws/install/lidar_perception_pkg:/home/jeanho/ros2_ws/install/decision_making_pkg:/home/jeanho/ros2_ws/install/debug_pkg:/home/jeanho/ros2_ws/install/camera_perception_pkg:/opt/ros/humble /usr/bin/cmake --build /home/jeanho/ros2_ws/src/build/interfaces_pkg -- -j24 -l24
[11.037s] Invoking command in '/home/jeanho/ros2_ws/src/build/interfaces_pkg': CMAKE_PREFIX_PATH=${CMAKE_PREFIX_PATH}:/home/jeanho/ros2_ws/install/serial_communication_pkg:/home/jeanho/ros2_ws/install/lidar_perception_pkg:/home/jeanho/ros2_ws/install/decision_making_pkg:/home/jeanho/ros2_ws/install/debug_pkg:/home/jeanho/ros2_ws/install/camera_perception_pkg:/opt/ros/humble /usr/bin/cmake --install /home/jeanho/ros2_ws/src/build/interfaces_pkg
[11.047s] -- Install configuration: ""
[11.049s] -- Installing: /home/jeanho/ros2_ws/src/install/interfaces_pkg/share/ament_index/resource_index/rosidl_interfaces/interfaces_pkg
[11.049s] -- Installing: /home/jeanho/ros2_ws/src/install/interfaces_pkg/include/interfaces_pkg/interfaces_pkg
[11.050s] -- Installing: /home/jeanho/ros2_ws/src/install/interfaces_pkg/include/interfaces_pkg/interfaces_pkg/msg
[11.050s] -- Installing: /home/jeanho/ros2_ws/src/install/interfaces_pkg/include/interfaces_pkg/interfaces_pkg/msg/vector2.h
[11.051s] -- Installing: /home/jeanho/ros2_ws/src/install/interfaces_pkg/include/interfaces_pkg/interfaces_pkg/msg/point2_d.h
[11.051s] -- Installing: /home/jeanho/ros2_ws/src/install/interfaces_pkg/include/interfaces_pkg/interfaces_pkg/msg/key_point3_d_array.h
[11.051s] -- Installing: /home/jeanho/ros2_ws/src/install/interfaces_pkg/include/interfaces_pkg/interfaces_pkg/msg/key_point2_d_array.h
[11.051s] -- Installing: /home/jeanho/ros2_ws/src/install/interfaces_pkg/include/interfaces_pkg/interfaces_pkg/msg/key_point3_d.h
[11.052s] -- Installing: /home/jeanho/ros2_ws/src/install/interfaces_pkg/include/interfaces_pkg/interfaces_pkg/msg/bounding_box3_d.h
[11.052s] -- Installing: /home/jeanho/ros2_ws/src/install/interfaces_pkg/include/interfaces_pkg/interfaces_pkg/msg/detail
[11.052s] -- Installing: /home/jeanho/ros2_ws/src/install/interfaces_pkg/include/interfaces_pkg/interfaces_pkg/msg/detail/path_planning_result__struct.h
[11.052s] -- Installing: /home/jeanho/ros2_ws/src/install/interfaces_pkg/include/interfaces_pkg/interfaces_pkg/msg/detail/bounding_box2_d__type_support.h
[11.052s] -- Installing: /home/jeanho/ros2_ws/src/install/interfaces_pkg/include/interfaces_pkg/interfaces_pkg/msg/detail/bounding_box3_d__struct.h
[11.053s] -- Installing: /home/jeanho/ros2_ws/src/install/interfaces_pkg/include/interfaces_pkg/interfaces_pkg/msg/detail/target_point__type_support.h
[11.053s] -- Installing: /home/jeanho/ros2_ws/src/install/interfaces_pkg/include/interfaces_pkg/interfaces_pkg/msg/detail/bounding_box3_d__functions.h
[11.053s] -- Installing: /home/jeanho/ros2_ws/src/install/interfaces_pkg/include/interfaces_pkg/interfaces_pkg/msg/detail/key_point3_d__struct.h
[11.053s] -- Installing: /home/jeanho/ros2_ws/src/install/interfaces_pkg/include/interfaces_pkg/interfaces_pkg/msg/detail/key_point2_d__functions.h
[11.053s] -- Installing: /home/jeanho/ros2_ws/src/install/interfaces_pkg/include/interfaces_pkg/interfaces_pkg/msg/detail/vector2__type_support.h
[11.053s] -- Installing: /home/jeanho/ros2_ws/src/install/interfaces_pkg/include/interfaces_pkg/interfaces_pkg/msg/detail/vector2__struct.h
[11.054s] -- Installing: /home/jeanho/ros2_ws/src/install/interfaces_pkg/include/interfaces_pkg/interfaces_pkg/msg/detail/key_point3_d__functions.c
[11.054s] -- Installing: /home/jeanho/ros2_ws/src/install/interfaces_pkg/include/interfaces_pkg/interfaces_pkg/msg/detail/pose2_d__type_support.h
[11.055s] -- Installing: /home/jeanho/ros2_ws/src/install/interfaces_pkg/include/interfaces_pkg/interfaces_pkg/msg/detail/target_point__functions.h
[11.055s] -- Installing: /home/jeanho/ros2_ws/src/install/interfaces_pkg/include/interfaces_pkg/interfaces_pkg/msg/detail/target_point__struct.h
[11.055s] -- Installing: /home/jeanho/ros2_ws/src/install/interfaces_pkg/include/interfaces_pkg/interfaces_pkg/msg/detail/bounding_box2_d__functions.h
[11.055s] -- Installing: /home/jeanho/ros2_ws/src/install/interfaces_pkg/include/interfaces_pkg/interfaces_pkg/msg/detail/key_point2_d_array__type_support.h
[11.056s] -- Installing: /home/jeanho/ros2_ws/src/install/interfaces_pkg/include/interfaces_pkg/interfaces_pkg/msg/detail/mask__struct.h
[11.056s] -- Installing: /home/jeanho/ros2_ws/src/install/interfaces_pkg/include/interfaces_pkg/interfaces_pkg/msg/detail/bounding_box2_d__struct.h
[11.056s] -- Installing: /home/jeanho/ros2_ws/src/install/interfaces_pkg/include/interfaces_pkg/interfaces_pkg/msg/detail/motion_command__struct.h
[11.056s] -- Installing: /home/jeanho/ros2_ws/src/install/interfaces_pkg/include/interfaces_pkg/interfaces_pkg/msg/detail/pose2_d__functions.h
[11.057s] -- Installing: /home/jeanho/ros2_ws/src/install/interfaces_pkg/include/interfaces_pkg/interfaces_pkg/msg/detail/key_point2_d__functions.c
[11.057s] -- Installing: /home/jeanho/ros2_ws/src/install/interfaces_pkg/include/interfaces_pkg/interfaces_pkg/msg/detail/key_point3_d_array__functions.h
[11.057s] -- Installing: /home/jeanho/ros2_ws/src/install/interfaces_pkg/include/interfaces_pkg/interfaces_pkg/msg/detail/key_point3_d__functions.h
[11.058s] -- Installing: /home/jeanho/ros2_ws/src/install/interfaces_pkg/include/interfaces_pkg/interfaces_pkg/msg/detail/lane_info__type_support.h
[11.058s] -- Installing: /home/jeanho/ros2_ws/src/install/interfaces_pkg/include/interfaces_pkg/interfaces_pkg/msg/detail/lane_info__functions.c
[11.058s] -- Installing: /home/jeanho/ros2_ws/src/install/interfaces_pkg/include/interfaces_pkg/interfaces_pkg/msg/detail/mask__functions.h
[11.058s] -- Installing: /home/jeanho/ros2_ws/src/install/interfaces_pkg/include/interfaces_pkg/interfaces_pkg/msg/detail/mask__functions.c
[11.058s] -- Installing: /home/jeanho/ros2_ws/src/install/interfaces_pkg/include/interfaces_pkg/interfaces_pkg/msg/detail/bounding_box2_d__functions.c
[11.058s] -- Installing: /home/jeanho/ros2_ws/src/install/interfaces_pkg/include/interfaces_pkg/interfaces_pkg/msg/detail/key_point3_d__type_support.h
[11.058s] -- Installing: /home/jeanho/ros2_ws/src/install/interfaces_pkg/include/interfaces_pkg/interfaces_pkg/msg/detail/detection_array__functions.h
[11.059s] -- Installing: /home/jeanho/ros2_ws/src/install/interfaces_pkg/include/interfaces_pkg/interfaces_pkg/msg/detail/key_point2_d__type_support.h
[11.059s] -- Installing: /home/jeanho/ros2_ws/src/install/interfaces_pkg/include/interfaces_pkg/interfaces_pkg/msg/detail/key_point2_d_array__functions.h
[11.059s] -- Installing: /home/jeanho/ros2_ws/src/install/interfaces_pkg/include/interfaces_pkg/interfaces_pkg/msg/detail/vector2__functions.c
[11.059s] -- Installing: /home/jeanho/ros2_ws/src/install/interfaces_pkg/include/interfaces_pkg/interfaces_pkg/msg/detail/path_planning_result__type_support.h
[11.059s] -- Installing: /home/jeanho/ros2_ws/src/install/interfaces_pkg/include/interfaces_pkg/interfaces_pkg/msg/detail/key_point3_d_array__type_support.h
[11.059s] -- Installing: /home/jeanho/ros2_ws/src/install/interfaces_pkg/include/interfaces_pkg/interfaces_pkg/msg/detail/key_point3_d_array__struct.h
[11.060s] -- Installing: /home/jeanho/ros2_ws/src/install/interfaces_pkg/include/interfaces_pkg/interfaces_pkg/msg/detail/bounding_box3_d__functions.c
[11.060s] -- Installing: /home/jeanho/ros2_ws/src/install/interfaces_pkg/include/interfaces_pkg/interfaces_pkg/msg/detail/key_point2_d_array__functions.c
[11.060s] -- Installing: /home/jeanho/ros2_ws/src/install/interfaces_pkg/include/interfaces_pkg/interfaces_pkg/msg/detail/pose2_d__functions.c
[11.060s] -- Installing: /home/jeanho/ros2_ws/src/install/interfaces_pkg/include/interfaces_pkg/interfaces_pkg/msg/detail/motion_command__type_support.h
[11.060s] -- Installing: /home/jeanho/ros2_ws/src/install/interfaces_pkg/include/interfaces_pkg/interfaces_pkg/msg/detail/target_point__functions.c
[11.061s] -- Installing: /home/jeanho/ros2_ws/src/install/interfaces_pkg/include/interfaces_pkg/interfaces_pkg/msg/detail/path_planning_result__functions.h
[11.061s] -- Installing: /home/jeanho/ros2_ws/src/install/interfaces_pkg/include/interfaces_pkg/interfaces_pkg/msg/detail/point2_d__type_support.h
[11.061s] -- Installing: /home/jeanho/ros2_ws/src/install/interfaces_pkg/include/interfaces_pkg/interfaces_pkg/msg/detail/detection_array__functions.c
[11.061s] -- Installing: /home/jeanho/ros2_ws/src/install/interfaces_pkg/include/interfaces_pkg/interfaces_pkg/msg/detail/lane_info__functions.h
[11.061s] -- Installing: /home/jeanho/ros2_ws/src/install/interfaces_pkg/include/interfaces_pkg/interfaces_pkg/msg/detail/point2_d__struct.h
[11.061s] -- Installing: /home/jeanho/ros2_ws/src/install/interfaces_pkg/include/interfaces_pkg/interfaces_pkg/msg/detail/key_point3_d_array__functions.c
[11.062s] -- Installing: /home/jeanho/ros2_ws/src/install/interfaces_pkg/include/interfaces_pkg/interfaces_pkg/msg/detail/point2_d__functions.c
[11.062s] -- Installing: /home/jeanho/ros2_ws/src/install/interfaces_pkg/include/interfaces_pkg/interfaces_pkg/msg/detail/pose2_d__struct.h
[11.062s] -- Installing: /home/jeanho/ros2_ws/src/install/interfaces_pkg/include/interfaces_pkg/interfaces_pkg/msg/detail/detection__functions.h
[11.062s] -- Installing: /home/jeanho/ros2_ws/src/install/interfaces_pkg/include/interfaces_pkg/interfaces_pkg/msg/detail/bounding_box3_d__type_support.h
[11.062s] -- Installing: /home/jeanho/ros2_ws/src/install/interfaces_pkg/include/interfaces_pkg/interfaces_pkg/msg/detail/motion_command__functions.h
[11.063s] -- Installing: /home/jeanho/ros2_ws/src/install/interfaces_pkg/include/interfaces_pkg/interfaces_pkg/msg/detail/path_planning_result__functions.c
[11.063s] -- Installing: /home/jeanho/ros2_ws/src/install/interfaces_pkg/include/interfaces_pkg/interfaces_pkg/msg/detail/point2_d__functions.h
[11.063s] -- Installing: /home/jeanho/ros2_ws/src/install/interfaces_pkg/include/interfaces_pkg/interfaces_pkg/msg/detail/key_point2_d_array__struct.h
[11.063s] -- Installing: /home/jeanho/ros2_ws/src/install/interfaces_pkg/include/interfaces_pkg/interfaces_pkg/msg/detail/detection_array__type_support.h
[11.063s] -- Installing: /home/jeanho/ros2_ws/src/install/interfaces_pkg/include/interfaces_pkg/interfaces_pkg/msg/detail/detection__struct.h
[11.063s] -- Installing: /home/jeanho/ros2_ws/src/install/interfaces_pkg/include/interfaces_pkg/interfaces_pkg/msg/detail/motion_command__functions.c
[11.064s] -- Installing: /home/jeanho/ros2_ws/src/install/interfaces_pkg/include/interfaces_pkg/interfaces_pkg/msg/detail/lane_info__struct.h
[11.064s] -- Installing: /home/jeanho/ros2_ws/src/install/interfaces_pkg/include/interfaces_pkg/interfaces_pkg/msg/detail/vector2__functions.h
[11.064s] -- Installing: /home/jeanho/ros2_ws/src/install/interfaces_pkg/include/interfaces_pkg/interfaces_pkg/msg/detail/detection__functions.c
[11.064s] -- Installing: /home/jeanho/ros2_ws/src/install/interfaces_pkg/include/interfaces_pkg/interfaces_pkg/msg/detail/key_point2_d__struct.h
[11.064s] -- Installing: /home/jeanho/ros2_ws/src/install/interfaces_pkg/include/interfaces_pkg/interfaces_pkg/msg/detail/detection__type_support.h
[11.064s] -- Installing: /home/jeanho/ros2_ws/src/install/interfaces_pkg/include/interfaces_pkg/interfaces_pkg/msg/detail/mask__type_support.h
[11.065s] -- Installing: /home/jeanho/ros2_ws/src/install/interfaces_pkg/include/interfaces_pkg/interfaces_pkg/msg/detail/detection_array__struct.h
[11.065s] -- Installing: /home/jeanho/ros2_ws/src/install/interfaces_pkg/include/interfaces_pkg/interfaces_pkg/msg/target_point.h
[11.065s] -- Installing: /home/jeanho/ros2_ws/src/install/interfaces_pkg/include/interfaces_pkg/interfaces_pkg/msg/mask.h
[11.065s] -- Installing: /home/jeanho/ros2_ws/src/install/interfaces_pkg/include/interfaces_pkg/interfaces_pkg/msg/lane_info.h
[11.066s] -- Installing: /home/jeanho/ros2_ws/src/install/interfaces_pkg/include/interfaces_pkg/interfaces_pkg/msg/pose2_d.h
[11.066s] -- Installing: /home/jeanho/ros2_ws/src/install/interfaces_pkg/include/interfaces_pkg/interfaces_pkg/msg/rosidl_generator_c__visibility_control.h
[11.066s] -- Installing: /home/jeanho/ros2_ws/src/install/interfaces_pkg/include/interfaces_pkg/interfaces_pkg/msg/detection_array.h
[11.066s] -- Installing: /home/jeanho/ros2_ws/src/install/interfaces_pkg/include/interfaces_pkg/interfaces_pkg/msg/motion_command.h
[11.066s] -- Installing: /home/jeanho/ros2_ws/src/install/interfaces_pkg/include/interfaces_pkg/interfaces_pkg/msg/detection.h
[11.066s] -- Installing: /home/jeanho/ros2_ws/src/install/interfaces_pkg/include/interfaces_pkg/interfaces_pkg/msg/key_point2_d.h
[11.067s] -- Installing: /home/jeanho/ros2_ws/src/install/interfaces_pkg/include/interfaces_pkg/interfaces_pkg/msg/path_planning_result.h
[11.067s] -- Installing: /home/jeanho/ros2_ws/src/install/interfaces_pkg/include/interfaces_pkg/interfaces_pkg/msg/bounding_box2_d.h
[11.068s] -- Installing: /home/jeanho/ros2_ws/src/install/interfaces_pkg/share/interfaces_pkg/environment/library_path.sh
[11.068s] -- Installing: /home/jeanho/ros2_ws/src/install/interfaces_pkg/share/interfaces_pkg/environment/library_path.dsv
[11.068s] -- Installing: /home/jeanho/ros2_ws/src/install/interfaces_pkg/lib/libinterfaces_pkg__rosidl_generator_c.so
[11.069s] -- Set runtime path of "/home/jeanho/ros2_ws/src/install/interfaces_pkg/lib/libinterfaces_pkg__rosidl_generator_c.so" to ""
[11.069s] -- Up-to-date: /home/jeanho/ros2_ws/src/install/interfaces_pkg/include/interfaces_pkg/interfaces_pkg
[11.069s] -- Up-to-date: /home/jeanho/ros2_ws/src/install/interfaces_pkg/include/interfaces_pkg/interfaces_pkg/msg
[11.069s] -- Up-to-date: /home/jeanho/ros2_ws/src/install/interfaces_pkg/include/interfaces_pkg/interfaces_pkg/msg/detail
[11.069s] -- Installing: /home/jeanho/ros2_ws/src/install/interfaces_pkg/include/interfaces_pkg/interfaces_pkg/msg/detail/pose2_d__rosidl_typesupport_fastrtps_c.h
[11.070s] -- Installing: /home/jeanho/ros2_ws/src/install/interfaces_pkg/include/interfaces_pkg/interfaces_pkg/msg/detail/bounding_box3_d__rosidl_typesupport_fastrtps_c.h
[11.070s] -- Installing: /home/jeanho/ros2_ws/src/install/interfaces_pkg/include/interfaces_pkg/interfaces_pkg/msg/detail/path_planning_result__rosidl_typesupport_fastrtps_c.h
[11.070s] -- Installing: /home/jeanho/ros2_ws/src/install/interfaces_pkg/include/interfaces_pkg/interfaces_pkg/msg/detail/bounding_box2_d__rosidl_typesupport_fastrtps_c.h
[11.070s] -- Installing: /home/jeanho/ros2_ws/src/install/interfaces_pkg/include/interfaces_pkg/interfaces_pkg/msg/detail/detection_array__rosidl_typesupport_fastrtps_c.h
[11.070s] -- Installing: /home/jeanho/ros2_ws/src/install/interfaces_pkg/include/interfaces_pkg/interfaces_pkg/msg/detail/detection__rosidl_typesupport_fastrtps_c.h
[11.071s] -- Installing: /home/jeanho/ros2_ws/src/install/interfaces_pkg/include/interfaces_pkg/interfaces_pkg/msg/detail/vector2__rosidl_typesupport_fastrtps_c.h
[11.071s] -- Installing: /home/jeanho/ros2_ws/src/install/interfaces_pkg/include/interfaces_pkg/interfaces_pkg/msg/detail/point2_d__rosidl_typesupport_fastrtps_c.h
[11.071s] -- Installing: /home/jeanho/ros2_ws/src/install/interfaces_pkg/include/interfaces_pkg/interfaces_pkg/msg/detail/key_point3_d__rosidl_typesupport_fastrtps_c.h
[11.072s] -- Installing: /home/jeanho/ros2_ws/src/install/interfaces_pkg/include/interfaces_pkg/interfaces_pkg/msg/detail/key_point2_d_array__rosidl_typesupport_fastrtps_c.h
[11.072s] -- Installing: /home/jeanho/ros2_ws/src/install/interfaces_pkg/include/interfaces_pkg/interfaces_pkg/msg/detail/motion_command__rosidl_typesupport_fastrtps_c.h
[11.072s] -- Installing: /home/jeanho/ros2_ws/src/install/interfaces_pkg/include/interfaces_pkg/interfaces_pkg/msg/detail/lane_info__rosidl_typesupport_fastrtps_c.h
[11.072s] -- Installing: /home/jeanho/ros2_ws/src/install/interfaces_pkg/include/interfaces_pkg/interfaces_pkg/msg/detail/key_point2_d__rosidl_typesupport_fastrtps_c.h
[11.072s] -- Installing: /home/jeanho/ros2_ws/src/install/interfaces_pkg/include/interfaces_pkg/interfaces_pkg/msg/detail/target_point__rosidl_typesupport_fastrtps_c.h
[11.072s] -- Installing: /home/jeanho/ros2_ws/src/install/interfaces_pkg/include/interfaces_pkg/interfaces_pkg/msg/detail/key_point3_d_array__rosidl_typesupport_fastrtps_c.h
[11.073s] -- Installing: /home/jeanho/ros2_ws/src/install/interfaces_pkg/include/interfaces_pkg/interfaces_pkg/msg/detail/mask__rosidl_typesupport_fastrtps_c.h
[11.073s] -- Installing: /home/jeanho/ros2_ws/src/install/interfaces_pkg/include/interfaces_pkg/interfaces_pkg/msg/rosidl_typesupport_fastrtps_c__visibility_control.h
[11.074s] -- Installing: /home/jeanho/ros2_ws/src/install/interfaces_pkg/lib/libinterfaces_pkg__rosidl_typesupport_fastrtps_c.so
[11.074s] -- Set runtime path of "/home/jeanho/ros2_ws/src/install/interfaces_pkg/lib/libinterfaces_pkg__rosidl_typesupport_fastrtps_c.so" to ""
[11.075s] -- Up-to-date: /home/jeanho/ros2_ws/src/install/interfaces_pkg/include/interfaces_pkg/interfaces_pkg
[11.075s] -- Up-to-date: /home/jeanho/ros2_ws/src/install/interfaces_pkg/include/interfaces_pkg/interfaces_pkg/msg
[11.075s] -- Installing: /home/jeanho/ros2_ws/src/install/interfaces_pkg/include/interfaces_pkg/interfaces_pkg/msg/rosidl_typesupport_introspection_c__visibility_control.h
[11.076s] -- Up-to-date: /home/jeanho/ros2_ws/src/install/interfaces_pkg/include/interfaces_pkg/interfaces_pkg/msg/detail
[11.076s] -- Installing: /home/jeanho/ros2_ws/src/install/interfaces_pkg/include/interfaces_pkg/interfaces_pkg/msg/detail/mask__rosidl_typesupport_introspection_c.h
[11.076s] -- Installing: /home/jeanho/ros2_ws/src/install/interfaces_pkg/include/interfaces_pkg/interfaces_pkg/msg/detail/motion_command__type_support.c
[11.076s] -- Installing: /home/jeanho/ros2_ws/src/install/interfaces_pkg/include/interfaces_pkg/interfaces_pkg/msg/detail/point2_d__rosidl_typesupport_introspection_c.h
[11.076s] -- Installing: /home/jeanho/ros2_ws/src/install/interfaces_pkg/include/interfaces_pkg/interfaces_pkg/msg/detail/key_point3_d__rosidl_typesupport_introspection_c.h
[11.077s] -- Installing: /home/jeanho/ros2_ws/src/install/interfaces_pkg/include/interfaces_pkg/interfaces_pkg/msg/detail/detection_array__type_support.c
[11.077s] -- Installing: /home/jeanho/ros2_ws/src/install/interfaces_pkg/include/interfaces_pkg/interfaces_pkg/msg/detail/detection_array__rosidl_typesupport_introspection_c.h
[11.077s] -- Installing: /home/jeanho/ros2_ws/src/install/interfaces_pkg/include/interfaces_pkg/interfaces_pkg/msg/detail/key_point2_d_array__type_support.c
[11.077s] -- Installing: /home/jeanho/ros2_ws/src/install/interfaces_pkg/include/interfaces_pkg/interfaces_pkg/msg/detail/vector2__type_support.c
[11.077s] -- Installing: /home/jeanho/ros2_ws/src/install/interfaces_pkg/include/interfaces_pkg/interfaces_pkg/msg/detail/key_point3_d_array__rosidl_typesupport_introspection_c.h
[11.077s] -- Installing: /home/jeanho/ros2_ws/src/install/interfaces_pkg/include/interfaces_pkg/interfaces_pkg/msg/detail/point2_d__type_support.c
[11.077s] -- Installing: /home/jeanho/ros2_ws/src/install/interfaces_pkg/include/interfaces_pkg/interfaces_pkg/msg/detail/path_planning_result__rosidl_typesupport_introspection_c.h
[11.077s] -- Installing: /home/jeanho/ros2_ws/src/install/interfaces_pkg/include/interfaces_pkg/interfaces_pkg/msg/detail/key_point3_d_array__type_support.c
[11.077s] -- Installing: /home/jeanho/ros2_ws/src/install/interfaces_pkg/include/interfaces_pkg/interfaces_pkg/msg/detail/pose2_d__type_support.c
[11.078s] -- Installing: /home/jeanho/ros2_ws/src/install/interfaces_pkg/include/interfaces_pkg/interfaces_pkg/msg/detail/pose2_d__rosidl_typesupport_introspection_c.h
[11.078s] -- Installing: /home/jeanho/ros2_ws/src/install/interfaces_pkg/include/interfaces_pkg/interfaces_pkg/msg/detail/lane_info__rosidl_typesupport_introspection_c.h
[11.078s] -- Installing: /home/jeanho/ros2_ws/src/install/interfaces_pkg/include/interfaces_pkg/interfaces_pkg/msg/detail/bounding_box3_d__type_support.c
[11.078s] -- Installing: /home/jeanho/ros2_ws/src/install/interfaces_pkg/include/interfaces_pkg/interfaces_pkg/msg/detail/target_point__type_support.c
[11.079s] -- Installing: /home/jeanho/ros2_ws/src/install/interfaces_pkg/include/interfaces_pkg/interfaces_pkg/msg/detail/bounding_box2_d__type_support.c
[11.079s] -- Installing: /home/jeanho/ros2_ws/src/install/interfaces_pkg/include/interfaces_pkg/interfaces_pkg/msg/detail/path_planning_result__type_support.c
[11.079s] -- Installing: /home/jeanho/ros2_ws/src/install/interfaces_pkg/include/interfaces_pkg/interfaces_pkg/msg/detail/bounding_box3_d__rosidl_typesupport_introspection_c.h
[11.079s] -- Installing: /home/jeanho/ros2_ws/src/install/interfaces_pkg/include/interfaces_pkg/interfaces_pkg/msg/detail/key_point2_d__type_support.c
[11.080s] -- Installing: /home/jeanho/ros2_ws/src/install/interfaces_pkg/include/interfaces_pkg/interfaces_pkg/msg/detail/target_point__rosidl_typesupport_introspection_c.h
[11.080s] -- Installing: /home/jeanho/ros2_ws/src/install/interfaces_pkg/include/interfaces_pkg/interfaces_pkg/msg/detail/key_point2_d_array__rosidl_typesupport_introspection_c.h
[11.080s] -- Installing: /home/jeanho/ros2_ws/src/install/interfaces_pkg/include/interfaces_pkg/interfaces_pkg/msg/detail/vector2__rosidl_typesupport_introspection_c.h
[11.081s] -- Installing: /home/jeanho/ros2_ws/src/install/interfaces_pkg/include/interfaces_pkg/interfaces_pkg/msg/detail/detection__rosidl_typesupport_introspection_c.h
[11.081s] -- Installing: /home/jeanho/ros2_ws/src/install/interfaces_pkg/include/interfaces_pkg/interfaces_pkg/msg/detail/motion_command__rosidl_typesupport_introspection_c.h
[11.081s] -- Installing: /home/jeanho/ros2_ws/src/install/interfaces_pkg/include/interfaces_pkg/interfaces_pkg/msg/detail/key_point3_d__type_support.c
[11.081s] -- Installing: /home/jeanho/ros2_ws/src/install/interfaces_pkg/include/interfaces_pkg/interfaces_pkg/msg/detail/key_point2_d__rosidl_typesupport_introspection_c.h
[11.082s] -- Installing: /home/jeanho/ros2_ws/src/install/interfaces_pkg/include/interfaces_pkg/interfaces_pkg/msg/detail/mask__type_support.c
[11.082s] -- Installing: /home/jeanho/ros2_ws/src/install/interfaces_pkg/include/interfaces_pkg/interfaces_pkg/msg/detail/detection__type_support.c
[11.082s] -- Installing: /home/jeanho/ros2_ws/src/install/interfaces_pkg/include/interfaces_pkg/interfaces_pkg/msg/detail/bounding_box2_d__rosidl_typesupport_introspection_c.h
[11.082s] -- Installing: /home/jeanho/ros2_ws/src/install/interfaces_pkg/include/interfaces_pkg/interfaces_pkg/msg/detail/lane_info__type_support.c
[11.083s] -- Installing: /home/jeanho/ros2_ws/src/install/interfaces_pkg/lib/libinterfaces_pkg__rosidl_typesupport_introspection_c.so
[11.084s] -- Set runtime path of "/home/jeanho/ros2_ws/src/install/interfaces_pkg/lib/libinterfaces_pkg__rosidl_typesupport_introspection_c.so" to ""
[11.084s] -- Installing: /home/jeanho/ros2_ws/src/install/interfaces_pkg/lib/libinterfaces_pkg__rosidl_typesupport_c.so
[11.084s] -- Set runtime path of "/home/jeanho/ros2_ws/src/install/interfaces_pkg/lib/libinterfaces_pkg__rosidl_typesupport_c.so" to ""
[11.084s] -- Up-to-date: /home/jeanho/ros2_ws/src/install/interfaces_pkg/include/interfaces_pkg/interfaces_pkg
[11.085s] -- Up-to-date: /home/jeanho/ros2_ws/src/install/interfaces_pkg/include/interfaces_pkg/interfaces_pkg/msg
[11.085s] -- Installing: /home/jeanho/ros2_ws/src/install/interfaces_pkg/include/interfaces_pkg/interfaces_pkg/msg/motion_command.hpp
[11.085s] -- Installing: /home/jeanho/ros2_ws/src/install/interfaces_pkg/include/interfaces_pkg/interfaces_pkg/msg/key_point2_d_array.hpp
[11.085s] -- Installing: /home/jeanho/ros2_ws/src/install/interfaces_pkg/include/interfaces_pkg/interfaces_pkg/msg/target_point.hpp
[11.085s] -- Installing: /home/jeanho/ros2_ws/src/install/interfaces_pkg/include/interfaces_pkg/interfaces_pkg/msg/point2_d.hpp
[11.085s] -- Installing: /home/jeanho/ros2_ws/src/install/interfaces_pkg/include/interfaces_pkg/interfaces_pkg/msg/key_point3_d_array.hpp
[11.085s] -- Installing: /home/jeanho/ros2_ws/src/install/interfaces_pkg/include/interfaces_pkg/interfaces_pkg/msg/path_planning_result.hpp
[11.086s] -- Up-to-date: /home/jeanho/ros2_ws/src/install/interfaces_pkg/include/interfaces_pkg/interfaces_pkg/msg/detail
[11.086s] -- Installing: /home/jeanho/ros2_ws/src/install/interfaces_pkg/include/interfaces_pkg/interfaces_pkg/msg/detail/bounding_box2_d__traits.hpp
[11.086s] -- Installing: /home/jeanho/ros2_ws/src/install/interfaces_pkg/include/interfaces_pkg/interfaces_pkg/msg/detail/key_point3_d__type_support.hpp
[11.086s] -- Installing: /home/jeanho/ros2_ws/src/install/interfaces_pkg/include/interfaces_pkg/interfaces_pkg/msg/detail/detection_array__type_support.hpp
[11.087s] -- Installing: /home/jeanho/ros2_ws/src/install/interfaces_pkg/include/interfaces_pkg/interfaces_pkg/msg/detail/detection__type_support.hpp
[11.087s] -- Installing: /home/jeanho/ros2_ws/src/install/interfaces_pkg/include/interfaces_pkg/interfaces_pkg/msg/detail/vector2__builder.hpp
[11.087s] -- Installing: /home/jeanho/ros2_ws/src/install/interfaces_pkg/include/interfaces_pkg/interfaces_pkg/msg/detail/key_point2_d__type_support.hpp
[11.087s] -- Installing: /home/jeanho/ros2_ws/src/install/interfaces_pkg/include/interfaces_pkg/interfaces_pkg/msg/detail/key_point3_d_array__builder.hpp
[11.088s] -- Installing: /home/jeanho/ros2_ws/src/install/interfaces_pkg/include/interfaces_pkg/interfaces_pkg/msg/detail/mask__traits.hpp
[11.088s] -- Installing: /home/jeanho/ros2_ws/src/install/interfaces_pkg/include/interfaces_pkg/interfaces_pkg/msg/detail/motion_command__builder.hpp
[11.088s] -- Installing: /home/jeanho/ros2_ws/src/install/interfaces_pkg/include/interfaces_pkg/interfaces_pkg/msg/detail/motion_command__traits.hpp
[11.088s] -- Installing: /home/jeanho/ros2_ws/src/install/interfaces_pkg/include/interfaces_pkg/interfaces_pkg/msg/detail/pose2_d__type_support.hpp
[11.088s] -- Installing: /home/jeanho/ros2_ws/src/install/interfaces_pkg/include/interfaces_pkg/interfaces_pkg/msg/detail/key_point2_d_array__builder.hpp
[11.088s] -- Installing: /home/jeanho/ros2_ws/src/install/interfaces_pkg/include/interfaces_pkg/interfaces_pkg/msg/detail/key_point3_d_array__traits.hpp
[11.089s] -- Installing: /home/jeanho/ros2_ws/src/install/interfaces_pkg/include/interfaces_pkg/interfaces_pkg/msg/detail/bounding_box2_d__builder.hpp
[11.089s] -- Installing: /home/jeanho/ros2_ws/src/install/interfaces_pkg/include/interfaces_pkg/interfaces_pkg/msg/detail/mask__builder.hpp
[11.089s] -- Installing: /home/jeanho/ros2_ws/src/install/interfaces_pkg/include/interfaces_pkg/interfaces_pkg/msg/detail/key_point3_d_array__type_support.hpp
[11.090s] -- Installing: /home/jeanho/ros2_ws/src/install/interfaces_pkg/include/interfaces_pkg/interfaces_pkg/msg/detail/lane_info__builder.hpp
[11.090s] -- Installing: /home/jeanho/ros2_ws/src/install/interfaces_pkg/include/interfaces_pkg/interfaces_pkg/msg/detail/target_point__builder.hpp
[11.090s] -- Installing: /home/jeanho/ros2_ws/src/install/interfaces_pkg/include/interfaces_pkg/interfaces_pkg/msg/detail/vector2__struct.hpp
[11.090s] -- Installing: /home/jeanho/ros2_ws/src/install/interfaces_pkg/include/interfaces_pkg/interfaces_pkg/msg/detail/bounding_box3_d__struct.hpp
[11.091s] -- Installing: /home/jeanho/ros2_ws/src/install/interfaces_pkg/include/interfaces_pkg/interfaces_pkg/msg/detail/target_point__traits.hpp
[11.091s] -- Installing: /home/jeanho/ros2_ws/src/install/interfaces_pkg/include/interfaces_pkg/interfaces_pkg/msg/detail/key_point3_d__builder.hpp
[11.091s] -- Installing: /home/jeanho/ros2_ws/src/install/interfaces_pkg/include/interfaces_pkg/interfaces_pkg/msg/detail/point2_d__builder.hpp
[11.091s] -- Installing: /home/jeanho/ros2_ws/src/install/interfaces_pkg/include/interfaces_pkg/interfaces_pkg/msg/detail/vector2__type_support.hpp
[11.092s] -- Installing: /home/jeanho/ros2_ws/src/install/interfaces_pkg/include/interfaces_pkg/interfaces_pkg/msg/detail/bounding_box3_d__type_support.hpp
[11.092s] -- Installing: /home/jeanho/ros2_ws/src/install/interfaces_pkg/include/interfaces_pkg/interfaces_pkg/msg/detail/key_point2_d_array__traits.hpp
[11.092s] -- Installing: /home/jeanho/ros2_ws/src/install/interfaces_pkg/include/interfaces_pkg/interfaces_pkg/msg/detail/detection_array__builder.hpp
[11.092s] -- Installing: /home/jeanho/ros2_ws/src/install/interfaces_pkg/include/interfaces_pkg/interfaces_pkg/msg/detail/motion_command__struct.hpp
[11.092s] -- Installing: /home/jeanho/ros2_ws/src/install/interfaces_pkg/include/interfaces_pkg/interfaces_pkg/msg/detail/path_planning_result__type_support.hpp
[11.093s] -- Installing: /home/jeanho/ros2_ws/src/install/interfaces_pkg/include/interfaces_pkg/interfaces_pkg/msg/detail/lane_info__struct.hpp
[11.093s] -- Installing: /home/jeanho/ros2_ws/src/install/interfaces_pkg/include/interfaces_pkg/interfaces_pkg/msg/detail/key_point3_d_array__struct.hpp
[11.093s] -- Installing: /home/jeanho/ros2_ws/src/install/interfaces_pkg/include/interfaces_pkg/interfaces_pkg/msg/detail/detection__builder.hpp
[11.094s] -- Installing: /home/jeanho/ros2_ws/src/install/interfaces_pkg/include/interfaces_pkg/interfaces_pkg/msg/detail/bounding_box3_d__traits.hpp
[11.094s] -- Installing: /home/jeanho/ros2_ws/src/install/interfaces_pkg/include/interfaces_pkg/interfaces_pkg/msg/detail/key_point3_d__struct.hpp
[11.094s] -- Installing: /home/jeanho/ros2_ws/src/install/interfaces_pkg/include/interfaces_pkg/interfaces_pkg/msg/detail/detection_array__struct.hpp
[11.094s] -- Installing: /home/jeanho/ros2_ws/src/install/interfaces_pkg/include/interfaces_pkg/interfaces_pkg/msg/detail/lane_info__traits.hpp
[11.094s] -- Installing: /home/jeanho/ros2_ws/src/install/interfaces_pkg/include/interfaces_pkg/interfaces_pkg/msg/detail/motion_command__type_support.hpp
[11.094s] -- Installing: /home/jeanho/ros2_ws/src/install/interfaces_pkg/include/interfaces_pkg/interfaces_pkg/msg/detail/lane_info__type_support.hpp
[11.095s] -- Installing: /home/jeanho/ros2_ws/src/install/interfaces_pkg/include/interfaces_pkg/interfaces_pkg/msg/detail/pose2_d__struct.hpp
[11.095s] -- Installing: /home/jeanho/ros2_ws/src/install/interfaces_pkg/include/interfaces_pkg/interfaces_pkg/msg/detail/mask__type_support.hpp
[11.095s] -- Installing: /home/jeanho/ros2_ws/src/install/interfaces_pkg/include/interfaces_pkg/interfaces_pkg/msg/detail/key_point2_d__struct.hpp
[11.095s] -- Installing: /home/jeanho/ros2_ws/src/install/interfaces_pkg/include/interfaces_pkg/interfaces_pkg/msg/detail/path_planning_result__struct.hpp
[11.095s] -- Installing: /home/jeanho/ros2_ws/src/install/interfaces_pkg/include/interfaces_pkg/interfaces_pkg/msg/detail/point2_d__struct.hpp
[11.096s] -- Installing: /home/jeanho/ros2_ws/src/install/interfaces_pkg/include/interfaces_pkg/interfaces_pkg/msg/detail/mask__struct.hpp
[11.096s] -- Installing: /home/jeanho/ros2_ws/src/install/interfaces_pkg/include/interfaces_pkg/interfaces_pkg/msg/detail/target_point__struct.hpp
[11.096s] -- Installing: /home/jeanho/ros2_ws/src/install/interfaces_pkg/include/interfaces_pkg/interfaces_pkg/msg/detail/vector2__traits.hpp
[11.096s] -- Installing: /home/jeanho/ros2_ws/src/install/interfaces_pkg/include/interfaces_pkg/interfaces_pkg/msg/detail/pose2_d__builder.hpp
[11.097s] -- Installing: /home/jeanho/ros2_ws/src/install/interfaces_pkg/include/interfaces_pkg/interfaces_pkg/msg/detail/detection_array__traits.hpp
[11.097s] -- Installing: /home/jeanho/ros2_ws/src/install/interfaces_pkg/include/interfaces_pkg/interfaces_pkg/msg/detail/detection__traits.hpp
[11.097s] -- Installing: /home/jeanho/ros2_ws/src/install/interfaces_pkg/include/interfaces_pkg/interfaces_pkg/msg/detail/path_planning_result__traits.hpp
[11.097s] -- Installing: /home/jeanho/ros2_ws/src/install/interfaces_pkg/include/interfaces_pkg/interfaces_pkg/msg/detail/key_point2_d__builder.hpp
[11.097s] -- Installing: /home/jeanho/ros2_ws/src/install/interfaces_pkg/include/interfaces_pkg/interfaces_pkg/msg/detail/target_point__type_support.hpp
[11.098s] -- Installing: /home/jeanho/ros2_ws/src/install/interfaces_pkg/include/interfaces_pkg/interfaces_pkg/msg/detail/bounding_box2_d__struct.hpp
[11.098s] -- Installing: /home/jeanho/ros2_ws/src/install/interfaces_pkg/include/interfaces_pkg/interfaces_pkg/msg/detail/bounding_box3_d__builder.hpp
[11.098s] -- Installing: /home/jeanho/ros2_ws/src/install/interfaces_pkg/include/interfaces_pkg/interfaces_pkg/msg/detail/key_point2_d_array__struct.hpp
[11.098s] -- Installing: /home/jeanho/ros2_ws/src/install/interfaces_pkg/include/interfaces_pkg/interfaces_pkg/msg/detail/detection__struct.hpp
[11.099s] -- Installing: /home/jeanho/ros2_ws/src/install/interfaces_pkg/include/interfaces_pkg/interfaces_pkg/msg/detail/key_point2_d__traits.hpp
[11.099s] -- Installing: /home/jeanho/ros2_ws/src/install/interfaces_pkg/include/interfaces_pkg/interfaces_pkg/msg/detail/key_point3_d__traits.hpp
[11.099s] -- Installing: /home/jeanho/ros2_ws/src/install/interfaces_pkg/include/interfaces_pkg/interfaces_pkg/msg/detail/point2_d__traits.hpp
[11.099s] -- Installing: /home/jeanho/ros2_ws/src/install/interfaces_pkg/include/interfaces_pkg/interfaces_pkg/msg/detail/key_point2_d_array__type_support.hpp
[11.099s] -- Installing: /home/jeanho/ros2_ws/src/install/interfaces_pkg/include/interfaces_pkg/interfaces_pkg/msg/detail/path_planning_result__builder.hpp
[11.100s] -- Installing: /home/jeanho/ros2_ws/src/install/interfaces_pkg/include/interfaces_pkg/interfaces_pkg/msg/detail/bounding_box2_d__type_support.hpp
[11.100s] -- Installing: /home/jeanho/ros2_ws/src/install/interfaces_pkg/include/interfaces_pkg/interfaces_pkg/msg/detail/pose2_d__traits.hpp
[11.100s] -- Installing: /home/jeanho/ros2_ws/src/install/interfaces_pkg/include/interfaces_pkg/interfaces_pkg/msg/detail/point2_d__type_support.hpp
[11.101s] -- Installing: /home/jeanho/ros2_ws/src/install/interfaces_pkg/include/interfaces_pkg/interfaces_pkg/msg/vector2.hpp
[11.101s] -- Installing: /home/jeanho/ros2_ws/src/install/interfaces_pkg/include/interfaces_pkg/interfaces_pkg/msg/key_point3_d.hpp
[11.101s] -- Installing: /home/jeanho/ros2_ws/src/install/interfaces_pkg/include/interfaces_pkg/interfaces_pkg/msg/rosidl_generator_cpp__visibility_control.hpp
[11.101s] -- Installing: /home/jeanho/ros2_ws/src/install/interfaces_pkg/include/interfaces_pkg/interfaces_pkg/msg/detection.hpp
[11.102s] -- Installing: /home/jeanho/ros2_ws/src/install/interfaces_pkg/include/interfaces_pkg/interfaces_pkg/msg/detection_array.hpp
[11.102s] -- Installing: /home/jeanho/ros2_ws/src/install/interfaces_pkg/include/interfaces_pkg/interfaces_pkg/msg/pose2_d.hpp
[11.102s] -- Installing: /home/jeanho/ros2_ws/src/install/interfaces_pkg/include/interfaces_pkg/interfaces_pkg/msg/mask.hpp
[11.102s] -- Installing: /home/jeanho/ros2_ws/src/install/interfaces_pkg/include/interfaces_pkg/interfaces_pkg/msg/bounding_box2_d.hpp
[11.102s] -- Installing: /home/jeanho/ros2_ws/src/install/interfaces_pkg/include/interfaces_pkg/interfaces_pkg/msg/bounding_box3_d.hpp
[11.102s] -- Installing: /home/jeanho/ros2_ws/src/install/interfaces_pkg/include/interfaces_pkg/interfaces_pkg/msg/lane_info.hpp
[11.102s] -- Installing: /home/jeanho/ros2_ws/src/install/interfaces_pkg/include/interfaces_pkg/interfaces_pkg/msg/key_point2_d.hpp
[11.103s] -- Up-to-date: /home/jeanho/ros2_ws/src/install/interfaces_pkg/include/interfaces_pkg/interfaces_pkg
[11.103s] -- Up-to-date: /home/jeanho/ros2_ws/src/install/interfaces_pkg/include/interfaces_pkg/interfaces_pkg/msg
[11.103s] -- Installing: /home/jeanho/ros2_ws/src/install/interfaces_pkg/include/interfaces_pkg/interfaces_pkg/msg/rosidl_typesupport_fastrtps_cpp__visibility_control.h
[11.103s] -- Up-to-date: /home/jeanho/ros2_ws/src/install/interfaces_pkg/include/interfaces_pkg/interfaces_pkg/msg/detail
[11.103s] -- Installing: /home/jeanho/ros2_ws/src/install/interfaces_pkg/include/interfaces_pkg/interfaces_pkg/msg/detail/key_point3_d__rosidl_typesupport_fastrtps_cpp.hpp
[11.103s] -- Installing: /home/jeanho/ros2_ws/src/install/interfaces_pkg/include/interfaces_pkg/interfaces_pkg/msg/detail/pose2_d__rosidl_typesupport_fastrtps_cpp.hpp
[11.103s] -- Installing: /home/jeanho/ros2_ws/src/install/interfaces_pkg/include/interfaces_pkg/interfaces_pkg/msg/detail/key_point2_d__rosidl_typesupport_fastrtps_cpp.hpp
[11.103s] -- Installing: /home/jeanho/ros2_ws/src/install/interfaces_pkg/include/interfaces_pkg/interfaces_pkg/msg/detail/detection_array__rosidl_typesupport_fastrtps_cpp.hpp
[11.103s] -- Installing: /home/jeanho/ros2_ws/src/install/interfaces_pkg/include/interfaces_pkg/interfaces_pkg/msg/detail/bounding_box2_d__rosidl_typesupport_fastrtps_cpp.hpp
[11.103s] -- Installing: /home/jeanho/ros2_ws/src/install/interfaces_pkg/include/interfaces_pkg/interfaces_pkg/msg/detail/bounding_box3_d__rosidl_typesupport_fastrtps_cpp.hpp
[11.103s] -- Installing: /home/jeanho/ros2_ws/src/install/interfaces_pkg/include/interfaces_pkg/interfaces_pkg/msg/detail/detection__rosidl_typesupport_fastrtps_cpp.hpp
[11.103s] -- Installing: /home/jeanho/ros2_ws/src/install/interfaces_pkg/include/interfaces_pkg/interfaces_pkg/msg/detail/mask__rosidl_typesupport_fastrtps_cpp.hpp
[11.103s] -- Installing: /home/jeanho/ros2_ws/src/install/interfaces_pkg/include/interfaces_pkg/interfaces_pkg/msg/detail/point2_d__rosidl_typesupport_fastrtps_cpp.hpp
[11.103s] -- Installing: /home/jeanho/ros2_ws/src/install/interfaces_pkg/include/interfaces_pkg/interfaces_pkg/msg/detail/lane_info__rosidl_typesupport_fastrtps_cpp.hpp
[11.103s] -- Installing: /home/jeanho/ros2_ws/src/install/interfaces_pkg/include/interfaces_pkg/interfaces_pkg/msg/detail/target_point__rosidl_typesupport_fastrtps_cpp.hpp
[11.103s] -- Installing: /home/jeanho/ros2_ws/src/install/interfaces_pkg/include/interfaces_pkg/interfaces_pkg/msg/detail/vector2__rosidl_typesupport_fastrtps_cpp.hpp
[11.103s] -- Installing: /home/jeanho/ros2_ws/src/install/interfaces_pkg/include/interfaces_pkg/interfaces_pkg/msg/detail/key_point2_d_array__rosidl_typesupport_fastrtps_cpp.hpp
[11.103s] -- Installing: /home/jeanho/ros2_ws/src/install/interfaces_pkg/include/interfaces_pkg/interfaces_pkg/msg/detail/key_point3_d_array__rosidl_typesupport_fastrtps_cpp.hpp
[11.104s] -- Installing: /home/jeanho/ros2_ws/src/install/interfaces_pkg/include/interfaces_pkg/interfaces_pkg/msg/detail/motion_command__rosidl_typesupport_fastrtps_cpp.hpp
[11.104s] -- Installing: /home/jeanho/ros2_ws/src/install/interfaces_pkg/include/interfaces_pkg/interfaces_pkg/msg/detail/path_planning_result__rosidl_typesupport_fastrtps_cpp.hpp
[11.104s] -- Installing: /home/jeanho/ros2_ws/src/install/interfaces_pkg/include/interfaces_pkg/interfaces_pkg/msg/detail/dds_fastrtps
[11.104s] -- Installing: /home/jeanho/ros2_ws/src/install/interfaces_pkg/lib/libinterfaces_pkg__rosidl_typesupport_fastrtps_cpp.so
[11.105s] -- Set runtime path of "/home/jeanho/ros2_ws/src/install/interfaces_pkg/lib/libinterfaces_pkg__rosidl_typesupport_fastrtps_cpp.so" to ""
[11.105s] -- Up-to-date: /home/jeanho/ros2_ws/src/install/interfaces_pkg/include/interfaces_pkg/interfaces_pkg
[11.105s] -- Up-to-date: /home/jeanho/ros2_ws/src/install/interfaces_pkg/include/interfaces_pkg/interfaces_pkg/msg
[11.106s] -- Up-to-date: /home/jeanho/ros2_ws/src/install/interfaces_pkg/include/interfaces_pkg/interfaces_pkg/msg/detail
[11.106s] -- Installing: /home/jeanho/ros2_ws/src/install/interfaces_pkg/include/interfaces_pkg/interfaces_pkg/msg/detail/target_point__rosidl_typesupport_introspection_cpp.hpp
[11.106s] -- Installing: /home/jeanho/ros2_ws/src/install/interfaces_pkg/include/interfaces_pkg/interfaces_pkg/msg/detail/point2_d__rosidl_typesupport_introspection_cpp.hpp
[11.106s] -- Installing: /home/jeanho/ros2_ws/src/install/interfaces_pkg/include/interfaces_pkg/interfaces_pkg/msg/detail/target_point__type_support.cpp
[11.106s] -- Installing: /home/jeanho/ros2_ws/src/install/interfaces_pkg/include/interfaces_pkg/interfaces_pkg/msg/detail/pose2_d__type_support.cpp
[11.107s] -- Installing: /home/jeanho/ros2_ws/src/install/interfaces_pkg/include/interfaces_pkg/interfaces_pkg/msg/detail/pose2_d__rosidl_typesupport_introspection_cpp.hpp
[11.107s] -- Installing: /home/jeanho/ros2_ws/src/install/interfaces_pkg/include/interfaces_pkg/interfaces_pkg/msg/detail/bounding_box3_d__type_support.cpp
[11.107s] -- Installing: /home/jeanho/ros2_ws/src/install/interfaces_pkg/include/interfaces_pkg/interfaces_pkg/msg/detail/detection_array__rosidl_typesupport_introspection_cpp.hpp
[11.107s] -- Installing: /home/jeanho/ros2_ws/src/install/interfaces_pkg/include/interfaces_pkg/interfaces_pkg/msg/detail/key_point2_d_array__type_support.cpp
[11.107s] -- Installing: /home/jeanho/ros2_ws/src/install/interfaces_pkg/include/interfaces_pkg/interfaces_pkg/msg/detail/point2_d__type_support.cpp
[11.107s] -- Installing: /home/jeanho/ros2_ws/src/install/interfaces_pkg/include/interfaces_pkg/interfaces_pkg/msg/detail/bounding_box3_d__rosidl_typesupport_introspection_cpp.hpp
[11.108s] -- Installing: /home/jeanho/ros2_ws/src/install/interfaces_pkg/include/interfaces_pkg/interfaces_pkg/msg/detail/key_point3_d__rosidl_typesupport_introspection_cpp.hpp
[11.108s] -- Installing: /home/jeanho/ros2_ws/src/install/interfaces_pkg/include/interfaces_pkg/interfaces_pkg/msg/detail/path_planning_result__type_support.cpp
[11.108s] -- Installing: /home/jeanho/ros2_ws/src/install/interfaces_pkg/include/interfaces_pkg/interfaces_pkg/msg/detail/bounding_box2_d__type_support.cpp
[11.108s] -- Installing: /home/jeanho/ros2_ws/src/install/interfaces_pkg/include/interfaces_pkg/interfaces_pkg/msg/detail/key_point3_d__type_support.cpp
[11.108s] -- Installing: /home/jeanho/ros2_ws/src/install/interfaces_pkg/include/interfaces_pkg/interfaces_pkg/msg/detail/path_planning_result__rosidl_typesupport_introspection_cpp.hpp
[11.109s] -- Installing: /home/jeanho/ros2_ws/src/install/interfaces_pkg/include/interfaces_pkg/interfaces_pkg/msg/detail/key_point2_d_array__rosidl_typesupport_introspection_cpp.hpp
[11.109s] -- Installing: /home/jeanho/ros2_ws/src/install/interfaces_pkg/include/interfaces_pkg/interfaces_pkg/msg/detail/key_point3_d_array__rosidl_typesupport_introspection_cpp.hpp
[11.109s] -- Installing: /home/jeanho/ros2_ws/src/install/interfaces_pkg/include/interfaces_pkg/interfaces_pkg/msg/detail/key_point2_d__rosidl_typesupport_introspection_cpp.hpp
[11.109s] -- Installing: /home/jeanho/ros2_ws/src/install/interfaces_pkg/include/interfaces_pkg/interfaces_pkg/msg/detail/key_point2_d__type_support.cpp
[11.109s] -- Installing: /home/jeanho/ros2_ws/src/install/interfaces_pkg/include/interfaces_pkg/interfaces_pkg/msg/detail/motion_command__type_support.cpp
[11.109s] -- Installing: /home/jeanho/ros2_ws/src/install/interfaces_pkg/include/interfaces_pkg/interfaces_pkg/msg/detail/lane_info__rosidl_typesupport_introspection_cpp.hpp
[11.109s] -- Installing: /home/jeanho/ros2_ws/src/install/interfaces_pkg/include/interfaces_pkg/interfaces_pkg/msg/detail/detection__rosidl_typesupport_introspection_cpp.hpp
[11.110s] -- Installing: /home/jeanho/ros2_ws/src/install/interfaces_pkg/include/interfaces_pkg/interfaces_pkg/msg/detail/mask__rosidl_typesupport_introspection_cpp.hpp
[11.110s] -- Installing: /home/jeanho/ros2_ws/src/install/interfaces_pkg/include/interfaces_pkg/interfaces_pkg/msg/detail/bounding_box2_d__rosidl_typesupport_introspection_cpp.hpp
[11.110s] -- Installing: /home/jeanho/ros2_ws/src/install/interfaces_pkg/include/interfaces_pkg/interfaces_pkg/msg/detail/detection__type_support.cpp
[11.110s] -- Installing: /home/jeanho/ros2_ws/src/install/interfaces_pkg/include/interfaces_pkg/interfaces_pkg/msg/detail/mask__type_support.cpp
[11.110s] -- Installing: /home/jeanho/ros2_ws/src/install/interfaces_pkg/include/interfaces_pkg/interfaces_pkg/msg/detail/vector2__rosidl_typesupport_introspection_cpp.hpp
[11.111s] -- Installing: /home/jeanho/ros2_ws/src/install/interfaces_pkg/include/interfaces_pkg/interfaces_pkg/msg/detail/vector2__type_support.cpp
[11.111s] -- Installing: /home/jeanho/ros2_ws/src/install/interfaces_pkg/include/interfaces_pkg/interfaces_pkg/msg/detail/lane_info__type_support.cpp
[11.111s] -- Installing: /home/jeanho/ros2_ws/src/install/interfaces_pkg/include/interfaces_pkg/interfaces_pkg/msg/detail/motion_command__rosidl_typesupport_introspection_cpp.hpp
[11.111s] -- Installing: /home/jeanho/ros2_ws/src/install/interfaces_pkg/include/interfaces_pkg/interfaces_pkg/msg/detail/key_point3_d_array__type_support.cpp
[11.111s] -- Installing: /home/jeanho/ros2_ws/src/install/interfaces_pkg/include/interfaces_pkg/interfaces_pkg/msg/detail/detection_array__type_support.cpp
[11.111s] -- Installing: /home/jeanho/ros2_ws/src/install/interfaces_pkg/lib/libinterfaces_pkg__rosidl_typesupport_introspection_cpp.so
[11.111s] -- Set runtime path of "/home/jeanho/ros2_ws/src/install/interfaces_pkg/lib/libinterfaces_pkg__rosidl_typesupport_introspection_cpp.so" to ""
[11.111s] -- Installing: /home/jeanho/ros2_ws/src/install/interfaces_pkg/lib/libinterfaces_pkg__rosidl_typesupport_cpp.so
[11.111s] -- Set runtime path of "/home/jeanho/ros2_ws/src/install/interfaces_pkg/lib/libinterfaces_pkg__rosidl_typesupport_cpp.so" to ""
[11.111s] -- Installing: /home/jeanho/ros2_ws/src/install/interfaces_pkg/share/interfaces_pkg/environment/pythonpath.sh
[11.111s] -- Installing: /home/jeanho/ros2_ws/src/install/interfaces_pkg/share/interfaces_pkg/environment/pythonpath.dsv
[11.111s] -- Installing: /home/jeanho/ros2_ws/src/install/interfaces_pkg/local/lib/python3.10/dist-packages/interfaces_pkg-0.0.0-py3.10.egg-info
[11.111s] -- Installing: /home/jeanho/ros2_ws/src/install/interfaces_pkg/local/lib/python3.10/dist-packages/interfaces_pkg-0.0.0-py3.10.egg-info/dependency_links.txt
[11.111s] -- Installing: /home/jeanho/ros2_ws/src/install/interfaces_pkg/local/lib/python3.10/dist-packages/interfaces_pkg-0.0.0-py3.10.egg-info/PKG-INFO
[11.111s] -- Installing: /home/jeanho/ros2_ws/src/install/interfaces_pkg/local/lib/python3.10/dist-packages/interfaces_pkg-0.0.0-py3.10.egg-info/SOURCES.txt
[11.111s] -- Installing: /home/jeanho/ros2_ws/src/install/interfaces_pkg/local/lib/python3.10/dist-packages/interfaces_pkg-0.0.0-py3.10.egg-info/top_level.txt
[11.112s] -- Installing: /home/jeanho/ros2_ws/src/install/interfaces_pkg/local/lib/python3.10/dist-packages/interfaces_pkg
[11.112s] -- Installing: /home/jeanho/ros2_ws/src/install/interfaces_pkg/local/lib/python3.10/dist-packages/interfaces_pkg/_interfaces_pkg_s.ep.rosidl_typesupport_fastrtps_c.c
[11.112s] -- Installing: /home/jeanho/ros2_ws/src/install/interfaces_pkg/local/lib/python3.10/dist-packages/interfaces_pkg/__init__.py
[11.112s] -- Installing: /home/jeanho/ros2_ws/src/install/interfaces_pkg/local/lib/python3.10/dist-packages/interfaces_pkg/interfaces_pkg_s__rosidl_typesupport_introspection_c.cpython-310-x86_64-linux-gnu.so
[11.112s] -- Installing: /home/jeanho/ros2_ws/src/install/interfaces_pkg/local/lib/python3.10/dist-packages/interfaces_pkg/_interfaces_pkg_s.ep.rosidl_typesupport_introspection_c.c
[11.112s] -- Installing: /home/jeanho/ros2_ws/src/install/interfaces_pkg/local/lib/python3.10/dist-packages/interfaces_pkg/_interfaces_pkg_s.ep.rosidl_typesupport_c.c
[11.112s] -- Installing: /home/jeanho/ros2_ws/src/install/interfaces_pkg/local/lib/python3.10/dist-packages/interfaces_pkg/msg
[11.112s] -- Installing: /home/jeanho/ros2_ws/src/install/interfaces_pkg/local/lib/python3.10/dist-packages/interfaces_pkg/msg/_bounding_box2_d.py
[11.112s] -- Installing: /home/jeanho/ros2_ws/src/install/interfaces_pkg/local/lib/python3.10/dist-packages/interfaces_pkg/msg/_detection_array_s.c
[11.113s] -- Installing: /home/jeanho/ros2_ws/src/install/interfaces_pkg/local/lib/python3.10/dist-packages/interfaces_pkg/msg/_key_point3_d.py
[11.113s] -- Installing: /home/jeanho/ros2_ws/src/install/interfaces_pkg/local/lib/python3.10/dist-packages/interfaces_pkg/msg/_key_point2_d_array_s.c
[11.113s] -- Installing: /home/jeanho/ros2_ws/src/install/interfaces_pkg/local/lib/python3.10/dist-packages/interfaces_pkg/msg/_motion_command.py
[11.113s] -- Installing: /home/jeanho/ros2_ws/src/install/interfaces_pkg/local/lib/python3.10/dist-packages/interfaces_pkg/msg/_vector2.py
[11.113s] -- Installing: /home/jeanho/ros2_ws/src/install/interfaces_pkg/local/lib/python3.10/dist-packages/interfaces_pkg/msg/_path_planning_result.py
[11.114s] -- Installing: /home/jeanho/ros2_ws/src/install/interfaces_pkg/local/lib/python3.10/dist-packages/interfaces_pkg/msg/_lane_info_s.c
[11.114s] -- Installing: /home/jeanho/ros2_ws/src/install/interfaces_pkg/local/lib/python3.10/dist-packages/interfaces_pkg/msg/_pose2_d.py
[11.114s] -- Installing: /home/jeanho/ros2_ws/src/install/interfaces_pkg/local/lib/python3.10/dist-packages/interfaces_pkg/msg/_motion_command_s.c
[11.115s] -- Installing: /home/jeanho/ros2_ws/src/install/interfaces_pkg/local/lib/python3.10/dist-packages/interfaces_pkg/msg/__init__.py
[11.115s] -- Installing: /home/jeanho/ros2_ws/src/install/interfaces_pkg/local/lib/python3.10/dist-packages/interfaces_pkg/msg/_bounding_box3_d.py
[11.115s] -- Installing: /home/jeanho/ros2_ws/src/install/interfaces_pkg/local/lib/python3.10/dist-packages/interfaces_pkg/msg/_key_point2_d_s.c
[11.115s] -- Installing: /home/jeanho/ros2_ws/src/install/interfaces_pkg/local/lib/python3.10/dist-packages/interfaces_pkg/msg/_key_point3_d_s.c
[11.115s] -- Installing: /home/jeanho/ros2_ws/src/install/interfaces_pkg/local/lib/python3.10/dist-packages/interfaces_pkg/msg/_bounding_box2_d_s.c
[11.116s] -- Installing: /home/jeanho/ros2_ws/src/install/interfaces_pkg/local/lib/python3.10/dist-packages/interfaces_pkg/msg/_bounding_box3_d_s.c
[11.116s] -- Installing: /home/jeanho/ros2_ws/src/install/interfaces_pkg/local/lib/python3.10/dist-packages/interfaces_pkg/msg/_pose2_d_s.c
[11.116s] -- Installing: /home/jeanho/ros2_ws/src/install/interfaces_pkg/local/lib/python3.10/dist-packages/interfaces_pkg/msg/_key_point2_d_array.py
[11.116s] -- Installing: /home/jeanho/ros2_ws/src/install/interfaces_pkg/local/lib/python3.10/dist-packages/interfaces_pkg/msg/_vector2_s.c
[11.116s] -- Installing: /home/jeanho/ros2_ws/src/install/interfaces_pkg/local/lib/python3.10/dist-packages/interfaces_pkg/msg/_mask_s.c
[11.116s] -- Installing: /home/jeanho/ros2_ws/src/install/interfaces_pkg/local/lib/python3.10/dist-packages/interfaces_pkg/msg/_target_point.py
[11.116s] -- Installing: /home/jeanho/ros2_ws/src/install/interfaces_pkg/local/lib/python3.10/dist-packages/interfaces_pkg/msg/_target_point_s.c
[11.116s] -- Installing: /home/jeanho/ros2_ws/src/install/interfaces_pkg/local/lib/python3.10/dist-packages/interfaces_pkg/msg/_detection_s.c
[11.116s] -- Installing: /home/jeanho/ros2_ws/src/install/interfaces_pkg/local/lib/python3.10/dist-packages/interfaces_pkg/msg/_mask.py
[11.116s] -- Installing: /home/jeanho/ros2_ws/src/install/interfaces_pkg/local/lib/python3.10/dist-packages/interfaces_pkg/msg/_key_point3_d_array_s.c
[11.116s] -- Installing: /home/jeanho/ros2_ws/src/install/interfaces_pkg/local/lib/python3.10/dist-packages/interfaces_pkg/msg/_detection_array.py
[11.117s] -- Installing: /home/jeanho/ros2_ws/src/install/interfaces_pkg/local/lib/python3.10/dist-packages/interfaces_pkg/msg/_key_point3_d_array.py
[11.117s] -- Installing: /home/jeanho/ros2_ws/src/install/interfaces_pkg/local/lib/python3.10/dist-packages/interfaces_pkg/msg/_key_point2_d.py
[11.117s] -- Installing: /home/jeanho/ros2_ws/src/install/interfaces_pkg/local/lib/python3.10/dist-packages/interfaces_pkg/msg/_detection.py
[11.117s] -- Installing: /home/jeanho/ros2_ws/src/install/interfaces_pkg/local/lib/python3.10/dist-packages/interfaces_pkg/msg/_path_planning_result_s.c
[11.118s] -- Installing: /home/jeanho/ros2_ws/src/install/interfaces_pkg/local/lib/python3.10/dist-packages/interfaces_pkg/msg/_point2_d_s.c
[11.118s] -- Installing: /home/jeanho/ros2_ws/src/install/interfaces_pkg/local/lib/python3.10/dist-packages/interfaces_pkg/msg/_point2_d.py
[11.118s] -- Installing: /home/jeanho/ros2_ws/src/install/interfaces_pkg/local/lib/python3.10/dist-packages/interfaces_pkg/msg/_lane_info.py
[11.118s] -- Installing: /home/jeanho/ros2_ws/src/install/interfaces_pkg/local/lib/python3.10/dist-packages/interfaces_pkg/interfaces_pkg_s__rosidl_typesupport_fastrtps_c.cpython-310-x86_64-linux-gnu.so
[11.119s] -- Installing: /home/jeanho/ros2_ws/src/install/interfaces_pkg/local/lib/python3.10/dist-packages/interfaces_pkg/interfaces_pkg_s__rosidl_typesupport_c.cpython-310-x86_64-linux-gnu.so
[11.119s] -- Installing: /home/jeanho/ros2_ws/src/install/interfaces_pkg/local/lib/python3.10/dist-packages/interfaces_pkg/libinterfaces_pkg__rosidl_generator_py.so
[11.158s] Listing '/home/jeanho/ros2_ws/src/install/interfaces_pkg/local/lib/python3.10/dist-packages/interfaces_pkg'...
[11.158s] Compiling '/home/jeanho/ros2_ws/src/install/interfaces_pkg/local/lib/python3.10/dist-packages/interfaces_pkg/__init__.py'...
[11.158s] Listing '/home/jeanho/ros2_ws/src/install/interfaces_pkg/local/lib/python3.10/dist-packages/interfaces_pkg/msg'...
[11.158s] Compiling '/home/jeanho/ros2_ws/src/install/interfaces_pkg/local/lib/python3.10/dist-packages/interfaces_pkg/msg/__init__.py'...
[11.158s] Compiling '/home/jeanho/ros2_ws/src/install/interfaces_pkg/local/lib/python3.10/dist-packages/interfaces_pkg/msg/_bounding_box2_d.py'...
[11.158s] Compiling '/home/jeanho/ros2_ws/src/install/interfaces_pkg/local/lib/python3.10/dist-packages/interfaces_pkg/msg/_bounding_box3_d.py'...
[11.158s] Compiling '/home/jeanho/ros2_ws/src/install/interfaces_pkg/local/lib/python3.10/dist-packages/interfaces_pkg/msg/_detection.py'...
[11.158s] Compiling '/home/jeanho/ros2_ws/src/install/interfaces_pkg/local/lib/python3.10/dist-packages/interfaces_pkg/msg/_detection_array.py'...
[11.158s] Compiling '/home/jeanho/ros2_ws/src/install/interfaces_pkg/local/lib/python3.10/dist-packages/interfaces_pkg/msg/_key_point2_d.py'...
[11.158s] Compiling '/home/jeanho/ros2_ws/src/install/interfaces_pkg/local/lib/python3.10/dist-packages/interfaces_pkg/msg/_key_point2_d_array.py'...
[11.158s] Compiling '/home/jeanho/ros2_ws/src/install/interfaces_pkg/local/lib/python3.10/dist-packages/interfaces_pkg/msg/_key_point3_d.py'...
[11.158s] Compiling '/home/jeanho/ros2_ws/src/install/interfaces_pkg/local/lib/python3.10/dist-packages/interfaces_pkg/msg/_key_point3_d_array.py'...
[11.158s] Compiling '/home/jeanho/ros2_ws/src/install/interfaces_pkg/local/lib/python3.10/dist-packages/interfaces_pkg/msg/_lane_info.py'...
[11.158s] Compiling '/home/jeanho/ros2_ws/src/install/interfaces_pkg/local/lib/python3.10/dist-packages/interfaces_pkg/msg/_mask.py'...
[11.159s] Compiling '/home/jeanho/ros2_ws/src/install/interfaces_pkg/local/lib/python3.10/dist-packages/interfaces_pkg/msg/_motion_command.py'...
[11.159s] Compiling '/home/jeanho/ros2_ws/src/install/interfaces_pkg/local/lib/python3.10/dist-packages/interfaces_pkg/msg/_path_planning_result.py'...
[11.159s] Compiling '/home/jeanho/ros2_ws/src/install/interfaces_pkg/local/lib/python3.10/dist-packages/interfaces_pkg/msg/_point2_d.py'...
[11.159s] Compiling '/home/jeanho/ros2_ws/src/install/interfaces_pkg/local/lib/python3.10/dist-packages/interfaces_pkg/msg/_pose2_d.py'...
[11.159s] Compiling '/home/jeanho/ros2_ws/src/install/interfaces_pkg/local/lib/python3.10/dist-packages/interfaces_pkg/msg/_target_point.py'...
[11.159s] Compiling '/home/jeanho/ros2_ws/src/install/interfaces_pkg/local/lib/python3.10/dist-packages/interfaces_pkg/msg/_vector2.py'...
[11.164s] -- Installing: /home/jeanho/ros2_ws/src/install/interfaces_pkg/local/lib/python3.10/dist-packages/interfaces_pkg/interfaces_pkg_s__rosidl_typesupport_fastrtps_c.cpython-310-x86_64-linux-gnu.so
[11.165s] -- Set runtime path of "/home/jeanho/ros2_ws/src/install/interfaces_pkg/local/lib/python3.10/dist-packages/interfaces_pkg/interfaces_pkg_s__rosidl_typesupport_fastrtps_c.cpython-310-x86_64-linux-gnu.so" to ""
[11.165s] -- Installing: /home/jeanho/ros2_ws/src/install/interfaces_pkg/local/lib/python3.10/dist-packages/interfaces_pkg/interfaces_pkg_s__rosidl_typesupport_introspection_c.cpython-310-x86_64-linux-gnu.so
[11.165s] -- Set runtime path of "/home/jeanho/ros2_ws/src/install/interfaces_pkg/local/lib/python3.10/dist-packages/interfaces_pkg/interfaces_pkg_s__rosidl_typesupport_introspection_c.cpython-310-x86_64-linux-gnu.so" to ""
[11.166s] -- Installing: /home/jeanho/ros2_ws/src/install/interfaces_pkg/local/lib/python3.10/dist-packages/interfaces_pkg/interfaces_pkg_s__rosidl_typesupport_c.cpython-310-x86_64-linux-gnu.so
[11.166s] -- Set runtime path of "/home/jeanho/ros2_ws/src/install/interfaces_pkg/local/lib/python3.10/dist-packages/interfaces_pkg/interfaces_pkg_s__rosidl_typesupport_c.cpython-310-x86_64-linux-gnu.so" to ""
[11.166s] -- Installing: /home/jeanho/ros2_ws/src/install/interfaces_pkg/lib/libinterfaces_pkg__rosidl_generator_py.so
[11.167s] -- Set runtime path of "/home/jeanho/ros2_ws/src/install/interfaces_pkg/lib/libinterfaces_pkg__rosidl_generator_py.so" to ""
[11.167s] -- Installing: /home/jeanho/ros2_ws/src/install/interfaces_pkg/share/interfaces_pkg/msg/Point2D.idl
[11.168s] -- Installing: /home/jeanho/ros2_ws/src/install/interfaces_pkg/share/interfaces_pkg/msg/Vector2.idl
[11.168s] -- Installing: /home/jeanho/ros2_ws/src/install/interfaces_pkg/share/interfaces_pkg/msg/Pose2D.idl
[11.168s] -- Installing: /home/jeanho/ros2_ws/src/install/interfaces_pkg/share/interfaces_pkg/msg/BoundingBox2D.idl
[11.168s] -- Installing: /home/jeanho/ros2_ws/src/install/interfaces_pkg/share/interfaces_pkg/msg/BoundingBox3D.idl
[11.169s] -- Installing: /home/jeanho/ros2_ws/src/install/interfaces_pkg/share/interfaces_pkg/msg/Mask.idl
[11.169s] -- Installing: /home/jeanho/ros2_ws/src/install/interfaces_pkg/share/interfaces_pkg/msg/KeyPoint2D.idl
[11.169s] -- Installing: /home/jeanho/ros2_ws/src/install/interfaces_pkg/share/interfaces_pkg/msg/KeyPoint2DArray.idl
[11.170s] -- Installing: /home/jeanho/ros2_ws/src/install/interfaces_pkg/share/interfaces_pkg/msg/KeyPoint3D.idl
[11.170s] -- Installing: /home/jeanho/ros2_ws/src/install/interfaces_pkg/share/interfaces_pkg/msg/KeyPoint3DArray.idl
[11.171s] -- Installing: /home/jeanho/ros2_ws/src/install/interfaces_pkg/share/interfaces_pkg/msg/Detection.idl
[11.171s] -- Installing: /home/jeanho/ros2_ws/src/install/interfaces_pkg/share/interfaces_pkg/msg/DetectionArray.idl
[11.171s] -- Installing: /home/jeanho/ros2_ws/src/install/interfaces_pkg/share/interfaces_pkg/msg/LaneInfo.idl
[11.171s] -- Installing: /home/jeanho/ros2_ws/src/install/interfaces_pkg/share/interfaces_pkg/msg/MotionCommand.idl
[11.171s] -- Installing: /home/jeanho/ros2_ws/src/install/interfaces_pkg/share/interfaces_pkg/msg/TargetPoint.idl
[11.172s] -- Installing: /home/jeanho/ros2_ws/src/install/interfaces_pkg/share/interfaces_pkg/msg/PathPlanningResult.idl
[11.172s] -- Installing: /home/jeanho/ros2_ws/src/install/interfaces_pkg/share/interfaces_pkg/msg/Point2D.msg
[11.172s] -- Installing: /home/jeanho/ros2_ws/src/install/interfaces_pkg/share/interfaces_pkg/msg/Vector2.msg
[11.172s] -- Installing: /home/jeanho/ros2_ws/src/install/interfaces_pkg/share/interfaces_pkg/msg/Pose2D.msg
[11.173s] -- Installing: /home/jeanho/ros2_ws/src/install/interfaces_pkg/share/interfaces_pkg/msg/BoundingBox2D.msg
[11.173s] -- Installing: /home/jeanho/ros2_ws/src/install/interfaces_pkg/share/interfaces_pkg/msg/BoundingBox3D.msg
[11.174s] -- Installing: /home/jeanho/ros2_ws/src/install/interfaces_pkg/share/interfaces_pkg/msg/Mask.msg
[11.174s] -- Installing: /home/jeanho/ros2_ws/src/install/interfaces_pkg/share/interfaces_pkg/msg/KeyPoint2D.msg
[11.174s] -- Installing: /home/jeanho/ros2_ws/src/install/interfaces_pkg/share/interfaces_pkg/msg/KeyPoint2DArray.msg
[11.174s] -- Installing: /home/jeanho/ros2_ws/src/install/interfaces_pkg/share/interfaces_pkg/msg/KeyPoint3D.msg
[11.175s] -- Installing: /home/jeanho/ros2_ws/src/install/interfaces_pkg/share/interfaces_pkg/msg/KeyPoint3DArray.msg
[11.175s] -- Installing: /home/jeanho/ros2_ws/src/install/interfaces_pkg/share/interfaces_pkg/msg/Detection.msg
[11.175s] -- Installing: /home/jeanho/ros2_ws/src/install/interfaces_pkg/share/interfaces_pkg/msg/DetectionArray.msg
[11.175s] -- Installing: /home/jeanho/ros2_ws/src/install/interfaces_pkg/share/interfaces_pkg/msg/LaneInfo.msg
[11.176s] -- Installing: /home/jeanho/ros2_ws/src/install/interfaces_pkg/share/interfaces_pkg/msg/MotionCommand.msg
[11.176s] -- Installing: /home/jeanho/ros2_ws/src/install/interfaces_pkg/share/interfaces_pkg/msg/TargetPoint.msg
[11.176s] -- Installing: /home/jeanho/ros2_ws/src/install/interfaces_pkg/share/interfaces_pkg/msg/PathPlanningResult.msg
[11.177s] -- Installing: /home/jeanho/ros2_ws/src/install/interfaces_pkg/share/ament_index/resource_index/package_run_dependencies/interfaces_pkg
[11.177s] -- Installing: /home/jeanho/ros2_ws/src/install/interfaces_pkg/share/ament_index/resource_index/parent_prefix_path/interfaces_pkg
[11.178s] -- Installing: /home/jeanho/ros2_ws/src/install/interfaces_pkg/share/interfaces_pkg/environment/ament_prefix_path.sh
[11.178s] -- Installing: /home/jeanho/ros2_ws/src/install/interfaces_pkg/share/interfaces_pkg/environment/ament_prefix_path.dsv
[11.178s] -- Installing: /home/jeanho/ros2_ws/src/install/interfaces_pkg/share/interfaces_pkg/environment/path.sh
[11.178s] -- Installing: /home/jeanho/ros2_ws/src/install/interfaces_pkg/share/interfaces_pkg/environment/path.dsv
[11.179s] -- Installing: /home/jeanho/ros2_ws/src/install/interfaces_pkg/share/interfaces_pkg/local_setup.bash
[11.179s] -- Installing: /home/jeanho/ros2_ws/src/install/interfaces_pkg/share/interfaces_pkg/local_setup.sh
[11.179s] -- Installing: /home/jeanho/ros2_ws/src/install/interfaces_pkg/share/interfaces_pkg/local_setup.zsh
[11.180s] -- Installing: /home/jeanho/ros2_ws/src/install/interfaces_pkg/share/interfaces_pkg/local_setup.dsv
[11.180s] -- Installing: /home/jeanho/ros2_ws/src/install/interfaces_pkg/share/interfaces_pkg/package.dsv
[11.181s] -- Installing: /home/jeanho/ros2_ws/src/install/interfaces_pkg/share/ament_index/resource_index/packages/interfaces_pkg
[11.181s] -- Installing: /home/jeanho/ros2_ws/src/install/interfaces_pkg/share/interfaces_pkg/cmake/export_interfaces_pkg__rosidl_generator_cExport.cmake
[11.181s] -- Installing: /home/jeanho/ros2_ws/src/install/interfaces_pkg/share/interfaces_pkg/cmake/export_interfaces_pkg__rosidl_generator_cExport-noconfig.cmake
[11.182s] -- Installing: /home/jeanho/ros2_ws/src/install/interfaces_pkg/share/interfaces_pkg/cmake/export_interfaces_pkg__rosidl_typesupport_fastrtps_cExport.cmake
[11.182s] -- Installing: /home/jeanho/ros2_ws/src/install/interfaces_pkg/share/interfaces_pkg/cmake/export_interfaces_pkg__rosidl_typesupport_fastrtps_cExport-noconfig.cmake
[11.182s] -- Installing: /home/jeanho/ros2_ws/src/install/interfaces_pkg/share/interfaces_pkg/cmake/interfaces_pkg__rosidl_typesupport_introspection_cExport.cmake
[11.183s] -- Installing: /home/jeanho/ros2_ws/src/install/interfaces_pkg/share/interfaces_pkg/cmake/interfaces_pkg__rosidl_typesupport_introspection_cExport-noconfig.cmake
[11.183s] -- Installing: /home/jeanho/ros2_ws/src/install/interfaces_pkg/share/interfaces_pkg/cmake/interfaces_pkg__rosidl_typesupport_cExport.cmake
[11.183s] -- Installing: /home/jeanho/ros2_ws/src/install/interfaces_pkg/share/interfaces_pkg/cmake/interfaces_pkg__rosidl_typesupport_cExport-noconfig.cmake
[11.183s] -- Installing: /home/jeanho/ros2_ws/src/install/interfaces_pkg/share/interfaces_pkg/cmake/export_interfaces_pkg__rosidl_generator_cppExport.cmake
[11.184s] -- Installing: /home/jeanho/ros2_ws/src/install/interfaces_pkg/share/interfaces_pkg/cmake/export_interfaces_pkg__rosidl_typesupport_fastrtps_cppExport.cmake
[11.184s] -- Installing: /home/jeanho/ros2_ws/src/install/interfaces_pkg/share/interfaces_pkg/cmake/export_interfaces_pkg__rosidl_typesupport_fastrtps_cppExport-noconfig.cmake
[11.184s] -- Installing: /home/jeanho/ros2_ws/src/install/interfaces_pkg/share/interfaces_pkg/cmake/interfaces_pkg__rosidl_typesupport_introspection_cppExport.cmake
[11.184s] -- Installing: /home/jeanho/ros2_ws/src/install/interfaces_pkg/share/interfaces_pkg/cmake/interfaces_pkg__rosidl_typesupport_introspection_cppExport-noconfig.cmake
[11.185s] -- Installing: /home/jeanho/ros2_ws/src/install/interfaces_pkg/share/interfaces_pkg/cmake/interfaces_pkg__rosidl_typesupport_cppExport.cmake
[11.185s] -- Installing: /home/jeanho/ros2_ws/src/install/interfaces_pkg/share/interfaces_pkg/cmake/interfaces_pkg__rosidl_typesupport_cppExport-noconfig.cmake
[11.185s] -- Installing: /home/jeanho/ros2_ws/src/install/interfaces_pkg/share/interfaces_pkg/cmake/export_interfaces_pkg__rosidl_generator_pyExport.cmake
[11.186s] -- Installing: /home/jeanho/ros2_ws/src/install/interfaces_pkg/share/interfaces_pkg/cmake/export_interfaces_pkg__rosidl_generator_pyExport-noconfig.cmake
[11.186s] -- Installing: /home/jeanho/ros2_ws/src/install/interfaces_pkg/share/interfaces_pkg/cmake/rosidl_cmake-extras.cmake
[11.186s] -- Installing: /home/jeanho/ros2_ws/src/install/interfaces_pkg/share/interfaces_pkg/cmake/ament_cmake_export_dependencies-extras.cmake
[11.186s] -- Installing: /home/jeanho/ros2_ws/src/install/interfaces_pkg/share/interfaces_pkg/cmake/ament_cmake_export_include_directories-extras.cmake
[11.186s] -- Installing: /home/jeanho/ros2_ws/src/install/interfaces_pkg/share/interfaces_pkg/cmake/ament_cmake_export_libraries-extras.cmake
[11.187s] -- Installing: /home/jeanho/ros2_ws/src/install/interfaces_pkg/share/interfaces_pkg/cmake/ament_cmake_export_targets-extras.cmake
[11.187s] -- Installing: /home/jeanho/ros2_ws/src/install/interfaces_pkg/share/interfaces_pkg/cmake/rosidl_cmake_export_typesupport_targets-extras.cmake
[11.187s] -- Installing: /home/jeanho/ros2_ws/src/install/interfaces_pkg/share/interfaces_pkg/cmake/rosidl_cmake_export_typesupport_libraries-extras.cmake
[11.187s] -- Installing: /home/jeanho/ros2_ws/src/install/interfaces_pkg/share/interfaces_pkg/cmake/interfaces_pkgConfig.cmake
[11.188s] -- Installing: /home/jeanho/ros2_ws/src/install/interfaces_pkg/share/interfaces_pkg/cmake/interfaces_pkgConfig-version.cmake
[11.188s] -- Installing: /home/jeanho/ros2_ws/src/install/interfaces_pkg/share/interfaces_pkg/package.xml
[11.193s] Invoked command in '/home/jeanho/ros2_ws/src/build/interfaces_pkg' returned '0': CMAKE_PREFIX_PATH=${CMAKE_PREFIX_PATH}:/home/jeanho/ros2_ws/install/serial_communication_pkg:/home/jeanho/ros2_ws/install/lidar_perception_pkg:/home/jeanho/ros2_ws/install/decision_making_pkg:/home/jeanho/ros2_ws/install/debug_pkg:/home/jeanho/ros2_ws/install/camera_perception_pkg:/opt/ros/humble /usr/bin/cmake --install /home/jeanho/ros2_ws/src/build/interfaces_pkg
