[0.245s] Invoking command in '/home/jeanho/ros2_ws/src/build/ublox_nav_sat_fix_hp_node': AMENT_PREFIX_PATH=/home/jeanho/ros2_ws/src/install/ublox_ubx_msgs:/home/jeanho/ros2_ws/src/install/ublox_ubx_interfaces:${AMENT_PREFIX_PATH} CMAKE_PREFIX_PATH=/home/jeanho/ros2_ws/src/install/ublox_ubx_msgs:/home/jeanho/ros2_ws/src/install/ublox_ubx_interfaces:/home/jeanho/ros2_ws/install/rtcm_msgs:/home/jeanho/ros2_ws/install/launch_pkg:/home/jeanho/ros2_ws/install/interfaces_pkg:/home/jeanho/ros2_ws/install/serial_communication_pkg:/home/jeanho/ros2_ws/install/lidar_perception_pkg:/home/jeanho/ros2_ws/install/decision_making_pkg:/home/jeanho/ros2_ws/install/debug_pkg:/home/jeanho/ros2_ws/install/camera_perception_pkg:/opt/ros/humble LD_LIBRARY_PATH=/home/jeanho/ros2_ws/src/install/ublox_ubx_msgs/lib:/home/jeanho/ros2_ws/src/install/ublox_ubx_interfaces/lib:/home/jeanho/ros2_ws/install/rtcm_msgs/lib:/home/jeanho/ros2_ws/install/interfaces_pkg/lib:/opt/ros/humble/opt/rviz_ogre_vendor/lib:/opt/ros/humble/lib/x86_64-linux-gnu:/opt/ros/humble/lib:/home/jeanho/acados/lib PYTHONPATH=/home/jeanho/ros2_ws/src/install/ublox_ubx_msgs/local/lib/python3.10/dist-packages:/home/jeanho/ros2_ws/src/install/ublox_ubx_interfaces/local/lib/python3.10/dist-packages:${PYTHONPATH} /usr/bin/cmake /home/jeanho/ros2_ws/src/ublox_dgnss/ublox_nav_sat_fix_hp_node -DCMAKE_INSTALL_PREFIX=/home/jeanho/ros2_ws/src/install/ublox_nav_sat_fix_hp_node
[0.389s] -- The C compiler identification is GNU 11.4.0
[0.974s] -- The CXX compiler identification is GNU 11.4.0
[1.434s] -- Detecting C compiler ABI info
[1.680s] -- Detecting C compiler ABI info - done
[1.684s] -- Check for working C compiler: /usr/bin/cc - skipped
[1.684s] -- Detecting C compile features
[1.684s] -- Detecting C compile features - done
[1.686s] -- Detecting CXX compiler ABI info
[1.951s] -- Detecting CXX compiler ABI info - done
[1.957s] -- Check for working CXX compiler: /usr/bin/c++ - skipped
[1.957s] -- Detecting CXX compile features
[1.957s] -- Detecting CXX compile features - done
[1.960s] -- Found ament_cmake: 1.3.12 (/opt/ros/humble/share/ament_cmake/cmake)
[2.070s] -- Found Python3: /usr/bin/python3 (found version "3.10.12") found components: Interpreter 
[2.130s] -- Found rclcpp: 16.0.14 (/opt/ros/humble/share/rclcpp/cmake)
[2.328s] -- Found rosidl_generator_c: 3.1.7 (/opt/ros/humble/share/rosidl_generator_c/cmake)
[2.331s] -- Found rosidl_adapter: 3.1.7 (/opt/ros/humble/share/rosidl_adapter/cmake)
[2.335s] -- Found rosidl_generator_cpp: 3.1.7 (/opt/ros/humble/share/rosidl_generator_cpp/cmake)
[2.341s] -- Using all available rosidl_typesupport_c: rosidl_typesupport_fastrtps_c;rosidl_typesupport_introspection_c
[2.350s] -- Using all available rosidl_typesupport_cpp: rosidl_typesupport_fastrtps_cpp;rosidl_typesupport_introspection_cpp
[2.374s] -- Found rmw_implementation_cmake: 6.1.2 (/opt/ros/humble/share/rmw_implementation_cmake/cmake)
[2.375s] -- Found rmw_fastrtps_cpp: 6.2.8 (/opt/ros/humble/share/rmw_fastrtps_cpp/cmake)
[3.151s] -- Found OpenSSL: /usr/lib/x86_64-linux-gnu/libcrypto.so (found version "3.0.2")  
[4.010s] -- Found FastRTPS: /opt/ros/humble/include  
[5.524s] -- Using RMW implementation 'rmw_fastrtps_cpp' as default
[5.529s] -- Looking for pthread.h
[5.704s] -- Looking for pthread.h - found
[5.705s] -- Performing Test CMAKE_HAVE_LIBC_PTHREAD
[5.854s] -- Performing Test CMAKE_HAVE_LIBC_PTHREAD - Success
[5.855s] -- Found Threads: TRUE  
[5.882s] -- Found rclcpp_components: 16.0.14 (/opt/ros/humble/share/rclcpp_components/cmake)
[5.897s] -- Found sensor_msgs: 4.9.0 (/opt/ros/humble/share/sensor_msgs/cmake)
[5.922s] -- Found ublox_ubx_msgs: 0.6.1 (/home/jeanho/ros2_ws/src/install/ublox_ubx_msgs/share/ublox_ubx_msgs/cmake)
[5.929s] -- Found ublox_ubx_interfaces: 0.6.1 (/home/jeanho/ros2_ws/src/install/ublox_ubx_interfaces/share/ublox_ubx_interfaces/cmake)
[5.936s] -- Found ament_lint_auto: 0.12.14 (/opt/ros/humble/share/ament_lint_auto/cmake)
[5.987s] -- Added test 'copyright' to check source files copyright and LICENSE
[5.988s] -- Added test 'cppcheck' to perform static code analysis on C / C++ code
[5.989s] -- Configured cppcheck include dirs: /home/jeanho/ros2_ws/src/ublox_dgnss/ublox_nav_sat_fix_hp_node/include
[5.989s] -- Configured cppcheck exclude dirs and/or files: 
[5.989s] -- Added test 'cpplint' to check C / C++ code against the Google style
[5.989s] -- Configured cpplint exclude dirs and/or files: 
[5.989s] -- Added test 'lint_cmake' to check CMake code style
[5.990s] -- Added test 'uncrustify' to check C / C++ code style
[5.990s] -- Configured uncrustify additional arguments: 
[5.990s] -- Added test 'xmllint' to check XML markup files
[5.991s] -- Configuring done
[6.002s] -- Generating done
[6.005s] -- Build files have been written to: /home/jeanho/ros2_ws/src/build/ublox_nav_sat_fix_hp_node
[6.018s] Invoked command in '/home/jeanho/ros2_ws/src/build/ublox_nav_sat_fix_hp_node' returned '0': AMENT_PREFIX_PATH=/home/jeanho/ros2_ws/src/install/ublox_ubx_msgs:/home/jeanho/ros2_ws/src/install/ublox_ubx_interfaces:${AMENT_PREFIX_PATH} CMAKE_PREFIX_PATH=/home/jeanho/ros2_ws/src/install/ublox_ubx_msgs:/home/jeanho/ros2_ws/src/install/ublox_ubx_interfaces:/home/jeanho/ros2_ws/install/rtcm_msgs:/home/jeanho/ros2_ws/install/launch_pkg:/home/jeanho/ros2_ws/install/interfaces_pkg:/home/jeanho/ros2_ws/install/serial_communication_pkg:/home/jeanho/ros2_ws/install/lidar_perception_pkg:/home/jeanho/ros2_ws/install/decision_making_pkg:/home/jeanho/ros2_ws/install/debug_pkg:/home/jeanho/ros2_ws/install/camera_perception_pkg:/opt/ros/humble LD_LIBRARY_PATH=/home/jeanho/ros2_ws/src/install/ublox_ubx_msgs/lib:/home/jeanho/ros2_ws/src/install/ublox_ubx_interfaces/lib:/home/jeanho/ros2_ws/install/rtcm_msgs/lib:/home/jeanho/ros2_ws/install/interfaces_pkg/lib:/opt/ros/humble/opt/rviz_ogre_vendor/lib:/opt/ros/humble/lib/x86_64-linux-gnu:/opt/ros/humble/lib:/home/jeanho/acados/lib PYTHONPATH=/home/jeanho/ros2_ws/src/install/ublox_ubx_msgs/local/lib/python3.10/dist-packages:/home/jeanho/ros2_ws/src/install/ublox_ubx_interfaces/local/lib/python3.10/dist-packages:${PYTHONPATH} /usr/bin/cmake /home/jeanho/ros2_ws/src/ublox_dgnss/ublox_nav_sat_fix_hp_node -DCMAKE_INSTALL_PREFIX=/home/jeanho/ros2_ws/src/install/ublox_nav_sat_fix_hp_node
[6.020s] Invoking command in '/home/jeanho/ros2_ws/src/build/ublox_nav_sat_fix_hp_node': AMENT_PREFIX_PATH=/home/jeanho/ros2_ws/src/install/ublox_ubx_msgs:/home/jeanho/ros2_ws/src/install/ublox_ubx_interfaces:${AMENT_PREFIX_PATH} CMAKE_PREFIX_PATH=/home/jeanho/ros2_ws/src/install/ublox_ubx_msgs:/home/jeanho/ros2_ws/src/install/ublox_ubx_interfaces:/home/jeanho/ros2_ws/install/rtcm_msgs:/home/jeanho/ros2_ws/install/launch_pkg:/home/jeanho/ros2_ws/install/interfaces_pkg:/home/jeanho/ros2_ws/install/serial_communication_pkg:/home/jeanho/ros2_ws/install/lidar_perception_pkg:/home/jeanho/ros2_ws/install/decision_making_pkg:/home/jeanho/ros2_ws/install/debug_pkg:/home/jeanho/ros2_ws/install/camera_perception_pkg:/opt/ros/humble LD_LIBRARY_PATH=/home/jeanho/ros2_ws/src/install/ublox_ubx_msgs/lib:/home/jeanho/ros2_ws/src/install/ublox_ubx_interfaces/lib:/home/jeanho/ros2_ws/install/rtcm_msgs/lib:/home/jeanho/ros2_ws/install/interfaces_pkg/lib:/opt/ros/humble/opt/rviz_ogre_vendor/lib:/opt/ros/humble/lib/x86_64-linux-gnu:/opt/ros/humble/lib:/home/jeanho/acados/lib PYTHONPATH=/home/jeanho/ros2_ws/src/install/ublox_ubx_msgs/local/lib/python3.10/dist-packages:/home/jeanho/ros2_ws/src/install/ublox_ubx_interfaces/local/lib/python3.10/dist-packages:${PYTHONPATH} /usr/bin/cmake --build /home/jeanho/ros2_ws/src/build/ublox_nav_sat_fix_hp_node -- -j24 -l24
[6.055s] [ 50%] [32mBuilding CXX object CMakeFiles/ublox_nav_sat_fix_hp_components.dir/src/ublox_nav_sat_fix_hp_node.cpp.o[0m
[6.055s] [ 50%] [32mBuilding CXX object CMakeFiles/ublox_nav_sat_fix_hp.dir/rclcpp_components/node_main_ublox_nav_sat_fix_hp.cpp.o[0m
[8.835s] [ 75%] [32m[1mLinking CXX executable ublox_nav_sat_fix_hp[0m
[9.121s] [ 75%] Built target ublox_nav_sat_fix_hp
[16.130s] [100%] [32m[1mLinking CXX shared library libublox_nav_sat_fix_hp_components.so[0m
[16.745s] [100%] Built target ublox_nav_sat_fix_hp_components
[16.755s] Invoked command in '/home/jeanho/ros2_ws/src/build/ublox_nav_sat_fix_hp_node' returned '0': AMENT_PREFIX_PATH=/home/jeanho/ros2_ws/src/install/ublox_ubx_msgs:/home/jeanho/ros2_ws/src/install/ublox_ubx_interfaces:${AMENT_PREFIX_PATH} CMAKE_PREFIX_PATH=/home/jeanho/ros2_ws/src/install/ublox_ubx_msgs:/home/jeanho/ros2_ws/src/install/ublox_ubx_interfaces:/home/jeanho/ros2_ws/install/rtcm_msgs:/home/jeanho/ros2_ws/install/launch_pkg:/home/jeanho/ros2_ws/install/interfaces_pkg:/home/jeanho/ros2_ws/install/serial_communication_pkg:/home/jeanho/ros2_ws/install/lidar_perception_pkg:/home/jeanho/ros2_ws/install/decision_making_pkg:/home/jeanho/ros2_ws/install/debug_pkg:/home/jeanho/ros2_ws/install/camera_perception_pkg:/opt/ros/humble LD_LIBRARY_PATH=/home/jeanho/ros2_ws/src/install/ublox_ubx_msgs/lib:/home/jeanho/ros2_ws/src/install/ublox_ubx_interfaces/lib:/home/jeanho/ros2_ws/install/rtcm_msgs/lib:/home/jeanho/ros2_ws/install/interfaces_pkg/lib:/opt/ros/humble/opt/rviz_ogre_vendor/lib:/opt/ros/humble/lib/x86_64-linux-gnu:/opt/ros/humble/lib:/home/jeanho/acados/lib PYTHONPATH=/home/jeanho/ros2_ws/src/install/ublox_ubx_msgs/local/lib/python3.10/dist-packages:/home/jeanho/ros2_ws/src/install/ublox_ubx_interfaces/local/lib/python3.10/dist-packages:${PYTHONPATH} /usr/bin/cmake --build /home/jeanho/ros2_ws/src/build/ublox_nav_sat_fix_hp_node -- -j24 -l24
[16.757s] Invoking command in '/home/jeanho/ros2_ws/src/build/ublox_nav_sat_fix_hp_node': AMENT_PREFIX_PATH=/home/jeanho/ros2_ws/src/install/ublox_ubx_msgs:/home/jeanho/ros2_ws/src/install/ublox_ubx_interfaces:${AMENT_PREFIX_PATH} CMAKE_PREFIX_PATH=/home/jeanho/ros2_ws/src/install/ublox_ubx_msgs:/home/jeanho/ros2_ws/src/install/ublox_ubx_interfaces:/home/jeanho/ros2_ws/install/rtcm_msgs:/home/jeanho/ros2_ws/install/launch_pkg:/home/jeanho/ros2_ws/install/interfaces_pkg:/home/jeanho/ros2_ws/install/serial_communication_pkg:/home/jeanho/ros2_ws/install/lidar_perception_pkg:/home/jeanho/ros2_ws/install/decision_making_pkg:/home/jeanho/ros2_ws/install/debug_pkg:/home/jeanho/ros2_ws/install/camera_perception_pkg:/opt/ros/humble LD_LIBRARY_PATH=/home/jeanho/ros2_ws/src/install/ublox_ubx_msgs/lib:/home/jeanho/ros2_ws/src/install/ublox_ubx_interfaces/lib:/home/jeanho/ros2_ws/install/rtcm_msgs/lib:/home/jeanho/ros2_ws/install/interfaces_pkg/lib:/opt/ros/humble/opt/rviz_ogre_vendor/lib:/opt/ros/humble/lib/x86_64-linux-gnu:/opt/ros/humble/lib:/home/jeanho/acados/lib PYTHONPATH=/home/jeanho/ros2_ws/src/install/ublox_ubx_msgs/local/lib/python3.10/dist-packages:/home/jeanho/ros2_ws/src/install/ublox_ubx_interfaces/local/lib/python3.10/dist-packages:${PYTHONPATH} /usr/bin/cmake --install /home/jeanho/ros2_ws/src/build/ublox_nav_sat_fix_hp_node
[16.764s] -- Install configuration: ""
[16.764s] -- Installing: /home/jeanho/ros2_ws/src/install/ublox_nav_sat_fix_hp_node/lib/ublox_nav_sat_fix_hp_node/ublox_nav_sat_fix_hp
[16.764s] -- Set runtime path of "/home/jeanho/ros2_ws/src/install/ublox_nav_sat_fix_hp_node/lib/ublox_nav_sat_fix_hp_node/ublox_nav_sat_fix_hp" to ""
[16.764s] -- Installing: /home/jeanho/ros2_ws/src/install/ublox_nav_sat_fix_hp_node/lib/libublox_nav_sat_fix_hp_components.so
[16.772s] -- Set runtime path of "/home/jeanho/ros2_ws/src/install/ublox_nav_sat_fix_hp_node/lib/libublox_nav_sat_fix_hp_components.so" to ""
[16.772s] -- Installing: /home/jeanho/ros2_ws/src/install/ublox_nav_sat_fix_hp_node/share/ament_index/resource_index/package_run_dependencies/ublox_nav_sat_fix_hp_node
[16.773s] -- Installing: /home/jeanho/ros2_ws/src/install/ublox_nav_sat_fix_hp_node/share/ament_index/resource_index/parent_prefix_path/ublox_nav_sat_fix_hp_node
[16.773s] -- Installing: /home/jeanho/ros2_ws/src/install/ublox_nav_sat_fix_hp_node/share/ublox_nav_sat_fix_hp_node/environment/ament_prefix_path.sh
[16.773s] -- Installing: /home/jeanho/ros2_ws/src/install/ublox_nav_sat_fix_hp_node/share/ublox_nav_sat_fix_hp_node/environment/ament_prefix_path.dsv
[16.773s] -- Installing: /home/jeanho/ros2_ws/src/install/ublox_nav_sat_fix_hp_node/share/ublox_nav_sat_fix_hp_node/environment/path.sh
[16.774s] -- Installing: /home/jeanho/ros2_ws/src/install/ublox_nav_sat_fix_hp_node/share/ublox_nav_sat_fix_hp_node/environment/path.dsv
[16.774s] -- Installing: /home/jeanho/ros2_ws/src/install/ublox_nav_sat_fix_hp_node/share/ublox_nav_sat_fix_hp_node/local_setup.bash
[16.774s] -- Installing: /home/jeanho/ros2_ws/src/install/ublox_nav_sat_fix_hp_node/share/ublox_nav_sat_fix_hp_node/local_setup.sh
[16.774s] -- Installing: /home/jeanho/ros2_ws/src/install/ublox_nav_sat_fix_hp_node/share/ublox_nav_sat_fix_hp_node/local_setup.zsh
[16.774s] -- Installing: /home/jeanho/ros2_ws/src/install/ublox_nav_sat_fix_hp_node/share/ublox_nav_sat_fix_hp_node/local_setup.dsv
[16.774s] -- Installing: /home/jeanho/ros2_ws/src/install/ublox_nav_sat_fix_hp_node/share/ublox_nav_sat_fix_hp_node/package.dsv
[16.774s] -- Installing: /home/jeanho/ros2_ws/src/install/ublox_nav_sat_fix_hp_node/share/ament_index/resource_index/packages/ublox_nav_sat_fix_hp_node
[16.775s] -- Installing: /home/jeanho/ros2_ws/src/install/ublox_nav_sat_fix_hp_node/share/ament_index/resource_index/rclcpp_components/ublox_nav_sat_fix_hp_node
[16.775s] -- Installing: /home/jeanho/ros2_ws/src/install/ublox_nav_sat_fix_hp_node/share/ublox_nav_sat_fix_hp_node/cmake/ublox_nav_sat_fix_hp_nodeConfig.cmake
[16.775s] -- Installing: /home/jeanho/ros2_ws/src/install/ublox_nav_sat_fix_hp_node/share/ublox_nav_sat_fix_hp_node/cmake/ublox_nav_sat_fix_hp_nodeConfig-version.cmake
[16.776s] -- Installing: /home/jeanho/ros2_ws/src/install/ublox_nav_sat_fix_hp_node/share/ublox_nav_sat_fix_hp_node/package.xml
[16.778s] Invoked command in '/home/jeanho/ros2_ws/src/build/ublox_nav_sat_fix_hp_node' returned '0': AMENT_PREFIX_PATH=/home/jeanho/ros2_ws/src/install/ublox_ubx_msgs:/home/jeanho/ros2_ws/src/install/ublox_ubx_interfaces:${AMENT_PREFIX_PATH} CMAKE_PREFIX_PATH=/home/jeanho/ros2_ws/src/install/ublox_ubx_msgs:/home/jeanho/ros2_ws/src/install/ublox_ubx_interfaces:/home/jeanho/ros2_ws/install/rtcm_msgs:/home/jeanho/ros2_ws/install/launch_pkg:/home/jeanho/ros2_ws/install/interfaces_pkg:/home/jeanho/ros2_ws/install/serial_communication_pkg:/home/jeanho/ros2_ws/install/lidar_perception_pkg:/home/jeanho/ros2_ws/install/decision_making_pkg:/home/jeanho/ros2_ws/install/debug_pkg:/home/jeanho/ros2_ws/install/camera_perception_pkg:/opt/ros/humble LD_LIBRARY_PATH=/home/jeanho/ros2_ws/src/install/ublox_ubx_msgs/lib:/home/jeanho/ros2_ws/src/install/ublox_ubx_interfaces/lib:/home/jeanho/ros2_ws/install/rtcm_msgs/lib:/home/jeanho/ros2_ws/install/interfaces_pkg/lib:/opt/ros/humble/opt/rviz_ogre_vendor/lib:/opt/ros/humble/lib/x86_64-linux-gnu:/opt/ros/humble/lib:/home/jeanho/acados/lib PYTHONPATH=/home/jeanho/ros2_ws/src/install/ublox_ubx_msgs/local/lib/python3.10/dist-packages:/home/jeanho/ros2_ws/src/install/ublox_ubx_interfaces/local/lib/python3.10/dist-packages:${PYTHONPATH} /usr/bin/cmake --install /home/jeanho/ros2_ws/src/build/ublox_nav_sat_fix_hp_node
