/home/jeanho/ros2_ws/src/install/camera_perception_pkg/lib/python3.10/site-packages/camera_perception_pkg/traffic_light_detector_node.py
/home/jeanho/ros2_ws/src/install/camera_perception_pkg/lib/python3.10/site-packages/camera_perception_pkg/yolov8_node.py
/home/jeanho/ros2_ws/src/install/camera_perception_pkg/lib/python3.10/site-packages/camera_perception_pkg/__init__.py
/home/jeanho/ros2_ws/src/install/camera_perception_pkg/lib/python3.10/site-packages/camera_perception_pkg/compare.py
/home/jeanho/ros2_ws/src/install/camera_perception_pkg/lib/python3.10/site-packages/camera_perception_pkg/yolov8_traffic_light_node.py
/home/jeanho/ros2_ws/src/install/camera_perception_pkg/lib/python3.10/site-packages/camera_perception_pkg/cali.py
/home/jeanho/ros2_ws/src/install/camera_perception_pkg/lib/python3.10/site-packages/camera_perception_pkg/lane_info_extractor_node.py
/home/jeanho/ros2_ws/src/install/camera_perception_pkg/lib/python3.10/site-packages/camera_perception_pkg/lane_detection.py
/home/jeanho/ros2_ws/src/install/camera_perception_pkg/lib/python3.10/site-packages/camera_perception_pkg/roi_merger_node.py
/home/jeanho/ros2_ws/src/install/camera_perception_pkg/lib/python3.10/site-packages/camera_perception_pkg/image_publisher_node.py
/home/jeanho/ros2_ws/src/install/camera_perception_pkg/lib/python3.10/site-packages/camera_perception_pkg/lane_extract.py
/home/jeanho/ros2_ws/src/install/camera_perception_pkg/lib/python3.10/site-packages/camera_perception_pkg/lib/__init__.py
/home/jeanho/ros2_ws/src/install/camera_perception_pkg/lib/python3.10/site-packages/camera_perception_pkg/lib/camera_perception_func_lib.py
/home/jeanho/ros2_ws/src/install/camera_perception_pkg/lib/python3.10/site-packages/camera_perception_pkg/__pycache__/traffic_light_detector_node.cpython-310.pyc
/home/jeanho/ros2_ws/src/install/camera_perception_pkg/lib/python3.10/site-packages/camera_perception_pkg/__pycache__/yolov8_node.cpython-310.pyc
/home/jeanho/ros2_ws/src/install/camera_perception_pkg/lib/python3.10/site-packages/camera_perception_pkg/__pycache__/__init__.cpython-310.pyc
/home/jeanho/ros2_ws/src/install/camera_perception_pkg/lib/python3.10/site-packages/camera_perception_pkg/__pycache__/compare.cpython-310.pyc
/home/jeanho/ros2_ws/src/install/camera_perception_pkg/lib/python3.10/site-packages/camera_perception_pkg/__pycache__/yolov8_traffic_light_node.cpython-310.pyc
/home/jeanho/ros2_ws/src/install/camera_perception_pkg/lib/python3.10/site-packages/camera_perception_pkg/__pycache__/cali.cpython-310.pyc
/home/jeanho/ros2_ws/src/install/camera_perception_pkg/lib/python3.10/site-packages/camera_perception_pkg/__pycache__/lane_info_extractor_node.cpython-310.pyc
/home/jeanho/ros2_ws/src/install/camera_perception_pkg/lib/python3.10/site-packages/camera_perception_pkg/__pycache__/lane_detection.cpython-310.pyc
/home/jeanho/ros2_ws/src/install/camera_perception_pkg/lib/python3.10/site-packages/camera_perception_pkg/__pycache__/roi_merger_node.cpython-310.pyc
/home/jeanho/ros2_ws/src/install/camera_perception_pkg/lib/python3.10/site-packages/camera_perception_pkg/__pycache__/image_publisher_node.cpython-310.pyc
/home/jeanho/ros2_ws/src/install/camera_perception_pkg/lib/python3.10/site-packages/camera_perception_pkg/__pycache__/lane_extract.cpython-310.pyc
/home/jeanho/ros2_ws/src/install/camera_perception_pkg/lib/python3.10/site-packages/camera_perception_pkg/lib/__pycache__/__init__.cpython-310.pyc
/home/jeanho/ros2_ws/src/install/camera_perception_pkg/lib/python3.10/site-packages/camera_perception_pkg/lib/__pycache__/camera_perception_func_lib.cpython-310.pyc
/home/jeanho/ros2_ws/src/install/camera_perception_pkg/share/ament_index/resource_index/packages/camera_perception_pkg
/home/jeanho/ros2_ws/src/install/camera_perception_pkg/share/camera_perception_pkg/package.xml
/home/jeanho/ros2_ws/src/install/camera_perception_pkg/lib/python3.10/site-packages/camera_perception_pkg-0.0.0-py3.10.egg-info/zip-safe
/home/jeanho/ros2_ws/src/install/camera_perception_pkg/lib/python3.10/site-packages/camera_perception_pkg-0.0.0-py3.10.egg-info/dependency_links.txt
/home/jeanho/ros2_ws/src/install/camera_perception_pkg/lib/python3.10/site-packages/camera_perception_pkg-0.0.0-py3.10.egg-info/requires.txt
/home/jeanho/ros2_ws/src/install/camera_perception_pkg/lib/python3.10/site-packages/camera_perception_pkg-0.0.0-py3.10.egg-info/PKG-INFO
/home/jeanho/ros2_ws/src/install/camera_perception_pkg/lib/python3.10/site-packages/camera_perception_pkg-0.0.0-py3.10.egg-info/SOURCES.txt
/home/jeanho/ros2_ws/src/install/camera_perception_pkg/lib/python3.10/site-packages/camera_perception_pkg-0.0.0-py3.10.egg-info/top_level.txt
/home/jeanho/ros2_ws/src/install/camera_perception_pkg/lib/python3.10/site-packages/camera_perception_pkg-0.0.0-py3.10.egg-info/entry_points.txt
/home/jeanho/ros2_ws/src/install/camera_perception_pkg/lib/camera_perception_pkg/image_publisher_node
/home/jeanho/ros2_ws/src/install/camera_perception_pkg/lib/camera_perception_pkg/lane_extract
/home/jeanho/ros2_ws/src/install/camera_perception_pkg/lib/camera_perception_pkg/lane_info_extractor_node
/home/jeanho/ros2_ws/src/install/camera_perception_pkg/lib/camera_perception_pkg/roi_merger_node
/home/jeanho/ros2_ws/src/install/camera_perception_pkg/lib/camera_perception_pkg/traffic_light_detector_node
/home/jeanho/ros2_ws/src/install/camera_perception_pkg/lib/camera_perception_pkg/traffic_light_yolov8_node
/home/jeanho/ros2_ws/src/install/camera_perception_pkg/lib/camera_perception_pkg/yolov8_node
/home/jeanho/ros2_ws/src/install/camera_perception_pkg/lib/camera_perception_pkg/yolov8_traffic_light_node
