/home/jeanho/ros2_ws/src/install/decision_making_pkg/lib/python3.10/site-packages/decision_making_pkg/__init__.py
/home/jeanho/ros2_ws/src/install/decision_making_pkg/lib/python3.10/site-packages/decision_making_pkg/motion_planner_node.py
/home/jeanho/ros2_ws/src/install/decision_making_pkg/lib/python3.10/site-packages/decision_making_pkg/path_planner_node.py
/home/jeanho/ros2_ws/src/install/decision_making_pkg/lib/python3.10/site-packages/decision_making_pkg/lib/decision_making_function_lib.py
/home/jeanho/ros2_ws/src/install/decision_making_pkg/lib/python3.10/site-packages/decision_making_pkg/lib/__init__.py
/home/jeanho/ros2_ws/src/install/decision_making_pkg/lib/python3.10/site-packages/decision_making_pkg/__pycache__/__init__.cpython-310.pyc
/home/jeanho/ros2_ws/src/install/decision_making_pkg/lib/python3.10/site-packages/decision_making_pkg/__pycache__/motion_planner_node.cpython-310.pyc
/home/jeanho/ros2_ws/src/install/decision_making_pkg/lib/python3.10/site-packages/decision_making_pkg/__pycache__/path_planner_node.cpython-310.pyc
/home/jeanho/ros2_ws/src/install/decision_making_pkg/lib/python3.10/site-packages/decision_making_pkg/lib/__pycache__/decision_making_function_lib.cpython-310.pyc
/home/jeanho/ros2_ws/src/install/decision_making_pkg/lib/python3.10/site-packages/decision_making_pkg/lib/__pycache__/__init__.cpython-310.pyc
/home/jeanho/ros2_ws/src/install/decision_making_pkg/share/ament_index/resource_index/packages/decision_making_pkg
/home/jeanho/ros2_ws/src/install/decision_making_pkg/share/decision_making_pkg/package.xml
/home/jeanho/ros2_ws/src/install/decision_making_pkg/lib/python3.10/site-packages/decision_making_pkg-0.0.0-py3.10.egg-info/zip-safe
/home/jeanho/ros2_ws/src/install/decision_making_pkg/lib/python3.10/site-packages/decision_making_pkg-0.0.0-py3.10.egg-info/dependency_links.txt
/home/jeanho/ros2_ws/src/install/decision_making_pkg/lib/python3.10/site-packages/decision_making_pkg-0.0.0-py3.10.egg-info/requires.txt
/home/jeanho/ros2_ws/src/install/decision_making_pkg/lib/python3.10/site-packages/decision_making_pkg-0.0.0-py3.10.egg-info/PKG-INFO
/home/jeanho/ros2_ws/src/install/decision_making_pkg/lib/python3.10/site-packages/decision_making_pkg-0.0.0-py3.10.egg-info/SOURCES.txt
/home/jeanho/ros2_ws/src/install/decision_making_pkg/lib/python3.10/site-packages/decision_making_pkg-0.0.0-py3.10.egg-info/top_level.txt
/home/jeanho/ros2_ws/src/install/decision_making_pkg/lib/python3.10/site-packages/decision_making_pkg-0.0.0-py3.10.egg-info/entry_points.txt
/home/jeanho/ros2_ws/src/install/decision_making_pkg/lib/decision_making_pkg/motion_planner_node
/home/jeanho/ros2_ws/src/install/decision_making_pkg/lib/decision_making_pkg/path_planner_node
