running egg_info
creating ../build/debug_pkg/debug_pkg.egg-info
writing ../build/debug_pkg/debug_pkg.egg-info/PKG-INFO
writing dependency_links to ../build/debug_pkg/debug_pkg.egg-info/dependency_links.txt
writing entry points to ../build/debug_pkg/debug_pkg.egg-info/entry_points.txt
writing requirements to ../build/debug_pkg/debug_pkg.egg-info/requires.txt
writing top-level names to ../build/debug_pkg/debug_pkg.egg-info/top_level.txt
writing manifest file '../build/debug_pkg/debug_pkg.egg-info/SOURCES.txt'
reading manifest file '../build/debug_pkg/debug_pkg.egg-info/SOURCES.txt'
writing manifest file '../build/debug_pkg/debug_pkg.egg-info/SOURCES.txt'
running build
running build_py
creating /home/jeanho/ros2_ws/src/build/debug_pkg/build
creating /home/jeanho/ros2_ws/src/build/debug_pkg/build/lib
creating /home/jeanho/ros2_ws/src/build/debug_pkg/build/lib/debug_pkg
copying debug_pkg/path_visualizer_node.py -> /home/jeanho/ros2_ws/src/build/debug_pkg/build/lib/debug_pkg
copying debug_pkg/traffic_light_visualizer_node.py -> /home/jeanho/ros2_ws/src/build/debug_pkg/build/lib/debug_pkg
copying debug_pkg/__init__.py -> /home/jeanho/ros2_ws/src/build/debug_pkg/build/lib/debug_pkg
copying debug_pkg/yolov8_visualizer_node.py -> /home/jeanho/ros2_ws/src/build/debug_pkg/build/lib/debug_pkg
creating /home/jeanho/ros2_ws/src/build/debug_pkg/build/lib/debug_pkg/lib
copying debug_pkg/lib/__init__.py -> /home/jeanho/ros2_ws/src/build/debug_pkg/build/lib/debug_pkg/lib
running install
running install_lib
creating /home/jeanho/ros2_ws/src/install/debug_pkg/lib/python3.10/site-packages/debug_pkg
copying /home/jeanho/ros2_ws/src/build/debug_pkg/build/lib/debug_pkg/path_visualizer_node.py -> /home/jeanho/ros2_ws/src/install/debug_pkg/lib/python3.10/site-packages/debug_pkg
creating /home/jeanho/ros2_ws/src/install/debug_pkg/lib/python3.10/site-packages/debug_pkg/lib
copying /home/jeanho/ros2_ws/src/build/debug_pkg/build/lib/debug_pkg/lib/__init__.py -> /home/jeanho/ros2_ws/src/install/debug_pkg/lib/python3.10/site-packages/debug_pkg/lib
copying /home/jeanho/ros2_ws/src/build/debug_pkg/build/lib/debug_pkg/traffic_light_visualizer_node.py -> /home/jeanho/ros2_ws/src/install/debug_pkg/lib/python3.10/site-packages/debug_pkg
copying /home/jeanho/ros2_ws/src/build/debug_pkg/build/lib/debug_pkg/__init__.py -> /home/jeanho/ros2_ws/src/install/debug_pkg/lib/python3.10/site-packages/debug_pkg
copying /home/jeanho/ros2_ws/src/build/debug_pkg/build/lib/debug_pkg/yolov8_visualizer_node.py -> /home/jeanho/ros2_ws/src/install/debug_pkg/lib/python3.10/site-packages/debug_pkg
byte-compiling /home/jeanho/ros2_ws/src/install/debug_pkg/lib/python3.10/site-packages/debug_pkg/path_visualizer_node.py to path_visualizer_node.cpython-310.pyc
byte-compiling /home/jeanho/ros2_ws/src/install/debug_pkg/lib/python3.10/site-packages/debug_pkg/lib/__init__.py to __init__.cpython-310.pyc
byte-compiling /home/jeanho/ros2_ws/src/install/debug_pkg/lib/python3.10/site-packages/debug_pkg/traffic_light_visualizer_node.py to traffic_light_visualizer_node.cpython-310.pyc
byte-compiling /home/jeanho/ros2_ws/src/install/debug_pkg/lib/python3.10/site-packages/debug_pkg/__init__.py to __init__.cpython-310.pyc
byte-compiling /home/jeanho/ros2_ws/src/install/debug_pkg/lib/python3.10/site-packages/debug_pkg/yolov8_visualizer_node.py to yolov8_visualizer_node.cpython-310.pyc
running install_data
creating /home/jeanho/ros2_ws/src/install/debug_pkg/share/ament_index
creating /home/jeanho/ros2_ws/src/install/debug_pkg/share/ament_index/resource_index
creating /home/jeanho/ros2_ws/src/install/debug_pkg/share/ament_index/resource_index/packages
copying resource/debug_pkg -> /home/jeanho/ros2_ws/src/install/debug_pkg/share/ament_index/resource_index/packages
copying package.xml -> /home/jeanho/ros2_ws/src/install/debug_pkg/share/debug_pkg
running install_egg_info
Copying ../build/debug_pkg/debug_pkg.egg-info to /home/jeanho/ros2_ws/src/install/debug_pkg/lib/python3.10/site-packages/debug_pkg-0.0.0-py3.10.egg-info
running install_scripts
Installing path_visualizer_node script to /home/jeanho/ros2_ws/src/install/debug_pkg/lib/debug_pkg
Installing traffic_light_visualizer_node script to /home/jeanho/ros2_ws/src/install/debug_pkg/lib/debug_pkg
Installing yolov8_visualizer_node script to /home/jeanho/ros2_ws/src/install/debug_pkg/lib/debug_pkg
writing list of installed files to '/home/jeanho/ros2_ws/src/build/debug_pkg/install.log'
