[1.231s] Invoking command in '/home/jeanho/ros2_ws/src/debug_pkg': PYTHONPATH=/home/jeanho/ros2_ws/src/build/debug_pkg/prefix_override:/usr/lib/python3/dist-packages/colcon_core/task/python/colcon_distutils_commands:/home/jeanho/ros2_ws/src/install/debug_pkg/lib/python3.10/site-packages:${PYTHONPATH} /usr/bin/python3 -W ignore:setup.py install is deprecated -W ignore:easy_install command is deprecated setup.py egg_info --egg-base ../build/debug_pkg build --build-base /home/jeanho/ros2_ws/src/build/debug_pkg/build install --record /home/jeanho/ros2_ws/src/build/debug_pkg/install.log --single-version-externally-managed install_data
[1.391s] running egg_info
[1.391s] creating ../build/debug_pkg/debug_pkg.egg-info
[1.391s] writing ../build/debug_pkg/debug_pkg.egg-info/PKG-INFO
[1.392s] writing dependency_links to ../build/debug_pkg/debug_pkg.egg-info/dependency_links.txt
[1.392s] writing entry points to ../build/debug_pkg/debug_pkg.egg-info/entry_points.txt
[1.392s] writing requirements to ../build/debug_pkg/debug_pkg.egg-info/requires.txt
[1.392s] writing top-level names to ../build/debug_pkg/debug_pkg.egg-info/top_level.txt
[1.393s] writing manifest file '../build/debug_pkg/debug_pkg.egg-info/SOURCES.txt'
[1.395s] reading manifest file '../build/debug_pkg/debug_pkg.egg-info/SOURCES.txt'
[1.396s] writing manifest file '../build/debug_pkg/debug_pkg.egg-info/SOURCES.txt'
[1.396s] running build
[1.397s] running build_py
[1.397s] creating /home/jeanho/ros2_ws/src/build/debug_pkg/build
[1.397s] creating /home/jeanho/ros2_ws/src/build/debug_pkg/build/lib
[1.398s] creating /home/jeanho/ros2_ws/src/build/debug_pkg/build/lib/debug_pkg
[1.398s] copying debug_pkg/path_visualizer_node.py -> /home/jeanho/ros2_ws/src/build/debug_pkg/build/lib/debug_pkg
[1.398s] copying debug_pkg/traffic_light_visualizer_node.py -> /home/jeanho/ros2_ws/src/build/debug_pkg/build/lib/debug_pkg
[1.399s] copying debug_pkg/__init__.py -> /home/jeanho/ros2_ws/src/build/debug_pkg/build/lib/debug_pkg
[1.399s] copying debug_pkg/yolov8_visualizer_node.py -> /home/jeanho/ros2_ws/src/build/debug_pkg/build/lib/debug_pkg
[1.400s] creating /home/jeanho/ros2_ws/src/build/debug_pkg/build/lib/debug_pkg/lib
[1.400s] copying debug_pkg/lib/__init__.py -> /home/jeanho/ros2_ws/src/build/debug_pkg/build/lib/debug_pkg/lib
[1.401s] running install
[1.401s] running install_lib
[1.403s] creating /home/jeanho/ros2_ws/src/install/debug_pkg/lib/python3.10/site-packages/debug_pkg
[1.403s] copying /home/jeanho/ros2_ws/src/build/debug_pkg/build/lib/debug_pkg/path_visualizer_node.py -> /home/jeanho/ros2_ws/src/install/debug_pkg/lib/python3.10/site-packages/debug_pkg
[1.403s] creating /home/jeanho/ros2_ws/src/install/debug_pkg/lib/python3.10/site-packages/debug_pkg/lib
[1.405s] copying /home/jeanho/ros2_ws/src/build/debug_pkg/build/lib/debug_pkg/lib/__init__.py -> /home/jeanho/ros2_ws/src/install/debug_pkg/lib/python3.10/site-packages/debug_pkg/lib
[1.405s] copying /home/jeanho/ros2_ws/src/build/debug_pkg/build/lib/debug_pkg/traffic_light_visualizer_node.py -> /home/jeanho/ros2_ws/src/install/debug_pkg/lib/python3.10/site-packages/debug_pkg
[1.407s] copying /home/jeanho/ros2_ws/src/build/debug_pkg/build/lib/debug_pkg/__init__.py -> /home/jeanho/ros2_ws/src/install/debug_pkg/lib/python3.10/site-packages/debug_pkg
[1.407s] copying /home/jeanho/ros2_ws/src/build/debug_pkg/build/lib/debug_pkg/yolov8_visualizer_node.py -> /home/jeanho/ros2_ws/src/install/debug_pkg/lib/python3.10/site-packages/debug_pkg
[1.409s] byte-compiling /home/jeanho/ros2_ws/src/install/debug_pkg/lib/python3.10/site-packages/debug_pkg/path_visualizer_node.py to path_visualizer_node.cpython-310.pyc
[1.410s] byte-compiling /home/jeanho/ros2_ws/src/install/debug_pkg/lib/python3.10/site-packages/debug_pkg/lib/__init__.py to __init__.cpython-310.pyc
[1.410s] byte-compiling /home/jeanho/ros2_ws/src/install/debug_pkg/lib/python3.10/site-packages/debug_pkg/traffic_light_visualizer_node.py to traffic_light_visualizer_node.cpython-310.pyc
[1.411s] byte-compiling /home/jeanho/ros2_ws/src/install/debug_pkg/lib/python3.10/site-packages/debug_pkg/__init__.py to __init__.cpython-310.pyc
[1.411s] byte-compiling /home/jeanho/ros2_ws/src/install/debug_pkg/lib/python3.10/site-packages/debug_pkg/yolov8_visualizer_node.py to yolov8_visualizer_node.cpython-310.pyc
[1.412s] running install_data
[1.412s] creating /home/jeanho/ros2_ws/src/install/debug_pkg/share/ament_index
[1.412s] creating /home/jeanho/ros2_ws/src/install/debug_pkg/share/ament_index/resource_index
[1.412s] creating /home/jeanho/ros2_ws/src/install/debug_pkg/share/ament_index/resource_index/packages
[1.412s] copying resource/debug_pkg -> /home/jeanho/ros2_ws/src/install/debug_pkg/share/ament_index/resource_index/packages
[1.417s] copying package.xml -> /home/jeanho/ros2_ws/src/install/debug_pkg/share/debug_pkg
[1.418s] running install_egg_info
[1.421s] Copying ../build/debug_pkg/debug_pkg.egg-info to /home/jeanho/ros2_ws/src/install/debug_pkg/lib/python3.10/site-packages/debug_pkg-0.0.0-py3.10.egg-info
[1.424s] running install_scripts
[1.439s] Installing path_visualizer_node script to /home/jeanho/ros2_ws/src/install/debug_pkg/lib/debug_pkg
[1.439s] Installing traffic_light_visualizer_node script to /home/jeanho/ros2_ws/src/install/debug_pkg/lib/debug_pkg
[1.439s] Installing yolov8_visualizer_node script to /home/jeanho/ros2_ws/src/install/debug_pkg/lib/debug_pkg
[1.440s] writing list of installed files to '/home/jeanho/ros2_ws/src/build/debug_pkg/install.log'
[1.504s] Invoked command in '/home/jeanho/ros2_ws/src/debug_pkg' returned '0': PYTHONPATH=/home/jeanho/ros2_ws/src/build/debug_pkg/prefix_override:/usr/lib/python3/dist-packages/colcon_core/task/python/colcon_distutils_commands:/home/jeanho/ros2_ws/src/install/debug_pkg/lib/python3.10/site-packages:${PYTHONPATH} /usr/bin/python3 -W ignore:setup.py install is deprecated -W ignore:easy_install command is deprecated setup.py egg_info --egg-base ../build/debug_pkg build --build-base /home/jeanho/ros2_ws/src/build/debug_pkg/build install --record /home/jeanho/ros2_ws/src/build/debug_pkg/install.log --single-version-externally-managed install_data
