/home/jeanho/ros2_ws/src/install/lidar_perception_pkg/lib/python3.10/site-packages/lidar_perception_pkg/lidar_publisher_node.py
/home/jeanho/ros2_ws/src/install/lidar_perception_pkg/lib/python3.10/site-packages/lidar_perception_pkg/lidar_obstacle_detector_node.py
/home/jeanho/ros2_ws/src/install/lidar_perception_pkg/lib/python3.10/site-packages/lidar_perception_pkg/__init__.py
/home/jeanho/ros2_ws/src/install/lidar_perception_pkg/lib/python3.10/site-packages/lidar_perception_pkg/lidar_processor_node.py
/home/jeanho/ros2_ws/src/install/lidar_perception_pkg/lib/python3.10/site-packages/lidar_perception_pkg/lib/__init__.py
/home/jeanho/ros2_ws/src/install/lidar_perception_pkg/lib/python3.10/site-packages/lidar_perception_pkg/lib/lidar_perception_func_lib.py
/home/jeanho/ros2_ws/src/install/lidar_perception_pkg/lib/python3.10/site-packages/lidar_perception_pkg/__pycache__/lidar_publisher_node.cpython-310.pyc
/home/jeanho/ros2_ws/src/install/lidar_perception_pkg/lib/python3.10/site-packages/lidar_perception_pkg/__pycache__/lidar_obstacle_detector_node.cpython-310.pyc
/home/jeanho/ros2_ws/src/install/lidar_perception_pkg/lib/python3.10/site-packages/lidar_perception_pkg/__pycache__/__init__.cpython-310.pyc
/home/jeanho/ros2_ws/src/install/lidar_perception_pkg/lib/python3.10/site-packages/lidar_perception_pkg/__pycache__/lidar_processor_node.cpython-310.pyc
/home/jeanho/ros2_ws/src/install/lidar_perception_pkg/lib/python3.10/site-packages/lidar_perception_pkg/lib/__pycache__/__init__.cpython-310.pyc
/home/jeanho/ros2_ws/src/install/lidar_perception_pkg/lib/python3.10/site-packages/lidar_perception_pkg/lib/__pycache__/lidar_perception_func_lib.cpython-310.pyc
/home/jeanho/ros2_ws/src/install/lidar_perception_pkg/share/ament_index/resource_index/packages/lidar_perception_pkg
/home/jeanho/ros2_ws/src/install/lidar_perception_pkg/share/lidar_perception_pkg/package.xml
/home/jeanho/ros2_ws/src/install/lidar_perception_pkg/lib/python3.10/site-packages/lidar_perception_pkg-0.0.0-py3.10.egg-info/zip-safe
/home/jeanho/ros2_ws/src/install/lidar_perception_pkg/lib/python3.10/site-packages/lidar_perception_pkg-0.0.0-py3.10.egg-info/dependency_links.txt
/home/jeanho/ros2_ws/src/install/lidar_perception_pkg/lib/python3.10/site-packages/lidar_perception_pkg-0.0.0-py3.10.egg-info/requires.txt
/home/jeanho/ros2_ws/src/install/lidar_perception_pkg/lib/python3.10/site-packages/lidar_perception_pkg-0.0.0-py3.10.egg-info/PKG-INFO
/home/jeanho/ros2_ws/src/install/lidar_perception_pkg/lib/python3.10/site-packages/lidar_perception_pkg-0.0.0-py3.10.egg-info/SOURCES.txt
/home/jeanho/ros2_ws/src/install/lidar_perception_pkg/lib/python3.10/site-packages/lidar_perception_pkg-0.0.0-py3.10.egg-info/top_level.txt
/home/jeanho/ros2_ws/src/install/lidar_perception_pkg/lib/python3.10/site-packages/lidar_perception_pkg-0.0.0-py3.10.egg-info/entry_points.txt
/home/jeanho/ros2_ws/src/install/lidar_perception_pkg/lib/lidar_perception_pkg/lidar_obstacle_detector_node
/home/jeanho/ros2_ws/src/install/lidar_perception_pkg/lib/lidar_perception_pkg/lidar_processor_node
/home/jeanho/ros2_ws/src/install/lidar_perception_pkg/lib/lidar_perception_pkg/lidar_publisher_node
