[0.503s] Invoking command in '/home/jeanho/ros2_ws/src/build/launch_pkg': CMAKE_PREFIX_PATH=${CMAKE_PREFIX_PATH}:/home/jeanho/ros2_ws/install/serial_communication_pkg:/home/jeanho/ros2_ws/install/lidar_perception_pkg:/home/jeanho/ros2_ws/install/decision_making_pkg:/home/jeanho/ros2_ws/install/debug_pkg:/home/jeanho/ros2_ws/install/camera_perception_pkg:/opt/ros/humble /usr/bin/cmake /home/jeanho/ros2_ws/src/launch_pkg -DCMAKE_INSTALL_PREFIX=/home/jeanho/ros2_ws/src/install/launch_pkg
[0.667s] -- The C compiler identification is GNU 11.4.0
[1.405s] -- The CXX compiler identification is GNU 11.4.0
[1.975s] -- Detecting C compiler ABI info
[2.220s] -- Detecting C compiler ABI info - done
[2.224s] -- Check for working C compiler: /usr/bin/cc - skipped
[2.224s] -- Detecting C compile features
[2.224s] -- Detecting C compile features - done
[2.226s] -- Detecting CXX compiler ABI info
[2.491s] -- Detecting CXX compiler ABI info - done
[2.497s] -- Check for working CXX compiler: /usr/bin/c++ - skipped
[2.497s] -- Detecting CXX compile features
[2.497s] -- Detecting CXX compile features - done
[2.499s] -- Found ament_cmake: 1.3.12 (/opt/ros/humble/share/ament_cmake/cmake)
[2.620s] -- Found Python3: /usr/bin/python3 (found version "3.10.12") found components: Interpreter 
[2.703s] -- Found ament_lint_auto: 0.12.14 (/opt/ros/humble/share/ament_lint_auto/cmake)
[2.770s] -- Added test 'flake8' to check Python code syntax and style conventions
[2.771s] -- Added test 'lint_cmake' to check CMake code style
[2.773s] -- Added test 'pep257' to check Python code against some of the docstring style conventions in PEP 257
[2.775s] -- Added test 'xmllint' to check XML markup files
[2.777s] -- Configuring done
[2.782s] -- Generating done
[2.785s] -- Build files have been written to: /home/jeanho/ros2_ws/src/build/launch_pkg
[2.790s] Invoked command in '/home/jeanho/ros2_ws/src/build/launch_pkg' returned '0': CMAKE_PREFIX_PATH=${CMAKE_PREFIX_PATH}:/home/jeanho/ros2_ws/install/serial_communication_pkg:/home/jeanho/ros2_ws/install/lidar_perception_pkg:/home/jeanho/ros2_ws/install/decision_making_pkg:/home/jeanho/ros2_ws/install/debug_pkg:/home/jeanho/ros2_ws/install/camera_perception_pkg:/opt/ros/humble /usr/bin/cmake /home/jeanho/ros2_ws/src/launch_pkg -DCMAKE_INSTALL_PREFIX=/home/jeanho/ros2_ws/src/install/launch_pkg
[2.794s] Invoking command in '/home/jeanho/ros2_ws/src/build/launch_pkg': CMAKE_PREFIX_PATH=${CMAKE_PREFIX_PATH}:/home/jeanho/ros2_ws/install/serial_communication_pkg:/home/jeanho/ros2_ws/install/lidar_perception_pkg:/home/jeanho/ros2_ws/install/decision_making_pkg:/home/jeanho/ros2_ws/install/debug_pkg:/home/jeanho/ros2_ws/install/camera_perception_pkg:/opt/ros/humble /usr/bin/cmake --build /home/jeanho/ros2_ws/src/build/launch_pkg -- -j24 -l24
[2.828s] Invoked command in '/home/jeanho/ros2_ws/src/build/launch_pkg' returned '0': CMAKE_PREFIX_PATH=${CMAKE_PREFIX_PATH}:/home/jeanho/ros2_ws/install/serial_communication_pkg:/home/jeanho/ros2_ws/install/lidar_perception_pkg:/home/jeanho/ros2_ws/install/decision_making_pkg:/home/jeanho/ros2_ws/install/debug_pkg:/home/jeanho/ros2_ws/install/camera_perception_pkg:/opt/ros/humble /usr/bin/cmake --build /home/jeanho/ros2_ws/src/build/launch_pkg -- -j24 -l24
[2.838s] Invoking command in '/home/jeanho/ros2_ws/src/build/launch_pkg': CMAKE_PREFIX_PATH=${CMAKE_PREFIX_PATH}:/home/jeanho/ros2_ws/install/serial_communication_pkg:/home/jeanho/ros2_ws/install/lidar_perception_pkg:/home/jeanho/ros2_ws/install/decision_making_pkg:/home/jeanho/ros2_ws/install/debug_pkg:/home/jeanho/ros2_ws/install/camera_perception_pkg:/opt/ros/humble /usr/bin/cmake --install /home/jeanho/ros2_ws/src/build/launch_pkg
[2.843s] -- Install configuration: ""
[2.843s] -- Installing: /home/jeanho/ros2_ws/src/install/launch_pkg/share/launch_pkg//launch
[2.843s] -- Installing: /home/jeanho/ros2_ws/src/install/launch_pkg/share/launch_pkg//launch/video_lane_detection.py
[2.844s] -- Installing: /home/jeanho/ros2_ws/src/install/launch_pkg/share/launch_pkg//launch/main_merged_lane.py
[2.845s] -- Installing: /home/jeanho/ros2_ws/src/install/launch_pkg/share/launch_pkg//launch/gps_visualize.launch.py
[2.845s] -- Installing: /home/jeanho/ros2_ws/src/install/launch_pkg/share/launch_pkg//launch/hs.py
[2.846s] -- Installing: /home/jeanho/ros2_ws/src/install/launch_pkg/share/launch_pkg//launch/main_original.py
[2.847s] -- Installing: /home/jeanho/ros2_ws/src/install/launch_pkg/share/launch_pkg//launch/main.launch.py
[2.847s] -- Installing: /home/jeanho/ros2_ws/src/install/launch_pkg/share/ament_index/resource_index/package_run_dependencies/launch_pkg
[2.847s] -- Installing: /home/jeanho/ros2_ws/src/install/launch_pkg/share/ament_index/resource_index/parent_prefix_path/launch_pkg
[2.848s] -- Installing: /home/jeanho/ros2_ws/src/install/launch_pkg/share/launch_pkg/environment/ament_prefix_path.sh
[2.848s] -- Installing: /home/jeanho/ros2_ws/src/install/launch_pkg/share/launch_pkg/environment/ament_prefix_path.dsv
[2.848s] -- Installing: /home/jeanho/ros2_ws/src/install/launch_pkg/share/launch_pkg/environment/path.sh
[2.849s] -- Installing: /home/jeanho/ros2_ws/src/install/launch_pkg/share/launch_pkg/environment/path.dsv
[2.849s] -- Installing: /home/jeanho/ros2_ws/src/install/launch_pkg/share/launch_pkg/local_setup.bash
[2.849s] -- Installing: /home/jeanho/ros2_ws/src/install/launch_pkg/share/launch_pkg/local_setup.sh
[2.850s] -- Installing: /home/jeanho/ros2_ws/src/install/launch_pkg/share/launch_pkg/local_setup.zsh
[2.850s] -- Installing: /home/jeanho/ros2_ws/src/install/launch_pkg/share/launch_pkg/local_setup.dsv
[2.850s] -- Installing: /home/jeanho/ros2_ws/src/install/launch_pkg/share/launch_pkg/package.dsv
[2.851s] -- Installing: /home/jeanho/ros2_ws/src/install/launch_pkg/share/ament_index/resource_index/packages/launch_pkg
[2.851s] -- Installing: /home/jeanho/ros2_ws/src/install/launch_pkg/share/launch_pkg/cmake/launch_pkgConfig.cmake
[2.851s] -- Installing: /home/jeanho/ros2_ws/src/install/launch_pkg/share/launch_pkg/cmake/launch_pkgConfig-version.cmake
[2.851s] -- Installing: /home/jeanho/ros2_ws/src/install/launch_pkg/share/launch_pkg/package.xml
[2.852s] Invoked command in '/home/jeanho/ros2_ws/src/build/launch_pkg' returned '0': CMAKE_PREFIX_PATH=${CMAKE_PREFIX_PATH}:/home/jeanho/ros2_ws/install/serial_communication_pkg:/home/jeanho/ros2_ws/install/lidar_perception_pkg:/home/jeanho/ros2_ws/install/decision_making_pkg:/home/jeanho/ros2_ws/install/debug_pkg:/home/jeanho/ros2_ws/install/camera_perception_pkg:/opt/ros/humble /usr/bin/cmake --install /home/jeanho/ros2_ws/src/build/launch_pkg
