-- The C compiler identification is GNU 11.4.0
-- The CXX compiler identification is GNU 11.4.0
-- Detecting C compiler ABI info
-- Detecting C compiler ABI info - done
-- Check for working C compiler: /usr/bin/cc - skipped
-- Detecting C compile features
-- Detecting C compile features - done
-- Detecting CXX compiler ABI info
-- Detecting CXX compiler ABI info - done
-- Check for working CXX compiler: /usr/bin/c++ - skipped
-- Detecting CXX compile features
-- Detecting CXX compile features - done
-- Found ament_cmake: 1.3.12 (/opt/ros/humble/share/ament_cmake/cmake)
-- Found Python3: /usr/bin/python3 (found version "3.10.12") found components: Interpreter 
-- Found rclcpp: 16.0.14 (/opt/ros/humble/share/rclcpp/cmake)
-- Found rosidl_generator_c: 3.1.7 (/opt/ros/humble/share/rosidl_generator_c/cmake)
-- Found rosidl_adapter: 3.1.7 (/opt/ros/humble/share/rosidl_adapter/cmake)
-- Found rosidl_generator_cpp: 3.1.7 (/opt/ros/humble/share/rosidl_generator_cpp/cmake)
-- Using all available rosidl_typesupport_c: rosidl_typesupport_fastrtps_c;rosidl_typesupport_introspection_c
-- Using all available rosidl_typesupport_cpp: rosidl_typesupport_fastrtps_cpp;rosidl_typesupport_introspection_cpp
-- Found rmw_implementation_cmake: 6.1.2 (/opt/ros/humble/share/rmw_implementation_cmake/cmake)
-- Found rmw_fastrtps_cpp: 6.2.8 (/opt/ros/humble/share/rmw_fastrtps_cpp/cmake)
-- Found OpenSSL: /usr/lib/x86_64-linux-gnu/libcrypto.so (found version "3.0.2")  
-- Found FastRTPS: /opt/ros/humble/include  
-- Using RMW implementation 'rmw_fastrtps_cpp' as default
-- Looking for pthread.h
-- Looking for pthread.h - found
-- Performing Test CMAKE_HAVE_LIBC_PTHREAD
-- Performing Test CMAKE_HAVE_LIBC_PTHREAD - Success
-- Found Threads: TRUE  
-- Found rclcpp_components: 16.0.14 (/opt/ros/humble/share/rclcpp_components/cmake)
-- Found ublox_ubx_msgs: 0.6.1 (/home/jeanho/ros2_ws/src/install/ublox_ubx_msgs/share/ublox_ubx_msgs/cmake)
-- Found ublox_ubx_interfaces: 0.6.1 (/home/jeanho/ros2_ws/src/install/ublox_ubx_interfaces/share/ublox_ubx_interfaces/cmake)
-- Found rtcm_msgs: 1.1.6 (/home/jeanho/ros2_ws/install/rtcm_msgs/share/rtcm_msgs/cmake)
-- Found PkgConfig: /usr/bin/pkg-config (found version "0.29.2") 
-- Checking for module 'libusb-1.0'
--   Found libusb-1.0, version 1.0.25
-- Found ament_lint_auto: 0.12.14 (/opt/ros/humble/share/ament_lint_auto/cmake)
-- Added test 'copyright' to check source files copyright and LICENSE
-- Added test 'cppcheck' to perform static code analysis on C / C++ code
-- Configured cppcheck include dirs: /home/jeanho/ros2_ws/src/ublox_dgnss/ublox_dgnss_node/include
-- Configured cppcheck exclude dirs and/or files: 
-- Added test 'cpplint' to check C / C++ code against the Google style
-- Configured cpplint exclude dirs and/or files: 
-- Added test 'lint_cmake' to check CMake code style
-- Added test 'uncrustify' to check C / C++ code style
-- Configured uncrustify additional arguments: 
-- Added test 'xmllint' to check XML markup files
-- Configuring done
-- Generating done
-- Build files have been written to: /home/jeanho/ros2_ws/src/build/ublox_dgnss_node
[ 14%] [32mBuilding CXX object CMakeFiles/ublox_dgnss_node.dir/rclcpp_components/node_main_ublox_dgnss_node.cpp.o[0m
[ 28%] [32mBuilding CXX object CMakeFiles/ublox_dgnss_components.dir/src/usb.cpp.o[0m
[ 71%] [32mBuilding CXX object CMakeFiles/ublox_dgnss_components.dir/src/parameters.cpp.o[0m
[ 71%] [32mBuilding CXX object CMakeFiles/ublox_dgnss_components.dir/src/ublox_dgnss_node.cpp.o[0m
[ 71%] [32mBuilding CXX object CMakeFiles/ublox_dgnss_components.dir/src/device_family.cpp.o[0m
[ 85%] [32m[1mLinking CXX executable ublox_dgnss_node[0m
[ 85%] Built target ublox_dgnss_node
[100%] [32m[1mLinking CXX shared library libublox_dgnss_components.so[0m
[100%] Built target ublox_dgnss_components
-- Install configuration: ""
-- Installing: /home/jeanho/ros2_ws/src/install/ublox_dgnss_node/lib/ublox_dgnss_node/ublox_dgnss_node
-- Set runtime path of "/home/jeanho/ros2_ws/src/install/ublox_dgnss_node/lib/ublox_dgnss_node/ublox_dgnss_node" to ""
-- Installing: /home/jeanho/ros2_ws/src/install/ublox_dgnss_node/lib/libublox_dgnss_components.so
-- Set runtime path of "/home/jeanho/ros2_ws/src/install/ublox_dgnss_node/lib/libublox_dgnss_components.so" to ""
-- Installing: /home/jeanho/ros2_ws/src/install/ublox_dgnss_node/share/ament_index/resource_index/package_run_dependencies/ublox_dgnss_node
-- Installing: /home/jeanho/ros2_ws/src/install/ublox_dgnss_node/share/ament_index/resource_index/parent_prefix_path/ublox_dgnss_node
-- Installing: /home/jeanho/ros2_ws/src/install/ublox_dgnss_node/share/ublox_dgnss_node/environment/ament_prefix_path.sh
-- Installing: /home/jeanho/ros2_ws/src/install/ublox_dgnss_node/share/ublox_dgnss_node/environment/ament_prefix_path.dsv
-- Installing: /home/jeanho/ros2_ws/src/install/ublox_dgnss_node/share/ublox_dgnss_node/environment/path.sh
-- Installing: /home/jeanho/ros2_ws/src/install/ublox_dgnss_node/share/ublox_dgnss_node/environment/path.dsv
-- Installing: /home/jeanho/ros2_ws/src/install/ublox_dgnss_node/share/ublox_dgnss_node/local_setup.bash
-- Installing: /home/jeanho/ros2_ws/src/install/ublox_dgnss_node/share/ublox_dgnss_node/local_setup.sh
-- Installing: /home/jeanho/ros2_ws/src/install/ublox_dgnss_node/share/ublox_dgnss_node/local_setup.zsh
-- Installing: /home/jeanho/ros2_ws/src/install/ublox_dgnss_node/share/ublox_dgnss_node/local_setup.dsv
-- Installing: /home/jeanho/ros2_ws/src/install/ublox_dgnss_node/share/ublox_dgnss_node/package.dsv
-- Installing: /home/jeanho/ros2_ws/src/install/ublox_dgnss_node/share/ament_index/resource_index/packages/ublox_dgnss_node
-- Installing: /home/jeanho/ros2_ws/src/install/ublox_dgnss_node/share/ament_index/resource_index/rclcpp_components/ublox_dgnss_node
-- Installing: /home/jeanho/ros2_ws/src/install/ublox_dgnss_node/share/ublox_dgnss_node/cmake/ublox_dgnss_nodeConfig.cmake
-- Installing: /home/jeanho/ros2_ws/src/install/ublox_dgnss_node/share/ublox_dgnss_node/cmake/ublox_dgnss_nodeConfig-version.cmake
-- Installing: /home/jeanho/ros2_ws/src/install/ublox_dgnss_node/share/ublox_dgnss_node/package.xml
