[0.254s] Invoking command in '/home/jeanho/ros2_ws/src/build/ublox_dgnss_node': AMENT_PREFIX_PATH=/home/jeanho/ros2_ws/src/install/ublox_ubx_msgs:/home/jeanho/ros2_ws/src/install/ublox_ubx_interfaces:${AMENT_PREFIX_PATH} CMAKE_PREFIX_PATH=/home/jeanho/ros2_ws/src/install/ublox_ubx_msgs:/home/jeanho/ros2_ws/src/install/ublox_ubx_interfaces:/home/jeanho/ros2_ws/install/rtcm_msgs:/home/jeanho/ros2_ws/install/launch_pkg:/home/jeanho/ros2_ws/install/interfaces_pkg:/home/jeanho/ros2_ws/install/serial_communication_pkg:/home/jeanho/ros2_ws/install/lidar_perception_pkg:/home/jeanho/ros2_ws/install/decision_making_pkg:/home/jeanho/ros2_ws/install/debug_pkg:/home/jeanho/ros2_ws/install/camera_perception_pkg:/opt/ros/humble LD_LIBRARY_PATH=/home/jeanho/ros2_ws/src/install/ublox_ubx_msgs/lib:/home/jeanho/ros2_ws/src/install/ublox_ubx_interfaces/lib:/home/jeanho/ros2_ws/install/rtcm_msgs/lib:/home/jeanho/ros2_ws/install/interfaces_pkg/lib:/opt/ros/humble/opt/rviz_ogre_vendor/lib:/opt/ros/humble/lib/x86_64-linux-gnu:/opt/ros/humble/lib:/home/jeanho/acados/lib PYTHONPATH=/home/jeanho/ros2_ws/src/install/ublox_ubx_msgs/local/lib/python3.10/dist-packages:/home/jeanho/ros2_ws/src/install/ublox_ubx_interfaces/local/lib/python3.10/dist-packages:${PYTHONPATH} /usr/bin/cmake /home/jeanho/ros2_ws/src/ublox_dgnss/ublox_dgnss_node -DCMAKE_INSTALL_PREFIX=/home/jeanho/ros2_ws/src/install/ublox_dgnss_node
[0.395s] -- The C compiler identification is GNU 11.4.0
[0.974s] -- The CXX compiler identification is GNU 11.4.0
[1.417s] -- Detecting C compiler ABI info
[1.663s] -- Detecting C compiler ABI info - done
[1.667s] -- Check for working C compiler: /usr/bin/cc - skipped
[1.667s] -- Detecting C compile features
[1.667s] -- Detecting C compile features - done
[1.668s] -- Detecting CXX compiler ABI info
[1.923s] -- Detecting CXX compiler ABI info - done
[1.927s] -- Check for working CXX compiler: /usr/bin/c++ - skipped
[1.927s] -- Detecting CXX compile features
[1.927s] -- Detecting CXX compile features - done
[1.929s] -- Found ament_cmake: 1.3.12 (/opt/ros/humble/share/ament_cmake/cmake)
[2.042s] -- Found Python3: /usr/bin/python3 (found version "3.10.12") found components: Interpreter 
[2.103s] -- Found rclcpp: 16.0.14 (/opt/ros/humble/share/rclcpp/cmake)
[2.302s] -- Found rosidl_generator_c: 3.1.7 (/opt/ros/humble/share/rosidl_generator_c/cmake)
[2.304s] -- Found rosidl_adapter: 3.1.7 (/opt/ros/humble/share/rosidl_adapter/cmake)
[2.309s] -- Found rosidl_generator_cpp: 3.1.7 (/opt/ros/humble/share/rosidl_generator_cpp/cmake)
[2.316s] -- Using all available rosidl_typesupport_c: rosidl_typesupport_fastrtps_c;rosidl_typesupport_introspection_c
[2.325s] -- Using all available rosidl_typesupport_cpp: rosidl_typesupport_fastrtps_cpp;rosidl_typesupport_introspection_cpp
[2.349s] -- Found rmw_implementation_cmake: 6.1.2 (/opt/ros/humble/share/rmw_implementation_cmake/cmake)
[2.350s] -- Found rmw_fastrtps_cpp: 6.2.8 (/opt/ros/humble/share/rmw_fastrtps_cpp/cmake)
[3.156s] -- Found OpenSSL: /usr/lib/x86_64-linux-gnu/libcrypto.so (found version "3.0.2")  
[4.015s] -- Found FastRTPS: /opt/ros/humble/include  
[5.520s] -- Using RMW implementation 'rmw_fastrtps_cpp' as default
[5.526s] -- Looking for pthread.h
[5.703s] -- Looking for pthread.h - found
[5.703s] -- Performing Test CMAKE_HAVE_LIBC_PTHREAD
[5.861s] -- Performing Test CMAKE_HAVE_LIBC_PTHREAD - Success
[5.861s] -- Found Threads: TRUE  
[5.887s] -- Found rclcpp_components: 16.0.14 (/opt/ros/humble/share/rclcpp_components/cmake)
[5.899s] -- Found ublox_ubx_msgs: 0.6.1 (/home/jeanho/ros2_ws/src/install/ublox_ubx_msgs/share/ublox_ubx_msgs/cmake)
[5.906s] -- Found ublox_ubx_interfaces: 0.6.1 (/home/jeanho/ros2_ws/src/install/ublox_ubx_interfaces/share/ublox_ubx_interfaces/cmake)
[5.911s] -- Found rtcm_msgs: 1.1.6 (/home/jeanho/ros2_ws/install/rtcm_msgs/share/rtcm_msgs/cmake)
[5.921s] -- Found PkgConfig: /usr/bin/pkg-config (found version "0.29.2") 
[5.922s] -- Checking for module 'libusb-1.0'
[5.931s] --   Found libusb-1.0, version 1.0.25
[5.962s] -- Found ament_lint_auto: 0.12.14 (/opt/ros/humble/share/ament_lint_auto/cmake)
[6.015s] -- Added test 'copyright' to check source files copyright and LICENSE
[6.017s] -- Added test 'cppcheck' to perform static code analysis on C / C++ code
[6.017s] -- Configured cppcheck include dirs: /home/jeanho/ros2_ws/src/ublox_dgnss/ublox_dgnss_node/include
[6.017s] -- Configured cppcheck exclude dirs and/or files: 
[6.018s] -- Added test 'cpplint' to check C / C++ code against the Google style
[6.019s] -- Configured cpplint exclude dirs and/or files: 
[6.019s] -- Added test 'lint_cmake' to check CMake code style
[6.020s] -- Added test 'uncrustify' to check C / C++ code style
[6.020s] -- Configured uncrustify additional arguments: 
[6.021s] -- Added test 'xmllint' to check XML markup files
[6.022s] -- Configuring done
[6.032s] -- Generating done
[6.035s] -- Build files have been written to: /home/jeanho/ros2_ws/src/build/ublox_dgnss_node
[6.050s] Invoked command in '/home/jeanho/ros2_ws/src/build/ublox_dgnss_node' returned '0': AMENT_PREFIX_PATH=/home/jeanho/ros2_ws/src/install/ublox_ubx_msgs:/home/jeanho/ros2_ws/src/install/ublox_ubx_interfaces:${AMENT_PREFIX_PATH} CMAKE_PREFIX_PATH=/home/jeanho/ros2_ws/src/install/ublox_ubx_msgs:/home/jeanho/ros2_ws/src/install/ublox_ubx_interfaces:/home/jeanho/ros2_ws/install/rtcm_msgs:/home/jeanho/ros2_ws/install/launch_pkg:/home/jeanho/ros2_ws/install/interfaces_pkg:/home/jeanho/ros2_ws/install/serial_communication_pkg:/home/jeanho/ros2_ws/install/lidar_perception_pkg:/home/jeanho/ros2_ws/install/decision_making_pkg:/home/jeanho/ros2_ws/install/debug_pkg:/home/jeanho/ros2_ws/install/camera_perception_pkg:/opt/ros/humble LD_LIBRARY_PATH=/home/jeanho/ros2_ws/src/install/ublox_ubx_msgs/lib:/home/jeanho/ros2_ws/src/install/ublox_ubx_interfaces/lib:/home/jeanho/ros2_ws/install/rtcm_msgs/lib:/home/jeanho/ros2_ws/install/interfaces_pkg/lib:/opt/ros/humble/opt/rviz_ogre_vendor/lib:/opt/ros/humble/lib/x86_64-linux-gnu:/opt/ros/humble/lib:/home/jeanho/acados/lib PYTHONPATH=/home/jeanho/ros2_ws/src/install/ublox_ubx_msgs/local/lib/python3.10/dist-packages:/home/jeanho/ros2_ws/src/install/ublox_ubx_interfaces/local/lib/python3.10/dist-packages:${PYTHONPATH} /usr/bin/cmake /home/jeanho/ros2_ws/src/ublox_dgnss/ublox_dgnss_node -DCMAKE_INSTALL_PREFIX=/home/jeanho/ros2_ws/src/install/ublox_dgnss_node
[6.052s] Invoking command in '/home/jeanho/ros2_ws/src/build/ublox_dgnss_node': AMENT_PREFIX_PATH=/home/jeanho/ros2_ws/src/install/ublox_ubx_msgs:/home/jeanho/ros2_ws/src/install/ublox_ubx_interfaces:${AMENT_PREFIX_PATH} CMAKE_PREFIX_PATH=/home/jeanho/ros2_ws/src/install/ublox_ubx_msgs:/home/jeanho/ros2_ws/src/install/ublox_ubx_interfaces:/home/jeanho/ros2_ws/install/rtcm_msgs:/home/jeanho/ros2_ws/install/launch_pkg:/home/jeanho/ros2_ws/install/interfaces_pkg:/home/jeanho/ros2_ws/install/serial_communication_pkg:/home/jeanho/ros2_ws/install/lidar_perception_pkg:/home/jeanho/ros2_ws/install/decision_making_pkg:/home/jeanho/ros2_ws/install/debug_pkg:/home/jeanho/ros2_ws/install/camera_perception_pkg:/opt/ros/humble LD_LIBRARY_PATH=/home/jeanho/ros2_ws/src/install/ublox_ubx_msgs/lib:/home/jeanho/ros2_ws/src/install/ublox_ubx_interfaces/lib:/home/jeanho/ros2_ws/install/rtcm_msgs/lib:/home/jeanho/ros2_ws/install/interfaces_pkg/lib:/opt/ros/humble/opt/rviz_ogre_vendor/lib:/opt/ros/humble/lib/x86_64-linux-gnu:/opt/ros/humble/lib:/home/jeanho/acados/lib PYTHONPATH=/home/jeanho/ros2_ws/src/install/ublox_ubx_msgs/local/lib/python3.10/dist-packages:/home/jeanho/ros2_ws/src/install/ublox_ubx_interfaces/local/lib/python3.10/dist-packages:${PYTHONPATH} /usr/bin/cmake --build /home/jeanho/ros2_ws/src/build/ublox_dgnss_node -- -j24 -l24
[6.086s] [ 14%] [32mBuilding CXX object CMakeFiles/ublox_dgnss_node.dir/rclcpp_components/node_main_ublox_dgnss_node.cpp.o[0m
[6.086s] [ 28%] [32mBuilding CXX object CMakeFiles/ublox_dgnss_components.dir/src/usb.cpp.o[0m
[6.088s] [ 71%] [32mBuilding CXX object CMakeFiles/ublox_dgnss_components.dir/src/parameters.cpp.o[0m
[6.088s] [ 71%] [32mBuilding CXX object CMakeFiles/ublox_dgnss_components.dir/src/ublox_dgnss_node.cpp.o[0m
[6.088s] [ 71%] [32mBuilding CXX object CMakeFiles/ublox_dgnss_components.dir/src/device_family.cpp.o[0m
[9.223s] [ 85%] [32m[1mLinking CXX executable ublox_dgnss_node[0m
[9.480s] [ 85%] Built target ublox_dgnss_node
[31.874s] [100%] [32m[1mLinking CXX shared library libublox_dgnss_components.so[0m
[33.423s] [100%] Built target ublox_dgnss_components
[33.435s] Invoked command in '/home/jeanho/ros2_ws/src/build/ublox_dgnss_node' returned '0': AMENT_PREFIX_PATH=/home/jeanho/ros2_ws/src/install/ublox_ubx_msgs:/home/jeanho/ros2_ws/src/install/ublox_ubx_interfaces:${AMENT_PREFIX_PATH} CMAKE_PREFIX_PATH=/home/jeanho/ros2_ws/src/install/ublox_ubx_msgs:/home/jeanho/ros2_ws/src/install/ublox_ubx_interfaces:/home/jeanho/ros2_ws/install/rtcm_msgs:/home/jeanho/ros2_ws/install/launch_pkg:/home/jeanho/ros2_ws/install/interfaces_pkg:/home/jeanho/ros2_ws/install/serial_communication_pkg:/home/jeanho/ros2_ws/install/lidar_perception_pkg:/home/jeanho/ros2_ws/install/decision_making_pkg:/home/jeanho/ros2_ws/install/debug_pkg:/home/jeanho/ros2_ws/install/camera_perception_pkg:/opt/ros/humble LD_LIBRARY_PATH=/home/jeanho/ros2_ws/src/install/ublox_ubx_msgs/lib:/home/jeanho/ros2_ws/src/install/ublox_ubx_interfaces/lib:/home/jeanho/ros2_ws/install/rtcm_msgs/lib:/home/jeanho/ros2_ws/install/interfaces_pkg/lib:/opt/ros/humble/opt/rviz_ogre_vendor/lib:/opt/ros/humble/lib/x86_64-linux-gnu:/opt/ros/humble/lib:/home/jeanho/acados/lib PYTHONPATH=/home/jeanho/ros2_ws/src/install/ublox_ubx_msgs/local/lib/python3.10/dist-packages:/home/jeanho/ros2_ws/src/install/ublox_ubx_interfaces/local/lib/python3.10/dist-packages:${PYTHONPATH} /usr/bin/cmake --build /home/jeanho/ros2_ws/src/build/ublox_dgnss_node -- -j24 -l24
[33.437s] Invoking command in '/home/jeanho/ros2_ws/src/build/ublox_dgnss_node': AMENT_PREFIX_PATH=/home/jeanho/ros2_ws/src/install/ublox_ubx_msgs:/home/jeanho/ros2_ws/src/install/ublox_ubx_interfaces:${AMENT_PREFIX_PATH} CMAKE_PREFIX_PATH=/home/jeanho/ros2_ws/src/install/ublox_ubx_msgs:/home/jeanho/ros2_ws/src/install/ublox_ubx_interfaces:/home/jeanho/ros2_ws/install/rtcm_msgs:/home/jeanho/ros2_ws/install/launch_pkg:/home/jeanho/ros2_ws/install/interfaces_pkg:/home/jeanho/ros2_ws/install/serial_communication_pkg:/home/jeanho/ros2_ws/install/lidar_perception_pkg:/home/jeanho/ros2_ws/install/decision_making_pkg:/home/jeanho/ros2_ws/install/debug_pkg:/home/jeanho/ros2_ws/install/camera_perception_pkg:/opt/ros/humble LD_LIBRARY_PATH=/home/jeanho/ros2_ws/src/install/ublox_ubx_msgs/lib:/home/jeanho/ros2_ws/src/install/ublox_ubx_interfaces/lib:/home/jeanho/ros2_ws/install/rtcm_msgs/lib:/home/jeanho/ros2_ws/install/interfaces_pkg/lib:/opt/ros/humble/opt/rviz_ogre_vendor/lib:/opt/ros/humble/lib/x86_64-linux-gnu:/opt/ros/humble/lib:/home/jeanho/acados/lib PYTHONPATH=/home/jeanho/ros2_ws/src/install/ublox_ubx_msgs/local/lib/python3.10/dist-packages:/home/jeanho/ros2_ws/src/install/ublox_ubx_interfaces/local/lib/python3.10/dist-packages:${PYTHONPATH} /usr/bin/cmake --install /home/jeanho/ros2_ws/src/build/ublox_dgnss_node
[33.442s] -- Install configuration: ""
[33.443s] -- Installing: /home/jeanho/ros2_ws/src/install/ublox_dgnss_node/lib/ublox_dgnss_node/ublox_dgnss_node
[33.443s] -- Set runtime path of "/home/jeanho/ros2_ws/src/install/ublox_dgnss_node/lib/ublox_dgnss_node/ublox_dgnss_node" to ""
[33.443s] -- Installing: /home/jeanho/ros2_ws/src/install/ublox_dgnss_node/lib/libublox_dgnss_components.so
[33.462s] -- Set runtime path of "/home/jeanho/ros2_ws/src/install/ublox_dgnss_node/lib/libublox_dgnss_components.so" to ""
[33.463s] -- Installing: /home/jeanho/ros2_ws/src/install/ublox_dgnss_node/share/ament_index/resource_index/package_run_dependencies/ublox_dgnss_node
[33.463s] -- Installing: /home/jeanho/ros2_ws/src/install/ublox_dgnss_node/share/ament_index/resource_index/parent_prefix_path/ublox_dgnss_node
[33.463s] -- Installing: /home/jeanho/ros2_ws/src/install/ublox_dgnss_node/share/ublox_dgnss_node/environment/ament_prefix_path.sh
[33.463s] -- Installing: /home/jeanho/ros2_ws/src/install/ublox_dgnss_node/share/ublox_dgnss_node/environment/ament_prefix_path.dsv
[33.463s] -- Installing: /home/jeanho/ros2_ws/src/install/ublox_dgnss_node/share/ublox_dgnss_node/environment/path.sh
[33.464s] -- Installing: /home/jeanho/ros2_ws/src/install/ublox_dgnss_node/share/ublox_dgnss_node/environment/path.dsv
[33.464s] -- Installing: /home/jeanho/ros2_ws/src/install/ublox_dgnss_node/share/ublox_dgnss_node/local_setup.bash
[33.464s] -- Installing: /home/jeanho/ros2_ws/src/install/ublox_dgnss_node/share/ublox_dgnss_node/local_setup.sh
[33.464s] -- Installing: /home/jeanho/ros2_ws/src/install/ublox_dgnss_node/share/ublox_dgnss_node/local_setup.zsh
[33.465s] -- Installing: /home/jeanho/ros2_ws/src/install/ublox_dgnss_node/share/ublox_dgnss_node/local_setup.dsv
[33.465s] -- Installing: /home/jeanho/ros2_ws/src/install/ublox_dgnss_node/share/ublox_dgnss_node/package.dsv
[33.465s] -- Installing: /home/jeanho/ros2_ws/src/install/ublox_dgnss_node/share/ament_index/resource_index/packages/ublox_dgnss_node
[33.465s] -- Installing: /home/jeanho/ros2_ws/src/install/ublox_dgnss_node/share/ament_index/resource_index/rclcpp_components/ublox_dgnss_node
[33.465s] -- Installing: /home/jeanho/ros2_ws/src/install/ublox_dgnss_node/share/ublox_dgnss_node/cmake/ublox_dgnss_nodeConfig.cmake
[33.466s] -- Installing: /home/jeanho/ros2_ws/src/install/ublox_dgnss_node/share/ublox_dgnss_node/cmake/ublox_dgnss_nodeConfig-version.cmake
[33.466s] -- Installing: /home/jeanho/ros2_ws/src/install/ublox_dgnss_node/share/ublox_dgnss_node/package.xml
[33.468s] Invoked command in '/home/jeanho/ros2_ws/src/build/ublox_dgnss_node' returned '0': AMENT_PREFIX_PATH=/home/jeanho/ros2_ws/src/install/ublox_ubx_msgs:/home/jeanho/ros2_ws/src/install/ublox_ubx_interfaces:${AMENT_PREFIX_PATH} CMAKE_PREFIX_PATH=/home/jeanho/ros2_ws/src/install/ublox_ubx_msgs:/home/jeanho/ros2_ws/src/install/ublox_ubx_interfaces:/home/jeanho/ros2_ws/install/rtcm_msgs:/home/jeanho/ros2_ws/install/launch_pkg:/home/jeanho/ros2_ws/install/interfaces_pkg:/home/jeanho/ros2_ws/install/serial_communication_pkg:/home/jeanho/ros2_ws/install/lidar_perception_pkg:/home/jeanho/ros2_ws/install/decision_making_pkg:/home/jeanho/ros2_ws/install/debug_pkg:/home/jeanho/ros2_ws/install/camera_perception_pkg:/opt/ros/humble LD_LIBRARY_PATH=/home/jeanho/ros2_ws/src/install/ublox_ubx_msgs/lib:/home/jeanho/ros2_ws/src/install/ublox_ubx_interfaces/lib:/home/jeanho/ros2_ws/install/rtcm_msgs/lib:/home/jeanho/ros2_ws/install/interfaces_pkg/lib:/opt/ros/humble/opt/rviz_ogre_vendor/lib:/opt/ros/humble/lib/x86_64-linux-gnu:/opt/ros/humble/lib:/home/jeanho/acados/lib PYTHONPATH=/home/jeanho/ros2_ws/src/install/ublox_ubx_msgs/local/lib/python3.10/dist-packages:/home/jeanho/ros2_ws/src/install/ublox_ubx_interfaces/local/lib/python3.10/dist-packages:${PYTHONPATH} /usr/bin/cmake --install /home/jeanho/ros2_ws/src/build/ublox_dgnss_node
