running egg_info
creating ../build/serial_communication_pkg/serial_communication_pkg.egg-info
writing ../build/serial_communication_pkg/serial_communication_pkg.egg-info/PKG-INFO
writing dependency_links to ../build/serial_communication_pkg/serial_communication_pkg.egg-info/dependency_links.txt
writing entry points to ../build/serial_communication_pkg/serial_communication_pkg.egg-info/entry_points.txt
writing requirements to ../build/serial_communication_pkg/serial_communication_pkg.egg-info/requires.txt
writing top-level names to ../build/serial_communication_pkg/serial_communication_pkg.egg-info/top_level.txt
writing manifest file '../build/serial_communication_pkg/serial_communication_pkg.egg-info/SOURCES.txt'
reading manifest file '../build/serial_communication_pkg/serial_communication_pkg.egg-info/SOURCES.txt'
writing manifest file '../build/serial_communication_pkg/serial_communication_pkg.egg-info/SOURCES.txt'
running build
running build_py
creating /home/jeanho/ros2_ws/src/build/serial_communication_pkg/build
creating /home/jeanho/ros2_ws/src/build/serial_communication_pkg/build/lib
creating /home/jeanho/ros2_ws/src/build/serial_communication_pkg/build/lib/serial_communication_pkg
copying serial_communication_pkg/__init__.py -> /home/jeanho/ros2_ws/src/build/serial_communication_pkg/build/lib/serial_communication_pkg
copying serial_communication_pkg/serial_sender_node.py -> /home/jeanho/ros2_ws/src/build/serial_communication_pkg/build/lib/serial_communication_pkg
creating /home/jeanho/ros2_ws/src/build/serial_communication_pkg/build/lib/serial_communication_pkg/lib
copying serial_communication_pkg/lib/protocol_convert_func_lib.py -> /home/jeanho/ros2_ws/src/build/serial_communication_pkg/build/lib/serial_communication_pkg/lib
copying serial_communication_pkg/lib/__init__.py -> /home/jeanho/ros2_ws/src/build/serial_communication_pkg/build/lib/serial_communication_pkg/lib
running install
running install_lib
creating /home/jeanho/ros2_ws/src/install/serial_communication_pkg/lib/python3.10/site-packages/serial_communication_pkg
creating /home/jeanho/ros2_ws/src/install/serial_communication_pkg/lib/python3.10/site-packages/serial_communication_pkg/lib
copying /home/jeanho/ros2_ws/src/build/serial_communication_pkg/build/lib/serial_communication_pkg/lib/protocol_convert_func_lib.py -> /home/jeanho/ros2_ws/src/install/serial_communication_pkg/lib/python3.10/site-packages/serial_communication_pkg/lib
copying /home/jeanho/ros2_ws/src/build/serial_communication_pkg/build/lib/serial_communication_pkg/lib/__init__.py -> /home/jeanho/ros2_ws/src/install/serial_communication_pkg/lib/python3.10/site-packages/serial_communication_pkg/lib
copying /home/jeanho/ros2_ws/src/build/serial_communication_pkg/build/lib/serial_communication_pkg/__init__.py -> /home/jeanho/ros2_ws/src/install/serial_communication_pkg/lib/python3.10/site-packages/serial_communication_pkg
copying /home/jeanho/ros2_ws/src/build/serial_communication_pkg/build/lib/serial_communication_pkg/serial_sender_node.py -> /home/jeanho/ros2_ws/src/install/serial_communication_pkg/lib/python3.10/site-packages/serial_communication_pkg
byte-compiling /home/jeanho/ros2_ws/src/install/serial_communication_pkg/lib/python3.10/site-packages/serial_communication_pkg/lib/protocol_convert_func_lib.py to protocol_convert_func_lib.cpython-310.pyc
byte-compiling /home/jeanho/ros2_ws/src/install/serial_communication_pkg/lib/python3.10/site-packages/serial_communication_pkg/lib/__init__.py to __init__.cpython-310.pyc
byte-compiling /home/jeanho/ros2_ws/src/install/serial_communication_pkg/lib/python3.10/site-packages/serial_communication_pkg/__init__.py to __init__.cpython-310.pyc
byte-compiling /home/jeanho/ros2_ws/src/install/serial_communication_pkg/lib/python3.10/site-packages/serial_communication_pkg/serial_sender_node.py to serial_sender_node.cpython-310.pyc
running install_data
creating /home/jeanho/ros2_ws/src/install/serial_communication_pkg/share/ament_index
creating /home/jeanho/ros2_ws/src/install/serial_communication_pkg/share/ament_index/resource_index
creating /home/jeanho/ros2_ws/src/install/serial_communication_pkg/share/ament_index/resource_index/packages
copying resource/serial_communication_pkg -> /home/jeanho/ros2_ws/src/install/serial_communication_pkg/share/ament_index/resource_index/packages
copying package.xml -> /home/jeanho/ros2_ws/src/install/serial_communication_pkg/share/serial_communication_pkg
running install_egg_info
Copying ../build/serial_communication_pkg/serial_communication_pkg.egg-info to /home/jeanho/ros2_ws/src/install/serial_communication_pkg/lib/python3.10/site-packages/serial_communication_pkg-0.0.0-py3.10.egg-info
running install_scripts
Installing serial_sender_node script to /home/jeanho/ros2_ws/src/install/serial_communication_pkg/lib/serial_communication_pkg
writing list of installed files to '/home/jeanho/ros2_ws/src/build/serial_communication_pkg/install.log'
