[1.222s] Invoking command in '/home/jeanho/ros2_ws/src/serial_communication_pkg': PYTHONPATH=/home/jeanho/ros2_ws/src/build/serial_communication_pkg/prefix_override:/usr/lib/python3/dist-packages/colcon_core/task/python/colcon_distutils_commands:/home/jeanho/ros2_ws/src/install/serial_communication_pkg/lib/python3.10/site-packages:${PYTHONPATH} /usr/bin/python3 -W ignore:setup.py install is deprecated -W ignore:easy_install command is deprecated setup.py egg_info --egg-base ../build/serial_communication_pkg build --build-base /home/jeanho/ros2_ws/src/build/serial_communication_pkg/build install --record /home/jeanho/ros2_ws/src/build/serial_communication_pkg/install.log --single-version-externally-managed install_data
[1.382s] running egg_info
[1.383s] creating ../build/serial_communication_pkg/serial_communication_pkg.egg-info
[1.384s] writing ../build/serial_communication_pkg/serial_communication_pkg.egg-info/PKG-INFO
[1.384s] writing dependency_links to ../build/serial_communication_pkg/serial_communication_pkg.egg-info/dependency_links.txt
[1.384s] writing entry points to ../build/serial_communication_pkg/serial_communication_pkg.egg-info/entry_points.txt
[1.385s] writing requirements to ../build/serial_communication_pkg/serial_communication_pkg.egg-info/requires.txt
[1.388s] writing top-level names to ../build/serial_communication_pkg/serial_communication_pkg.egg-info/top_level.txt
[1.388s] writing manifest file '../build/serial_communication_pkg/serial_communication_pkg.egg-info/SOURCES.txt'
[1.391s] reading manifest file '../build/serial_communication_pkg/serial_communication_pkg.egg-info/SOURCES.txt'
[1.391s] writing manifest file '../build/serial_communication_pkg/serial_communication_pkg.egg-info/SOURCES.txt'
[1.391s] running build
[1.391s] running build_py
[1.391s] creating /home/jeanho/ros2_ws/src/build/serial_communication_pkg/build
[1.392s] creating /home/jeanho/ros2_ws/src/build/serial_communication_pkg/build/lib
[1.392s] creating /home/jeanho/ros2_ws/src/build/serial_communication_pkg/build/lib/serial_communication_pkg
[1.392s] copying serial_communication_pkg/__init__.py -> /home/jeanho/ros2_ws/src/build/serial_communication_pkg/build/lib/serial_communication_pkg
[1.393s] copying serial_communication_pkg/serial_sender_node.py -> /home/jeanho/ros2_ws/src/build/serial_communication_pkg/build/lib/serial_communication_pkg
[1.397s] creating /home/jeanho/ros2_ws/src/build/serial_communication_pkg/build/lib/serial_communication_pkg/lib
[1.398s] copying serial_communication_pkg/lib/protocol_convert_func_lib.py -> /home/jeanho/ros2_ws/src/build/serial_communication_pkg/build/lib/serial_communication_pkg/lib
[1.399s] copying serial_communication_pkg/lib/__init__.py -> /home/jeanho/ros2_ws/src/build/serial_communication_pkg/build/lib/serial_communication_pkg/lib
[1.400s] running install
[1.400s] running install_lib
[1.405s] creating /home/jeanho/ros2_ws/src/install/serial_communication_pkg/lib/python3.10/site-packages/serial_communication_pkg
[1.405s] creating /home/jeanho/ros2_ws/src/install/serial_communication_pkg/lib/python3.10/site-packages/serial_communication_pkg/lib
[1.406s] copying /home/jeanho/ros2_ws/src/build/serial_communication_pkg/build/lib/serial_communication_pkg/lib/protocol_convert_func_lib.py -> /home/jeanho/ros2_ws/src/install/serial_communication_pkg/lib/python3.10/site-packages/serial_communication_pkg/lib
[1.406s] copying /home/jeanho/ros2_ws/src/build/serial_communication_pkg/build/lib/serial_communication_pkg/lib/__init__.py -> /home/jeanho/ros2_ws/src/install/serial_communication_pkg/lib/python3.10/site-packages/serial_communication_pkg/lib
[1.406s] copying /home/jeanho/ros2_ws/src/build/serial_communication_pkg/build/lib/serial_communication_pkg/__init__.py -> /home/jeanho/ros2_ws/src/install/serial_communication_pkg/lib/python3.10/site-packages/serial_communication_pkg
[1.406s] copying /home/jeanho/ros2_ws/src/build/serial_communication_pkg/build/lib/serial_communication_pkg/serial_sender_node.py -> /home/jeanho/ros2_ws/src/install/serial_communication_pkg/lib/python3.10/site-packages/serial_communication_pkg
[1.406s] byte-compiling /home/jeanho/ros2_ws/src/install/serial_communication_pkg/lib/python3.10/site-packages/serial_communication_pkg/lib/protocol_convert_func_lib.py to protocol_convert_func_lib.cpython-310.pyc
[1.406s] byte-compiling /home/jeanho/ros2_ws/src/install/serial_communication_pkg/lib/python3.10/site-packages/serial_communication_pkg/lib/__init__.py to __init__.cpython-310.pyc
[1.406s] byte-compiling /home/jeanho/ros2_ws/src/install/serial_communication_pkg/lib/python3.10/site-packages/serial_communication_pkg/__init__.py to __init__.cpython-310.pyc
[1.406s] byte-compiling /home/jeanho/ros2_ws/src/install/serial_communication_pkg/lib/python3.10/site-packages/serial_communication_pkg/serial_sender_node.py to serial_sender_node.cpython-310.pyc
[1.407s] running install_data
[1.407s] creating /home/jeanho/ros2_ws/src/install/serial_communication_pkg/share/ament_index
[1.407s] creating /home/jeanho/ros2_ws/src/install/serial_communication_pkg/share/ament_index/resource_index
[1.409s] creating /home/jeanho/ros2_ws/src/install/serial_communication_pkg/share/ament_index/resource_index/packages
[1.409s] copying resource/serial_communication_pkg -> /home/jeanho/ros2_ws/src/install/serial_communication_pkg/share/ament_index/resource_index/packages
[1.409s] copying package.xml -> /home/jeanho/ros2_ws/src/install/serial_communication_pkg/share/serial_communication_pkg
[1.409s] running install_egg_info
[1.413s] Copying ../build/serial_communication_pkg/serial_communication_pkg.egg-info to /home/jeanho/ros2_ws/src/install/serial_communication_pkg/lib/python3.10/site-packages/serial_communication_pkg-0.0.0-py3.10.egg-info
[1.413s] running install_scripts
[1.421s] Installing serial_sender_node script to /home/jeanho/ros2_ws/src/install/serial_communication_pkg/lib/serial_communication_pkg
[1.422s] writing list of installed files to '/home/jeanho/ros2_ws/src/build/serial_communication_pkg/install.log'
[1.458s] Invoked command in '/home/jeanho/ros2_ws/src/serial_communication_pkg' returned '0': PYTHONPATH=/home/jeanho/ros2_ws/src/build/serial_communication_pkg/prefix_override:/usr/lib/python3/dist-packages/colcon_core/task/python/colcon_distutils_commands:/home/jeanho/ros2_ws/src/install/serial_communication_pkg/lib/python3.10/site-packages:${PYTHONPATH} /usr/bin/python3 -W ignore:setup.py install is deprecated -W ignore:easy_install command is deprecated setup.py egg_info --egg-base ../build/serial_communication_pkg build --build-base /home/jeanho/ros2_ws/src/build/serial_communication_pkg/build install --record /home/jeanho/ros2_ws/src/build/serial_communication_pkg/install.log --single-version-externally-managed install_data
