[0.997s] Invoking command in '/home/jeanho/ros2_ws/src/build/ublox_dgnss': AMENT_PREFIX_PATH=/home/jeanho/ros2_ws/src/install/ublox_nav_sat_fix_hp_node:/home/jeanho/ros2_ws/src/install/ublox_dgnss_node:/home/jeanho/ros2_ws/src/install/ublox_ubx_msgs:/home/jeanho/ros2_ws/src/install/ublox_ubx_interfaces:/home/jeanho/ros2_ws/src/install/ntrip_client_node:${AMENT_PREFIX_PATH} CMAKE_PREFIX_PATH=/home/jeanho/ros2_ws/src/install/ublox_nav_sat_fix_hp_node:/home/jeanho/ros2_ws/src/install/ublox_dgnss_node:/home/jeanho/ros2_ws/src/install/ublox_ubx_msgs:/home/jeanho/ros2_ws/src/install/ublox_ubx_interfaces:/home/jeanho/ros2_ws/src/install/ntrip_client_node:/home/jeanho/ros2_ws/install/rtcm_msgs:/home/jeanho/ros2_ws/install/launch_pkg:/home/jeanho/ros2_ws/install/interfaces_pkg:/home/jeanho/ros2_ws/install/serial_communication_pkg:/home/jeanho/ros2_ws/install/lidar_perception_pkg:/home/jeanho/ros2_ws/install/decision_making_pkg:/home/jeanho/ros2_ws/install/debug_pkg:/home/jeanho/ros2_ws/install/camera_perception_pkg:/opt/ros/humble LD_LIBRARY_PATH=/home/jeanho/ros2_ws/src/install/ublox_nav_sat_fix_hp_node/lib:/home/jeanho/ros2_ws/src/install/ublox_dgnss_node/lib:/home/jeanho/ros2_ws/src/install/ublox_ubx_msgs/lib:/home/jeanho/ros2_ws/src/install/ublox_ubx_interfaces/lib:/home/jeanho/ros2_ws/src/install/ntrip_client_node/lib:/home/jeanho/ros2_ws/install/rtcm_msgs/lib:/home/jeanho/ros2_ws/install/interfaces_pkg/lib:/opt/ros/humble/opt/rviz_ogre_vendor/lib:/opt/ros/humble/lib/x86_64-linux-gnu:/opt/ros/humble/lib:/home/jeanho/acados/lib PYTHONPATH=/home/jeanho/ros2_ws/src/install/ublox_ubx_msgs/local/lib/python3.10/dist-packages:/home/jeanho/ros2_ws/src/install/ublox_ubx_interfaces/local/lib/python3.10/dist-packages:${PYTHONPATH} /usr/bin/cmake /home/jeanho/ros2_ws/src/ublox_dgnss/ublox_dgnss -DCMAKE_INSTALL_PREFIX=/home/jeanho/ros2_ws/src/install/ublox_dgnss
[1.232s] -- The C compiler identification is GNU 11.4.0
[2.116s] -- The CXX compiler identification is GNU 11.4.0
[2.726s] -- Detecting C compiler ABI info
[3.011s] -- Detecting C compiler ABI info - done
[3.015s] -- Check for working C compiler: /usr/bin/cc - skipped
[3.015s] -- Detecting C compile features
[3.015s] -- Detecting C compile features - done
[3.017s] -- Detecting CXX compiler ABI info
[3.257s] -- Detecting CXX compiler ABI info - done
[3.261s] -- Check for working CXX compiler: /usr/bin/c++ - skipped
[3.261s] -- Detecting CXX compile features
[3.261s] -- Detecting CXX compile features - done
[3.263s] -- Found ament_cmake: 1.3.12 (/opt/ros/humble/share/ament_cmake/cmake)
[3.363s] -- Found Python3: /usr/bin/python3 (found version "3.10.12") found components: Interpreter 
[3.423s] -- Found ublox_ubx_msgs: 0.6.1 (/home/jeanho/ros2_ws/src/install/ublox_ubx_msgs/share/ublox_ubx_msgs/cmake)
[3.620s] -- Found rosidl_generator_c: 3.1.7 (/opt/ros/humble/share/rosidl_generator_c/cmake)
[3.623s] -- Found rosidl_adapter: 3.1.7 (/opt/ros/humble/share/rosidl_adapter/cmake)
[3.628s] -- Found rosidl_generator_cpp: 3.1.7 (/opt/ros/humble/share/rosidl_generator_cpp/cmake)
[3.635s] -- Using all available rosidl_typesupport_c: rosidl_typesupport_fastrtps_c;rosidl_typesupport_introspection_c
[3.644s] -- Using all available rosidl_typesupport_cpp: rosidl_typesupport_fastrtps_cpp;rosidl_typesupport_introspection_cpp
[3.664s] -- Found ublox_ubx_interfaces: 0.6.1 (/home/jeanho/ros2_ws/src/install/ublox_ubx_interfaces/share/ublox_ubx_interfaces/cmake)
[3.668s] -- Found ublox_dgnss_node: 0.6.1 (/home/jeanho/ros2_ws/src/install/ublox_dgnss_node/share/ublox_dgnss_node/cmake)
[3.669s] -- Found ublox_nav_sat_fix_hp_node: 0.6.1 (/home/jeanho/ros2_ws/src/install/ublox_nav_sat_fix_hp_node/share/ublox_nav_sat_fix_hp_node/cmake)
[3.709s] -- Configuring done
[3.712s] -- Generating done
[3.714s] -- Build files have been written to: /home/jeanho/ros2_ws/src/build/ublox_dgnss
[3.723s] Invoked command in '/home/jeanho/ros2_ws/src/build/ublox_dgnss' returned '0': AMENT_PREFIX_PATH=/home/jeanho/ros2_ws/src/install/ublox_nav_sat_fix_hp_node:/home/jeanho/ros2_ws/src/install/ublox_dgnss_node:/home/jeanho/ros2_ws/src/install/ublox_ubx_msgs:/home/jeanho/ros2_ws/src/install/ublox_ubx_interfaces:/home/jeanho/ros2_ws/src/install/ntrip_client_node:${AMENT_PREFIX_PATH} CMAKE_PREFIX_PATH=/home/jeanho/ros2_ws/src/install/ublox_nav_sat_fix_hp_node:/home/jeanho/ros2_ws/src/install/ublox_dgnss_node:/home/jeanho/ros2_ws/src/install/ublox_ubx_msgs:/home/jeanho/ros2_ws/src/install/ublox_ubx_interfaces:/home/jeanho/ros2_ws/src/install/ntrip_client_node:/home/jeanho/ros2_ws/install/rtcm_msgs:/home/jeanho/ros2_ws/install/launch_pkg:/home/jeanho/ros2_ws/install/interfaces_pkg:/home/jeanho/ros2_ws/install/serial_communication_pkg:/home/jeanho/ros2_ws/install/lidar_perception_pkg:/home/jeanho/ros2_ws/install/decision_making_pkg:/home/jeanho/ros2_ws/install/debug_pkg:/home/jeanho/ros2_ws/install/camera_perception_pkg:/opt/ros/humble LD_LIBRARY_PATH=/home/jeanho/ros2_ws/src/install/ublox_nav_sat_fix_hp_node/lib:/home/jeanho/ros2_ws/src/install/ublox_dgnss_node/lib:/home/jeanho/ros2_ws/src/install/ublox_ubx_msgs/lib:/home/jeanho/ros2_ws/src/install/ublox_ubx_interfaces/lib:/home/jeanho/ros2_ws/src/install/ntrip_client_node/lib:/home/jeanho/ros2_ws/install/rtcm_msgs/lib:/home/jeanho/ros2_ws/install/interfaces_pkg/lib:/opt/ros/humble/opt/rviz_ogre_vendor/lib:/opt/ros/humble/lib/x86_64-linux-gnu:/opt/ros/humble/lib:/home/jeanho/acados/lib PYTHONPATH=/home/jeanho/ros2_ws/src/install/ublox_ubx_msgs/local/lib/python3.10/dist-packages:/home/jeanho/ros2_ws/src/install/ublox_ubx_interfaces/local/lib/python3.10/dist-packages:${PYTHONPATH} /usr/bin/cmake /home/jeanho/ros2_ws/src/ublox_dgnss/ublox_dgnss -DCMAKE_INSTALL_PREFIX=/home/jeanho/ros2_ws/src/install/ublox_dgnss
[3.724s] Invoking command in '/home/jeanho/ros2_ws/src/build/ublox_dgnss': AMENT_PREFIX_PATH=/home/jeanho/ros2_ws/src/install/ublox_nav_sat_fix_hp_node:/home/jeanho/ros2_ws/src/install/ublox_dgnss_node:/home/jeanho/ros2_ws/src/install/ublox_ubx_msgs:/home/jeanho/ros2_ws/src/install/ublox_ubx_interfaces:/home/jeanho/ros2_ws/src/install/ntrip_client_node:${AMENT_PREFIX_PATH} CMAKE_PREFIX_PATH=/home/jeanho/ros2_ws/src/install/ublox_nav_sat_fix_hp_node:/home/jeanho/ros2_ws/src/install/ublox_dgnss_node:/home/jeanho/ros2_ws/src/install/ublox_ubx_msgs:/home/jeanho/ros2_ws/src/install/ublox_ubx_interfaces:/home/jeanho/ros2_ws/src/install/ntrip_client_node:/home/jeanho/ros2_ws/install/rtcm_msgs:/home/jeanho/ros2_ws/install/launch_pkg:/home/jeanho/ros2_ws/install/interfaces_pkg:/home/jeanho/ros2_ws/install/serial_communication_pkg:/home/jeanho/ros2_ws/install/lidar_perception_pkg:/home/jeanho/ros2_ws/install/decision_making_pkg:/home/jeanho/ros2_ws/install/debug_pkg:/home/jeanho/ros2_ws/install/camera_perception_pkg:/opt/ros/humble LD_LIBRARY_PATH=/home/jeanho/ros2_ws/src/install/ublox_nav_sat_fix_hp_node/lib:/home/jeanho/ros2_ws/src/install/ublox_dgnss_node/lib:/home/jeanho/ros2_ws/src/install/ublox_ubx_msgs/lib:/home/jeanho/ros2_ws/src/install/ublox_ubx_interfaces/lib:/home/jeanho/ros2_ws/src/install/ntrip_client_node/lib:/home/jeanho/ros2_ws/install/rtcm_msgs/lib:/home/jeanho/ros2_ws/install/interfaces_pkg/lib:/opt/ros/humble/opt/rviz_ogre_vendor/lib:/opt/ros/humble/lib/x86_64-linux-gnu:/opt/ros/humble/lib:/home/jeanho/acados/lib PYTHONPATH=/home/jeanho/ros2_ws/src/install/ublox_ubx_msgs/local/lib/python3.10/dist-packages:/home/jeanho/ros2_ws/src/install/ublox_ubx_interfaces/local/lib/python3.10/dist-packages:${PYTHONPATH} /usr/bin/cmake --build /home/jeanho/ros2_ws/src/build/ublox_dgnss -- -j24 -l24
[3.748s] Invoked command in '/home/jeanho/ros2_ws/src/build/ublox_dgnss' returned '0': AMENT_PREFIX_PATH=/home/jeanho/ros2_ws/src/install/ublox_nav_sat_fix_hp_node:/home/jeanho/ros2_ws/src/install/ublox_dgnss_node:/home/jeanho/ros2_ws/src/install/ublox_ubx_msgs:/home/jeanho/ros2_ws/src/install/ublox_ubx_interfaces:/home/jeanho/ros2_ws/src/install/ntrip_client_node:${AMENT_PREFIX_PATH} CMAKE_PREFIX_PATH=/home/jeanho/ros2_ws/src/install/ublox_nav_sat_fix_hp_node:/home/jeanho/ros2_ws/src/install/ublox_dgnss_node:/home/jeanho/ros2_ws/src/install/ublox_ubx_msgs:/home/jeanho/ros2_ws/src/install/ublox_ubx_interfaces:/home/jeanho/ros2_ws/src/install/ntrip_client_node:/home/jeanho/ros2_ws/install/rtcm_msgs:/home/jeanho/ros2_ws/install/launch_pkg:/home/jeanho/ros2_ws/install/interfaces_pkg:/home/jeanho/ros2_ws/install/serial_communication_pkg:/home/jeanho/ros2_ws/install/lidar_perception_pkg:/home/jeanho/ros2_ws/install/decision_making_pkg:/home/jeanho/ros2_ws/install/debug_pkg:/home/jeanho/ros2_ws/install/camera_perception_pkg:/opt/ros/humble LD_LIBRARY_PATH=/home/jeanho/ros2_ws/src/install/ublox_nav_sat_fix_hp_node/lib:/home/jeanho/ros2_ws/src/install/ublox_dgnss_node/lib:/home/jeanho/ros2_ws/src/install/ublox_ubx_msgs/lib:/home/jeanho/ros2_ws/src/install/ublox_ubx_interfaces/lib:/home/jeanho/ros2_ws/src/install/ntrip_client_node/lib:/home/jeanho/ros2_ws/install/rtcm_msgs/lib:/home/jeanho/ros2_ws/install/interfaces_pkg/lib:/opt/ros/humble/opt/rviz_ogre_vendor/lib:/opt/ros/humble/lib/x86_64-linux-gnu:/opt/ros/humble/lib:/home/jeanho/acados/lib PYTHONPATH=/home/jeanho/ros2_ws/src/install/ublox_ubx_msgs/local/lib/python3.10/dist-packages:/home/jeanho/ros2_ws/src/install/ublox_ubx_interfaces/local/lib/python3.10/dist-packages:${PYTHONPATH} /usr/bin/cmake --build /home/jeanho/ros2_ws/src/build/ublox_dgnss -- -j24 -l24
[3.751s] Invoking command in '/home/jeanho/ros2_ws/src/build/ublox_dgnss': AMENT_PREFIX_PATH=/home/jeanho/ros2_ws/src/install/ublox_nav_sat_fix_hp_node:/home/jeanho/ros2_ws/src/install/ublox_dgnss_node:/home/jeanho/ros2_ws/src/install/ublox_ubx_msgs:/home/jeanho/ros2_ws/src/install/ublox_ubx_interfaces:/home/jeanho/ros2_ws/src/install/ntrip_client_node:${AMENT_PREFIX_PATH} CMAKE_PREFIX_PATH=/home/jeanho/ros2_ws/src/install/ublox_nav_sat_fix_hp_node:/home/jeanho/ros2_ws/src/install/ublox_dgnss_node:/home/jeanho/ros2_ws/src/install/ublox_ubx_msgs:/home/jeanho/ros2_ws/src/install/ublox_ubx_interfaces:/home/jeanho/ros2_ws/src/install/ntrip_client_node:/home/jeanho/ros2_ws/install/rtcm_msgs:/home/jeanho/ros2_ws/install/launch_pkg:/home/jeanho/ros2_ws/install/interfaces_pkg:/home/jeanho/ros2_ws/install/serial_communication_pkg:/home/jeanho/ros2_ws/install/lidar_perception_pkg:/home/jeanho/ros2_ws/install/decision_making_pkg:/home/jeanho/ros2_ws/install/debug_pkg:/home/jeanho/ros2_ws/install/camera_perception_pkg:/opt/ros/humble LD_LIBRARY_PATH=/home/jeanho/ros2_ws/src/install/ublox_nav_sat_fix_hp_node/lib:/home/jeanho/ros2_ws/src/install/ublox_dgnss_node/lib:/home/jeanho/ros2_ws/src/install/ublox_ubx_msgs/lib:/home/jeanho/ros2_ws/src/install/ublox_ubx_interfaces/lib:/home/jeanho/ros2_ws/src/install/ntrip_client_node/lib:/home/jeanho/ros2_ws/install/rtcm_msgs/lib:/home/jeanho/ros2_ws/install/interfaces_pkg/lib:/opt/ros/humble/opt/rviz_ogre_vendor/lib:/opt/ros/humble/lib/x86_64-linux-gnu:/opt/ros/humble/lib:/home/jeanho/acados/lib PYTHONPATH=/home/jeanho/ros2_ws/src/install/ublox_ubx_msgs/local/lib/python3.10/dist-packages:/home/jeanho/ros2_ws/src/install/ublox_ubx_interfaces/local/lib/python3.10/dist-packages:${PYTHONPATH} /usr/bin/cmake --install /home/jeanho/ros2_ws/src/build/ublox_dgnss
[3.755s] -- Install configuration: ""
[3.755s] -- Installing: /home/jeanho/ros2_ws/src/install/ublox_dgnss/share/ublox_dgnss/launch
[3.756s] -- Installing: /home/jeanho/ros2_ws/src/install/ublox_dgnss/share/ublox_dgnss/launch/ublox_x20p_rover_hpposllh.launch.py
[3.756s] -- Installing: /home/jeanho/ros2_ws/src/install/ublox_dgnss/share/ublox_dgnss/launch/ublox_rover_hpposllh.launch.py
[3.756s] -- Installing: /home/jeanho/ros2_ws/src/install/ublox_dgnss/share/ublox_dgnss/launch/ublox_x20p_rover_hpposllh_navsatfix.launch.py
[3.756s] -- Installing: /home/jeanho/ros2_ws/src/install/ublox_dgnss/share/ublox_dgnss/launch/ublox_mb+r_base.launch.py
[3.756s] -- Installing: /home/jeanho/ros2_ws/src/install/ublox_dgnss/share/ublox_dgnss/launch/ublox_rover_hpposecef.launch.py
[3.756s] -- Installing: /home/jeanho/ros2_ws/src/install/ublox_dgnss/share/ublox_dgnss/launch/ublox_rover_hpposllh_satellite.launch.py
[3.756s] -- Installing: /home/jeanho/ros2_ws/src/install/ublox_dgnss/share/ublox_dgnss/launch/ublox_fb+r_rover.launch.py
[3.756s] -- Installing: /home/jeanho/ros2_ws/src/install/ublox_dgnss/share/ublox_dgnss/launch/ublox_mb+r_rover.launch.py
[3.756s] -- Installing: /home/jeanho/ros2_ws/src/install/ublox_dgnss/share/ublox_dgnss/launch/ublox_rover_hpposllh_navsatfix.launch.py
[3.756s] -- Installing: /home/jeanho/ros2_ws/src/install/ublox_dgnss/share/ublox_dgnss/launch/ublox_fb+r_base.launch.py
[3.756s] -- Installing: /home/jeanho/ros2_ws/src/install/ublox_dgnss/share/ublox_dgnss/launch/ntrip_client.launch.py
[3.757s] -- Installing: /home/jeanho/ros2_ws/src/install/ublox_dgnss/share/ament_index/resource_index/package_run_dependencies/ublox_dgnss
[3.757s] -- Installing: /home/jeanho/ros2_ws/src/install/ublox_dgnss/share/ament_index/resource_index/parent_prefix_path/ublox_dgnss
[3.757s] -- Installing: /home/jeanho/ros2_ws/src/install/ublox_dgnss/share/ublox_dgnss/environment/ament_prefix_path.sh
[3.758s] -- Installing: /home/jeanho/ros2_ws/src/install/ublox_dgnss/share/ublox_dgnss/environment/ament_prefix_path.dsv
[3.758s] -- Installing: /home/jeanho/ros2_ws/src/install/ublox_dgnss/share/ublox_dgnss/environment/path.sh
[3.758s] -- Installing: /home/jeanho/ros2_ws/src/install/ublox_dgnss/share/ublox_dgnss/environment/path.dsv
[3.759s] -- Installing: /home/jeanho/ros2_ws/src/install/ublox_dgnss/share/ublox_dgnss/local_setup.bash
[3.759s] -- Installing: /home/jeanho/ros2_ws/src/install/ublox_dgnss/share/ublox_dgnss/local_setup.sh
[3.759s] -- Installing: /home/jeanho/ros2_ws/src/install/ublox_dgnss/share/ublox_dgnss/local_setup.zsh
[3.759s] -- Installing: /home/jeanho/ros2_ws/src/install/ublox_dgnss/share/ublox_dgnss/local_setup.dsv
[3.759s] -- Installing: /home/jeanho/ros2_ws/src/install/ublox_dgnss/share/ublox_dgnss/package.dsv
[3.759s] -- Installing: /home/jeanho/ros2_ws/src/install/ublox_dgnss/share/ament_index/resource_index/packages/ublox_dgnss
[3.759s] -- Installing: /home/jeanho/ros2_ws/src/install/ublox_dgnss/share/ublox_dgnss/cmake/ublox_dgnssConfig.cmake
[3.759s] -- Installing: /home/jeanho/ros2_ws/src/install/ublox_dgnss/share/ublox_dgnss/cmake/ublox_dgnssConfig-version.cmake
[3.759s] -- Installing: /home/jeanho/ros2_ws/src/install/ublox_dgnss/share/ublox_dgnss/package.xml
[3.761s] Invoked command in '/home/jeanho/ros2_ws/src/build/ublox_dgnss' returned '0': AMENT_PREFIX_PATH=/home/jeanho/ros2_ws/src/install/ublox_nav_sat_fix_hp_node:/home/jeanho/ros2_ws/src/install/ublox_dgnss_node:/home/jeanho/ros2_ws/src/install/ublox_ubx_msgs:/home/jeanho/ros2_ws/src/install/ublox_ubx_interfaces:/home/jeanho/ros2_ws/src/install/ntrip_client_node:${AMENT_PREFIX_PATH} CMAKE_PREFIX_PATH=/home/jeanho/ros2_ws/src/install/ublox_nav_sat_fix_hp_node:/home/jeanho/ros2_ws/src/install/ublox_dgnss_node:/home/jeanho/ros2_ws/src/install/ublox_ubx_msgs:/home/jeanho/ros2_ws/src/install/ublox_ubx_interfaces:/home/jeanho/ros2_ws/src/install/ntrip_client_node:/home/jeanho/ros2_ws/install/rtcm_msgs:/home/jeanho/ros2_ws/install/launch_pkg:/home/jeanho/ros2_ws/install/interfaces_pkg:/home/jeanho/ros2_ws/install/serial_communication_pkg:/home/jeanho/ros2_ws/install/lidar_perception_pkg:/home/jeanho/ros2_ws/install/decision_making_pkg:/home/jeanho/ros2_ws/install/debug_pkg:/home/jeanho/ros2_ws/install/camera_perception_pkg:/opt/ros/humble LD_LIBRARY_PATH=/home/jeanho/ros2_ws/src/install/ublox_nav_sat_fix_hp_node/lib:/home/jeanho/ros2_ws/src/install/ublox_dgnss_node/lib:/home/jeanho/ros2_ws/src/install/ublox_ubx_msgs/lib:/home/jeanho/ros2_ws/src/install/ublox_ubx_interfaces/lib:/home/jeanho/ros2_ws/src/install/ntrip_client_node/lib:/home/jeanho/ros2_ws/install/rtcm_msgs/lib:/home/jeanho/ros2_ws/install/interfaces_pkg/lib:/opt/ros/humble/opt/rviz_ogre_vendor/lib:/opt/ros/humble/lib/x86_64-linux-gnu:/opt/ros/humble/lib:/home/jeanho/acados/lib PYTHONPATH=/home/jeanho/ros2_ws/src/install/ublox_ubx_msgs/local/lib/python3.10/dist-packages:/home/jeanho/ros2_ws/src/install/ublox_ubx_interfaces/local/lib/python3.10/dist-packages:${PYTHONPATH} /usr/bin/cmake --install /home/jeanho/ros2_ws/src/build/ublox_dgnss
