[1.223s] Invoking command in '/home/jeanho/ros2_ws/src/camera_perception_pkg': PYTHONPATH=/home/jeanho/ros2_ws/src/build/camera_perception_pkg/prefix_override:/usr/lib/python3/dist-packages/colcon_core/task/python/colcon_distutils_commands:/home/jeanho/ros2_ws/src/install/camera_perception_pkg/lib/python3.10/site-packages:${PYTHONPATH} /usr/bin/python3 -W ignore:setup.py install is deprecated -W ignore:easy_install command is deprecated setup.py egg_info --egg-base ../build/camera_perception_pkg build --build-base /home/jeanho/ros2_ws/src/build/camera_perception_pkg/build install --record /home/jeanho/ros2_ws/src/build/camera_perception_pkg/install.log --single-version-externally-managed install_data
[1.413s] running egg_info
[1.413s] creating ../build/camera_perception_pkg/camera_perception_pkg.egg-info
[1.414s] writing ../build/camera_perception_pkg/camera_perception_pkg.egg-info/PKG-INFO
[1.414s] writing dependency_links to ../build/camera_perception_pkg/camera_perception_pkg.egg-info/dependency_links.txt
[1.414s] writing entry points to ../build/camera_perception_pkg/camera_perception_pkg.egg-info/entry_points.txt
[1.414s] writing requirements to ../build/camera_perception_pkg/camera_perception_pkg.egg-info/requires.txt
[1.414s] writing top-level names to ../build/camera_perception_pkg/camera_perception_pkg.egg-info/top_level.txt
[1.415s] writing manifest file '../build/camera_perception_pkg/camera_perception_pkg.egg-info/SOURCES.txt'
[1.418s] reading manifest file '../build/camera_perception_pkg/camera_perception_pkg.egg-info/SOURCES.txt'
[1.420s] writing manifest file '../build/camera_perception_pkg/camera_perception_pkg.egg-info/SOURCES.txt'
[1.420s] running build
[1.420s] running build_py
[1.420s] creating /home/jeanho/ros2_ws/src/build/camera_perception_pkg/build
[1.421s] creating /home/jeanho/ros2_ws/src/build/camera_perception_pkg/build/lib
[1.423s] creating /home/jeanho/ros2_ws/src/build/camera_perception_pkg/build/lib/camera_perception_pkg
[1.423s] copying camera_perception_pkg/traffic_light_detector_node.py -> /home/jeanho/ros2_ws/src/build/camera_perception_pkg/build/lib/camera_perception_pkg
[1.425s] copying camera_perception_pkg/yolov8_node.py -> /home/jeanho/ros2_ws/src/build/camera_perception_pkg/build/lib/camera_perception_pkg
[1.426s] copying camera_perception_pkg/__init__.py -> /home/jeanho/ros2_ws/src/build/camera_perception_pkg/build/lib/camera_perception_pkg
[1.427s] copying camera_perception_pkg/compare.py -> /home/jeanho/ros2_ws/src/build/camera_perception_pkg/build/lib/camera_perception_pkg
[1.431s] copying camera_perception_pkg/yolov8_traffic_light_node.py -> /home/jeanho/ros2_ws/src/build/camera_perception_pkg/build/lib/camera_perception_pkg
[1.431s] copying camera_perception_pkg/cali.py -> /home/jeanho/ros2_ws/src/build/camera_perception_pkg/build/lib/camera_perception_pkg
[1.431s] copying camera_perception_pkg/lane_info_extractor_node.py -> /home/jeanho/ros2_ws/src/build/camera_perception_pkg/build/lib/camera_perception_pkg
[1.433s] copying camera_perception_pkg/lane_detection.py -> /home/jeanho/ros2_ws/src/build/camera_perception_pkg/build/lib/camera_perception_pkg
[1.433s] copying camera_perception_pkg/roi_merger_node.py -> /home/jeanho/ros2_ws/src/build/camera_perception_pkg/build/lib/camera_perception_pkg
[1.433s] copying camera_perception_pkg/image_publisher_node.py -> /home/jeanho/ros2_ws/src/build/camera_perception_pkg/build/lib/camera_perception_pkg
[1.435s] copying camera_perception_pkg/lane_extract.py -> /home/jeanho/ros2_ws/src/build/camera_perception_pkg/build/lib/camera_perception_pkg
[1.436s] creating /home/jeanho/ros2_ws/src/build/camera_perception_pkg/build/lib/camera_perception_pkg/lib
[1.436s] copying camera_perception_pkg/lib/__init__.py -> /home/jeanho/ros2_ws/src/build/camera_perception_pkg/build/lib/camera_perception_pkg/lib
[1.437s] copying camera_perception_pkg/lib/camera_perception_func_lib.py -> /home/jeanho/ros2_ws/src/build/camera_perception_pkg/build/lib/camera_perception_pkg/lib
[1.438s] running install
[1.439s] running install_lib
[1.439s] creating /home/jeanho/ros2_ws/src/install/camera_perception_pkg/lib/python3.10/site-packages/camera_perception_pkg
[1.440s] copying /home/jeanho/ros2_ws/src/build/camera_perception_pkg/build/lib/camera_perception_pkg/traffic_light_detector_node.py -> /home/jeanho/ros2_ws/src/install/camera_perception_pkg/lib/python3.10/site-packages/camera_perception_pkg
[1.440s] creating /home/jeanho/ros2_ws/src/install/camera_perception_pkg/lib/python3.10/site-packages/camera_perception_pkg/lib
[1.441s] copying /home/jeanho/ros2_ws/src/build/camera_perception_pkg/build/lib/camera_perception_pkg/lib/__init__.py -> /home/jeanho/ros2_ws/src/install/camera_perception_pkg/lib/python3.10/site-packages/camera_perception_pkg/lib
[1.441s] copying /home/jeanho/ros2_ws/src/build/camera_perception_pkg/build/lib/camera_perception_pkg/lib/camera_perception_func_lib.py -> /home/jeanho/ros2_ws/src/install/camera_perception_pkg/lib/python3.10/site-packages/camera_perception_pkg/lib
[1.442s] copying /home/jeanho/ros2_ws/src/build/camera_perception_pkg/build/lib/camera_perception_pkg/yolov8_node.py -> /home/jeanho/ros2_ws/src/install/camera_perception_pkg/lib/python3.10/site-packages/camera_perception_pkg
[1.442s] copying /home/jeanho/ros2_ws/src/build/camera_perception_pkg/build/lib/camera_perception_pkg/__init__.py -> /home/jeanho/ros2_ws/src/install/camera_perception_pkg/lib/python3.10/site-packages/camera_perception_pkg
[1.442s] copying /home/jeanho/ros2_ws/src/build/camera_perception_pkg/build/lib/camera_perception_pkg/compare.py -> /home/jeanho/ros2_ws/src/install/camera_perception_pkg/lib/python3.10/site-packages/camera_perception_pkg
[1.442s] copying /home/jeanho/ros2_ws/src/build/camera_perception_pkg/build/lib/camera_perception_pkg/yolov8_traffic_light_node.py -> /home/jeanho/ros2_ws/src/install/camera_perception_pkg/lib/python3.10/site-packages/camera_perception_pkg
[1.442s] copying /home/jeanho/ros2_ws/src/build/camera_perception_pkg/build/lib/camera_perception_pkg/cali.py -> /home/jeanho/ros2_ws/src/install/camera_perception_pkg/lib/python3.10/site-packages/camera_perception_pkg
[1.442s] copying /home/jeanho/ros2_ws/src/build/camera_perception_pkg/build/lib/camera_perception_pkg/lane_info_extractor_node.py -> /home/jeanho/ros2_ws/src/install/camera_perception_pkg/lib/python3.10/site-packages/camera_perception_pkg
[1.442s] copying /home/jeanho/ros2_ws/src/build/camera_perception_pkg/build/lib/camera_perception_pkg/lane_detection.py -> /home/jeanho/ros2_ws/src/install/camera_perception_pkg/lib/python3.10/site-packages/camera_perception_pkg
[1.442s] copying /home/jeanho/ros2_ws/src/build/camera_perception_pkg/build/lib/camera_perception_pkg/roi_merger_node.py -> /home/jeanho/ros2_ws/src/install/camera_perception_pkg/lib/python3.10/site-packages/camera_perception_pkg
[1.442s] copying /home/jeanho/ros2_ws/src/build/camera_perception_pkg/build/lib/camera_perception_pkg/image_publisher_node.py -> /home/jeanho/ros2_ws/src/install/camera_perception_pkg/lib/python3.10/site-packages/camera_perception_pkg
[1.442s] copying /home/jeanho/ros2_ws/src/build/camera_perception_pkg/build/lib/camera_perception_pkg/lane_extract.py -> /home/jeanho/ros2_ws/src/install/camera_perception_pkg/lib/python3.10/site-packages/camera_perception_pkg
[1.442s] byte-compiling /home/jeanho/ros2_ws/src/install/camera_perception_pkg/lib/python3.10/site-packages/camera_perception_pkg/traffic_light_detector_node.py to traffic_light_detector_node.cpython-310.pyc
[1.442s] byte-compiling /home/jeanho/ros2_ws/src/install/camera_perception_pkg/lib/python3.10/site-packages/camera_perception_pkg/lib/__init__.py to __init__.cpython-310.pyc
[1.442s] byte-compiling /home/jeanho/ros2_ws/src/install/camera_perception_pkg/lib/python3.10/site-packages/camera_perception_pkg/lib/camera_perception_func_lib.py to camera_perception_func_lib.cpython-310.pyc
[1.444s] byte-compiling /home/jeanho/ros2_ws/src/install/camera_perception_pkg/lib/python3.10/site-packages/camera_perception_pkg/yolov8_node.py to yolov8_node.cpython-310.pyc
[1.445s] byte-compiling /home/jeanho/ros2_ws/src/install/camera_perception_pkg/lib/python3.10/site-packages/camera_perception_pkg/__init__.py to __init__.cpython-310.pyc
[1.445s] byte-compiling /home/jeanho/ros2_ws/src/install/camera_perception_pkg/lib/python3.10/site-packages/camera_perception_pkg/compare.py to compare.cpython-310.pyc
[1.446s] byte-compiling /home/jeanho/ros2_ws/src/install/camera_perception_pkg/lib/python3.10/site-packages/camera_perception_pkg/yolov8_traffic_light_node.py to yolov8_traffic_light_node.cpython-310.pyc
[1.446s] byte-compiling /home/jeanho/ros2_ws/src/install/camera_perception_pkg/lib/python3.10/site-packages/camera_perception_pkg/cali.py to cali.cpython-310.pyc
[1.446s] byte-compiling /home/jeanho/ros2_ws/src/install/camera_perception_pkg/lib/python3.10/site-packages/camera_perception_pkg/lane_info_extractor_node.py to lane_info_extractor_node.cpython-310.pyc
[1.446s] byte-compiling /home/jeanho/ros2_ws/src/install/camera_perception_pkg/lib/python3.10/site-packages/camera_perception_pkg/lane_detection.py to lane_detection.cpython-310.pyc
[1.446s] byte-compiling /home/jeanho/ros2_ws/src/install/camera_perception_pkg/lib/python3.10/site-packages/camera_perception_pkg/roi_merger_node.py to roi_merger_node.cpython-310.pyc
[1.446s] byte-compiling /home/jeanho/ros2_ws/src/install/camera_perception_pkg/lib/python3.10/site-packages/camera_perception_pkg/image_publisher_node.py to image_publisher_node.cpython-310.pyc
[1.446s] byte-compiling /home/jeanho/ros2_ws/src/install/camera_perception_pkg/lib/python3.10/site-packages/camera_perception_pkg/lane_extract.py to lane_extract.cpython-310.pyc
[1.446s] running install_data
[1.446s] creating /home/jeanho/ros2_ws/src/install/camera_perception_pkg/share/ament_index
[1.447s] creating /home/jeanho/ros2_ws/src/install/camera_perception_pkg/share/ament_index/resource_index
[1.447s] creating /home/jeanho/ros2_ws/src/install/camera_perception_pkg/share/ament_index/resource_index/packages
[1.447s] copying resource/camera_perception_pkg -> /home/jeanho/ros2_ws/src/install/camera_perception_pkg/share/ament_index/resource_index/packages
[1.447s] copying package.xml -> /home/jeanho/ros2_ws/src/install/camera_perception_pkg/share/camera_perception_pkg
[1.447s] running install_egg_info
[1.447s] Copying ../build/camera_perception_pkg/camera_perception_pkg.egg-info to /home/jeanho/ros2_ws/src/install/camera_perception_pkg/lib/python3.10/site-packages/camera_perception_pkg-0.0.0-py3.10.egg-info
[1.447s] running install_scripts
[1.466s] Installing image_publisher_node script to /home/jeanho/ros2_ws/src/install/camera_perception_pkg/lib/camera_perception_pkg
[1.467s] Installing lane_extract script to /home/jeanho/ros2_ws/src/install/camera_perception_pkg/lib/camera_perception_pkg
[1.467s] Installing lane_info_extractor_node script to /home/jeanho/ros2_ws/src/install/camera_perception_pkg/lib/camera_perception_pkg
[1.467s] Installing roi_merger_node script to /home/jeanho/ros2_ws/src/install/camera_perception_pkg/lib/camera_perception_pkg
[1.468s] Installing traffic_light_detector_node script to /home/jeanho/ros2_ws/src/install/camera_perception_pkg/lib/camera_perception_pkg
[1.468s] Installing traffic_light_yolov8_node script to /home/jeanho/ros2_ws/src/install/camera_perception_pkg/lib/camera_perception_pkg
[1.468s] Installing yolov8_node script to /home/jeanho/ros2_ws/src/install/camera_perception_pkg/lib/camera_perception_pkg
[1.468s] Installing yolov8_traffic_light_node script to /home/jeanho/ros2_ws/src/install/camera_perception_pkg/lib/camera_perception_pkg
[1.468s] writing list of installed files to '/home/jeanho/ros2_ws/src/build/camera_perception_pkg/install.log'
[1.521s] Invoked command in '/home/jeanho/ros2_ws/src/camera_perception_pkg' returned '0': PYTHONPATH=/home/jeanho/ros2_ws/src/build/camera_perception_pkg/prefix_override:/usr/lib/python3/dist-packages/colcon_core/task/python/colcon_distutils_commands:/home/jeanho/ros2_ws/src/install/camera_perception_pkg/lib/python3.10/site-packages:${PYTHONPATH} /usr/bin/python3 -W ignore:setup.py install is deprecated -W ignore:easy_install command is deprecated setup.py egg_info --egg-base ../build/camera_perception_pkg build --build-base /home/jeanho/ros2_ws/src/build/camera_perception_pkg/build install --record /home/jeanho/ros2_ws/src/build/camera_perception_pkg/install.log --single-version-externally-managed install_data
