[0.048s] Invoking command in '/home/jeanho/ros2_ws/src/build/ntrip_client_node': CMAKE_PREFIX_PATH=${CMAKE_PREFIX_PATH}:/home/jeanho/ros2_ws/install/serial_communication_pkg:/home/jeanho/ros2_ws/install/lidar_perception_pkg:/home/jeanho/ros2_ws/install/decision_making_pkg:/home/jeanho/ros2_ws/install/debug_pkg:/home/jeanho/ros2_ws/install/camera_perception_pkg:/opt/ros/humble /usr/bin/cmake /home/jeanho/ros2_ws/src/ublox_dgnss/ntrip_client_node -DCMAKE_INSTALL_PREFIX=/home/jeanho/ros2_ws/src/install/ntrip_client_node
[0.690s] -- The C compiler identification is GNU 11.4.0
[0.949s] -- The CXX compiler identification is GNU 11.4.0
[1.415s] -- Detecting C compiler ABI info
[1.600s] -- Detecting C compiler ABI info - done
[1.605s] -- Check for working C compiler: /usr/bin/cc - skipped
[1.606s] -- Detecting C compile features
[1.606s] -- Detecting C compile features - done
[1.611s] -- Detecting CXX compiler ABI info
[1.782s] -- Detecting CXX compiler ABI info - done
[1.789s] -- Check for working CXX compiler: /usr/bin/c++ - skipped
[1.789s] -- Detecting CXX compile features
[1.790s] -- Detecting CXX compile features - done
[1.804s] -- Found ament_cmake: 1.3.12 (/opt/ros/humble/share/ament_cmake/cmake)
[1.931s] -- Found Python3: /usr/bin/python3 (found version "3.10.12") found components: Interpreter 
[2.026s] -- Found rclcpp: 16.0.14 (/opt/ros/humble/share/rclcpp/cmake)
[2.210s] -- Found rosidl_generator_c: 3.1.7 (/opt/ros/humble/share/rosidl_generator_c/cmake)
[2.219s] -- Found rosidl_adapter: 3.1.7 (/opt/ros/humble/share/rosidl_adapter/cmake)
[2.237s] -- Found rosidl_generator_cpp: 3.1.7 (/opt/ros/humble/share/rosidl_generator_cpp/cmake)
[2.262s] -- Using all available rosidl_typesupport_c: rosidl_typesupport_fastrtps_c;rosidl_typesupport_introspection_c
[2.292s] -- Using all available rosidl_typesupport_cpp: rosidl_typesupport_fastrtps_cpp;rosidl_typesupport_introspection_cpp
[2.369s] -- Found rmw_implementation_cmake: 6.1.2 (/opt/ros/humble/share/rmw_implementation_cmake/cmake)
[2.375s] -- Found rmw_fastrtps_cpp: 6.2.8 (/opt/ros/humble/share/rmw_fastrtps_cpp/cmake)
[4.644s] -- Found OpenSSL: /usr/lib/x86_64-linux-gnu/libcrypto.so (found version "3.0.2")  
[8.548s] -- Found FastRTPS: /opt/ros/humble/include  
[14.134s] -- Using RMW implementation 'rmw_fastrtps_cpp' as default
[14.157s] -- Looking for pthread.h
[14.458s] -- Looking for pthread.h - found
[14.459s] -- Performing Test CMAKE_HAVE_LIBC_PTHREAD
[14.735s] -- Performing Test CMAKE_HAVE_LIBC_PTHREAD - Success
[14.736s] -- Found Threads: TRUE  
[14.823s] -- Found rclcpp_components: 16.0.14 (/opt/ros/humble/share/rclcpp_components/cmake)
[14.877s] -- Found rtcm_msgs: 1.1.6 (/home/jeanho/ros2_ws/install/rtcm_msgs/share/rtcm_msgs/cmake)
[14.903s] -- Found libcurl_vendor: 3.1.3 (/opt/ros/humble/share/libcurl_vendor/cmake)
[17.778s] -- library: /usr/lib/x86_64-linux-gnu/libcurl.so
[17.791s] -- Found ament_lint_auto: 0.12.14 (/opt/ros/humble/share/ament_lint_auto/cmake)
[18.023s] -- Added test 'cppcheck' to perform static code analysis on C / C++ code
[18.023s] -- Configured cppcheck include dirs: /home/jeanho/ros2_ws/src/ublox_dgnss/ntrip_client_node/include
[18.023s] -- Configured cppcheck exclude dirs and/or files: 
[18.025s] -- Added test 'lint_cmake' to check CMake code style
[18.029s] -- Added test 'uncrustify' to check C / C++ code style
[18.029s] -- Configured uncrustify additional arguments: 
[18.031s] -- Added test 'xmllint' to check XML markup files
[18.035s] -- Added test 'copyright' to check source files copyright and LICENSE
[18.038s] -- Configuring done
[18.059s] -- Generating done
[18.066s] -- Build files have been written to: /home/jeanho/ros2_ws/src/build/ntrip_client_node
[18.111s] Invoked command in '/home/jeanho/ros2_ws/src/build/ntrip_client_node' returned '0': CMAKE_PREFIX_PATH=${CMAKE_PREFIX_PATH}:/home/jeanho/ros2_ws/install/serial_communication_pkg:/home/jeanho/ros2_ws/install/lidar_perception_pkg:/home/jeanho/ros2_ws/install/decision_making_pkg:/home/jeanho/ros2_ws/install/debug_pkg:/home/jeanho/ros2_ws/install/camera_perception_pkg:/opt/ros/humble /usr/bin/cmake /home/jeanho/ros2_ws/src/ublox_dgnss/ntrip_client_node -DCMAKE_INSTALL_PREFIX=/home/jeanho/ros2_ws/src/install/ntrip_client_node
[18.112s] Invoking command in '/home/jeanho/ros2_ws/src/build/ntrip_client_node': CMAKE_PREFIX_PATH=${CMAKE_PREFIX_PATH}:/home/jeanho/ros2_ws/install/serial_communication_pkg:/home/jeanho/ros2_ws/install/lidar_perception_pkg:/home/jeanho/ros2_ws/install/decision_making_pkg:/home/jeanho/ros2_ws/install/debug_pkg:/home/jeanho/ros2_ws/install/camera_perception_pkg:/opt/ros/humble /usr/bin/cmake --build /home/jeanho/ros2_ws/src/build/ntrip_client_node -- -j24 -l24
[18.272s] [ 25%] [32mBuilding CXX object CMakeFiles/ntrip_client_components.dir/src/ntrip_client_node.cpp.o[0m
[18.276s] [ 50%] [32mBuilding CXX object CMakeFiles/ntrip_client_node.dir/rclcpp_components/node_main_ntrip_client_node.cpp.o[0m
[23.662s] [ 75%] [32m[1mLinking CXX executable ntrip_client_node[0m
[23.931s] [ 75%] Built target ntrip_client_node
[24.252s] [100%] [32m[1mLinking CXX shared library libntrip_client_components.so[0m
[24.533s] [100%] Built target ntrip_client_components
[24.542s] Invoked command in '/home/jeanho/ros2_ws/src/build/ntrip_client_node' returned '0': CMAKE_PREFIX_PATH=${CMAKE_PREFIX_PATH}:/home/jeanho/ros2_ws/install/serial_communication_pkg:/home/jeanho/ros2_ws/install/lidar_perception_pkg:/home/jeanho/ros2_ws/install/decision_making_pkg:/home/jeanho/ros2_ws/install/debug_pkg:/home/jeanho/ros2_ws/install/camera_perception_pkg:/opt/ros/humble /usr/bin/cmake --build /home/jeanho/ros2_ws/src/build/ntrip_client_node -- -j24 -l24
[24.544s] Invoking command in '/home/jeanho/ros2_ws/src/build/ntrip_client_node': CMAKE_PREFIX_PATH=${CMAKE_PREFIX_PATH}:/home/jeanho/ros2_ws/install/serial_communication_pkg:/home/jeanho/ros2_ws/install/lidar_perception_pkg:/home/jeanho/ros2_ws/install/decision_making_pkg:/home/jeanho/ros2_ws/install/debug_pkg:/home/jeanho/ros2_ws/install/camera_perception_pkg:/opt/ros/humble /usr/bin/cmake --install /home/jeanho/ros2_ws/src/build/ntrip_client_node
[24.548s] -- Install configuration: ""
[24.549s] -- Installing: /home/jeanho/ros2_ws/src/install/ntrip_client_node/lib/ntrip_client_node/ntrip_client_node
[24.549s] -- Set runtime path of "/home/jeanho/ros2_ws/src/install/ntrip_client_node/lib/ntrip_client_node/ntrip_client_node" to ""
[24.549s] -- Installing: /home/jeanho/ros2_ws/src/install/ntrip_client_node/lib/libntrip_client_components.so
[24.550s] -- Set runtime path of "/home/jeanho/ros2_ws/src/install/ntrip_client_node/lib/libntrip_client_components.so" to ""
[24.551s] -- Installing: /home/jeanho/ros2_ws/src/install/ntrip_client_node/share/ament_index/resource_index/package_run_dependencies/ntrip_client_node
[24.551s] -- Installing: /home/jeanho/ros2_ws/src/install/ntrip_client_node/share/ament_index/resource_index/parent_prefix_path/ntrip_client_node
[24.551s] -- Installing: /home/jeanho/ros2_ws/src/install/ntrip_client_node/share/ntrip_client_node/environment/ament_prefix_path.sh
[24.552s] -- Installing: /home/jeanho/ros2_ws/src/install/ntrip_client_node/share/ntrip_client_node/environment/ament_prefix_path.dsv
[24.552s] -- Installing: /home/jeanho/ros2_ws/src/install/ntrip_client_node/share/ntrip_client_node/environment/path.sh
[24.552s] -- Installing: /home/jeanho/ros2_ws/src/install/ntrip_client_node/share/ntrip_client_node/environment/path.dsv
[24.552s] -- Installing: /home/jeanho/ros2_ws/src/install/ntrip_client_node/share/ntrip_client_node/local_setup.bash
[24.552s] -- Installing: /home/jeanho/ros2_ws/src/install/ntrip_client_node/share/ntrip_client_node/local_setup.sh
[24.552s] -- Installing: /home/jeanho/ros2_ws/src/install/ntrip_client_node/share/ntrip_client_node/local_setup.zsh
[24.553s] -- Installing: /home/jeanho/ros2_ws/src/install/ntrip_client_node/share/ntrip_client_node/local_setup.dsv
[24.553s] -- Installing: /home/jeanho/ros2_ws/src/install/ntrip_client_node/share/ntrip_client_node/package.dsv
[24.553s] -- Installing: /home/jeanho/ros2_ws/src/install/ntrip_client_node/share/ament_index/resource_index/packages/ntrip_client_node
[24.553s] -- Installing: /home/jeanho/ros2_ws/src/install/ntrip_client_node/share/ament_index/resource_index/rclcpp_components/ntrip_client_node
[24.553s] -- Installing: /home/jeanho/ros2_ws/src/install/ntrip_client_node/share/ntrip_client_node/cmake/ntrip_client_nodeConfig.cmake
[24.553s] -- Installing: /home/jeanho/ros2_ws/src/install/ntrip_client_node/share/ntrip_client_node/cmake/ntrip_client_nodeConfig-version.cmake
[24.553s] -- Installing: /home/jeanho/ros2_ws/src/install/ntrip_client_node/share/ntrip_client_node/package.xml
[24.556s] Invoked command in '/home/jeanho/ros2_ws/src/build/ntrip_client_node' returned '0': CMAKE_PREFIX_PATH=${CMAKE_PREFIX_PATH}:/home/jeanho/ros2_ws/install/serial_communication_pkg:/home/jeanho/ros2_ws/install/lidar_perception_pkg:/home/jeanho/ros2_ws/install/decision_making_pkg:/home/jeanho/ros2_ws/install/debug_pkg:/home/jeanho/ros2_ws/install/camera_perception_pkg:/opt/ros/humble /usr/bin/cmake --install /home/jeanho/ros2_ws/src/build/ntrip_client_node
