/home/jeanho/ros2_ws/src/install/debug_pkg/lib/python3.10/site-packages/debug_pkg/path_visualizer_node.py
/home/jeanho/ros2_ws/src/install/debug_pkg/lib/python3.10/site-packages/debug_pkg/traffic_light_visualizer_node.py
/home/jeanho/ros2_ws/src/install/debug_pkg/lib/python3.10/site-packages/debug_pkg/__init__.py
/home/jeanho/ros2_ws/src/install/debug_pkg/lib/python3.10/site-packages/debug_pkg/yolov8_visualizer_node.py
/home/jeanho/ros2_ws/src/install/debug_pkg/lib/python3.10/site-packages/debug_pkg/lib/__init__.py
/home/jeanho/ros2_ws/src/install/debug_pkg/lib/python3.10/site-packages/debug_pkg/__pycache__/path_visualizer_node.cpython-310.pyc
/home/jeanho/ros2_ws/src/install/debug_pkg/lib/python3.10/site-packages/debug_pkg/__pycache__/traffic_light_visualizer_node.cpython-310.pyc
/home/jeanho/ros2_ws/src/install/debug_pkg/lib/python3.10/site-packages/debug_pkg/__pycache__/__init__.cpython-310.pyc
/home/jeanho/ros2_ws/src/install/debug_pkg/lib/python3.10/site-packages/debug_pkg/__pycache__/yolov8_visualizer_node.cpython-310.pyc
/home/jeanho/ros2_ws/src/install/debug_pkg/lib/python3.10/site-packages/debug_pkg/lib/__pycache__/__init__.cpython-310.pyc
/home/jeanho/ros2_ws/src/install/debug_pkg/share/ament_index/resource_index/packages/debug_pkg
/home/jeanho/ros2_ws/src/install/debug_pkg/share/debug_pkg/package.xml
/home/jeanho/ros2_ws/src/install/debug_pkg/lib/python3.10/site-packages/debug_pkg-0.0.0-py3.10.egg-info/zip-safe
/home/jeanho/ros2_ws/src/install/debug_pkg/lib/python3.10/site-packages/debug_pkg-0.0.0-py3.10.egg-info/dependency_links.txt
/home/jeanho/ros2_ws/src/install/debug_pkg/lib/python3.10/site-packages/debug_pkg-0.0.0-py3.10.egg-info/requires.txt
/home/jeanho/ros2_ws/src/install/debug_pkg/lib/python3.10/site-packages/debug_pkg-0.0.0-py3.10.egg-info/PKG-INFO
/home/jeanho/ros2_ws/src/install/debug_pkg/lib/python3.10/site-packages/debug_pkg-0.0.0-py3.10.egg-info/SOURCES.txt
/home/jeanho/ros2_ws/src/install/debug_pkg/lib/python3.10/site-packages/debug_pkg-0.0.0-py3.10.egg-info/top_level.txt
/home/jeanho/ros2_ws/src/install/debug_pkg/lib/python3.10/site-packages/debug_pkg-0.0.0-py3.10.egg-info/entry_points.txt
/home/jeanho/ros2_ws/src/install/debug_pkg/lib/debug_pkg/path_visualizer_node
/home/jeanho/ros2_ws/src/install/debug_pkg/lib/debug_pkg/traffic_light_visualizer_node
/home/jeanho/ros2_ws/src/install/debug_pkg/lib/debug_pkg/yolov8_visualizer_node
